# /home/btan/Software/WHAM/wham/wham/wham 0.04 0.4 200 1e-06 300 0 /home/btan/Documents/CRBN_len_CK1a/umbrella_sampling/RMSD/results/backbone_RMSD/CRBN_len/run2/RED/metafile.txt /home/btan/Documents/CRBN_len_CK1a/umbrella_sampling/RMSD/results/backbone_RMSD/CRBN_len/run2/RED/pmf.txt
#Number of windows = 11
#Iteration 10:  0.156697
#Iteration 20:  0.085085
#Iteration 30:  0.053658
#Iteration 40:  0.035852
#Iteration 50:  0.024909
#Iteration 60:  0.017929
#Iteration 70:  0.013359
#Iteration 80:  0.010289
#Iteration 90:  0.008166
#Iteration 100:  0.006651
0.040900	inf	0.000000
0.042700	inf	0.000000
0.044500	inf	0.000000
0.046300	inf	0.000000
0.048100	inf	0.000000
0.049900	inf	0.000000
0.051700	inf	0.000000
0.053500	inf	0.000000
0.055300	inf	0.000000
0.057100	inf	0.000000
0.058900	inf	0.000000
0.060700	inf	0.000000
0.062500	inf	0.000000
0.064300	inf	0.000000
0.066100	inf	0.000000
0.067900	inf	0.000000
0.069700	inf	0.000000
0.071500	inf	0.000000
0.073300	inf	0.000000
0.075100	inf	0.000000
0.076900	16.932252	675.423336
0.078700	15.886241	3919.436047
0.080500	14.899340	20592.938054
0.082300	13.828060	124685.112970
0.084100	12.799094	703102.808994
0.085900	11.893296	3223317.020691
0.087700	11.112150	11983522.725666
0.089500	10.373718	41465044.838094
0.091300	9.708105	126945703.060997
0.093100	9.098858	353511715.081038
0.094900	8.552433	885779254.355688
0.096700	8.025402	2148265841.250818
0.098500	7.568601	4629978326.785939
0.100300	7.139180	9529748983.873373
0.102100	6.764597	17887456143.602455
0.103900	6.443967	30663829186.520039
0.105700	6.198397	46334717738.395073
0.107500	5.994977	65225116532.438187
0.109300	5.843328	84164281433.148651
0.111100	5.639222	118614256907.440063
0.112900	5.448866	163345497774.468140
0.114700	5.198924	248644773004.825653
0.116500	4.897805	412490283547.047485
0.118300	4.580304	703409135055.554565
0.120100	4.235127	1256627098411.583740
0.121900	3.945251	2045657159278.364258
0.123700	3.681593	3186531814404.807617
0.125500	3.478829	4480716410658.151367
0.127300	3.284574	6211051025672.973633
0.129100	3.120936	8177681638651.551758
0.130900	2.951301	10876111019917.626953
0.132700	2.829768	13341335137819.322266
0.134500	2.648634	18089975004388.242188
0.136300	2.421549	26498581366175.484375
0.138100	2.207813	37954437466807.820312
0.139900	1.975550	56082604029887.343750
0.141700	1.729050	84876356330470.078125
0.143500	1.511675	122316060798546.578125
0.145300	1.327327	166750868497710.093750
0.147100	1.197467	207430794967042.156250
0.148900	1.097195	245514584165130.562500
0.150700	0.998788	289681027939607.125000
0.152500	0.947029	316014815900646.750000
0.154300	0.869883	359772739993746.125000
0.156100	0.853236	369982911820559.625000
0.157900	0.784149	415545813488782.625000
0.159700	0.732211	453457710391173.062500
0.161500	0.659307	512578978248077.062500
0.163300	0.571323	594284491495602.250000
0.165100	0.478909	694162993978947.000000
0.166900	0.390387	805541518709902.375000
0.168700	0.296503	943253363852146.125000
0.170500	0.178452	1150304230317100.250000
0.172300	0.081241	1354509671322838.500000
0.174100	0.019187	1503437875462497.750000
0.175900	0.008307	1531186257637430.000000
0.177700	0.000000	1552719001728077.250000
0.179500	0.015847	1511902220470452.250000
0.181300	0.000763	1550727703341480.000000
0.183100	0.019419	1502850268985677.250000
0.184900	0.032834	1469338453485200.250000
0.186700	0.024658	1489672449995933.750000
0.188500	0.048639	1430814455933124.000000
0.190300	0.068994	1382684943503563.250000
0.192100	0.101865	1308355414241485.750000
0.193900	0.136606	1234134400249464.250000
0.195700	0.147735	1211261909923196.000000
0.197500	0.163495	1179593471617870.750000
0.199300	0.192492	1123473562950703.125000
0.201100	0.239305	1038451351983489.250000
0.202900	0.261801	999915156911239.375000
0.204700	0.288145	956600605829531.750000
0.206500	0.271593	983590330402542.125000
0.208300	0.337493	880448050237129.500000
0.210100	0.390202	805791665632966.750000
0.211900	0.420306	766028946519571.125000
0.213700	0.418486	768375921061317.500000
0.215500	0.426876	757615312863818.375000
0.217300	0.488452	683116980991204.375000
0.219100	0.465130	710429470734774.000000
0.220900	0.500293	669653394991254.125000
0.222700	0.521724	645958145058763.875000
0.224500	0.541307	625040087984680.875000
0.226300	0.545846	620289017237357.750000
0.228100	0.575217	590406950944351.625000
0.229900	0.582732	582994797926572.750000
0.231700	0.590570	575364658007997.625000
0.233500	0.609148	557673599981858.875000
0.235300	0.633724	535103291113091.187500
0.237100	0.719130	463539399496092.437500
0.238900	0.780374	418191413464152.250000
0.240700	0.815304	394342773365149.500000
0.242500	0.893523	345756030752615.062500
0.244300	0.950848	313992550517830.437500
0.246100	1.020336	279375686453081.250000
0.247900	1.081158	252223321287036.500000
0.249700	1.185246	211736384655275.625000
0.251500	1.188765	210487221800857.656250
0.253300	1.246605	190985226994687.968750
0.255100	1.292158	176906173092507.562500
0.256900	1.255947	188009329295614.500000
0.258700	1.257995	187363041654723.812500
0.260500	1.280748	180332278970659.156250
0.262300	1.276610	181590908567589.187500
0.264100	1.319160	169055859594427.031250
0.265900	1.363738	156850348554580.593750
0.267700	1.390814	149871361294145.406250
0.269500	1.445526	136702358282884.828125
0.271300	1.499095	124930112082834.125000
0.273100	1.549020	114873402437949.453125
0.274900	1.630340	100196132936075.015625
0.276700	1.704623	88434218388162.656250
0.278500	1.773501	78765286930627.593750
0.280300	1.859898	68117759648258.843750
0.282100	1.978291	55824708389573.015625
0.283900	2.126308	43527698437749.226562
0.285700	2.204222	38184222977505.335938
0.287500	2.367396	29024030394386.488281
0.289300	2.428665	26183514826537.625000
0.291100	2.510836	22805443824137.742188
0.292900	2.556911	21105752900808.984375
0.294700	2.606017	19433496770683.027344
0.296500	2.590842	19935606209714.542969
0.298300	2.637759	18423728709544.601562
0.300100	2.654456	17913776140732.390625
0.301900	2.697570	16661422119596.080078
0.303700	2.707962	16372882853230.185547
0.305500	2.746368	15349221956008.990234
0.307300	2.782315	14449169845166.876953
0.309100	2.833565	13256461501433.371094
0.310900	2.853722	12814806525703.181641
0.312700	2.876711	12329021331034.289062
0.314500	2.946691	10960719501426.892578
0.316300	2.966762	10597084700954.339844
0.318100	3.007877	9889394412018.175781
0.319900	3.064112	8997363409498.578125
0.321700	3.101783	8445265757839.145508
0.323500	3.161553	7637957783718.722656
0.325300	3.210278	7037286114483.834961
0.327100	3.301686	6034932867297.499023
0.328900	3.364371	5431365488136.625977
0.330700	3.439458	4787301778351.313477
0.332500	3.524033	4152851835734.619141
0.334300	3.601264	3647228590727.096191
0.336100	3.722291	2975820906347.424805
0.337900	3.823449	2510471778899.725586
0.339700	3.943132	2052957501577.262695
0.341500	4.014602	1820551726394.542236
0.343300	4.129346	1501179800440.353027
0.345100	4.250461	1224651060009.695557
0.346900	4.372340	997776415725.295288
0.348700	4.539424	753446707558.016113
0.350500	4.653246	622237446755.334961
0.352300	4.850226	446837319768.962708
0.354100	4.986229	355516240896.827271
0.355900	5.138560	275200341117.607910
0.357700	5.299334	210026722358.450409
0.359500	5.497455	150533970041.154541
0.361300	5.649801	116523552204.552338
0.363100	5.847278	83607236581.438538
0.364900	5.984956	66333212280.833534
0.366700	6.184818	47404598951.370728
0.368500	6.364305	35057758334.070595
0.370300	6.543005	25961097287.558815
0.372100	6.680337	20609282225.085121
0.373900	6.854448	15379841126.135160
0.375700	7.013908	11763514769.291931
0.377500	7.177163	8940290401.823416
0.379300	7.344182	6751769206.632807
0.381100	7.533112	4914597752.779140
0.382900	7.694194	3748770318.923484
0.384700	7.862859	2823279506.863698
0.386500	8.052286	2053341445.611554
0.388300	8.213697	1565386739.400470
0.390100	8.411451	1122664846.123340
0.391900	8.600294	817304447.275465
0.393700	8.755262	629865960.867057
0.395500	8.912723	483384582.712631
0.397300	9.139494	330169295.081826
0.399100	9.470230	189356634.324854

# Dumping simulation biases, in the metadata file order 
# Window  F (free energy units)
# 0	0.000000
# 1	-9.538809
# 2	-15.786545
# 3	-19.981961
# 4	-22.066289
# 5	-22.370447
# 6	-21.803345
# 7	-20.850567
# 8	-19.571542
# 9	-17.915892
# 10	-14.728863
#Iteration 110:  0.005532
#Iteration 120:  0.004677
#Iteration 130:  0.004003
#Iteration 140:  0.003458
#Iteration 150:  0.003006
#Iteration 160:  0.002625
#Iteration 170:  0.002300
#Iteration 180:  0.002020
#Iteration 190:  0.001777
#Iteration 200:  0.001565
0.040900	inf	0.000000
0.042700	inf	0.000000
0.044500	inf	0.000000
0.046300	inf	0.000000
0.048100	inf	0.000000
0.049900	inf	0.000000
0.051700	inf	0.000000
0.053500	inf	0.000000
0.055300	inf	0.000000
0.057100	inf	0.000000
0.058900	inf	0.000000
0.060700	inf	0.000000
0.062500	inf	0.000000
0.064300	inf	0.000000
0.066100	inf	0.000000
0.067900	inf	0.000000
0.069700	inf	0.000000
0.071500	inf	0.000000
0.073300	inf	0.000000
0.075100	inf	0.000000
0.076900	17.211200	675.536490
0.078700	16.165146	3920.378011
0.080500	15.178183	20600.030983
0.082300	14.106814	124746.577311
0.084100	13.077723	703597.904574
0.085900	12.171748	3226550.424307
0.087700	11.390352	12000583.667581
0.089500	10.651572	41548403.405661
0.091300	9.985478	127303626.989837
0.093100	9.375578	354897438.177348
0.094900	8.828282	890554271.893185
0.096700	8.300112	2163989163.362227
0.098500	7.841850	4675338362.166713
0.100300	7.410589	9652903910.507032
0.102100	7.033729	18188113220.710503
0.103900	6.710315	31325527173.379654
0.105700	6.461383	47602827378.995064
0.107500	6.253976	67460860912.803802
0.109300	6.097723	87725479726.068756
0.111100	5.888496	124701976412.409424
0.112900	5.692699	173307135900.276215
0.114700	5.437250	266262074147.352722
0.116500	5.130799	445693317073.652405
0.118300	4.808293	766449455591.247559
0.120100	4.458461	1380006059519.609619
0.121900	4.164166	2263254679565.966309
0.123700	3.896116	3551608592791.017090
0.125500	3.688725	5033064028185.417969
0.127300	3.489345	7037069436768.416992
0.129100	3.319879	9356462986613.865234
0.130900	3.143627	12583041249463.136719
0.132700	3.014771	15626364843262.121094
0.134500	2.825862	21467032036879.261719
0.136300	2.590931	31862933377880.972656
0.138100	2.369660	46219549974190.218750
0.139900	2.130459	69096562663173.382812
0.141700	1.877722	105674119835925.796875
0.143500	1.654730	153732582712487.687500
0.145300	1.465160	211428167247422.281250
0.147100	1.330158	265290655270581.687500
0.148900	1.224478	316865254802884.000000
0.150700	1.120075	377654844686861.250000
0.152500	1.061497	416734933797645.750000
0.154300	0.976631	480636835743564.437500
0.156100	0.951483	501391568759308.500000
0.157900	0.873437	571682418503940.125000
0.159700	0.812534	633311233169563.125000
0.161500	0.731111	726207347065105.750000
0.163300	0.635372	853013003880174.000000
0.165100	0.536084	1007957372233818.500000
0.166900	0.441476	1181710012426512.500000
0.168700	0.342056	1396667951117552.500000
0.170500	0.218688	1718536683967026.250000
0.172300	0.116030	2042232335229980.000000
0.174100	0.048085	2289335146676740.000000
0.175900	0.030658	2357391364528576.500000
0.177700	0.015096	2419875580406485.000000
0.179500	0.023127	2387424639526262.500000
0.181300	0.000000	2482069649040220.500000
0.183100	0.010821	2437328339002198.500000
0.184900	0.017031	2412018529407347.000000
0.186700	0.002574	2471351452909121.500000
0.188500	0.021324	2394673731478167.500000
0.190300	0.037462	2330584615341070.000000
0.192100	0.066988	2217729869101467.750000
0.193900	0.099063	2101321616944281.250000
0.195700	0.107987	2070032539454932.250000
0.197500	0.121793	2022544109786689.750000
0.199300	0.148877	1932526464878937.750000
0.201100	0.193606	1792546021418436.750000
0.202900	0.213626	1733223913875090.750000
0.204700	0.236868	1666812226617217.500000
0.206500	0.216346	1725317688701589.750000
0.208300	0.277179	1557604225379698.750000
0.210100	0.323564	1440766076734462.750000
0.211900	0.346053	1387314876929409.500000
0.213700	0.335495	1412157967847465.750000
0.215500	0.334412	1414732213864569.000000
0.217300	0.386340	1296473748178348.750000
0.219100	0.353801	1369363402233310.250000
0.220900	0.380677	1308873404119579.500000
0.222700	0.395049	1277631300145504.750000
0.224500	0.408878	1248273312501993.000000
0.226300	0.408875	1248279349390571.750000
0.228100	0.434723	1195202021926686.000000
0.229900	0.439502	1185638694293218.000000
0.231700	0.445156	1174423102976157.000000
0.233500	0.461886	1141854382317219.000000
0.235300	0.484746	1098807471442637.375000
0.237100	0.568370	954709524859124.625000
0.238900	0.627568	864277092512153.625000
0.240700	0.659978	818449303124913.875000
0.242500	0.734977	721503797227151.875000
0.244300	0.788154	659806443309953.625000
0.246100	0.852366	592294401608802.375000
0.247900	0.906666	540624593570663.500000
0.249700	1.003017	459783994403176.437500
0.251500	0.997824	463815079890482.312500
0.253300	1.046418	427433863420730.125000
0.255100	1.082763	402100586715267.000000
0.256900	1.037942	433567678200016.000000
0.258700	1.032396	437628248137927.562500
0.260500	1.048778	425741437417372.750000
0.262300	1.039498	432434498779275.812500
0.264100	1.077999	405333427927294.750000
0.265900	1.119411	378076700234666.937500
0.267700	1.143966	362788359497113.312500
0.269500	1.196571	332084338957409.562500
0.271300	1.248228	304463710749359.375000
0.273100	1.296222	280864640686944.562500
0.274900	1.375382	245870138388511.875000
0.276700	1.447054	217962119785352.093750
0.278500	1.512644	195207668704100.843750
0.280300	1.594848	170013415228755.593750
0.282100	1.707957	140574607600529.000000
0.283900	1.849502	110808003397166.640625
0.285700	1.919816	98455096975495.125000
0.287500	2.074523	75908947281783.687500
0.289300	2.126913	69509675085624.140625
0.291100	2.200349	61437372271248.843750
0.292900	2.238358	57634689903752.953125
0.294700	2.280437	53698689086734.687500
0.296500	2.259445	55627442796226.210938
0.298300	2.301741	51809663555497.109375
0.300100	2.314881	50677813852606.429688
0.301900	2.355310	47348054237179.203125
0.303700	2.363695	46685376043466.500000
0.305500	2.400589	43877950972923.023438
0.307300	2.435362	41386572150134.773438
0.309100	2.485647	38031976596590.234375
0.310900	2.504934	36818688678916.835938
0.312700	2.527048	35475110439864.039062
0.314500	2.596052	31589792508318.851562
0.316300	2.614952	30601931232590.562500
0.318100	2.654611	28628285982480.621094
0.319900	2.709024	26125867426126.566406
0.321700	2.744457	24615167358978.933594
0.323500	2.801572	22361739742226.132812
0.325300	2.847293	20707450354767.187500
0.327100	2.935490	17854079274625.996094
0.328900	2.994949	16155833708413.105469
0.330700	3.066985	14313258579543.578125
0.332500	3.148829	12473486518432.669922
0.334300	3.223721	10997972326796.927734
0.336100	3.342796	9002868931733.593750
0.337900	3.442334	7615738598966.786133
0.339700	3.560640	6242261259314.507812
0.341500	3.630875	5547108820343.716797
0.343300	3.744426	4583185503274.899414
0.345100	3.864300	3746734436759.345215
0.346900	3.984822	3059604047426.635742
0.348700	4.150391	2316273111333.326172
0.350500	4.262547	1918271241805.565430
0.352300	4.457757	1381641294967.933594
0.354100	4.591974	1102578134765.041260
0.355900	4.742603	855935575720.023071
0.357700	4.901849	654911415068.144043
0.359500	5.098670	470426590103.338684
0.361300	5.249960	364788718331.157227
0.363100	5.446614	262103468901.991028
0.364900	5.583669	208168477997.026031
0.366700	5.783069	148881537827.115875
0.368500	5.962222	110166349825.411926
0.370300	6.140682	81613731329.444397
0.372100	6.277843	64807866932.999527
0.373900	6.451833	48373193973.737457
0.375700	6.611208	37004276898.180275
0.377500	6.774404	28126120118.088577
0.379300	6.941382	21242524162.783722
0.381100	7.130283	15463139835.033110
0.382900	7.291345	11795417085.743965
0.384700	7.459995	8883592564.930986
0.386500	7.649413	6461049865.670333
0.388300	7.810817	4925706795.906879
0.390100	8.008566	3532649096.352882
0.391900	8.197406	2571796810.291036
0.393700	8.352372	1981995253.451534
0.395500	8.509831	1521067316.145749
0.397300	8.736601	1038946382.588450
0.399100	9.067336	595850823.599809

# Dumping simulation biases, in the metadata file order 
# Window  F (free energy units)
# 0	0.000000
# 1	-9.549769
# 2	-15.847810
# 3	-20.122129
# 4	-22.297995
# 5	-22.685660
# 6	-22.223488
# 7	-21.372179
# 8	-20.190707
# 9	-18.570212
# 10	-15.402288
#Iteration 210:  0.001379
#Iteration 220:  0.001216
#Iteration 230:  0.001073
#Iteration 240:  0.000947
#Iteration 250:  0.000835
#Iteration 260:  0.000737
#Iteration 270:  0.000651
#Iteration 280:  0.000574
#Iteration 290:  0.000507
#Iteration 300:  0.000447
0.040900	inf	0.000000
0.042700	inf	0.000000
0.044500	inf	0.000000
0.046300	inf	0.000000
0.048100	inf	0.000000
0.049900	inf	0.000000
0.051700	inf	0.000000
0.053500	inf	0.000000
0.055300	inf	0.000000
0.057100	inf	0.000000
0.058900	inf	0.000000
0.060700	inf	0.000000
0.062500	inf	0.000000
0.064300	inf	0.000000
0.066100	inf	0.000000
0.067900	inf	0.000000
0.069700	inf	0.000000
0.071500	inf	0.000000
0.073300	inf	0.000000
0.075100	inf	0.000000
0.076900	17.279976	675.561499
0.078700	16.233913	3920.586205
0.080500	15.246936	20601.598721
0.082300	14.175548	124760.163271
0.084100	13.146429	703707.346371
0.085900	12.240414	3227265.236302
0.087700	11.458963	12004355.799674
0.089500	10.720106	41566836.768369
0.091300	10.053907	127382792.980502
0.093100	9.443863	355204019.732457
0.094900	8.896375	891611088.528297
0.096700	8.367954	2167470656.912515
0.098500	7.909371	4685387985.201587
0.100300	7.477707	9680211259.135334
0.102100	7.100348	18254858466.999603
0.103900	6.776325	31472696614.784420
0.105700	6.526657	47885681121.482780
0.107500	6.318375	67961651661.940063
0.109300	6.161106	88527745332.375809
0.111100	5.950741	126083259244.608780
0.112900	5.753726	175585955265.845795
0.114700	5.497035	270326950497.819031
0.116500	5.189374	453418444785.538208
0.118300	4.865730	781227947302.148560
0.120100	4.514841	1409118637163.113281
0.121900	4.219548	2314879974481.672852
0.123700	3.950516	3638625096317.450195
0.125500	3.742099	5165271393931.181641
0.127300	3.541590	7235636526446.603516
0.129100	3.370840	9641254071068.431641
0.130900	3.193124	12997999539299.816406
0.132700	3.062632	16186134574893.968750
0.134500	2.871967	22301807539913.718750
0.136300	2.635238	33202108767702.105469
0.138100	2.412221	48303720466124.148438
0.139900	2.171395	72409779760571.546875
0.141700	1.917190	111015114632806.375000
0.143500	1.692873	161862536868256.500000
0.145300	1.502077	223068634584288.343750
0.147100	1.365876	280461095853383.062500
0.148900	1.258944	335690693008462.812500
0.150700	1.153156	401023841559073.625000
0.152500	1.093001	443697739302606.875000
0.154300	1.006333	513286504012216.375000
0.156100	0.979175	537262388136879.812500
0.157900	0.898981	614798904485823.625000
0.159700	0.835894	683581479740799.625000
0.161500	0.752363	786633165118471.125000
0.163300	0.654682	927011671405122.750000
0.165100	0.553657	1098599006272516.750000
0.166900	0.457509	1291316491384126.500000
0.168700	0.356692	1529801369967480.750000
0.170500	0.231992	1886570364668144.750000
0.172300	0.127980	2247024283912729.500000
0.174100	0.058577	2525086193372548.500000
0.175900	0.039528	2607249985288907.500000
0.177700	0.022157	2684510393108016.500000
0.179500	0.028217	2657300792575949.500000
0.181300	0.003033	2772213001706017.500000
0.183100	0.011820	2731563112069600.000000
0.184900	0.016132	2711835118667034.000000
0.186700	0.000000	2786382266975902.500000
0.188500	0.017338	2706343737094034.000000
0.190300	0.032329	2638996461874566.000000
0.192100	0.060942	2515067775414659.500000
0.193900	0.092287	2385975600679823.000000
0.195700	0.100611	2352820211482494.500000
0.197500	0.113890	2300882420942873.000000
0.199300	0.140464	2200362353425348.750000
0.201100	0.184644	2042867043157670.500000
0.202900	0.204016	1977413577590489.500000
0.204700	0.226447	1904237919711420.250000
0.206500	0.204884	1974528363373735.000000
0.208300	0.264380	1786601901481089.500000
0.210100	0.309078	1657281699092227.250000
0.211900	0.329506	1601336496539658.750000
0.213700	0.316541	1636618372615699.750000
0.215500	0.312799	1646947586388512.750000
0.217300	0.361963	1516307164825650.250000
0.219100	0.326729	1608827775493663.500000
0.220900	0.351137	1544154633742378.250000
0.222700	0.363371	1512722485297857.000000
0.224500	0.375434	1482355511788845.000000
0.226300	0.374024	1485874032321836.750000
0.228100	0.398773	1425323497916967.500000
0.229900	0.402697	1415951714644500.750000
0.231700	0.407672	1404160220960817.750000
0.233500	0.423832	1366528661247778.500000
0.235300	0.446171	1316165387117779.750000
0.237100	0.529262	1144588046984712.500000
0.238900	0.587856	1037223379900719.125000
0.240700	0.619525	983448223732260.500000
0.242500	0.693579	868337341179042.500000
0.244300	0.745532	795718029029971.750000
0.246100	0.808177	716185034712807.500000
0.247900	0.860515	655866750977380.500000
0.249700	0.954504	560013074635773.437500
0.251500	0.946603	567500359078079.750000
0.253300	0.992266	525568877968182.750000
0.255100	1.025633	496900850944766.687500
0.256900	0.977972	538350564282675.375000
0.258700	0.969877	545726224196585.125000
0.260500	0.984087	532844287646052.812500
0.262300	0.973036	542836147926952.812500
0.264100	1.010130	510020656053490.562500
0.265900	1.050437	476607846822215.375000
0.267700	1.074115	458009699651102.625000
0.269500	1.125994	419758994302006.500000
0.271300	1.177002	385266888292636.062500
0.273100	1.224351	355790372239573.250000
0.274900	1.302799	311833362786002.750000
0.276700	1.373618	276834719574571.062500
0.278500	1.438135	248381679857737.562500
0.280300	1.518967	216824145659464.000000
0.282100	1.630333	179805918857625.218750
0.283900	1.769717	142247786547847.125000
0.285700	1.837455	126938391145798.640625
0.287500	1.989242	98351235342448.609375
0.289300	2.038509	90534033049979.171875
0.291100	2.108812	80442780121470.312500
0.292900	2.143871	75838895243719.218750
0.294700	2.183336	70970885145753.734375
0.296500	2.160147	73791961513606.843750
0.298300	2.200678	68931788854359.414062
0.300100	2.212446	67581510856251.468750
0.301900	2.251834	63251689560698.023438
0.303700	2.259438	62448396721973.625000
0.305500	2.295743	58751192507022.664062
0.307300	2.330061	55457729328315.515625
0.309100	2.379974	50994414951504.109375
0.310900	2.398931	49395026240438.539062
0.312700	2.420717	47618739906901.265625
0.314500	2.489360	42429171389506.671875
0.316300	2.507830	41132058728375.593750
0.318100	2.546956	38513776345331.804688
0.319900	2.600703	35186681145485.054688
0.321700	2.635314	33197869278451.296875
0.323500	2.691449	30208419333769.605469
0.325300	2.736056	28026094773522.160156
0.327100	2.823054	24213006867946.597656
0.328900	2.881299	21954657281649.679688
0.330700	2.952180	19488552479354.925781
0.332500	3.032983	17013318174025.765625
0.334300	3.106977	15023411064594.691406
0.336100	3.225302	12313602824634.882812
0.337900	3.324215	10427319064667.867188
0.339700	3.441989	8554430497191.265625
0.341500	3.511746	7607892512004.871094
0.343300	3.624837	6290738524117.808594
0.345100	3.744231	5146796090320.356445
0.346900	3.864228	4206611775676.341797
0.348700	4.029211	3187754282424.860840
0.350500	4.140720	2642879454030.480957
0.352300	4.335241	1905749731978.205078
0.354100	4.468759	1522613907545.796387
0.355900	4.618721	1183338603292.358643
0.357700	4.777364	906337792856.482422
0.359500	4.973672	651590234596.076660
0.361300	5.124544	505625960718.576721
0.363100	5.320870	363495881925.176697
0.364900	5.457677	288816968573.595886
0.366700	5.656894	206624865510.364349
0.368500	5.835914	152928402057.731506
0.370300	6.014278	113311081851.971466
0.372100	6.151371	89988422508.925110
0.373900	6.325313	67173632077.696709
0.375700	6.484654	51389064480.917435
0.377500	6.647826	39061232641.441605
0.379300	6.814787	29502196689.852360
0.381100	7.003676	21476048454.090569
0.382900	7.164730	16382338394.869957
0.384700	7.333375	12338300186.986553
0.386500	7.522789	8973722912.048193
0.388300	7.684190	6841323258.469954
0.390100	7.881937	4906518514.425631
0.391900	8.070776	3571992675.822538
0.393700	8.225741	2752816024.566193
0.395500	8.383199	2112630177.711482
0.397300	8.609969	1443007222.131524
0.399100	8.940704	827586007.809477

# Dumping simulation biases, in the metadata file order 
# Window  F (free energy units)
# 0	0.000000
# 1	-9.552239
# 2	-15.861761
# 3	-20.154230
# 4	-22.352403
# 5	-22.761581
# 6	-22.329426
# 7	-21.510507
# 8	-20.363317
# 9	-18.755854
# 10	-15.595297
#Iteration 310:  0.000395
#Iteration 320:  0.000349
#Iteration 330:  0.000308
#Iteration 340:  0.000272
#Iteration 350:  0.000240
#Iteration 360:  0.000212
#Iteration 370:  0.000187
#Iteration 380:  0.000165
#Iteration 390:  0.000146
#Iteration 400:  0.000129
0.040900	inf	0.000000
0.042700	inf	0.000000
0.044500	inf	0.000000
0.046300	inf	0.000000
0.048100	inf	0.000000
0.049900	inf	0.000000
0.051700	inf	0.000000
0.053500	inf	0.000000
0.055300	inf	0.000000
0.057100	inf	0.000000
0.058900	inf	0.000000
0.060700	inf	0.000000
0.062500	inf	0.000000
0.064300	inf	0.000000
0.066100	inf	0.000000
0.067900	inf	0.000000
0.069700	inf	0.000000
0.071500	inf	0.000000
0.073300	inf	0.000000
0.075100	inf	0.000000
0.076900	17.300368	675.568635
0.078700	16.254303	3920.645611
0.080500	15.267322	20602.046063
0.082300	14.195928	124764.039944
0.084100	13.166801	703738.575165
0.085900	12.260775	3227469.207133
0.087700	11.479308	12005432.187427
0.089500	10.740429	41572096.864169
0.091300	10.074200	127405384.042121
0.093100	9.464115	355291508.923192
0.094900	8.916572	891912680.307933
0.096700	8.388080	2168464225.929827
0.098500	7.929405	4688256109.820991
0.100300	7.497627	9688005148.814713
0.102100	7.120126	18273910845.686981
0.103900	6.795930	31514716764.622116
0.105700	6.546053	47966480701.140717
0.107500	6.337521	68104819754.205963
0.109300	6.179963	88757366105.448166
0.111100	5.969275	126479204614.224869
0.112900	5.771912	176240352703.546021
0.114700	5.514865	271496488466.415253
0.116500	5.206858	455645304410.690918
0.118300	4.882888	785495335812.643677
0.120100	4.531695	1417537362405.128174
0.121900	4.236117	2329826573431.682617
0.123700	3.966805	3663842082482.742676
0.125500	3.758098	5203615094844.689453
0.127300	3.557268	7293270831194.074219
0.129100	3.386156	9723988634757.878906
0.130900	3.208025	13118687316522.677734
0.132700	3.077068	16349183291530.042969
0.134500	2.885902	22545408822840.824219
0.136300	2.648661	33593725849953.226562
0.138100	2.425144	48914542671393.820312
0.139900	2.183853	73382883034148.281250
0.141700	1.929225	112586833540050.406250
0.143500	1.704528	164259035396578.375000
0.145300	1.513381	226504960615698.687500
0.147100	1.376838	284945284986162.500000
0.148900	1.269550	341262075413274.937500
0.150700	1.163370	407948730530967.375000
0.152500	1.102767	451699214485352.187500
0.154300	1.015587	522992502843781.812500
0.156100	0.987858	547948221407576.437500
0.157900	0.907050	627674133181219.500000
0.159700	0.843336	698632210763762.875000
0.161500	0.759200	804772508246882.625000
0.163300	0.660958	949281637475809.750000
0.165100	0.559432	1125939920021367.500000
0.166900	0.462839	1324443731029150.000000
0.168700	0.361619	1570108802941345.000000
0.170500	0.236537	1937522405054851.250000
0.172300	0.132139	2309212570646958.500000
0.174100	0.062320	2596781799733222.500000
0.175900	0.042810	2683358849697539.000000
0.177700	0.024923	2765267776859655.000000
0.179500	0.030421	2739828015181583.500000
0.181300	0.004649	2861138500883584.000000
0.183100	0.012852	2821953894411506.000000
0.184900	0.016617	2804150671581233.000000
0.186700	0.000000	2883584372760507.000000
0.188500	0.016929	2802681613029512.000000
0.190300	0.031586	2734468230051832.500000
0.192100	0.059934	2607219954549740.500000
0.193900	0.091067	2474278204997238.000000
0.195700	0.099218	2440607725009596.000000
0.197500	0.112345	2387340024254822.000000
0.199300	0.138773	2283600981586056.500000
0.201100	0.182798	2120701684175688.000000
0.202900	0.201988	2053383551393697.500000
0.204700	0.224192	1978152407224540.250000
0.206500	0.202337	2052177377141661.500000
0.208300	0.261458	1858032523413048.750000
0.210100	0.305680	1724918189772976.750000
0.211900	0.325526	1668321003455555.500000
0.213700	0.311880	1707036011533670.000000
0.215500	0.307379	1720000781229646.750000
0.217300	0.355750	1585677273159817.000000
0.219100	0.319739	1684630668684294.500000
0.220900	0.343430	1618857752660678.500000
0.222700	0.355042	1587566619239985.000000
0.224500	0.366588	1557048507831640.750000
0.226300	0.364765	1561827798123895.250000
0.228100	0.389192	1498994707942959.000000
0.229900	0.392866	1489766532003068.500000
0.231700	0.397641	1477854004544048.250000
0.233500	0.413636	1438647899867957.250000
0.235300	0.435824	1385976659842302.750000
0.237100	0.518763	1205606478177294.250000
0.238900	0.577186	1092831994056477.250000
0.240700	0.608648	1036536290171384.250000
0.242500	0.682436	915619467714428.375000
0.244300	0.734047	839529749122348.875000
0.246100	0.796251	756177514253398.875000
0.247900	0.848036	693134798346040.625000
0.249700	0.941357	592499899000760.750000
0.251500	0.932685	601199587267435.750000
0.253300	0.977510	557563641150433.062500
0.255100	1.010019	527910999076346.687500
0.256900	0.961535	572739163198481.625000
0.258700	0.952697	581311433309109.250000
0.260500	0.966272	568196256228263.000000
0.262300	0.954700	579358007697034.625000
0.264100	0.991380	544713792644614.125000
0.265900	1.031362	509306402998368.500000
0.267700	1.054783	489644280731849.250000
0.269500	1.106449	448911755144692.875000
0.271300	1.157269	412154566663932.875000
0.273100	1.204433	380739249048433.187500
0.274900	1.282678	333813303047006.250000
0.276700	1.353257	296467703783581.250000
0.278500	1.417472	266131808157824.781250
0.280300	1.497918	232469890583611.843750
0.282100	1.608792	192939765435960.375000
0.283900	1.747566	152795067802320.125000
0.285700	1.814572	136518361834623.968750
0.287500	1.965524	105922230798315.093750
0.289300	2.013893	97650566773389.796875
0.291100	2.083289	86898505772477.265625
0.292900	2.117488	82043616433783.218750
0.294700	2.156187	76876303149224.609375
0.296500	2.132351	80019122126579.828125
0.298300	2.172359	74814472367240.484375
0.300100	2.183721	73399169698590.843750
0.301900	2.222799	68732385890354.164062
0.303700	2.230170	67886029300062.906250
0.305500	2.266300	63885710667373.281250
0.307300	2.300483	60318116022890.593750
0.309100	2.350287	55473860115153.406250
0.310900	2.369146	53742731826247.984375
0.312700	2.390837	51818401903855.804688
0.314500	2.459376	46179243050658.898438
0.316300	2.477722	44776784644055.710938
0.318100	2.516696	41937266202488.656250
0.319900	2.570251	38326730141012.882812
0.321700	2.604627	36174752995996.062500
0.323500	2.660481	32932791148038.160156
0.325300	2.704767	30570111577857.183594
0.327100	2.791420	26426240947710.585938
0.328900	2.849315	23975587646462.808594
0.330700	2.919861	21294452959430.671875
0.332500	3.000361	18599294266750.539062
0.334300	3.074095	16431086282278.527344
0.336100	3.192201	13472319142849.140625
0.337900	3.290933	11412023921947.703125
0.339700	3.408552	9364703986822.333984
0.341500	3.478170	8330449802444.593750
0.343300	3.591128	6889744924670.342773
0.345100	3.710383	5638187951425.192383
0.346900	3.830229	4609412479461.451172
0.348700	3.995043	3493987750921.685547
0.350500	4.106365	2897678134467.330566
0.352300	4.300687	2090181297147.786621
0.354100	4.434003	1670533794551.764160
0.355900	4.583772	1298720262348.594971
0.357700	4.742241	995002243493.720581
0.359500	4.938399	715512760657.825439
0.361300	5.089150	555342393751.510132
0.363100	5.285382	399300954471.766846
0.364900	5.422116	317304474604.310425
0.366700	5.621280	227025718868.633728
0.368500	5.800261	168038574075.876770
0.370300	5.978596	124512682193.650925
0.372100	6.115670	98887711988.633835
0.373900	6.289598	73818422129.367874
0.375700	6.448929	56473387278.971519
0.377500	6.612094	42926365212.603981
0.379300	6.779051	32421720310.164875
0.381100	6.967936	23601442070.035130
0.382900	7.128988	18003700303.845856
0.384700	7.297631	13559460545.175766
0.386500	7.487044	9861899409.941263
0.388300	7.648444	7518455007.038470
0.390100	7.846191	5392154646.625082
0.391900	8.035029	3925542991.658668
0.393700	8.189994	3025286863.136777
0.395500	8.347452	2321736820.718943
0.397300	8.574222	1585835403.371795
0.399100	8.904956	909500222.359264

# Dumping simulation biases, in the metadata file order 
# Window  F (free energy units)
# 0	0.000000
# 1	-9.552946
# 2	-15.865756
# 3	-20.163407
# 4	-22.367973
# 5	-22.783316
# 6	-22.359777
# 7	-21.550173
# 8	-20.412879
# 9	-18.809175
# 10	-15.650747
#Iteration 410:  0.000113
#Iteration 420:  0.000100
#Iteration 430:  0.000088
#Iteration 440:  0.000078
#Iteration 450:  0.000069
#Iteration 460:  0.000061
#Iteration 470:  0.000054
#Iteration 480:  0.000047
#Iteration 490:  0.000042
#Iteration 500:  0.000037
0.040900	inf	0.000000
0.042700	inf	0.000000
0.044500	inf	0.000000
0.046300	inf	0.000000
0.048100	inf	0.000000
0.049900	inf	0.000000
0.051700	inf	0.000000
0.053500	inf	0.000000
0.055300	inf	0.000000
0.057100	inf	0.000000
0.058900	inf	0.000000
0.060700	inf	0.000000
0.062500	inf	0.000000
0.064300	inf	0.000000
0.066100	inf	0.000000
0.067900	inf	0.000000
0.069700	inf	0.000000
0.071500	inf	0.000000
0.073300	inf	0.000000
0.075100	inf	0.000000
0.076900	17.306226	675.570685
0.078700	16.260159	3920.662678
0.080500	15.273177	20602.174581
0.082300	14.201782	124765.153676
0.084100	13.172653	703747.546923
0.085900	12.266624	3227527.806304
0.087700	11.485152	12005741.425904
0.089500	10.746267	41573608.058000
0.091300	10.080029	127411874.349107
0.093100	9.469932	355316644.294764
0.094900	8.922374	891999327.155981
0.096700	8.393861	2168749678.282615
0.098500	7.935160	4689080127.218109
0.100300	7.503348	9690244374.609907
0.102100	7.125807	18279384853.403278
0.103900	6.801561	31526790511.086258
0.105700	6.551624	47989699986.616783
0.107500	6.343021	68145970704.861053
0.109300	6.185380	88823387505.053986
0.111100	5.974599	126593096840.216537
0.112900	5.777136	176428683188.496521
0.114700	5.519987	271833256260.532074
0.116500	5.211881	456286872345.114136
0.118300	4.887817	786725390465.226440
0.120100	4.536537	1419965029255.335693
0.121900	4.240877	2334138099569.333496
0.123700	3.971485	3671118164245.348633
0.125500	3.762694	5214681192124.978516
0.127300	3.561772	7309907755047.826172
0.129100	3.390555	9747876862029.224609
0.130900	3.212305	13153544810969.843750
0.132700	3.081216	16396295024007.410156
0.134500	2.889906	22615831782167.757812
0.136300	2.652517	33707005690702.074219
0.138100	2.428857	49091340063570.843750
0.139900	2.187432	73664710064871.531250
0.141700	1.932683	113042280679642.375000
0.143500	1.707876	164953818107904.562500
0.145300	1.516628	227501616792804.781250
0.147100	1.379988	286246329480528.000000
0.148900	1.272598	342879107246063.500000
0.150700	1.166305	409959307722077.937500
0.152500	1.105574	454023294272045.312500
0.154300	1.018247	525813020430048.812500
0.156100	0.990354	551055263282844.937500
0.157900	0.909369	631420276502008.625000
0.159700	0.845476	703014543308341.250000
0.161500	0.761165	810058111870224.000000
0.163300	0.662762	955775508619404.375000
0.165100	0.561091	1133917637833158.000000
0.166900	0.464370	1334115294363923.250000
0.168700	0.363035	1581882398489330.250000
0.170500	0.237843	1952411685584646.750000
0.172300	0.133333	2327392704517007.000000
0.174100	0.063395	2617749924138992.000000
0.175900	0.043753	2705627626567514.500000
0.177700	0.025719	2788908623372054.500000
0.179500	0.031055	2764000821384482.500000
0.181300	0.005114	2887201829455491.500000
0.183100	0.013149	2848464098530196.500000
0.184900	0.016757	2831242797961927.000000
0.186700	0.000000	2912127416982255.000000
0.188500	0.016811	2830985349262625.000000
0.190300	0.031372	2762529352517222.000000
0.192100	0.059643	2634314504106700.000000
0.193900	0.090715	2500247750652005.500000
0.195700	0.098816	2466431127077865.500000
0.197500	0.111900	2412776480320289.500000
0.199300	0.138286	2308093934095741.500000
0.201100	0.182267	2143607678934744.500000
0.202900	0.201404	2075744107358459.750000
0.204700	0.223543	1999911800551910.000000
0.206500	0.201606	2075041305629709.500000
0.208300	0.260619	1879071679182011.250000
0.210100	0.304706	1744847672877774.750000
0.211900	0.324386	1688068505844198.000000
0.213700	0.310544	1727808991366206.500000
0.215500	0.305825	1741567739722244.250000
0.217300	0.353969	1606174362015165.500000
0.219100	0.317735	1707048272969994.750000
0.220900	0.341220	1640968937476063.500000
0.222700	0.352651	1609736558216655.000000
0.224500	0.364049	1579188134588800.750000
0.226300	0.362106	1584353075136809.750000
0.228100	0.386440	1520852166646703.250000
0.229900	0.390041	1511673640956648.750000
0.231700	0.394759	1499730619105642.500000
0.233500	0.410706	1460061298411346.250000
0.235300	0.432851	1406708191280880.500000
0.237100	0.515747	1223729575307402.250000
0.238900	0.574121	1109350887388194.250000
0.240700	0.605524	1052309251172998.625000
0.242500	0.679236	929670540582416.375000
0.244300	0.730749	852553243256916.500000
0.246100	0.792827	768070189240532.000000
0.247900	0.844454	704222754658136.750000
0.249700	0.937584	602171377024211.750000
0.251500	0.928692	611239594849651.125000
0.253300	0.973276	567104110689796.625000
0.255100	1.005539	537166488045238.062500
0.256900	0.956818	583012591028512.625000
0.258700	0.947767	591951629948000.250000
0.260500	0.961158	578774833165277.625000
0.262300	0.949435	590293669267932.375000
0.264100	0.985996	555107236463557.125000
0.265900	1.025884	519106265120151.312500
0.267700	1.049230	499128256068799.562500
0.269500	1.100836	457653879955737.562500
0.271300	1.151600	420219150779182.312500
0.273100	1.198711	388223756028854.937500
0.274900	1.276900	340408441372836.812500
0.276700	1.347409	302359941870926.250000
0.278500	1.411538	271460415762413.625000
0.280300	1.491874	237168394789033.531250
0.282100	1.602608	196885708042148.468750
0.283900	1.741207	155965724948447.437500
0.285700	1.808004	139400290405898.968750
0.287500	1.958717	108201734902333.375000
0.289300	2.006829	99795279225572.156250
0.291100	2.075963	88846016572663.406250
0.292900	2.109915	83917244310749.687500
0.294700	2.148393	78661159410556.281250
0.296500	2.124370	81902690262183.953125
0.298300	2.164227	76594985372278.375000
0.300100	2.175470	75160893151908.484375
0.301900	2.214459	70392713551089.562500
0.303700	2.221763	69533793152970.804688
0.305500	2.257841	65441963684804.890625
0.307300	2.291986	61791527398358.773438
0.309100	2.341758	56831970439423.148438
0.310900	2.360589	55061049437773.523438
0.312700	2.382253	53091965187112.007812
0.314500	2.450762	47316593765319.695312
0.316300	2.469073	45882327903298.023438
0.318100	2.508002	42975865847494.367188
0.319900	2.561503	39279527356056.046875
0.321700	2.595811	37078258676602.523438
0.323500	2.651585	33759897973606.992188
0.325300	2.695779	31342722068169.046875
0.327100	2.782333	27098639388418.003906
0.328900	2.840126	24589793307355.867188
0.330700	2.910576	21843505455231.886719
0.332500	2.990990	19081642208910.886719
0.334300	3.064649	16859330245597.222656
0.336100	3.182692	13824910079131.939453
0.337900	3.281371	11711724611090.429688
0.339700	3.398946	9611357603394.998047
0.341500	3.468524	8550435256597.524414
0.343300	3.581443	7072141129028.908203
0.345100	3.700659	5787837904897.001953
0.346900	3.820461	4732102338774.972656
0.348700	3.985227	3587280703972.077637
0.350500	4.096495	2975317023900.845215
0.352300	4.290760	2146390759234.198730
0.354100	4.424019	1715625288230.224854
0.355900	4.573732	1333900216512.078613
0.357700	4.732151	1022041213557.991577
0.359500	4.928266	735009639679.874756
0.361300	5.078981	570508316764.695679
0.363100	5.275186	410224378294.858582
0.364900	5.411900	325996142974.912109
0.366700	5.611048	233250479409.021423
0.368500	5.790018	172649226399.510651
0.370300	5.968346	127930795438.370789
0.372100	6.105413	101603346083.376587
0.373900	6.279337	75846123201.066147
0.375700	6.438665	58024918540.872009
0.377500	6.601828	44105857589.335236
0.379300	6.768784	33312653350.996620
0.381100	6.957669	24250037776.624203
0.382900	7.118719	18498484474.849518
0.384700	7.287362	13932117575.849648
0.386500	7.476774	10132941319.821459
0.388300	7.638175	7725093264.950462
0.390100	7.835921	5540354854.556129
0.391900	8.024759	4033434989.856665
0.393700	8.179724	3108436080.215498
0.395500	8.337182	2385549364.246632
0.397300	8.563951	1629421923.206445
0.399100	8.894686	934497781.407753

# Dumping simulation biases, in the metadata file order 
# Window  F (free energy units)
# 0	0.000000
# 1	-9.553150
# 2	-15.866905
# 3	-20.166045
# 4	-22.372448
# 5	-22.789561
# 6	-22.368497
# 7	-21.561568
# 8	-20.427117
# 9	-18.824494
# 10	-15.666676
#Iteration 510:  0.000033
#Iteration 520:  0.000029
#Iteration 530:  0.000025
#Iteration 540:  0.000022
#Iteration 550:  0.000020
#Iteration 560:  0.000017
#Iteration 570:  0.000015
#Iteration 580:  0.000014
#Iteration 590:  0.000012
#Iteration 600:  0.000011
0.040900	inf	0.000000
0.042700	inf	0.000000
0.044500	inf	0.000000
0.046300	inf	0.000000
0.048100	inf	0.000000
0.049900	inf	0.000000
0.051700	inf	0.000000
0.053500	inf	0.000000
0.055300	inf	0.000000
0.057100	inf	0.000000
0.058900	inf	0.000000
0.060700	inf	0.000000
0.062500	inf	0.000000
0.064300	inf	0.000000
0.066100	inf	0.000000
0.067900	inf	0.000000
0.069700	inf	0.000000
0.071500	inf	0.000000
0.073300	inf	0.000000
0.075100	inf	0.000000
0.076900	17.307909	675.571274
0.078700	16.261842	3920.667581
0.080500	15.274860	20602.211502
0.082300	14.203464	124765.473637
0.084100	13.174334	703750.124392
0.085900	12.268304	3227544.641085
0.087700	11.486831	12005830.266190
0.089500	10.747944	41574042.205287
0.091300	10.081703	127413738.936525
0.093100	9.471603	355323865.396666
0.094900	8.924041	892024219.832401
0.096700	8.395522	2168831685.691508
0.098500	7.936813	4689316859.017059
0.100300	7.504992	9690887683.500988
0.102100	7.127439	18280957497.991081
0.103900	6.803179	31530259278.812698
0.105700	6.553225	47996371091.164566
0.107500	6.344601	68157794463.813438
0.109300	6.186936	88842358951.841476
0.111100	5.976128	126625828113.193390
0.112900	5.778637	176482815008.218109
0.114700	5.521458	271930068591.847839
0.116500	5.213323	456471335620.694397
0.118300	4.889233	787079104886.411621
0.120100	4.537928	1420663212438.340088
0.121900	4.242244	2335378189797.911621
0.123700	3.972829	3673211086513.609863
0.125500	3.764014	5217864492085.063477
0.127300	3.563066	7314693860715.723633
0.129100	3.391819	9754749494867.292969
0.130900	3.213535	13163574193433.830078
0.132700	3.082407	16409851855683.732422
0.134500	2.891057	22636099610979.968750
0.136300	2.653625	33739613306827.261719
0.138100	2.429924	49142240296870.085938
0.139900	2.188460	73745862587443.812500
0.141700	1.933676	113173448159508.203125
0.143500	1.708838	165153941204485.468750
0.145300	1.517561	227788724642006.437500
0.147100	1.380893	286621161763714.250000
0.148900	1.273473	343345021121901.750000
0.150700	1.167148	410538671598084.562500
0.152500	1.106380	454693072705832.750000
0.154300	1.019011	526625978774052.312500
0.156100	0.991071	551950954190588.000000
0.157900	0.910036	632500413268919.125000
0.159700	0.846091	704278380185425.500000
0.161500	0.761730	811582774487647.250000
0.163300	0.663280	957649088907382.000000
0.165100	0.561568	1136219759960008.750000
0.166900	0.464810	1336906662698845.750000
0.168700	0.363441	1585280925842887.250000
0.170500	0.238218	1956710111947161.250000
0.172300	0.133676	2332641788353609.500000
0.174100	0.063704	2623804688279584.000000
0.175900	0.044024	2712058791101740.500000
0.177700	0.025947	2795737027386068.000000
0.179500	0.031238	2770984023949024.000000
0.181300	0.005247	2894732540349042.000000
0.183100	0.013235	2856125374810284.500000
0.184900	0.016797	2839073693893099.000000
0.186700	0.000000	2920379098423791.000000
0.188500	0.016777	2839169053298333.500000
0.190300	0.031311	2770643895211876.500000
0.192100	0.059559	2642150300159784.500000
0.193900	0.090614	2507758764514667.000000
0.195700	0.098700	2473900318173426.500000
0.197500	0.111772	2420134105203193.000000
0.199300	0.138146	2315178940049171.500000
0.201100	0.182114	2150233892356903.000000
0.202900	0.201236	2082212810929144.750000
0.204700	0.223357	2006206909738394.750000
0.206500	0.201395	2081656386541602.500000
0.208300	0.260378	1885159324558114.500000
0.210100	0.304426	1750614883720202.000000
0.211900	0.324058	1693783891597859.750000
0.213700	0.310160	1733822279937064.000000
0.215500	0.305379	1747812234128289.250000
0.217300	0.353458	1612110537145620.000000
0.219100	0.317159	1713542297642319.250000
0.220900	0.340585	1647375767460687.000000
0.222700	0.351965	1616161834342381.500000
0.224500	0.363319	1585605835342986.000000
0.226300	0.361343	1590883566587228.750000
0.228100	0.385649	1527189808808477.250000
0.229900	0.389230	1518026269868405.500000
0.231700	0.393932	1506074860053126.250000
0.233500	0.409865	1466271557945998.750000
0.235300	0.431997	1412720982093995.000000
0.237100	0.514880	1228986066764689.250000
0.238900	0.573241	1114142302858679.625000
0.240700	0.604626	1056884537173617.250000
0.242500	0.678317	933746613561729.625000
0.244300	0.729802	856331535689613.250000
0.246100	0.791844	771520787512094.625000
0.247900	0.843426	707440319957157.750000
0.249700	0.936501	604978400957009.250000
0.251500	0.927546	614154211015193.750000
0.253300	0.972061	569874400130653.000000
0.255100	1.004253	539854746705549.687500
0.256900	0.955464	585997312141974.750000
0.258700	0.946351	595043686263759.500000
0.260500	0.959689	581849664509404.125000
0.262300	0.947923	593472882330746.500000
0.264100	0.984449	558129266492139.375000
0.265900	1.024310	521956036744482.937500
0.267700	1.047635	501886420395641.500000
0.269500	1.099223	460196481093853.937500
0.271300	1.149972	422564835200359.562500
0.273100	1.197068	390400838392675.750000
0.274900	1.275240	342326933594954.937500
0.276700	1.345729	304074073221748.437500
0.278500	1.409834	273010700263493.250000
0.280300	1.490138	238535495547530.687500
0.282100	1.600832	198033987514443.218750
0.283900	1.739381	156888546431234.750000
0.285700	1.806118	140239249115651.453125
0.287500	1.956762	108865483358525.750000
0.289300	2.004800	100419949814366.578125
0.291100	2.073859	89413413513359.375000
0.292900	2.107740	84463270537379.562500
0.294700	2.146154	79181450781351.234375
0.296500	2.122078	82451880458843.406250
0.298300	2.161891	77114224367646.015625
0.300100	2.173101	75674728138544.875000
0.301900	2.212064	70877029405473.421875
0.303700	2.219348	70014485001523.039062
0.305500	2.255412	65895988619519.273438
0.307300	2.289545	62221404807986.585938
0.309100	2.339308	57228223269692.718750
0.310900	2.358131	55445704637097.007812
0.312700	2.379787	53463573537309.718750
0.314500	2.448287	47648467883441.070312
0.316300	2.466588	46204932740996.609375
0.318100	2.505505	43278949820299.335938
0.319900	2.558990	39557588140751.921875
0.321700	2.593278	37341952761366.578125
0.323500	2.649029	34001314763845.117188
0.325300	2.693197	31568254177557.148438
0.327100	2.779722	27294939370636.648438
0.328900	2.837487	24769123929176.910156
0.330700	2.907909	22003830001267.632812
0.332500	2.988298	19222502346977.500000
0.334300	3.061936	16984400795548.128906
0.336100	3.179960	13927893041897.767578
0.337900	3.278624	11799264768321.802734
0.339700	3.396186	9683406696809.966797
0.341500	3.465753	8614697224587.770508
0.343300	3.578661	7125424777170.698242
0.345100	3.697866	5831557215475.627930
0.346900	3.817655	4767947087452.907227
0.348700	3.982408	3614538337422.532715
0.350500	4.093660	2998002266554.481934
0.352300	4.287909	2162815560103.172119
0.354100	4.421150	1728802162854.000977
0.355900	4.570847	1344181307039.493408
0.357700	4.729252	1029943591359.001953
0.359500	4.925355	740708042304.863037
0.361300	5.076060	574941070118.004761
0.363100	5.272257	413417214317.970276
0.364900	5.408965	328536711728.425293
0.366700	5.608109	235070003699.057526
0.368500	5.787075	173996956653.857025
0.370300	5.965401	128929945981.187103
0.372100	6.102467	102397159610.543213
0.373900	6.276390	76438848037.781616
0.375700	6.435717	58478453845.068192
0.377500	6.598879	44450641244.827446
0.379300	6.765834	33573087104.617771
0.381100	6.954719	24439632717.697880
0.382900	7.115769	18643117943.192051
0.384700	7.284412	14041051350.157719
0.386500	7.473824	10212171353.420069
0.388300	7.635225	7785497061.182229
0.390100	7.832971	5583676245.481222
0.391900	8.021809	4064973623.131474
0.393700	8.176773	3132741987.361369
0.395500	8.334232	2404202839.348137
0.397300	8.561001	1642162993.400096
0.399100	8.891736	941804987.051415

# Dumping simulation biases, in the metadata file order 
# Window  F (free energy units)
# 0	0.000000
# 1	-9.553208
# 2	-15.867235
# 3	-20.166803
# 4	-22.373734
# 5	-22.791356
# 6	-22.371002
# 7	-21.564841
# 8	-20.431207
# 9	-18.828894
# 10	-15.671252
#Iteration 610:  0.000009
#Iteration 620:  0.000008
#Iteration 630:  0.000007
#Iteration 640:  0.000006
#Iteration 650:  0.000006
#Iteration 660:  0.000005
#Iteration 670:  0.000004
#Iteration 680:  0.000004
#Iteration 690:  0.000003
#Iteration 700:  0.000003
0.040900	inf	0.000000
0.042700	inf	0.000000
0.044500	inf	0.000000
0.046300	inf	0.000000
0.048100	inf	0.000000
0.049900	inf	0.000000
0.051700	inf	0.000000
0.053500	inf	0.000000
0.055300	inf	0.000000
0.057100	inf	0.000000
0.058900	inf	0.000000
0.060700	inf	0.000000
0.062500	inf	0.000000
0.064300	inf	0.000000
0.066100	inf	0.000000
0.067900	inf	0.000000
0.069700	inf	0.000000
0.071500	inf	0.000000
0.073300	inf	0.000000
0.075100	inf	0.000000
0.076900	17.308392	675.571444
0.078700	16.262325	3920.668990
0.080500	15.275343	20602.222108
0.082300	14.203947	124765.565552
0.084100	13.174817	703750.864821
0.085900	12.268787	3227549.477217
0.087700	11.487314	12005855.787368
0.089500	10.748426	41574166.922960
0.091300	10.082184	127414274.577545
0.093100	9.472083	355325939.807354
0.094900	8.924519	892031370.771038
0.096700	8.395999	2168855244.033978
0.098500	7.937288	4689384865.208665
0.100300	7.505464	9691072487.695250
0.102100	7.127908	18281409274.723358
0.103900	6.803644	31531255763.853237
0.105700	6.553685	47998287542.606918
0.107500	6.345055	68161191211.819427
0.109300	6.187383	88847809243.010818
0.111100	5.976567	126635231783.458298
0.112900	5.779068	176498367689.499390
0.114700	5.521881	271957885118.219635
0.116500	5.213738	456524338739.811035
0.118300	4.889639	787180744226.586182
0.120100	4.538327	1420863841288.406738
0.121900	4.242637	2335734550125.759277
0.123700	3.973215	3673812535400.246094
0.125500	3.764393	5218779302513.789062
0.127300	3.563438	7316069306072.401367
0.129100	3.392182	9756724611752.595703
0.130900	3.213888	13166456598332.968750
0.132700	3.082750	16413748167127.417969
0.134500	2.891387	22641924947401.894531
0.136300	2.653944	33748985774067.476562
0.138100	2.430231	49156871394815.929688
0.139900	2.188755	73769190767174.250000
0.141700	1.933961	113211155402648.546875
0.143500	1.709115	165211473681366.593750
0.145300	1.517829	227871266781763.375000
0.147100	1.381153	286728927479012.812500
0.148900	1.273724	343478976885730.250000
0.150700	1.167390	410705250382645.375000
0.152500	1.106612	454885653793702.125000
0.154300	1.019231	526859737487335.562500
0.156100	0.991277	552208514081416.625000
0.157900	0.910227	632811028494910.125000
0.159700	0.846267	704641844062242.125000
0.161500	0.761892	812021275747877.125000
0.163300	0.663429	958187972705771.750000
0.165100	0.561705	1136881937554972.000000
0.166900	0.464937	1337709603681590.750000
0.168700	0.363558	1586258556571939.250000
0.170500	0.238326	1957946654671212.000000
0.172300	0.133775	2334151860524200.500000
0.174100	0.063793	2625546599994821.000000
0.175900	0.044102	2713909058537917.000000
0.177700	0.026013	2797701663709711.000000
0.179500	0.031290	2772993293053656.000000
0.181300	0.005286	2896899455988468.000000
0.183100	0.013259	2858329979399892.000000
0.184900	0.016808	2841327227932873.500000
0.186700	0.000000	2922753839950281.500000
0.188500	0.016767	2841524331492139.000000
0.190300	0.031293	2772979350482996.000000
0.192100	0.059535	2644405592076078.000000
0.193900	0.090585	2509920625202818.500000
0.195700	0.098667	2476050178092367.500000
0.197500	0.111735	2422251882326559.500000
0.199300	0.138106	2317218272433392.000000
0.201100	0.182070	2152141188597620.000000
0.202900	0.201188	2084074792004723.000000
0.204700	0.223304	2008018948756919.500000
0.206500	0.201335	2083560564005521.250000
0.208300	0.260309	1886911720113365.500000
0.210100	0.304346	1752275092154534.500000
0.211900	0.323964	1695429250255781.250000
0.213700	0.310050	1735553490957865.500000
0.215500	0.305251	1749610121841309.750000
0.217300	0.353311	1613819774932729.000000
0.219100	0.316994	1715412296734740.500000
0.220900	0.340403	1649220788289181.250000
0.222700	0.351767	1618012285050076.000000
0.224500	0.363110	1587454204649199.250000
0.226300	0.361123	1592764503844566.500000
0.228100	0.385422	1529015264188072.500000
0.229900	0.388996	1519856090911693.000000
0.231700	0.393694	1507902302731427.750000
0.233500	0.409623	1468060436775552.500000
0.235300	0.431752	1414453003216446.500000
0.237100	0.514631	1230500250117565.500000
0.238900	0.572988	1115522534218239.750000
0.240700	0.604368	1058202528834809.000000
0.242500	0.678053	934920819425952.625000
0.244300	0.729530	857419984664304.375000
0.246100	0.791562	772514865227149.250000
0.247900	0.843131	708367300930514.625000
0.249700	0.936190	605787146293759.250000
0.251500	0.927217	614994007513571.750000
0.253300	0.971711	570672668440711.375000
0.255100	1.003883	540629437196116.375000
0.256900	0.955075	586857502344124.875000
0.258700	0.945944	595934874805619.375000
0.260500	0.959268	582735945061984.000000
0.262300	0.947489	594389298490278.375000
0.264100	0.984005	559000411638124.062500
0.265900	1.023858	522777553511431.437500
0.267700	1.047177	502681550001852.562500
0.269500	1.098760	460929482990841.812500
0.271300	1.149505	423241080151880.000000
0.273100	1.196596	391028486511282.625000
0.274900	1.274763	342880039696139.250000
0.276700	1.345247	304568270621069.687500
0.278500	1.409344	273457669347848.906250
0.280300	1.489639	238929661420669.343750
0.282100	1.600322	198365074537366.718750
0.283900	1.738856	157154639039940.937500
0.285700	1.805576	140481174399908.984375
0.287500	1.956201	109056897753644.187500
0.289300	2.004217	100600108954121.078125
0.291100	2.073255	89577068116672.687500
0.292900	2.107115	84620774016889.125000
0.294700	2.145511	79331542202395.234375
0.296500	2.121419	82610318793750.109375
0.298300	2.161220	77264029968015.781250
0.300100	2.172420	75822980904029.812500
0.301900	2.211376	71016769787829.312500
0.303700	2.218654	70153183141600.531250
0.305500	2.254714	66026994736279.601562
0.307300	2.288844	62345445041914.164062
0.309100	2.338604	57342562469874.257812
0.310900	2.357425	55556698375325.023438
0.312700	2.379079	53570803508388.882812
0.314500	2.447576	47744233178608.570312
0.316300	2.465874	46298024297332.820312
0.318100	2.504787	43366409532531.851562
0.319900	2.558268	39637828313201.140625
0.321700	2.592551	37418048650177.679688
0.323500	2.648295	34070983629434.867188
0.325300	2.692455	31633340795949.691406
0.327100	2.778972	27351591568024.972656
0.328900	2.836729	24820880381754.917969
0.330700	2.907143	22050102522711.472656
0.332500	2.987525	19263158212562.453125
0.334300	3.061156	17020500243764.585938
0.336100	3.179176	13957617890238.419922
0.337900	3.277835	11824532652923.037109
0.339700	3.395393	9704203484565.359375
0.341500	3.464957	8633246512291.877930
0.343300	3.577862	7140805345293.944336
0.345100	3.697064	5844177149183.530273
0.346900	3.816849	4778294103158.166016
0.348700	3.981598	3622406696522.098633
0.350500	4.092846	3004550838356.919922
0.352300	4.287089	2167557007365.729004
0.354100	4.420326	1732606079813.926270
0.355900	4.570019	1347149316742.973145
0.357700	4.728419	1032224935236.066772
0.359500	4.924519	742353141032.044922
0.361300	5.075221	576220796744.079712
0.363100	5.271416	414338987415.011108
0.364900	5.408122	329270179842.172791
0.366700	5.607265	235595307176.163513
0.368500	5.786230	174386052817.671570
0.370300	5.964555	129218406258.592285
0.372100	6.101620	102626338377.588654
0.373900	6.275543	76609971505.033112
0.375700	6.434870	58609392519.564140
0.377500	6.598032	44550182654.831825
0.379300	6.764987	33648276152.049976
0.381100	6.953872	24494370121.221306
0.382900	7.114922	18684874659.888676
0.384700	7.283565	14072501314.637106
0.386500	7.472977	10235045636.636763
0.388300	7.634377	7802936074.914031
0.390100	7.832123	5596183445.640634
0.391900	8.020961	4074079055.915040
0.393700	8.175926	3139759279.686978
0.395500	8.333384	2409588233.488935
0.397300	8.560154	1645841433.219865
0.399100	8.890888	943914630.592060

# Dumping simulation biases, in the metadata file order 
# Window  F (free energy units)
# 0	0.000000
# 1	-9.553225
# 2	-15.867330
# 3	-20.167020
# 4	-22.374103
# 5	-22.791871
# 6	-22.371722
# 7	-21.565781
# 8	-20.432382
# 9	-18.830158
# 10	-15.672567
#Iteration 710:  0.000003
#Iteration 720:  0.000002
#Iteration 730:  0.000002
#Iteration 740:  0.000002
#Iteration 750:  0.000002
#Iteration 760:  0.000001
#Iteration 770:  0.000001
#Iteration 780:  0.000001
#Iteration 790:  0.000001
#Iteration 800:  0.000001
0.040900	inf	0.000000
0.042700	inf	0.000000
0.044500	inf	0.000000
0.046300	inf	0.000000
0.048100	inf	0.000000
0.049900	inf	0.000000
0.051700	inf	0.000000
0.053500	inf	0.000000
0.055300	inf	0.000000
0.057100	inf	0.000000
0.058900	inf	0.000000
0.060700	inf	0.000000
0.062500	inf	0.000000
0.064300	inf	0.000000
0.066100	inf	0.000000
0.067900	inf	0.000000
0.069700	inf	0.000000
0.071500	inf	0.000000
0.073300	inf	0.000000
0.075100	inf	0.000000
0.076900	17.308531	675.571492
0.078700	16.262464	3920.669394
0.080500	15.275482	20602.225155
0.082300	14.204085	124765.591956
0.084100	13.174955	703751.077521
0.085900	12.268925	3227550.866469
0.087700	11.487452	12005863.118708
0.089500	10.748564	41574202.749982
0.091300	10.082323	127414428.448477
0.093100	9.472221	355326535.713068
0.094900	8.924657	892033424.986121
0.096700	8.396136	2168862011.524339
0.098500	7.937424	4689404401.019067
0.100300	7.505600	9691125575.518633
0.102100	7.128043	18281539054.566193
0.103900	6.803777	31531542020.002186
0.105700	6.553817	47998838075.352440
0.107500	6.345186	68162166989.484108
0.109300	6.187512	88849374950.208267
0.111100	5.976694	126637933206.594040
0.112900	5.779191	176502835612.789886
0.114700	5.522003	271965876262.179718
0.116500	5.213857	456539565693.582520
0.118300	4.889756	787209943932.910278
0.120100	4.538442	1420921480007.401123
0.121900	4.242750	2335836929802.149414
0.123700	3.973326	3673985328293.051758
0.125500	3.764502	5219042123797.005859
0.127300	3.563545	7316464467845.067383
0.129100	3.392287	9757292060778.968750
0.130900	3.213990	13167284716359.681641
0.132700	3.082848	16414867592451.509766
0.134500	2.891482	22643598609333.714844
0.136300	2.654035	33751678590306.738281
0.138100	2.430319	49161075137261.562500
0.139900	2.188840	73775893412892.390625
0.141700	1.934043	113221989578383.015625
0.143500	1.709194	165228004300598.625000
0.145300	1.517906	227894983578202.468750
0.147100	1.381227	286759892019923.375000
0.148900	1.273797	343517466975153.625000
0.150700	1.167460	410753114582035.437500
0.152500	1.106678	454940989928983.687500
0.154300	1.019294	526926906333934.875000
0.156100	0.991336	552282523027249.500000
0.157900	0.910282	632900284120635.000000
0.159700	0.846318	704746287618614.500000
0.161500	0.761938	812147283992202.500000
0.163300	0.663472	958342829631390.625000
0.165100	0.561744	1137072227870036.500000
0.166900	0.464973	1337940348351291.500000
0.168700	0.363592	1586539505870872.500000
0.170500	0.238357	1958302013170075.250000
0.172300	0.133803	2334585830283776.500000
0.174100	0.063818	2626047201477147.500000
0.175900	0.044124	2714440805584026.000000
0.177700	0.026032	2798266285900091.500000
0.179500	0.031305	2773570750213485.000000
0.181300	0.005297	2897522229525518.500000
0.183100	0.013266	2858963594649088.500000
0.184900	0.016812	2841974915663157.000000
0.186700	0.000000	2923436373482624.000000
0.188500	0.016764	2842201279237343.500000
0.190300	0.031288	2773650607532240.000000
0.192100	0.059528	2645053813762431.000000
0.193900	0.090577	2510541996557076.500000
0.195700	0.098658	2476668103180619.500000
0.197500	0.111724	2422860588417454.000000
0.199300	0.138094	2317804433408097.500000
0.201100	0.182057	2152689400494375.750000
0.202900	0.201174	2084609980886216.250000
0.204700	0.223288	2008539784960038.250000
0.206500	0.201318	2084107886544060.500000
0.208300	0.260289	1887415419104165.250000
0.210100	0.304323	1752752297798255.250000
0.211900	0.323937	1695902193228206.750000
0.213700	0.310018	1736051118936324.500000
0.215500	0.305214	1750126925041817.000000
0.217300	0.353269	1614311105605592.000000
0.219100	0.316946	1715949850478099.250000
0.220900	0.340350	1649751172473215.500000
0.222700	0.351711	1618544239883560.000000
0.224500	0.363050	1587985569421101.000000
0.226300	0.361060	1593305238029544.250000
0.228100	0.385357	1529540053606192.750000
0.229900	0.388929	1520382139435975.750000
0.231700	0.393625	1508427670625287.250000
0.233500	0.409554	1468574720434280.000000
0.235300	0.431681	1414950942837547.000000
0.237100	0.514560	1230935565008725.500000
0.238900	0.572915	1115919340503998.750000
0.240700	0.604294	1058581443261489.125000
0.242500	0.677977	935258398086835.250000
0.244300	0.729452	857732910736343.875000
0.246100	0.791480	772800662361455.625000
0.247900	0.843046	708633810852461.125000
0.249700	0.936100	606019666518959.625000
0.251500	0.927122	615235459490553.500000
0.253300	0.971611	570902185259810.625000
0.255100	1.003777	540852179884960.437500
0.256900	0.954963	587104833808843.375000
0.258700	0.945827	596191124593999.250000
0.260500	0.959146	582990788296947.625000
0.262300	0.947364	594652811033712.000000
0.264100	0.983877	559250909737035.625000
0.265900	1.023728	523013783239678.250000
0.267700	1.047045	502910193746567.812500
0.269500	1.098627	461140262848578.125000
0.271300	1.149370	423435540127205.312500
0.273100	1.196460	391208972881245.687500
0.274900	1.274626	343039091518435.687500
0.276700	1.345108	304710383337253.937500
0.278500	1.409203	273586201790960.781250
0.280300	1.489496	239043010465375.343750
0.282100	1.600175	198460285206288.906250
0.283900	1.738706	157231160310835.218750
0.285700	1.805420	140550746956948.687500
0.287500	1.956040	109111945562247.078125
0.289300	2.004050	100651921097375.031250
0.291100	2.073082	89624134825234.921875
0.292900	2.106936	84666072737286.031250
0.294700	2.145326	79374710112309.343750
0.296500	2.121230	82655888218125.718750
0.298300	2.161027	77307117141858.296875
0.300100	2.172224	75865621969597.921875
0.301900	2.211178	71056962862505.046875
0.303700	2.218455	70193076720521.671875
0.305500	2.254513	66064676067138.476562
0.307300	2.288642	62381122917422.570312
0.309100	2.338402	57375450127671.992188
0.310900	2.357222	55588623856522.203125
0.312700	2.378875	53601646483963.789062
0.314500	2.447372	47771778598352.250000
0.316300	2.465669	46324800739437.640625
0.318100	2.504581	43391566150172.914062
0.319900	2.558060	39660908434154.781250
0.321700	2.592342	37439936843732.335938
0.323500	2.648084	34091023295113.976562
0.325300	2.692242	31652062566000.523438
0.327100	2.778757	27367887370219.332031
0.328900	2.836511	24835768073932.683594
0.330700	2.906923	22063412882940.261719
0.332500	2.987303	19274853025847.871094
0.334300	3.060932	17030884457881.775391
0.336100	3.178950	13966168463586.224609
0.337900	3.277609	11831801182663.421875
0.339700	3.395166	9710185888343.783203
0.341500	3.464729	8638582419568.540039
0.343300	3.577633	7145229750677.075195
0.345100	3.696833	5847807437715.786133
0.346900	3.816618	4781270568606.481445
0.348700	3.981365	3624670151003.922852
0.350500	4.092612	3006434644630.306152
0.352300	4.286854	2168920970924.760498
0.354100	4.420090	1733700351377.220215
0.355900	4.569781	1348003127384.984619
0.357700	4.728180	1032881214925.840942
0.359500	4.924278	742826392385.457520
0.361300	5.074980	576588941387.062378
0.363100	5.271174	414604158638.868286
0.364900	5.407880	329481180800.828674
0.366700	5.607022	235746424438.915588
0.368500	5.785987	174497986604.995026
0.370300	5.964312	129301389536.801346
0.372100	6.101377	102692267785.847321
0.373900	6.275300	76659199770.282104
0.375700	6.434627	58647060558.849228
0.377500	6.597789	44578818429.902069
0.379300	6.764744	33669906315.078655
0.381100	6.953628	24510116817.163651
0.382900	7.114679	18696887110.611027
0.384700	7.283321	14081548749.274464
0.386500	7.472733	10241626044.341084
0.388300	7.634134	7807952880.103228
0.390100	7.831880	5599781480.973911
0.391900	8.020718	4076698480.630215
0.393700	8.175683	3141777994.175246
0.395500	8.333141	2411137488.205205
0.397300	8.559910	1646899636.224125
0.399100	8.890645	944521526.789185

# Dumping simulation biases, in the metadata file order 
# Window  F (free energy units)
# 0	0.000000
# 1	-9.553230
# 2	-15.867357
# 3	-20.167083
# 4	-22.374209
# 5	-22.792019
# 6	-22.371929
# 7	-21.566052
# 8	-20.432720
# 9	-18.830522
# 10	-15.672945
#Iteration 810:  0.000001
#Iteration 820:  0.000001
#Iteration 830:  0.000001
#Iteration 840:  0.000001
#Iteration 850:  0.000000
# Dumping simulation biases, in the metadata file order 
# Window  F (free energy units)
# 0	0.000000
# 1	-9.553231
# 2	-15.867362
# 3	-20.167095
# 4	-22.374230
# 5	-22.792048
# 6	-22.371969
# 7	-21.566104
# 8	-20.432785
# 9	-18.830591
# 10	-15.673017
# No MC error analysis requested
