# /home/btan/Software/WHAM/wham/wham/wham 0.04 0.4 200 1e-06 300 0 /home/btan/Documents/CRBN_len_CK1a/umbrella_sampling/RMSD/results/backbone_RMSD/CRBN_len/run1/RED/metafile.txt /home/btan/Documents/CRBN_len_CK1a/umbrella_sampling/RMSD/results/backbone_RMSD/CRBN_len/run1/RED/pmf.txt
#Number of windows = 10
#Iteration 10:  0.088777
#Iteration 20:  0.035445
#Iteration 30:  0.021367
#Iteration 40:  0.016391
#Iteration 50:  0.015205
#Iteration 60:  0.014852
#Iteration 70:  0.013892
#Iteration 80:  0.012698
#Iteration 90:  0.011478
#Iteration 100:  0.010321
0.040900	inf	0.000000
0.042700	inf	0.000000
0.044500	inf	0.000000
0.046300	inf	0.000000
0.048100	inf	0.000000
0.049900	inf	0.000000
0.051700	inf	0.000000
0.053500	inf	0.000000
0.055300	inf	0.000000
0.057100	inf	0.000000
0.058900	inf	0.000000
0.060700	inf	0.000000
0.062500	inf	0.000000
0.064300	inf	0.000000
0.066100	inf	0.000000
0.067900	inf	0.000000
0.069700	inf	0.000000
0.071500	inf	0.000000
0.073300	inf	0.000000
0.075100	inf	0.000000
0.076900	inf	0.000000
0.078700	11.785499	0.001088
0.080500	10.506615	0.009341
0.082300	9.598549	0.042986
0.084100	8.682932	0.200344
0.085900	7.873978	0.780474
0.087700	7.191827	2.456791
0.089500	6.415305	9.063037
0.091300	5.802523	25.388683
0.093100	5.276998	61.419111
0.094900	4.780655	141.469185
0.096700	4.345123	294.188496
0.098500	3.925377	595.749896
0.100300	3.559445	1102.087146
0.102100	3.238943	1888.863173
0.103900	2.941973	3111.758303
0.105700	2.703813	4643.826785
0.107500	2.494483	6602.356674
0.109300	2.307648	9038.561721
0.111100	2.172118	11351.260968
0.112900	2.000625	15144.121000
0.114700	1.880868	18521.377245
0.116500	1.727921	23951.549841
0.118300	1.553991	32085.742694
0.120100	1.355986	44757.670241
0.121900	1.208718	57329.962315
0.123700	1.066805	72775.651488
0.125500	0.896838	96843.871379
0.127300	0.804537	113098.420078
0.129100	0.661425	143858.927600
0.130900	0.549245	173713.982197
0.132700	0.458136	202464.672993
0.134500	0.385853	228623.195658
0.136300	0.306503	261246.289998
0.138100	0.218748	302772.524316
0.139900	0.152479	338451.589988
0.141700	0.103157	367709.221040
0.143500	0.068999	389440.995481
0.145300	0.054338	399158.352088
0.147100	0.009318	430538.913938
0.148900	0.007265	432027.246562
0.150700	0.001021	436585.910681
0.152500	0.000000	437335.889621
0.154300	0.001588	436169.845124
0.156100	0.032571	414034.104612
0.157900	0.075534	385186.225001
0.159700	0.113169	361572.499674
0.161500	0.174144	326347.075367
0.163300	0.262779	281171.752580
0.165100	0.303613	262518.699081
0.166900	0.342967	245713.607077
0.168700	0.439071	209058.560530
0.170500	0.427053	213325.121861
0.172300	0.443202	207611.921105
0.174100	0.465501	199973.540892
0.175900	0.427577	213137.147809
0.177700	0.406735	220736.939543
0.179500	0.351955	242029.340810
0.181300	0.321442	254767.332893
0.183100	0.319654	255534.337155
0.184900	0.326717	252518.499582
0.186700	0.310859	259340.535148
0.188500	0.300954	263694.709364
0.190300	0.322999	254101.629344
0.192100	0.347915	243678.497144
0.193900	0.413184	218356.864910
0.195700	0.466373	199680.783979
0.197500	0.538615	176845.854602
0.199300	0.574885	166385.634808
0.201100	0.641404	148782.962719
0.202900	0.663485	143361.569289
0.204700	0.736676	126764.994942
0.206500	0.762199	121441.188746
0.208300	0.811189	111840.951100
0.210100	0.885995	98625.110489
0.211900	0.994887	82127.899840
0.213700	1.100270	68794.629280
0.215500	1.152471	63015.125596
0.217300	1.292368	49809.497225
0.219100	1.422397	40029.830074
0.220900	1.537098	33009.992459
0.222700	1.654299	27107.036544
0.224500	1.763794	22549.892221
0.226300	1.771261	22268.604369
0.228100	1.859142	19210.333792
0.229900	1.915339	17478.629463
0.231700	1.991908	15367.670377
0.233500	2.084826	13145.345424
0.235300	2.166295	11462.923075
0.237100	2.282769	9424.597551
0.238900	2.396349	7786.500639
0.240700	2.522246	6301.307828
0.242500	2.603685	5495.098963
0.244300	2.734556	4409.933844
0.246100	2.763394	4201.248320
0.247900	2.928075	3185.315327
0.249700	2.955516	3041.714383
0.251500	3.026139	2701.218800
0.253300	2.810810	3879.380597
0.255100	2.748839	4305.315436
0.256900	2.611029	5427.675806
0.258700	2.541438	6101.261466
0.260500	2.403582	7692.401711
0.262300	2.314292	8938.178300
0.264100	2.248881	9977.071362
0.265900	2.184396	11119.376361
0.267700	2.149318	11794.767175
0.269500	2.054381	13835.636928
0.271300	2.037825	14226.097539
0.273100	2.005583	15018.419944
0.274900	1.995405	15277.575655
0.276700	1.966611	16035.254724
0.278500	2.011957	14858.360370
0.280300	2.046637	14016.906296
0.282100	2.116063	12472.907889
0.283900	2.192894	10961.658951
0.285700	2.300132	9153.483349
0.287500	2.423326	7441.284210
0.289300	2.559770	5916.104238
0.291100	2.729112	4450.474345
0.292900	2.937790	3133.713955
0.294700	3.171466	2115.742662
0.296500	3.376889	1497.932095
0.298300	3.631484	976.388655
0.300100	3.862741	661.899782
0.301900	4.107382	438.722459
0.303700	4.326432	303.578538
0.305500	4.602350	190.912702
0.307300	4.728240	154.499833
0.309100	4.885072	118.694776
0.310900	4.992803	99.033475
0.312700	5.036783	91.975881
0.314500	5.136241	77.815089
0.316300	5.229714	66.500270
0.318100	5.303981	58.695413
0.319900	5.414722	48.725541
0.321700	5.558606	38.257209
0.323500	5.664308	32.029105
0.325300	5.798639	25.554982
0.327100	5.955559	19.629743
0.328900	6.096862	15.479454
0.330700	6.247636	12.013846
0.332500	6.433364	8.792039
0.334300	6.623698	6.384620
0.336100	6.794459	4.791478
0.337900	6.972280	3.553446
0.339700	7.189558	2.466178
0.341500	7.406283	1.713178
0.343300	7.629077	1.178014
0.345100	7.862612	0.795530
0.346900	8.059349	0.571515
0.348700	8.324593	0.365918
0.350500	8.572636	0.241156
0.352300	8.751070	0.178662
0.354100	8.865263	0.147456
0.355900	9.013423	0.114947
0.357700	9.155813	0.090479
0.359500	9.292725	0.071877
0.361300	9.285786	0.072721
0.363100	9.376566	0.062428
0.364900	9.430547	0.057013
0.366700	9.374979	0.062595
0.368500	9.415092	0.058514
0.370300	9.388988	0.061138
0.372100	9.457038	0.054530
0.373900	9.516012	0.049383
0.375700	9.558068	0.046012
0.377500	9.623709	0.041205
0.379300	9.670877	0.038064
0.381100	9.757728	0.032894
0.382900	9.809572	0.030148
0.384700	9.851292	0.028106
0.386500	9.909603	0.025482
0.388300	9.956893	0.023535
0.390100	10.031752	0.020752
0.391900	10.098552	0.018548
0.393700	10.114437	0.018059
0.395500	10.167473	0.016519
0.397300	10.188115	0.015955
0.399100	10.246944	0.014453

# Dumping simulation biases, in the metadata file order 
# Window  F (free energy units)
# 0	0.000000
# 1	-5.658308
# 2	-8.598247
# 3	-9.292601
# 4	-8.888064
# 5	-7.489106
# 6	-7.185891
# 7	-5.230089
# 8	-1.788526
# 9	0.832267
#Iteration 110:  0.009261
#Iteration 120:  0.008306
#Iteration 130:  0.007454
#Iteration 140:  0.006695
#Iteration 150:  0.006020
#Iteration 160:  0.005419
#Iteration 170:  0.004884
#Iteration 180:  0.004407
#Iteration 190:  0.003980
#Iteration 200:  0.003597
0.040900	inf	0.000000
0.042700	inf	0.000000
0.044500	inf	0.000000
0.046300	inf	0.000000
0.048100	inf	0.000000
0.049900	inf	0.000000
0.051700	inf	0.000000
0.053500	inf	0.000000
0.055300	inf	0.000000
0.057100	inf	0.000000
0.058900	inf	0.000000
0.060700	inf	0.000000
0.062500	inf	0.000000
0.064300	inf	0.000000
0.066100	inf	0.000000
0.067900	inf	0.000000
0.069700	inf	0.000000
0.071500	inf	0.000000
0.073300	inf	0.000000
0.075100	inf	0.000000
0.076900	inf	0.000000
0.078700	11.659660	0.001088
0.080500	10.380801	0.009339
0.082300	9.472770	0.042977
0.084100	8.557204	0.200287
0.085900	7.748324	0.780157
0.087700	7.066277	2.455362
0.089500	6.289903	9.055513
0.091300	5.677329	25.358703
0.093100	5.152097	61.316423
0.094900	4.656160	141.136385
0.096700	4.221182	293.222987
0.098500	3.802180	593.052940
0.100300	3.437220	1095.305764
0.102100	3.117952	1873.352475
0.103900	2.822490	3078.391410
0.105700	2.586103	4580.362278
0.107500	2.378779	6490.200800
0.109300	2.194148	8852.158221
0.111100	2.061006	11072.634184
0.112900	1.892110	14708.044664
0.114700	1.775233	17901.183817
0.116500	1.625552	23022.738450
0.118300	1.455379	30647.370833
0.120100	1.261674	42443.309667
0.121900	1.119217	53927.613205
0.123700	0.982487	67862.749897
0.125500	0.817857	89499.544390
0.127300	0.730815	103601.628650
0.129100	0.592711	130674.428681
0.130900	0.485237	156549.781093
0.132700	0.398614	181089.175557
0.134500	0.330783	202961.177062
0.136300	0.256107	230107.603273
0.138100	0.173512	264380.905523
0.139900	0.113108	292636.357170
0.141700	0.070462	314385.361111
0.143500	0.043729	328835.753290
0.145300	0.036991	332581.496297
0.147100	0.000000	353918.831362
0.148900	0.005650	350573.020191
0.150700	0.006438	350109.505565
0.152500	0.011598	347085.475928
0.154300	0.018530	343064.707732
0.156100	0.054188	323104.966730
0.157900	0.101437	298434.350992
0.159700	0.143321	278144.736642
0.161500	0.208910	249107.732840
0.163300	0.302959	212679.756034
0.165100	0.350472	196353.756215
0.166900	0.398222	181208.601238
0.168700	0.504817	151481.057583
0.170500	0.505580	151286.871267
0.172300	0.536686	143579.417116
0.174100	0.575607	134486.050364
0.175900	0.555093	139204.664269
0.177700	0.551376	140077.107289
0.179500	0.512435	149553.491036
0.181300	0.495775	153801.135793
0.183100	0.505550	151294.616861
0.184900	0.521944	147181.873207
0.186700	0.513491	149288.238120
0.188500	0.509492	150295.277573
0.190300	0.536411	143645.828054
0.192100	0.565636	136759.385401
0.193900	0.635102	121686.491708
0.195700	0.692827	110433.345196
0.197500	0.770400	96931.989671
0.199300	0.813257	90194.292607
0.201100	0.888061	79536.811220
0.202900	0.920479	75318.405704
0.204700	1.006223	65208.371930
0.206500	1.046367	60953.111539
0.208300	1.111510	54630.763763
0.210100	1.203123	46833.319748
0.211900	1.328423	37938.388526
0.213700	1.448861	30985.046126
0.215500	1.514107	27766.324742
0.217300	1.664769	21553.928714
0.219100	1.803344	17074.939520
0.220900	1.924646	13925.204787
0.222700	2.046876	11338.793195
0.224500	2.160214	9371.804269
0.226300	2.170700	9208.058763
0.228100	2.261096	7909.944409
0.229900	2.319600	7169.067328
0.231700	2.398546	6278.085518
0.233500	2.494212	5345.461641
0.235300	2.579140	4634.291560
0.237100	2.700203	3780.946870
0.238900	2.820033	3091.131772
0.240700	2.954514	2465.690145
0.242500	3.047711	2108.140310
0.244300	3.194501	1647.155755
0.246100	3.244481	1514.417817
0.247900	3.436498	1096.636673
0.249700	3.498068	988.809803
0.251500	3.609496	819.905728
0.253300	3.440533	1089.223321
0.255100	3.428328	1111.801338
0.256900	3.340803	1288.028266
0.258700	3.319033	1336.036963
0.260500	3.224128	1567.129069
0.262300	3.171511	1712.057288
0.264100	3.136157	1816.890008
0.265900	3.095615	1945.032879
0.267700	3.079363	1998.903547
0.269500	2.999330	2286.757842
0.271300	2.994942	2303.687733
0.273100	2.973188	2389.493262
0.274900	2.972683	2391.522649
0.276700	2.953377	2470.407137
0.278500	3.008385	2252.215867
0.280300	3.052961	2089.616855
0.282100	3.132313	1828.668383
0.283900	3.218735	1581.401470
0.285700	3.334843	1300.998216
0.287500	3.465924	1043.709982
0.289300	3.609206	820.306577
0.291100	3.784460	610.984533
0.292900	3.998401	426.423667
0.294700	4.237061	285.499502
0.296500	4.447624	200.392874
0.298300	4.707982	129.361855
0.300100	4.946104	86.688959
0.301900	5.199169	56.651477
0.303700	5.428563	38.524803
0.305500	5.716907	23.726442
0.307300	5.857151	18.743324
0.309100	6.029732	14.023393
0.310900	6.153740	11.384647
0.312700	6.213517	10.296243
0.314500	6.327384	8.502557
0.316300	6.433271	7.116168
0.318100	6.517719	6.174390
0.319900	6.636481	5.056980
0.321700	6.786490	3.929849
0.323500	6.896770	3.264866
0.325300	7.034479	2.590177
0.327100	7.193891	1.981298
0.328900	7.337056	1.557511
0.330700	7.489275	1.205875
0.332500	7.676205	0.880709
0.334300	7.867647	0.638366
0.336100	8.039562	0.478147
0.337900	8.218729	0.353801
0.339700	8.437711	0.244844
0.341500	8.656704	0.169439
0.343300	8.882583	0.115906
0.345100	9.120341	0.077720
0.346900	9.322827	0.055297
0.348700	9.595783	0.034949
0.350500	9.853939	0.022644
0.352300	10.045223	0.016418
0.354100	10.175096	0.013198
0.355900	10.341467	0.009978
0.357700	10.503832	0.007595
0.359500	10.661325	0.005828
0.361300	10.674268	0.005703
0.363100	10.783094	0.004749
0.364900	10.852548	0.004226
0.366700	10.809613	0.004542
0.368500	10.859633	0.004176
0.370300	10.841053	0.004308
0.372100	10.914682	0.003807
0.373900	10.977718	0.003424
0.375700	11.022692	0.003175
0.377500	11.090409	0.002833
0.379300	11.139044	0.002611
0.381100	11.226928	0.002252
0.382900	11.279495	0.002062
0.384700	11.321722	0.001920
0.386500	11.380386	0.001740
0.388300	11.427922	0.001606
0.390100	11.502953	0.001416
0.391900	11.569873	0.001265
0.393700	11.585841	0.001232
0.395500	11.638936	0.001127
0.397300	11.659618	0.001088
0.399100	11.718475	0.000986

# Dumping simulation biases, in the metadata file order 
# Window  F (free energy units)
# 0	0.000000
# 1	-5.640905
# 2	-8.529592
# 3	-9.140842
# 4	-8.547280
# 5	-6.965409
# 6	-6.103588
# 7	-4.051102
# 8	-0.433327
# 9	2.412234
#Iteration 210:  0.003254
#Iteration 220:  0.002945
#Iteration 230:  0.002668
#Iteration 240:  0.002417
#Iteration 250:  0.002191
#Iteration 260:  0.001987
#Iteration 270:  0.001802
#Iteration 280:  0.001635
#Iteration 290:  0.001484
#Iteration 300:  0.001347
0.040900	inf	0.000000
0.042700	inf	0.000000
0.044500	inf	0.000000
0.046300	inf	0.000000
0.048100	inf	0.000000
0.049900	inf	0.000000
0.051700	inf	0.000000
0.053500	inf	0.000000
0.055300	inf	0.000000
0.057100	inf	0.000000
0.058900	inf	0.000000
0.060700	inf	0.000000
0.062500	inf	0.000000
0.064300	inf	0.000000
0.066100	inf	0.000000
0.067900	inf	0.000000
0.069700	inf	0.000000
0.071500	inf	0.000000
0.073300	inf	0.000000
0.075100	inf	0.000000
0.076900	inf	0.000000
0.078700	11.620015	0.001088
0.080500	10.341165	0.009339
0.082300	9.433146	0.042974
0.084100	8.517597	0.200268
0.085900	7.708742	0.780049
0.087700	7.026730	2.454876
0.089500	6.250406	9.052956
0.091300	5.637904	25.348520
0.093100	5.112771	61.281565
0.094900	4.616972	141.023498
0.096700	4.182182	292.895802
0.098500	3.763432	592.140184
0.100300	3.398801	1093.014419
0.102100	3.079951	1868.122028
0.103900	2.784999	3067.165434
0.105700	2.549211	4559.063259
0.107500	2.342566	6452.654124
0.109300	2.158683	8789.897976
0.111100	2.026352	10979.752557
0.112900	1.858344	14562.916181
0.114700	1.742456	17695.104151
0.116500	1.593901	22714.698322
0.118300	1.425021	30171.646446
0.120100	1.232792	41680.944535
0.121900	1.091976	52813.004860
0.123700	0.957003	66264.177480
0.125500	0.794169	87127.883097
0.127300	0.708886	100558.472849
0.129100	0.572453	126480.138192
0.130900	0.466555	151124.355823
0.132700	0.381444	174369.408487
0.134500	0.315132	194931.514067
0.136300	0.242067	220405.903276
0.138100	0.161265	252472.365079
0.139900	0.102900	278499.000493
0.141700	0.062562	298038.448214
0.143500	0.038371	310408.042650
0.145300	0.034312	312533.197572
0.147100	0.000000	331090.127730
0.148900	0.008190	326563.148723
0.150700	0.011276	324873.215733
0.152500	0.018457	320975.528933
0.154300	0.027151	316318.353976
0.156100	0.064389	297124.807607
0.157900	0.113141	273745.249003
0.159700	0.156583	254467.033750
0.161500	0.223930	227229.208143
0.163300	0.320097	193311.307508
0.165100	0.370247	177682.453336
0.166900	0.421302	163068.991055
0.168700	0.531969	135387.359327
0.170500	0.537582	134115.913961
0.172300	0.574199	126109.622932
0.174100	0.619036	116953.738686
0.175900	0.604491	119848.573171
0.177700	0.606430	119458.676993
0.179500	0.572539	126462.019127
0.181300	0.560164	129120.251773
0.183100	0.573434	126271.767066
0.184900	0.592611	122266.120705
0.186700	0.586360	123557.614416
0.188500	0.584141	124019.424759
0.190300	0.612578	118230.464574
0.192100	0.643213	112295.792772
0.193900	0.714136	99674.857719
0.195700	0.773515	90206.117484
0.197500	0.853095	78911.029622
0.199300	0.898466	73116.384311
0.201100	0.976425	64135.695274
0.202900	1.012730	60338.553338
0.204700	1.103093	51835.184238
0.206500	1.148467	48028.500822
0.208300	1.219200	42644.183863
0.210100	1.316423	36214.421614
0.211900	1.447009	29076.792519
0.213700	1.572140	23561.010533
0.215500	1.641342	20973.579273
0.217300	1.795202	16193.677173
0.219100	1.936290	12774.481888
0.220900	2.059542	10383.946243
0.222700	2.183295	8433.639629
0.224500	2.297869	6956.159373
0.226300	2.309431	6822.269648
0.228100	2.400868	5850.250746
0.229900	2.460503	5292.212468
0.231700	2.540813	4623.878826
0.233500	2.638241	3925.350119
0.235300	2.725536	3389.597541
0.237100	2.849836	2750.440435
0.238900	2.974103	2231.928991
0.240700	3.114617	1762.368847
0.242500	3.215887	1486.497199
0.244300	3.373220	1141.043264
0.246100	3.436525	1025.854203
0.247900	3.644690	722.958171
0.249700	3.724865	631.801049
0.251500	3.856518	506.367851
0.253300	3.708200	649.750806
0.255100	3.715764	641.542105
0.256900	3.646046	721.311519
0.258700	3.639467	729.333402
0.260500	3.556946	837.860122
0.262300	3.514084	900.457402
0.264100	3.486250	943.590475
0.265900	3.451466	1000.408754
0.267700	3.439681	1020.426305
0.269500	3.363241	1160.343808
0.271300	3.361929	1162.905688
0.273100	3.343023	1200.459253
0.274900	3.345358	1195.755411
0.276700	3.329029	1229.033914
0.278500	3.387201	1114.537623
0.280300	3.435092	1028.327430
0.282100	3.517792	894.860989
0.283900	3.607441	769.673627
0.285700	3.726518	630.048610
0.287500	3.860227	503.220780
0.289300	4.005788	393.994875
0.291100	4.183033	292.477084
0.292900	4.398780	203.509156
0.294700	4.639201	135.851007
0.296500	4.851633	95.055129
0.298300	5.114131	61.141600
0.300100	5.354827	40.795751
0.301900	5.611043	26.519329
0.303700	5.844255	17.918605
0.305500	6.137089	10.952633
0.307300	6.282377	8.579262
0.309100	6.460315	6.361292
0.310900	6.589670	5.118093
0.312700	6.654457	4.589970
0.314500	6.772746	3.762291
0.316300	6.882334	3.129300
0.318100	6.969745	2.701667
0.319900	7.090797	2.204230
0.321700	7.242532	1.707976
0.323500	7.354090	1.415917
0.325300	7.492741	1.121540
0.327100	7.652849	0.856892
0.328900	7.796544	0.673009
0.330700	7.949188	0.520693
0.332500	8.136490	0.380050
0.334300	8.328296	0.275303
0.336100	8.500617	0.206067
0.337900	8.680280	0.152350
0.339700	8.899910	0.105317
0.341500	9.119776	0.072776
0.343300	9.346847	0.049683
0.345100	9.586233	0.033224
0.346900	9.790913	0.023551
0.348700	10.066772	0.014812
0.350500	10.328658	0.009537
0.352300	10.524561	0.006861
0.354100	10.659892	0.005465
0.355900	10.832364	0.004090
0.357700	11.001143	0.003079
0.359500	11.164954	0.002338
0.361300	11.183738	0.002266
0.363100	11.297651	0.001871
0.364900	11.371313	0.001653
0.366700	11.331713	0.001767
0.368500	11.384286	0.001617
0.370300	11.367610	0.001663
0.372100	11.442631	0.001466
0.373900	11.506670	0.001316
0.375700	11.552360	0.001219
0.377500	11.620584	0.001087
0.379300	11.669575	0.001001
0.381100	11.757709	0.000863
0.382900	11.810452	0.000790
0.384700	11.852800	0.000736
0.386500	11.911550	0.000667
0.388300	11.959146	0.000615
0.390100	12.034218	0.000542
0.391900	12.101166	0.000485
0.393700	12.117155	0.000472
0.395500	12.170263	0.000431
0.397300	12.190955	0.000417
0.399100	12.249819	0.000377

# Dumping simulation biases, in the metadata file order 
# Window  F (free energy units)
# 0	0.000000
# 1	-5.635098
# 2	-8.506607
# 3	-9.090087
# 4	-8.431659
# 5	-6.788425
# 6	-5.700706
# 7	-3.614368
# 8	0.061804
# 9	2.977657
#Iteration 310:  0.001223
#Iteration 320:  0.001110
#Iteration 330:  0.001008
#Iteration 340:  0.000915
#Iteration 350:  0.000831
#Iteration 360:  0.000755
#Iteration 370:  0.000686
#Iteration 380:  0.000623
#Iteration 390:  0.000566
#Iteration 400:  0.000514
0.040900	inf	0.000000
0.042700	inf	0.000000
0.044500	inf	0.000000
0.046300	inf	0.000000
0.048100	inf	0.000000
0.049900	inf	0.000000
0.051700	inf	0.000000
0.053500	inf	0.000000
0.055300	inf	0.000000
0.057100	inf	0.000000
0.058900	inf	0.000000
0.060700	inf	0.000000
0.062500	inf	0.000000
0.064300	inf	0.000000
0.066100	inf	0.000000
0.067900	inf	0.000000
0.069700	inf	0.000000
0.071500	inf	0.000000
0.073300	inf	0.000000
0.075100	inf	0.000000
0.076900	inf	0.000000
0.078700	11.605253	0.001088
0.080500	10.326406	0.009339
0.082300	9.418392	0.042973
0.084100	8.502849	0.200260
0.085900	7.694003	0.780008
0.087700	7.012004	2.454695
0.089500	6.235699	9.052005
0.091300	5.623223	25.344734
0.093100	5.098127	61.268605
0.094900	4.602380	140.981537
0.096700	4.167660	292.774224
0.098500	3.749003	591.801164
0.100300	3.384495	1092.163830
0.102100	3.065800	1866.181703
0.103900	2.771037	3063.004207
0.105700	2.535472	4551.174773
0.107500	2.329079	6438.759553
0.109300	2.145474	8766.875292
0.111100	2.013446	10945.428713
0.112900	1.845768	14509.313903
0.114700	1.730250	17619.030047
0.116500	1.582115	22601.060690
0.118300	1.413719	29996.319295
0.120100	1.222040	41400.375919
0.121900	1.081836	52403.591135
0.123700	0.947516	65678.375559
0.125500	0.785348	86261.035493
0.127300	0.700716	99449.099344
0.129100	0.564902	124954.841690
0.130900	0.459586	149155.550684
0.132700	0.375037	171935.313958
0.134500	0.309291	192027.447786
0.136300	0.236831	216902.153303
0.138100	0.156700	248178.134692
0.139900	0.099100	273410.276458
0.141700	0.059627	292167.823218
0.143500	0.036385	303808.899194
0.145300	0.033322	305377.502654
0.147100	0.000000	322971.226421
0.148900	0.009126	318054.572777
0.150700	0.013058	315959.253850
0.152500	0.020981	311778.719419
0.154300	0.030328	306918.436914
0.156100	0.068155	288009.571126
0.157900	0.117477	265093.443422
0.159700	0.161518	246176.593712
0.161500	0.229549	219573.430917
0.163300	0.326545	186537.904154
0.165100	0.377731	171158.498995
0.166900	0.430080	156740.386515
0.168700	0.542331	129787.049202
0.170500	0.549813	128164.826259
0.172300	0.588529	120089.093895
0.174100	0.635593	110954.322425
0.175900	0.623265	113277.824436
0.177700	0.627276	112516.552547
0.179500	0.595215	118747.077799
0.181300	0.584378	120930.060627
0.183100	0.598895	118014.777201
0.184900	0.619060	114081.333974
0.186700	0.613593	115134.600421
0.188500	0.612012	115441.038002
0.190300	0.641000	109950.450430
0.192100	0.672159	104339.590827
0.193900	0.743633	92527.108343
0.195700	0.803647	83647.938933
0.197500	0.884006	73078.364157
0.199300	0.930353	67600.894029
0.201100	1.009537	59175.747195
0.202900	1.047342	55532.124302
0.204700	1.139471	47564.652038
0.206500	1.186824	43925.220289
0.208300	1.259647	38864.127941
0.210100	1.358942	32889.549451
0.211900	1.491457	26321.722537
0.213700	1.618283	21267.870442
0.215500	1.688903	18887.195653
0.217300	1.843905	14554.821340
0.219100	1.985891	11464.344085
0.220900	2.109845	9307.983131
0.222700	2.234159	7552.646342
0.224500	2.349204	6224.575296
0.226300	2.361199	6100.326333
0.228100	2.453081	5227.250981
0.229900	2.513230	4724.564023
0.231700	2.594182	4123.457464
0.233500	2.692460	3495.529847
0.235300	2.780909	3012.594724
0.237100	2.906786	2438.050053
0.238900	3.033204	1971.289314
0.240700	3.176612	1549.011334
0.242500	3.281690	1298.200203
0.244300	3.443886	988.391913
0.246100	3.513162	879.737972
0.247900	3.728312	612.747518
0.249700	3.816209	528.581801
0.251500	3.955879	417.969503
0.253300	3.815366	529.330891
0.255100	3.830065	516.411822
0.256900	3.766510	574.639392
0.258700	3.764999	576.100140
0.260500	3.686492	657.374800
0.262300	3.646725	702.821670
0.264100	3.621246	733.577967
0.265900	3.588259	775.404332
0.267700	3.577879	789.054015
0.269500	3.502594	895.506834
0.271300	3.502304	895.943726
0.273100	3.484381	923.348426
0.274900	3.487732	918.161128
0.276700	3.472494	941.984388
0.278500	3.531844	852.540125
0.280300	3.580976	784.956066
0.282100	3.664931	681.637101
0.283900	3.755789	585.089466
0.285700	3.875974	478.057706
0.287500	4.010663	381.196763
0.289300	4.157075	298.029930
0.291100	4.335066	220.961439
0.292900	4.551496	153.571304
0.294700	4.792589	102.399549
0.296500	5.005742	71.562291
0.298300	5.269072	45.966160
0.300100	5.510771	30.618527
0.301900	5.768212	19.862678
0.303700	6.002900	13.387565
0.305500	6.297456	8.159409
0.307300	6.444659	6.370771
0.309100	6.624607	4.707818
0.310900	6.755946	3.775158
0.312700	6.822569	3.375175
0.314500	6.942461	2.759106
0.316300	7.053378	2.289773
0.318100	7.141846	1.973357
0.319900	7.263711	1.607821
0.321700	7.416055	1.244565
0.323500	7.528064	1.030967
0.325300	7.667046	0.816168
0.327100	7.827401	0.623320
0.328900	7.971285	0.489404
0.330700	8.124082	0.378544
0.332500	8.311521	0.276233
0.334300	8.503465	0.200053
0.336100	8.675942	0.149702
0.337900	8.855799	0.110642
0.339700	9.075684	0.076453
0.341500	9.295895	0.052799
0.343300	9.523438	0.036017
0.345100	9.763466	0.024059
0.346900	9.969009	0.017030
0.348700	10.246003	0.010690
0.350500	10.509337	0.006867
0.352300	10.707014	0.004925
0.354100	10.844418	0.003909
0.355900	11.019178	0.002914
0.357700	11.190326	0.002186
0.359500	11.356438	0.001653
0.361300	11.377318	0.001596
0.363100	11.493035	0.001314
0.364900	11.568175	0.001158
0.366700	11.529734	0.001235
0.368500	11.583189	0.001129
0.370300	11.567168	0.001160
0.372100	11.642666	0.001022
0.373900	11.707048	0.000917
0.375700	11.752982	0.000849
0.377500	11.821378	0.000757
0.379300	11.870491	0.000697
0.381100	11.958710	0.000601
0.382900	12.011512	0.000550
0.384700	12.053902	0.000512
0.386500	12.112680	0.000464
0.388300	12.160297	0.000428
0.390100	12.235383	0.000377
0.391900	12.302341	0.000337
0.393700	12.318337	0.000328
0.395500	12.371450	0.000300
0.397300	12.392145	0.000290
0.399100	12.451011	0.000263

# Dumping simulation biases, in the metadata file order 
# Window  F (free energy units)
# 0	0.000000
# 1	-5.632950
# 2	-8.498096
# 3	-9.071291
# 4	-8.388629
# 5	-6.722586
# 6	-5.547383
# 7	-3.448207
# 8	0.249780
# 9	3.191550
#Iteration 410:  0.000467
#Iteration 420:  0.000424
#Iteration 430:  0.000385
#Iteration 440:  0.000350
#Iteration 450:  0.000318
#Iteration 460:  0.000289
#Iteration 470:  0.000262
#Iteration 480:  0.000238
#Iteration 490:  0.000216
#Iteration 500:  0.000197
0.040900	inf	0.000000
0.042700	inf	0.000000
0.044500	inf	0.000000
0.046300	inf	0.000000
0.048100	inf	0.000000
0.049900	inf	0.000000
0.051700	inf	0.000000
0.053500	inf	0.000000
0.055300	inf	0.000000
0.057100	inf	0.000000
0.058900	inf	0.000000
0.060700	inf	0.000000
0.062500	inf	0.000000
0.064300	inf	0.000000
0.066100	inf	0.000000
0.067900	inf	0.000000
0.069700	inf	0.000000
0.071500	inf	0.000000
0.073300	inf	0.000000
0.075100	inf	0.000000
0.076900	inf	0.000000
0.078700	11.599623	0.001088
0.080500	10.320777	0.009339
0.082300	9.412764	0.042973
0.084100	8.497225	0.200258
0.085900	7.688382	0.779993
0.087700	7.006388	2.454626
0.089500	6.230090	9.051643
0.091300	5.617624	25.343290
0.093100	5.092542	61.263664
0.094900	4.596814	140.965538
0.096700	4.162121	292.727877
0.098500	3.743500	591.671944
0.100300	3.379039	1091.839689
0.102100	3.060402	1865.442475
0.103900	2.765712	3061.419317
0.105700	2.530232	4548.171221
0.107500	2.323935	6433.470823
0.109300	2.140435	8758.114605
0.111100	2.008523	10932.370858
0.112900	1.840972	14488.926219
0.114700	1.725594	17590.101199
0.116500	1.577620	22557.858783
0.118300	1.409408	29929.690043
0.120100	1.217940	41293.810574
0.121900	1.077970	52248.202411
0.123700	0.943899	65456.238888
0.125500	0.781984	85932.647933
0.127300	0.697600	99029.248547
0.129100	0.562021	124378.108242
0.130900	0.456927	148411.716354
0.132700	0.372592	171016.314628
0.134500	0.307063	190931.655322
0.136300	0.234833	215580.812045
0.138100	0.154960	246559.638997
0.139900	0.097652	271493.686295
0.141700	0.058509	289958.696253
0.143500	0.035629	301328.332595
0.145300	0.032945	302691.126851
0.147100	0.000000	319927.366486
0.148900	0.009481	314868.874535
0.150700	0.013734	312625.835792
0.152500	0.021940	308343.085928
0.154300	0.031534	303409.827953
0.156100	0.069587	284609.342615
0.157900	0.119127	261867.537262
0.159700	0.163399	243086.412249
0.161500	0.231696	216720.522222
0.163300	0.329014	184014.465025
0.165100	0.380603	168728.925439
0.166900	0.433454	154385.104436
0.168700	0.546318	127705.072600
0.170500	0.554521	125956.081805
0.172300	0.594044	117859.588539
0.174100	0.641959	108738.744060
0.175900	0.630473	110858.637482
0.177700	0.635269	109968.475549
0.179500	0.603898	115923.416141
0.181300	0.593639	117939.882705
0.183100	0.608623	115006.361978
0.184900	0.629158	111104.049007
0.186700	0.623985	112074.498876
0.188500	0.622643	112327.504201
0.190300	0.651840	106947.501317
0.192100	0.683198	101455.907310
0.193900	0.754884	89937.938221
0.195700	0.815143	81273.737249
0.197500	0.895802	70968.251581
0.199300	0.942528	65607.228778
0.201100	1.022185	57384.886290
0.202900	1.060568	53799.219040
0.204700	1.153376	46027.809551
0.206500	1.201487	42451.876124
0.208300	1.275106	37510.290105
0.210100	1.375187	31701.921536
0.211900	1.508431	25340.194993
0.213700	1.635895	20452.851554
0.215500	1.707047	18147.165537
0.217300	1.862478	13974.481567
0.219100	2.004800	11000.996869
0.220900	2.129019	8927.814164
0.222700	2.253546	7241.575697
0.224500	2.368773	5966.377530
0.226300	2.380939	5845.602711
0.228100	2.473001	5007.467873
0.229900	2.533361	4524.310972
0.231700	2.614581	3946.904689
0.233500	2.713216	3343.859084
0.235300	2.802149	2879.531803
0.237100	2.928689	2327.770520
0.238900	3.056007	1879.277582
0.240700	3.200618	1473.724422
0.242500	3.307268	1231.842992
0.244300	3.471452	934.741584
0.246100	3.543139	828.621678
0.247900	3.761065	574.456941
0.249700	3.851978	493.044035
0.251500	3.994725	387.857688
0.253300	3.857152	488.774506
0.255100	3.874494	474.731852
0.256900	3.813186	526.267602
0.258700	3.813502	525.988175
0.260500	3.736426	598.749795
0.262300	3.697757	638.964058
0.264100	3.673110	665.993644
0.265900	3.640759	703.215111
0.267700	3.630877	714.993633
0.269500	3.556007	810.889298
0.271300	3.556090	810.776940
0.273100	3.538531	835.064859
0.274900	3.542264	829.841155
0.276700	3.527439	850.781101
0.278500	3.587238	769.416537
0.280300	3.636844	707.858154
0.282100	3.721278	614.192346
0.283900	3.812596	526.789479
0.285700	3.933204	430.117114
0.287500	4.068266	342.754419
0.289300	4.215003	267.828635
0.291100	4.393278	198.474962
0.292900	4.609970	137.882266
0.294700	4.851322	91.898329
0.296500	5.064753	64.193430
0.298300	5.328405	41.210660
0.300100	5.570492	27.432927
0.301900	5.828406	17.781962
0.303700	6.063665	11.973669
0.305500	6.358884	7.289546
0.307300	6.506821	5.684572
0.309100	6.687537	4.195320
0.310900	6.819629	3.359933
0.312700	6.886946	3.000438
0.314500	7.007442	2.450280
0.316300	7.118859	2.031772
0.318100	7.207723	1.749844
0.319900	7.329891	1.424983
0.321700	7.482463	1.102613
0.323500	7.594640	0.913120
0.325300	7.733746	0.722723
0.327100	7.894194	0.551869
0.328900	8.038148	0.433253
0.330700	8.191003	0.335080
0.332500	8.378494	0.244495
0.334300	8.570491	0.177052
0.336100	8.743028	0.132476
0.337900	8.922961	0.097899
0.339700	9.142945	0.067636
0.341500	9.363291	0.046699
0.343300	9.591017	0.031846
0.345100	9.831295	0.021264
0.346900	10.037174	0.015043
0.348700	10.314607	0.009436
0.350500	10.578502	0.006055
0.352300	10.776864	0.004338
0.354100	10.915063	0.003439
0.355900	11.090696	0.002560
0.357700	11.262744	0.001917
0.359500	11.429725	0.001448
0.361300	11.451393	0.001396
0.363100	11.567785	0.001148
0.364900	11.643475	0.001011
0.366700	11.605465	0.001077
0.368500	11.659248	0.000984
0.370300	11.643469	0.001011
0.372100	11.719143	0.000890
0.373900	11.783651	0.000799
0.375700	11.829675	0.000739
0.377500	11.898135	0.000659
0.379300	11.947292	0.000607
0.381100	12.035543	0.000523
0.382900	12.088367	0.000478
0.384700	12.130772	0.000446
0.386500	12.189561	0.000404
0.388300	12.237185	0.000373
0.390100	12.312276	0.000328
0.391900	12.379238	0.000293
0.393700	12.395236	0.000286
0.395500	12.448351	0.000261
0.397300	12.469047	0.000252
0.399100	12.527914	0.000229

# Dumping simulation biases, in the metadata file order 
# Window  F (free energy units)
# 0	0.000000
# 1	-5.632133
# 2	-8.494857
# 3	-9.064138
# 4	-8.372230
# 5	-6.697509
# 6	-5.488713
# 7	-3.384617
# 8	0.321687
# 9	3.273300
#Iteration 510:  0.000179
#Iteration 520:  0.000162
#Iteration 530:  0.000147
#Iteration 540:  0.000134
#Iteration 550:  0.000122
#Iteration 560:  0.000111
#Iteration 570:  0.000100
#Iteration 580:  0.000091
#Iteration 590:  0.000083
#Iteration 600:  0.000075
0.040900	inf	0.000000
0.042700	inf	0.000000
0.044500	inf	0.000000
0.046300	inf	0.000000
0.048100	inf	0.000000
0.049900	inf	0.000000
0.051700	inf	0.000000
0.053500	inf	0.000000
0.055300	inf	0.000000
0.057100	inf	0.000000
0.058900	inf	0.000000
0.060700	inf	0.000000
0.062500	inf	0.000000
0.064300	inf	0.000000
0.066100	inf	0.000000
0.067900	inf	0.000000
0.069700	inf	0.000000
0.071500	inf	0.000000
0.073300	inf	0.000000
0.075100	inf	0.000000
0.076900	inf	0.000000
0.078700	11.597467	0.001088
0.080500	10.318621	0.009339
0.082300	9.410609	0.042973
0.084100	8.495071	0.200257
0.085900	7.686229	0.779987
0.087700	7.004237	2.454600
0.089500	6.227942	9.051504
0.091300	5.615480	25.342737
0.093100	5.090403	61.261771
0.094900	4.594683	140.959412
0.096700	4.160000	292.710130
0.098500	3.741393	591.622469
0.100300	3.376949	1091.715594
0.102100	3.058335	1865.159495
0.103900	2.763673	3060.812682
0.105700	2.528225	4547.021714
0.107500	2.321965	6431.446984
0.109300	2.138506	8754.762519
0.111100	2.006637	10927.375026
0.112900	1.839135	14481.126690
0.114700	1.723812	17579.035056
0.116500	1.575899	22541.334464
0.118300	1.407758	29904.208754
0.120100	1.216370	41253.065042
0.121900	1.076489	52188.805991
0.123700	0.942514	65371.357562
0.125500	0.780696	85807.213847
0.127300	0.696406	98868.938545
0.129100	0.560917	124157.973146
0.130900	0.455909	148127.886860
0.132700	0.371656	170665.737831
0.134500	0.306209	190513.730853
0.136300	0.234067	215076.973123
0.138100	0.154293	245942.633504
0.139900	0.097098	270763.240491
0.141700	0.058082	289117.047845
0.143500	0.035340	300383.666322
0.145300	0.032801	301668.579346
0.147100	0.000000	318769.345814
0.148900	0.009617	313657.509934
0.150700	0.013992	311358.888557
0.152500	0.022306	307037.803198
0.154300	0.031995	302077.238590
0.156100	0.070134	283318.223207
0.157900	0.119759	260642.821230
0.159700	0.164120	241913.369033
0.161500	0.232519	215637.655225
0.163300	0.329961	183056.754615
0.165100	0.381705	167806.984012
0.166900	0.434749	153491.590208
0.168700	0.547849	126915.582625
0.170500	0.556330	125119.063962
0.172300	0.596163	117015.443027
0.174100	0.644404	107900.764556
0.175900	0.633241	109944.718870
0.177700	0.638336	109006.992820
0.179500	0.607228	114859.099420
0.181300	0.597189	116813.857441
0.183100	0.612350	113874.340609
0.184900	0.633026	109984.423346
0.186700	0.627964	110924.271921
0.188500	0.626714	111157.619253
0.190300	0.655991	105819.492201
0.192100	0.687425	100372.958792
0.193900	0.759191	88965.806941
0.195700	0.819545	80382.521709
0.197500	0.900320	70176.378102
0.199300	0.947192	64859.303883
0.201100	1.027031	56713.335034
0.202900	1.065636	53149.768359
0.204700	1.158705	45452.251799
0.206500	1.207106	41900.575927
0.208300	1.281030	37004.200948
0.210100	1.381411	31258.417877
0.211900	1.514933	24974.020291
0.213700	1.642640	20149.068663
0.215500	1.713994	17871.544039
0.217300	1.869588	13758.469393
0.219100	2.012038	10828.613323
0.220900	2.136358	8786.426137
0.222700	2.260967	7125.915003
0.224500	2.376264	5870.392068
0.226300	2.388496	5750.918665
0.228100	2.480629	4925.775846
0.229900	2.541072	4449.878631
0.231700	2.622398	3881.279511
0.233500	2.721174	3287.479302
0.235300	2.810299	2830.065600
0.237100	2.937102	2286.772270
0.238900	3.064777	1845.072405
0.240700	3.209864	1445.743894
0.242500	3.317134	1207.196873
0.244300	3.482098	914.839282
0.246100	3.554725	809.697202
0.247900	3.773729	560.321416
0.249700	3.865805	479.972680
0.251500	4.009729	376.828462
0.253300	3.873274	473.984326
0.255100	3.891613	459.594969
0.256900	3.831149	508.765026
0.258700	3.832148	507.911614
0.260500	3.755607	577.654199
0.262300	3.717345	616.029070
0.264100	3.693007	641.755004
0.265900	3.660892	677.352963
0.267700	3.651196	688.483045
0.269500	3.576482	780.619461
0.271300	3.576704	780.327331
0.273100	3.559284	803.516636
0.274900	3.563162	798.295358
0.276700	3.548495	818.221976
0.278500	3.608465	739.757756
0.280300	3.658253	680.364808
0.282100	3.742870	590.155006
0.283900	3.834365	506.022736
0.285700	3.955134	413.049067
0.287500	4.090339	329.074109
0.289300	4.237200	257.085200
0.291100	4.415584	190.478599
0.292900	4.632376	132.304825
0.294700	4.873827	88.166254
0.296500	5.087366	61.575394
0.298300	5.351141	39.521710
0.300100	5.593378	26.302022
0.301900	5.851475	17.043684
0.303700	6.086953	11.472313
0.305500	6.382427	6.981333
0.307300	6.530645	5.441643
0.309100	6.711655	4.014050
0.310900	6.844034	3.213202
0.312700	6.911617	2.868128
0.314500	7.032344	2.341324
0.316300	7.143950	1.940806
0.318100	7.232965	1.671077
0.319900	7.355248	1.360575
0.321700	7.507907	1.052624
0.323500	7.620147	0.871628
0.325300	7.759301	0.689828
0.327100	7.919783	0.526720
0.328900	8.063764	0.413490
0.330700	8.216641	0.319783
0.332500	8.404152	0.233326
0.334300	8.596169	0.168958
0.336100	8.768730	0.126415
0.337900	8.948691	0.093415
0.339700	9.168714	0.064534
0.341500	9.389112	0.044554
0.343300	9.616909	0.030379
0.345100	9.857283	0.020281
0.346900	10.063292	0.014345
0.348700	10.340895	0.008996
0.350500	10.605005	0.005770
0.352300	10.803630	0.004132
0.354100	10.942135	0.003274
0.355900	11.118102	0.002436
0.357700	11.290494	0.001823
0.359500	11.457806	0.001376
0.361300	11.479775	0.001326
0.363100	11.596423	0.001090
0.364900	11.672321	0.000959
0.366700	11.634475	0.001022
0.368500	11.688382	0.000934
0.370300	11.672694	0.000959
0.372100	11.748435	0.000844
0.373900	11.812991	0.000757
0.375700	11.859049	0.000701
0.377500	11.927533	0.000625
0.379300	11.976708	0.000575
0.381100	12.064970	0.000496
0.382900	12.117802	0.000454
0.384700	12.160214	0.000422
0.386500	12.219006	0.000383
0.388300	12.266633	0.000353
0.390100	12.341726	0.000311
0.391900	12.408689	0.000278
0.393700	12.424688	0.000271
0.395500	12.477804	0.000248
0.397300	12.498501	0.000239
0.399100	12.557368	0.000217

# Dumping simulation biases, in the metadata file order 
# Window  F (free energy units)
# 0	0.000000
# 1	-5.631821
# 2	-8.493618
# 3	-9.061401
# 4	-8.365953
# 5	-6.687913
# 6	-5.466236
# 7	-3.360253
# 8	0.349234
# 9	3.304610
#Iteration 610:  0.000068
#Iteration 620:  0.000062
#Iteration 630:  0.000057
#Iteration 640:  0.000051
#Iteration 650:  0.000047
#Iteration 660:  0.000042
#Iteration 670:  0.000039
#Iteration 680:  0.000035
#Iteration 690:  0.000032
#Iteration 700:  0.000029
0.040900	inf	0.000000
0.042700	inf	0.000000
0.044500	inf	0.000000
0.046300	inf	0.000000
0.048100	inf	0.000000
0.049900	inf	0.000000
0.051700	inf	0.000000
0.053500	inf	0.000000
0.055300	inf	0.000000
0.057100	inf	0.000000
0.058900	inf	0.000000
0.060700	inf	0.000000
0.062500	inf	0.000000
0.064300	inf	0.000000
0.066100	inf	0.000000
0.067900	inf	0.000000
0.069700	inf	0.000000
0.071500	inf	0.000000
0.073300	inf	0.000000
0.075100	inf	0.000000
0.076900	inf	0.000000
0.078700	11.596640	0.001088
0.080500	10.317795	0.009339
0.082300	9.409783	0.042972
0.084100	8.494245	0.200256
0.085900	7.685404	0.779985
0.087700	7.003413	2.454590
0.089500	6.227119	9.051450
0.091300	5.614658	25.342525
0.093100	5.089584	61.261046
0.094900	4.593866	140.957065
0.096700	4.159187	292.703330
0.098500	3.740585	591.603511
0.100300	3.376148	1091.668044
0.102100	3.057543	1865.051067
0.103900	2.762891	3060.580251
0.105700	2.527456	4546.581303
0.107500	2.321210	6430.671625
0.109300	2.137766	8753.478346
0.111100	2.005915	10925.461208
0.112900	1.838431	14478.138917
0.114700	1.723128	17574.796072
0.116500	1.575240	22535.004926
0.118300	1.407126	29894.448863
0.120100	1.215769	41237.459890
0.121900	1.075922	52166.060208
0.123700	0.941983	65338.856643
0.125500	0.780202	85759.192256
0.127300	0.695949	98807.573787
0.129100	0.560495	124073.719319
0.130900	0.455519	148019.267571
0.132700	0.371297	170531.588308
0.134500	0.305882	190353.824424
0.136300	0.233774	214884.209924
0.138100	0.154038	245706.594816
0.139900	0.096885	270483.834067
0.141700	0.057918	288795.147215
0.143500	0.035229	300022.423402
0.145300	0.032746	301277.627307
0.147100	0.000000	318326.686116
0.148900	0.009669	313194.549652
0.150700	0.014091	310874.771638
0.152500	0.022446	306539.112898
0.154300	0.032172	301568.176791
0.156100	0.070344	282825.048112
0.157900	0.120001	260175.041370
0.159700	0.164396	241465.346907
0.161500	0.232834	215224.090083
0.163300	0.330325	182691.004044
0.165100	0.382128	167454.915339
0.166900	0.435246	153150.412499
0.168700	0.548437	126614.176056
0.170500	0.557024	124799.592762
0.172300	0.596976	116693.360300
0.174100	0.645342	107581.165470
0.175900	0.634302	109596.313664
0.177700	0.639512	108640.619634
0.179500	0.608504	114453.709236
0.181300	0.598550	116385.116296
0.183100	0.613779	113443.442802
0.184900	0.634508	109558.342687
0.186700	0.629489	110486.624296
0.188500	0.628274	110712.553718
0.190300	0.657581	105390.404781
0.192100	0.689045	99961.049987
0.193900	0.760842	88596.079727
0.195700	0.821232	80043.598667
0.197500	0.902052	69875.264892
0.199300	0.948979	64574.938814
0.201100	1.028888	56458.050395
0.202900	1.067578	52902.938983
0.204700	1.160747	45233.566535
0.206500	1.209259	41691.177023
0.208300	1.283300	36812.046323
0.210100	1.383797	31090.091866
0.211900	1.517425	24835.096150
0.213700	1.645225	20033.855031
0.215500	1.716657	17767.041407
0.217300	1.872312	13676.587009
0.219100	2.014812	10763.280786
0.220900	2.139170	8732.847936
0.222700	2.263810	7082.090215
0.224500	2.379134	5834.024733
0.226300	2.391392	5715.045839
0.228100	2.483552	4894.825894
0.229900	2.544027	4421.679172
0.231700	2.625395	3856.416461
0.233500	2.724225	3266.118557
0.235300	2.813425	2811.323779
0.237100	2.940331	2271.238624
0.238900	3.068143	1832.112923
0.240700	3.213415	1435.143978
0.242500	3.320925	1197.862609
0.244300	3.486191	907.305386
0.246100	3.559181	802.539165
0.247900	3.778600	554.980802
0.249700	3.871122	475.041171
0.251500	4.015497	372.674137
0.253300	3.879469	468.422672
0.255100	3.898188	453.911926
0.256900	3.838045	502.202933
0.258700	3.839303	501.142152
0.260500	3.762964	569.761398
0.262300	3.724857	607.454142
0.264100	3.700636	632.697519
0.265900	3.668610	667.692703
0.267700	3.658985	678.583623
0.269500	3.584330	769.319041
0.271300	3.584606	768.962134
0.273100	3.567238	791.743591
0.274900	3.571171	786.525392
0.276700	3.556565	806.076262
0.278500	3.616601	728.696225
0.280300	3.666458	670.113084
0.282100	3.751146	581.193891
0.283900	3.842708	498.282511
0.285700	3.963539	406.688648
0.287500	4.098799	323.976999
0.289300	4.245707	253.082920
0.291100	4.424133	187.500075
0.292900	4.640964	130.227553
0.294700	4.882453	86.776430
0.296500	5.096032	60.600553
0.298300	5.359856	38.892905
0.300100	5.602150	25.881048
0.301900	5.860317	16.768919
0.303700	6.095879	11.285769
0.305500	6.391450	6.866686
0.307300	6.539777	5.351309
0.309100	6.720899	3.946668
0.310900	6.853389	3.158678
0.312700	6.921073	2.818979
0.314500	7.041888	2.300861
0.316300	7.153567	1.907032
0.318100	7.242639	1.641838
0.319900	7.364966	1.336670
0.321700	7.517658	1.034072
0.323500	7.629923	0.856231
0.325300	7.769094	0.677622
0.327100	7.929590	0.517388
0.328900	8.073582	0.406158
0.330700	8.226467	0.314108
0.332500	8.413985	0.229182
0.334300	8.606010	0.165955
0.336100	8.778580	0.124167
0.337900	8.958552	0.091752
0.339700	9.178590	0.063383
0.341500	9.399007	0.043758
0.343300	9.626832	0.029835
0.345100	9.867243	0.019917
0.346900	10.073301	0.014086
0.348700	10.350970	0.008832
0.350500	10.615163	0.005665
0.352300	10.813889	0.004056
0.354100	10.952510	0.003213
0.355900	11.128606	0.002390
0.357700	11.301130	0.001788
0.359500	11.468569	0.001349
0.361300	11.490652	0.001300
0.363100	11.607398	0.001069
0.364900	11.683376	0.000940
0.366700	11.645592	0.001002
0.368500	11.699546	0.000915
0.370300	11.683894	0.000940
0.372100	11.759660	0.000827
0.373900	11.824234	0.000742
0.375700	11.870305	0.000687
0.377500	11.938798	0.000612
0.379300	11.987979	0.000564
0.381100	12.076247	0.000486
0.382900	12.129082	0.000445
0.384700	12.171495	0.000414
0.386500	12.230290	0.000375
0.388300	12.277917	0.000346
0.390100	12.353011	0.000305
0.391900	12.419975	0.000273
0.393700	12.435974	0.000265
0.395500	12.489090	0.000243
0.397300	12.509787	0.000234
0.399100	12.568655	0.000212

# Dumping simulation biases, in the metadata file order 
# Window  F (free energy units)
# 0	0.000000
# 1	-5.631701
# 2	-8.493143
# 3	-9.060353
# 4	-8.363548
# 5	-6.684237
# 6	-5.457622
# 7	-3.350916
# 8	0.359791
# 9	3.316607
#Iteration 710:  0.000026
#Iteration 720:  0.000024
#Iteration 730:  0.000022
#Iteration 740:  0.000020
#Iteration 750:  0.000018
#Iteration 760:  0.000016
#Iteration 770:  0.000015
#Iteration 780:  0.000013
#Iteration 790:  0.000012
#Iteration 800:  0.000011
0.040900	inf	0.000000
0.042700	inf	0.000000
0.044500	inf	0.000000
0.046300	inf	0.000000
0.048100	inf	0.000000
0.049900	inf	0.000000
0.051700	inf	0.000000
0.053500	inf	0.000000
0.055300	inf	0.000000
0.057100	inf	0.000000
0.058900	inf	0.000000
0.060700	inf	0.000000
0.062500	inf	0.000000
0.064300	inf	0.000000
0.066100	inf	0.000000
0.067900	inf	0.000000
0.069700	inf	0.000000
0.071500	inf	0.000000
0.073300	inf	0.000000
0.075100	inf	0.000000
0.076900	inf	0.000000
0.078700	11.596324	0.001088
0.080500	10.317479	0.009339
0.082300	9.409467	0.042972
0.084100	8.493929	0.200256
0.085900	7.685088	0.779984
0.087700	7.003097	2.454586
0.089500	6.226804	9.051430
0.091300	5.614343	25.342444
0.093100	5.089270	61.260768
0.094900	4.593553	140.956165
0.096700	4.158875	292.700723
0.098500	3.740276	591.596245
0.100300	3.375842	1091.649820
0.102100	3.057240	1865.009512
0.103900	2.762592	3060.491173
0.105700	2.527161	4546.412520
0.107500	2.320921	6430.374483
0.109300	2.137483	8752.986216
0.111100	2.005638	10924.727793
0.112900	1.838161	14476.993954
0.114700	1.722867	17573.171643
0.116500	1.574987	22532.579410
0.118300	1.406883	29890.708897
0.120100	1.215538	41231.480224
0.121900	1.075705	52157.344720
0.123700	0.941779	65326.403915
0.125500	0.780013	85740.793799
0.127300	0.695774	98784.064476
0.129100	0.560333	124041.442682
0.130900	0.455369	147977.658687
0.132700	0.371160	170480.201509
0.134500	0.305757	190292.573331
0.136300	0.233662	214810.375594
0.138100	0.153940	245616.187681
0.139900	0.096804	270376.820628
0.141700	0.057855	288671.864621
0.143500	0.035187	299884.081946
0.145300	0.032724	301127.919162
0.147100	0.000000	318157.190357
0.148900	0.009689	313017.294005
0.150700	0.014129	310689.428266
0.152500	0.022500	306348.201144
0.154300	0.032240	301373.303520
0.156100	0.070424	282636.262976
0.157900	0.120093	259995.981934
0.159700	0.164501	241293.853585
0.161500	0.232955	215065.788497
0.163300	0.330464	182551.006833
0.165100	0.382290	167320.158318
0.166900	0.435437	153019.829292
0.168700	0.548663	126498.822437
0.170500	0.557291	124677.337312
0.172300	0.597288	116570.121491
0.174100	0.645702	107458.896218
0.175900	0.634709	109463.046985
0.177700	0.639963	108500.504213
0.179500	0.608994	114298.696770
0.181300	0.599071	116221.197358
0.183100	0.614326	113278.717794
0.184900	0.635077	109395.473632
0.186700	0.630074	110319.345254
0.188500	0.628872	110542.448400
0.190300	0.658191	105226.413225
0.192100	0.689665	99803.629411
0.193900	0.761475	88454.784417
0.195700	0.821878	79914.079878
0.197500	0.902715	69760.199571
0.199300	0.949664	64466.278874
0.201100	1.029600	56360.508781
0.202900	1.068322	52808.635949
0.204700	1.161530	45150.025041
0.206500	1.210085	41611.193279
0.208300	1.284171	36738.659872
0.210100	1.384711	31025.815512
0.211900	1.518380	24782.054786
0.213700	1.646215	19989.872127
0.215500	1.717677	17727.151878
0.217300	1.873356	13645.334619
0.219100	2.015875	10738.346768
0.220900	2.140248	8712.400982
0.222700	2.264900	7065.366049
0.224500	2.380234	5820.146780
0.226300	2.392501	5701.356800
0.228100	2.484672	4883.015508
0.229900	2.545159	4410.918376
0.231700	2.626543	3846.928785
0.233500	2.725395	3257.967289
0.235300	2.814624	2804.171832
0.237100	2.941568	2265.310907
0.238900	3.069434	1827.167580
0.240700	3.214777	1431.099232
0.242500	3.322379	1194.301187
0.244300	3.487761	904.431439
0.246100	3.560891	799.809444
0.247900	3.780469	552.945048
0.249700	3.873163	473.162395
0.251500	4.017711	371.092433
0.253300	3.881845	466.306501
0.255100	3.900710	451.750872
0.256900	3.840690	499.708930
0.258700	3.842047	498.570466
0.260500	3.765785	566.764008
0.262300	3.727737	604.198581
0.264100	3.703560	629.259447
0.265900	3.671569	664.026388
0.267700	3.661971	674.826980
0.269500	3.587338	765.031142
0.271300	3.587634	764.649992
0.273100	3.570286	787.277023
0.274900	3.574241	782.060307
0.276700	3.559658	801.468969
0.278500	3.619719	724.500528
0.280300	3.669603	666.224868
0.282100	3.754318	577.795449
0.283900	3.845905	495.347317
0.285700	3.966760	404.276871
0.287500	4.102041	322.044375
0.289300	4.248968	251.565499
0.291100	4.427410	186.370855
0.292900	4.644255	129.440051
0.294700	4.885759	86.249565
0.296500	5.099354	60.231019
0.298300	5.363196	38.654556
0.300100	5.605512	25.721488
0.301900	5.863706	16.664784
0.303700	6.099300	11.215076
0.305500	6.394909	6.823244
0.307300	6.543277	5.317084
0.309100	6.724442	3.921142
0.310900	6.856974	3.138025
0.312700	6.924698	2.800364
0.314500	7.045546	2.285539
0.316300	7.157253	1.894243
0.318100	7.246347	1.630768
0.319900	7.368691	1.327620
0.321700	7.521395	1.027048
0.323500	7.633670	0.850402
0.325300	7.772848	0.673002
0.327100	7.933349	0.513856
0.328900	8.077344	0.403382
0.330700	8.230233	0.311960
0.332500	8.417754	0.227613
0.334300	8.609782	0.164818
0.336100	8.782355	0.123316
0.337900	8.962332	0.091122
0.339700	9.182375	0.062948
0.341500	9.402800	0.043457
0.343300	9.630636	0.029629
0.345100	9.871061	0.019779
0.346900	10.077138	0.013988
0.348700	10.354832	0.008770
0.350500	10.619056	0.005625
0.352300	10.817821	0.004027
0.354100	10.956487	0.003190
0.355900	11.132632	0.002372
0.357700	11.305206	0.001775
0.359500	11.472694	0.001339
0.361300	11.494821	0.001291
0.363100	11.611605	0.001060
0.364900	11.687614	0.000933
0.366700	11.649853	0.000994
0.368500	11.703825	0.000908
0.370300	11.688186	0.000932
0.372100	11.763962	0.000821
0.373900	11.828544	0.000736
0.375700	11.874619	0.000682
0.377500	11.943116	0.000607
0.379300	11.992300	0.000559
0.381100	12.080568	0.000482
0.382900	12.133405	0.000441
0.384700	12.175819	0.000411
0.386500	12.234614	0.000372
0.388300	12.282242	0.000343
0.390100	12.357336	0.000303
0.391900	12.424300	0.000271
0.393700	12.440300	0.000263
0.395500	12.493416	0.000241
0.397300	12.514113	0.000233
0.399100	12.572980	0.000211

# Dumping simulation biases, in the metadata file order 
# Window  F (free energy units)
# 0	0.000000
# 1	-5.631655
# 2	-8.492961
# 3	-9.059951
# 4	-8.362627
# 5	-6.682828
# 6	-5.454321
# 7	-3.347338
# 8	0.363837
# 9	3.321206
#Iteration 810:  0.000010
#Iteration 820:  0.000009
#Iteration 830:  0.000008
#Iteration 840:  0.000008
#Iteration 850:  0.000007
#Iteration 860:  0.000006
#Iteration 870:  0.000006
#Iteration 880:  0.000005
#Iteration 890:  0.000005
#Iteration 900:  0.000004
0.040900	inf	0.000000
0.042700	inf	0.000000
0.044500	inf	0.000000
0.046300	inf	0.000000
0.048100	inf	0.000000
0.049900	inf	0.000000
0.051700	inf	0.000000
0.053500	inf	0.000000
0.055300	inf	0.000000
0.057100	inf	0.000000
0.058900	inf	0.000000
0.060700	inf	0.000000
0.062500	inf	0.000000
0.064300	inf	0.000000
0.066100	inf	0.000000
0.067900	inf	0.000000
0.069700	inf	0.000000
0.071500	inf	0.000000
0.073300	inf	0.000000
0.075100	inf	0.000000
0.076900	inf	0.000000
0.078700	11.596202	0.001088
0.080500	10.317357	0.009339
0.082300	9.409346	0.042972
0.084100	8.493807	0.200256
0.085900	7.684967	0.779984
0.087700	7.002976	2.454585
0.089500	6.226683	9.051422
0.091300	5.614223	25.342413
0.093100	5.089149	61.260662
0.094900	4.593433	140.955820
0.096700	4.158756	292.699724
0.098500	3.740157	591.593460
0.100300	3.375724	1091.642835
0.102100	3.057123	1864.993585
0.103900	2.762477	3060.457031
0.105700	2.527048	4546.347830
0.107500	2.320810	6430.260597
0.109300	2.137374	8752.797599
0.111100	2.005532	10924.446699
0.112900	1.838058	14476.555130
0.114700	1.722766	17572.549060
0.116500	1.574890	22531.649805
0.118300	1.406790	29889.275527
0.120100	1.215450	41229.188500
0.121900	1.075621	52154.004539
0.123700	0.941701	65321.631541
0.125500	0.779940	85733.742938
0.127300	0.695707	98775.055167
0.129100	0.560270	124029.073776
0.130900	0.455312	147961.713794
0.132700	0.371107	170460.509922
0.134500	0.305709	190269.102016
0.136300	0.233619	214782.082747
0.138100	0.153902	245581.544689
0.139900	0.096773	270335.814926
0.141700	0.057831	288624.625777
0.143500	0.035170	299831.074178
0.145300	0.032716	301070.557636
0.147100	0.000000	318092.248992
0.148900	0.009696	312949.381429
0.150700	0.014144	310618.418864
0.152500	0.022521	306275.059981
0.154300	0.032266	301298.645955
0.156100	0.070455	282563.938791
0.157900	0.120129	259927.384360
0.159700	0.164542	241228.155045
0.161500	0.233001	215005.144014
0.163300	0.330517	182497.374987
0.165100	0.382352	167268.534421
0.166900	0.435510	152969.805104
0.168700	0.548749	126454.633545
0.170500	0.557393	124630.506252
0.172300	0.597407	116522.916101
0.174100	0.645840	107412.065033
0.175900	0.634865	109412.006969
0.177700	0.640136	108446.844723
0.179500	0.609181	114239.335819
0.181300	0.599271	116158.429026
0.183100	0.614536	113215.643508
0.184900	0.635294	109333.112120
0.186700	0.630298	110255.296870
0.188500	0.629101	110477.319204
0.190300	0.658424	105163.625849
0.192100	0.689903	99743.358676
0.193900	0.761717	88400.688145
0.195700	0.822126	79864.493002
0.197500	0.902970	69716.146935
0.199300	0.949926	64424.679320
0.201100	1.029872	56323.166707
0.202900	1.068608	52772.534872
0.204700	1.161830	45118.044997
0.206500	1.210401	41580.576654
0.208300	1.284504	36710.570140
0.210100	1.385061	31001.214215
0.211900	1.518746	24761.754726
0.213700	1.646595	19973.039778
0.215500	1.718068	17711.886723
0.217300	1.873756	13633.375185
0.219100	2.016282	10728.805455
0.220900	2.140661	8704.576853
0.222700	2.265317	7058.966553
0.224500	2.380656	5814.836435
0.226300	2.392927	5696.118774
0.228100	2.485102	4878.496350
0.229900	2.545594	4406.800837
0.231700	2.626984	3843.298391
0.233500	2.725843	3254.848252
0.235300	2.815083	2801.435172
0.237100	2.942043	2263.042690
0.238900	3.069929	1825.275274
0.240700	3.215299	1429.551561
0.242500	3.322937	1192.938510
0.244300	3.488363	903.331887
0.246100	3.561547	798.765197
0.247900	3.781186	552.166407
0.249700	3.873945	472.443948
0.251500	4.018559	370.487731
0.253300	3.882757	465.497665
0.255100	3.901677	450.925071
0.256900	3.841704	498.756094
0.258700	3.843099	497.588115
0.260500	3.766866	565.619197
0.262300	3.728841	602.955292
0.264100	3.704681	627.946560
0.265900	3.672703	662.626425
0.267700	3.663115	673.392588
0.269500	3.588491	763.393960
0.271300	3.588795	763.003603
0.273100	3.571455	785.571721
0.274900	3.575418	780.355615
0.276700	3.560844	799.710035
0.278500	3.620914	722.898777
0.280300	3.670808	664.740547
0.282100	3.755533	576.498140
0.283900	3.847131	494.226880
0.285700	3.967995	403.356262
0.287500	4.103284	321.306683
0.289300	4.250217	250.986304
0.291100	4.428666	185.939844
0.292900	4.645517	129.139475
0.294700	4.887026	86.048473
0.296500	5.100627	60.089979
0.298300	5.364476	38.563587
0.300100	5.606800	25.660591
0.301900	5.865004	16.625041
0.303700	6.100611	11.188097
0.305500	6.396234	6.806666
0.307300	6.544618	5.304024
0.309100	6.725800	3.911402
0.310900	6.858348	3.130145
0.312700	6.926087	2.793262
0.314500	7.046948	2.279693
0.316300	7.158666	1.889365
0.318100	7.247768	1.626544
0.319900	7.370119	1.324167
0.321700	7.522828	1.024369
0.323500	7.635106	0.848178
0.325300	7.774286	0.671239
0.327100	7.934789	0.512508
0.328900	8.078786	0.402323
0.330700	8.231676	0.311140
0.332500	8.419198	0.227015
0.334300	8.611228	0.164385
0.336100	8.783802	0.122991
0.337900	8.963781	0.090882
0.339700	9.183826	0.062782
0.341500	9.404254	0.043342
0.343300	9.632093	0.029551
0.345100	9.872524	0.019726
0.346900	10.078609	0.013950
0.348700	10.356312	0.008747
0.350500	10.620549	0.005610
0.352300	10.819328	0.004016
0.354100	10.958012	0.003181
0.355900	11.134175	0.002366
0.357700	11.306769	0.001770
0.359500	11.474275	0.001336
0.361300	11.496419	0.001287
0.363100	11.613217	0.001057
0.364900	11.689238	0.000931
0.366700	11.651487	0.000992
0.368500	11.705465	0.000906
0.370300	11.689832	0.000930
0.372100	11.765611	0.000818
0.373900	11.830195	0.000734
0.375700	11.876273	0.000680
0.377500	11.944771	0.000606
0.379300	11.993955	0.000558
0.381100	12.082225	0.000481
0.382900	12.135062	0.000440
0.384700	12.177476	0.000410
0.386500	12.236272	0.000371
0.388300	12.283900	0.000342
0.390100	12.358994	0.000302
0.391900	12.425958	0.000270
0.393700	12.441958	0.000263
0.395500	12.495073	0.000240
0.397300	12.515771	0.000232
0.399100	12.574638	0.000210

# Dumping simulation biases, in the metadata file order 
# Window  F (free energy units)
# 0	0.000000
# 1	-5.631638
# 2	-8.492891
# 3	-9.059797
# 4	-8.362273
# 5	-6.682288
# 6	-5.453056
# 7	-3.345966
# 8	0.365388
# 9	3.322968
#Iteration 910:  0.000004
#Iteration 920:  0.000004
#Iteration 930:  0.000003
#Iteration 940:  0.000003
#Iteration 950:  0.000003
#Iteration 960:  0.000002
#Iteration 970:  0.000002
#Iteration 980:  0.000002
#Iteration 990:  0.000002
#Iteration 1000:  0.000002
0.040900	inf	0.000000
0.042700	inf	0.000000
0.044500	inf	0.000000
0.046300	inf	0.000000
0.048100	inf	0.000000
0.049900	inf	0.000000
0.051700	inf	0.000000
0.053500	inf	0.000000
0.055300	inf	0.000000
0.057100	inf	0.000000
0.058900	inf	0.000000
0.060700	inf	0.000000
0.062500	inf	0.000000
0.064300	inf	0.000000
0.066100	inf	0.000000
0.067900	inf	0.000000
0.069700	inf	0.000000
0.071500	inf	0.000000
0.073300	inf	0.000000
0.075100	inf	0.000000
0.076900	inf	0.000000
0.078700	11.596156	0.001088
0.080500	10.317311	0.009339
0.082300	9.409299	0.042972
0.084100	8.493761	0.200256
0.085900	7.684920	0.779984
0.087700	7.002930	2.454584
0.089500	6.226636	9.051419
0.091300	5.614176	25.342401
0.093100	5.089103	61.260621
0.094900	4.593387	140.955688
0.096700	4.158710	292.699341
0.098500	3.740112	591.592392
0.100300	3.375679	1091.640157
0.102100	3.057079	1864.987480
0.103900	2.762433	3060.443945
0.105700	2.527005	4546.323035
0.107500	2.320767	6430.216946
0.109300	2.137333	8752.725305
0.111100	2.005491	10924.338961
0.112900	1.838018	14476.386937
0.114700	1.722728	17572.310436
0.116500	1.574853	22531.293506
0.118300	1.406755	29888.726146
0.120100	1.215416	41228.310134
0.121900	1.075589	52152.724331
0.123700	0.941671	65319.802423
0.125500	0.779913	85731.040560
0.127300	0.695681	98771.602205
0.129100	0.560247	124024.333229
0.130900	0.455290	147955.602744
0.132700	0.371087	170452.962953
0.134500	0.305690	190260.106478
0.136300	0.233602	214771.239375
0.138100	0.153888	245568.267659
0.139900	0.096761	270320.099462
0.141700	0.057821	288606.521592
0.143500	0.035164	299810.759252
0.145300	0.032713	301048.574387
0.147100	0.000000	318067.361121
0.148900	0.009699	312923.355170
0.150700	0.014150	310591.206074
0.152500	0.022529	306247.030478
0.154300	0.032276	301270.035524
0.156100	0.070467	282536.222704
0.157900	0.120143	259901.096483
0.159700	0.164558	241202.978199
0.161500	0.233019	214981.904023
0.163300	0.330538	182476.822406
0.165100	0.382376	167248.751388
0.166900	0.435538	152950.635216
0.168700	0.548782	126437.699977
0.170500	0.557432	124612.560437
0.172300	0.597453	116504.827187
0.174100	0.645892	107394.119928
0.175900	0.634925	109392.449590
0.177700	0.640202	108426.284140
0.179500	0.609253	114216.591150
0.181300	0.599348	116134.379272
0.183100	0.614617	113191.476926
0.184900	0.635378	109309.218944
0.186700	0.630384	110230.757633
0.188500	0.629189	110452.366063
0.190300	0.658514	105139.570085
0.192100	0.689995	99720.267233
0.193900	0.761810	88379.962415
0.195700	0.822221	79845.495036
0.197500	0.903067	69699.269372
0.199300	0.950027	64408.741703
0.201100	1.029977	56308.860352
0.202900	1.068717	52758.704132
0.204700	1.161945	45105.793265
0.206500	1.210523	41568.847475
0.208300	1.284632	36699.809236
0.210100	1.385196	30991.789904
0.211900	1.518886	24753.978307
0.213700	1.646740	19966.591872
0.215500	1.718218	17706.039252
0.217300	1.873910	13628.794064
0.219100	2.016438	10725.150643
0.220900	2.140819	8701.579834
0.222700	2.265478	7056.515250
0.224500	2.380817	5812.802335
0.226300	2.393090	5694.112380
0.228100	2.485266	4876.765316
0.229900	2.545760	4405.223641
0.231700	2.627152	3841.907791
0.233500	2.726015	3253.653523
0.235300	2.815259	2800.386909
0.237100	2.942225	2262.173861
0.238900	3.070119	1824.550437
0.240700	3.215499	1428.958739
0.242500	3.323151	1192.416556
0.244300	3.488594	902.910732
0.246100	3.561798	798.365243
0.247900	3.781461	551.868201
0.249700	3.874245	472.168818
0.251500	4.018885	370.256181
0.253300	3.883106	465.187978
0.255100	3.902048	450.608916
0.256900	3.842093	498.391332
0.258700	3.843502	497.212080
0.260500	3.767281	565.180995
0.262300	3.729264	602.479415
0.264100	3.705111	627.444058
0.265900	3.673138	662.090606
0.267700	3.663554	672.843602
0.269500	3.588932	762.767369
0.271300	3.589240	762.373495
0.273100	3.571903	784.919072
0.274900	3.575869	779.703208
0.276700	3.561298	799.036875
0.278500	3.621372	722.285779
0.280300	3.671270	664.172497
0.282100	3.755999	576.001666
0.283900	3.847601	493.798099
0.285700	3.968468	403.003956
0.287500	4.103761	321.024381
0.289300	4.250697	250.764658
0.291100	4.429147	185.774905
0.292900	4.646000	129.024452
0.294700	4.887512	85.971520
0.296500	5.101115	60.036008
0.298300	5.364966	38.528776
0.300100	5.607294	25.637288
0.301900	5.865502	16.609834
0.303700	6.101114	11.177774
0.305500	6.396742	6.800322
0.307300	6.545133	5.299026
0.309100	6.726321	3.907675
0.310900	6.858875	3.127130
0.312700	6.926619	2.790545
0.314500	7.047485	2.277456
0.316300	7.159207	1.887498
0.318100	7.248313	1.624929
0.319900	7.370666	1.322846
0.321700	7.523377	1.023344
0.323500	7.635656	0.847327
0.325300	7.774838	0.670565
0.327100	7.935341	0.511993
0.328900	8.079339	0.401918
0.330700	8.232229	0.310827
0.332500	8.419752	0.226786
0.334300	8.611782	0.164219
0.336100	8.784356	0.122867
0.337900	8.964336	0.090790
0.339700	9.184382	0.062718
0.341500	9.404811	0.043298
0.343300	9.632652	0.029521
0.345100	9.873085	0.019706
0.346900	10.079172	0.013936
0.348700	10.356879	0.008738
0.350500	10.621121	0.005604
0.352300	10.819906	0.004012
0.354100	10.958596	0.003178
0.355900	11.134767	0.002363
0.357700	11.307367	0.001768
0.359500	11.474881	0.001334
0.361300	11.497031	0.001285
0.363100	11.613835	0.001056
0.364900	11.689860	0.000930
0.366700	11.652112	0.000990
0.368500	11.706094	0.000904
0.370300	11.690462	0.000929
0.372100	11.766243	0.000817
0.373900	11.830828	0.000733
0.375700	11.876907	0.000679
0.377500	11.945405	0.000605
0.379300	11.994590	0.000557
0.381100	12.082860	0.000480
0.382900	12.135697	0.000439
0.384700	12.178112	0.000409
0.386500	12.236907	0.000371
0.388300	12.284535	0.000342
0.390100	12.359629	0.000301
0.391900	12.426593	0.000269
0.393700	12.442593	0.000262
0.395500	12.495709	0.000240
0.397300	12.516406	0.000232
0.399100	12.575274	0.000210

# Dumping simulation biases, in the metadata file order 
# Window  F (free energy units)
# 0	0.000000
# 1	-5.631631
# 2	-8.492864
# 3	-9.059738
# 4	-8.362138
# 5	-6.682081
# 6	-5.452571
# 7	-3.345440
# 8	0.365982
# 9	3.323644
#Iteration 1010:  0.000001
#Iteration 1020:  0.000001
#Iteration 1030:  0.000001
#Iteration 1040:  0.000001
#Iteration 1050:  0.000001
#Iteration 1060:  0.000001
#Iteration 1070:  0.000001
#Iteration 1080:  0.000001
#Iteration 1090:  0.000001
#Iteration 1100:  0.000001
0.040900	inf	0.000000
0.042700	inf	0.000000
0.044500	inf	0.000000
0.046300	inf	0.000000
0.048100	inf	0.000000
0.049900	inf	0.000000
0.051700	inf	0.000000
0.053500	inf	0.000000
0.055300	inf	0.000000
0.057100	inf	0.000000
0.058900	inf	0.000000
0.060700	inf	0.000000
0.062500	inf	0.000000
0.064300	inf	0.000000
0.066100	inf	0.000000
0.067900	inf	0.000000
0.069700	inf	0.000000
0.071500	inf	0.000000
0.073300	inf	0.000000
0.075100	inf	0.000000
0.076900	inf	0.000000
0.078700	11.596138	0.001088
0.080500	10.317293	0.009339
0.082300	9.409281	0.042972
0.084100	8.493743	0.200256
0.085900	7.684903	0.779984
0.087700	7.002912	2.454584
0.089500	6.226619	9.051418
0.091300	5.614159	25.342396
0.093100	5.089085	61.260605
0.094900	4.593369	140.955637
0.096700	4.158693	292.699195
0.098500	3.740094	591.591983
0.100300	3.375662	1091.639131
0.102100	3.057062	1864.985140
0.103900	2.762416	3060.438930
0.105700	2.526988	4546.313532
0.107500	2.320751	6430.200215
0.109300	2.137317	8752.697595
0.111100	2.005476	10924.297666
0.112900	1.838003	14476.322470
0.114700	1.722713	17572.218974
0.116500	1.574838	22531.156941
0.118300	1.406741	29888.515576
0.120100	1.215403	41227.973468
0.121900	1.075577	52152.233645
0.123700	0.941660	65319.101349
0.125500	0.779902	85730.004782
0.127300	0.695671	98770.278745
0.129100	0.560237	124022.516266
0.130900	0.455281	147953.260497
0.132700	0.371079	170450.070354
0.134500	0.305683	190256.658678
0.136300	0.233596	214767.083347
0.138100	0.153882	245563.178873
0.139900	0.096756	270314.076093
0.141700	0.057818	288599.582702
0.143500	0.035162	299802.973066
0.145300	0.032712	301040.148810
0.147100	0.000000	318057.822324
0.148900	0.009701	312913.380103
0.150700	0.014152	310580.776286
0.152500	0.022532	306236.287705
0.154300	0.032280	301259.070129
0.156100	0.070472	282525.600101
0.157900	0.120148	259891.021277
0.159700	0.164563	241193.328822
0.161500	0.233026	214972.996980
0.163300	0.330545	182468.945357
0.165100	0.382385	167241.169289
0.166900	0.435549	152943.288128
0.168700	0.548795	126431.210009
0.170500	0.557447	124605.682552
0.172300	0.597471	116497.894510
0.174100	0.645913	107387.242428
0.175900	0.634948	109384.954255
0.177700	0.640228	108418.404404
0.179500	0.609281	114207.874453
0.181300	0.599377	116125.162483
0.183100	0.614647	113182.215422
0.184900	0.635410	109300.062265
0.186700	0.630417	110221.353398
0.188500	0.629223	110442.803235
0.190300	0.658548	105130.351182
0.192100	0.690029	99711.417905
0.193900	0.761846	88372.019713
0.195700	0.822258	79838.214477
0.197500	0.903104	69692.801426
0.199300	0.950066	64402.633987
0.201100	1.030017	56303.377798
0.202900	1.068759	52753.403872
0.204700	1.161989	45101.098144
0.206500	1.210569	41564.352640
0.208300	1.284681	36695.685496
0.210100	1.385247	30988.178396
0.211900	1.518940	24750.998316
0.213700	1.646796	19964.120996
0.215500	1.718275	17703.798480
0.217300	1.873968	13627.038571
0.219100	2.016498	10723.750120
0.220900	2.140880	8700.431379
0.222700	2.265539	7055.575915
0.224500	2.380879	5812.022873
0.226300	2.393152	5693.343535
0.228100	2.485329	4876.101988
0.229900	2.545824	4404.619263
0.231700	2.627217	3841.374917
0.233500	2.726081	3253.195707
0.235300	2.815327	2799.985217
0.237100	2.942294	2261.840928
0.238900	3.070192	1824.272682
0.240700	3.215576	1428.731572
0.242500	3.323233	1192.216546
0.244300	3.488683	902.749349
0.246100	3.561895	798.211988
0.247900	3.781566	551.753937
0.249700	3.874360	472.063399
0.251500	4.019009	370.167463
0.253300	3.883240	465.069326
0.255100	3.902190	450.487791
0.256900	3.842242	498.251588
0.258700	3.843657	497.068020
0.260500	3.767440	565.013123
0.262300	3.729426	602.297112
0.264100	3.705276	627.251558
0.265900	3.673304	661.885345
0.267700	3.663722	672.633299
0.269500	3.589102	762.527337
0.271300	3.589410	762.132117
0.273100	3.572074	784.669061
0.274900	3.576042	779.453290
0.276700	3.561472	798.779008
0.278500	3.621548	722.050960
0.280300	3.671447	663.954897
0.282100	3.756178	575.811485
0.283900	3.847781	493.633850
0.285700	3.968649	402.869002
0.287500	4.103943	320.916243
0.289300	4.250880	250.679755
0.291100	4.429332	185.711725
0.292900	4.646185	128.980392
0.294700	4.887698	85.942043
0.296500	5.101302	60.015334
0.298300	5.365155	38.515442
0.300100	5.607483	25.628362
0.301900	5.865693	16.604008
0.303700	6.101307	11.173819
0.305500	6.396937	6.797892
0.307300	6.545330	5.297112
0.309100	6.726520	3.906248
0.310900	6.859077	3.125975
0.312700	6.926823	2.789504
0.314500	7.047691	2.276599
0.316300	7.159415	1.886783
0.318100	7.248521	1.624310
0.319900	7.370876	1.322340
0.321700	7.523587	1.022951
0.323500	7.635867	0.847002
0.325300	7.775049	0.670306
0.327100	7.935553	0.511795
0.328900	8.079551	0.401763
0.330700	8.232442	0.310707
0.332500	8.419964	0.226698
0.334300	8.611994	0.164155
0.336100	8.784569	0.122819
0.337900	8.964549	0.090755
0.339700	9.184595	0.062694
0.341500	9.405025	0.043281
0.343300	9.632866	0.029509
0.345100	9.873300	0.019698
0.346900	10.079388	0.013931
0.348700	10.357097	0.008734
0.350500	10.621340	0.005602
0.352300	10.820127	0.004010
0.354100	10.958820	0.003176
0.355900	11.134993	0.002362
0.357700	11.307597	0.001767
0.359500	11.475113	0.001334
0.361300	11.497266	0.001285
0.363100	11.614072	0.001056
0.364900	11.690099	0.000929
0.366700	11.652352	0.000990
0.368500	11.706335	0.000904
0.370300	11.690704	0.000928
0.372100	11.766486	0.000817
0.373900	11.831071	0.000733
0.375700	11.877150	0.000678
0.377500	11.945648	0.000605
0.379300	11.994833	0.000557
0.381100	12.083103	0.000480
0.382900	12.135940	0.000439
0.384700	12.178355	0.000409
0.386500	12.237150	0.000370
0.388300	12.284779	0.000342
0.390100	12.359873	0.000301
0.391900	12.426837	0.000269
0.393700	12.442837	0.000262
0.395500	12.495953	0.000240
0.397300	12.516650	0.000232
0.399100	12.575517	0.000210

# Dumping simulation biases, in the metadata file order 
# Window  F (free energy units)
# 0	0.000000
# 1	-5.631628
# 2	-8.492854
# 3	-9.059716
# 4	-8.362086
# 5	-6.682002
# 6	-5.452385
# 7	-3.345239
# 8	0.366210
# 9	3.323903
#Iteration 1110:  0.000001
#Iteration 1120:  0.000001
#Iteration 1130:  0.000000
#Iteration 1140:  0.000000
# Dumping simulation biases, in the metadata file order 
# Window  F (free energy units)
# 0	0.000000
# 1	-5.631628
# 2	-8.492852
# 3	-9.059711
# 4	-8.362074
# 5	-6.681984
# 6	-5.452343
# 7	-3.345194
# 8	0.366260
# 9	3.323960
# No MC error analysis requested
