# /home/btan/Software/WHAM/wham/wham/wham 0.0 0.4 200 1e-06 300 0 /home/btan/Documents/CRBN_len_CK1a/umbrella_sampling/RMSD/results/backbone_RMSD/CK1a/run1/RED/metafile.txt /home/btan/Documents/CRBN_len_CK1a/umbrella_sampling/RMSD/results/backbone_RMSD/CK1a/run1/RED/pmf.txt
#Number of windows = 11
#Iteration 10:  0.071648
#Iteration 20:  0.024646
#Iteration 30:  0.013438
#Iteration 40:  0.008341
#Iteration 50:  0.005322
#Iteration 60:  0.003446
#Iteration 70:  0.002318
#Iteration 80:  0.001765
#Iteration 90:  0.001590
#Iteration 100:  0.001581
0.001000	inf	0.000000
0.003000	inf	0.000000
0.005000	inf	0.000000
0.007000	inf	0.000000
0.009000	inf	0.000000
0.011000	inf	0.000000
0.013000	inf	0.000000
0.015000	inf	0.000000
0.017000	inf	0.000000
0.019000	inf	0.000000
0.021000	inf	0.000000
0.023000	inf	0.000000
0.025000	inf	0.000000
0.027000	inf	0.000000
0.029000	inf	0.000000
0.031000	inf	0.000000
0.033000	inf	0.000000
0.035000	inf	0.000000
0.037000	inf	0.000000
0.039000	inf	0.000000
0.041000	inf	0.000000
0.043000	inf	0.000000
0.045000	inf	0.000000
0.047000	inf	0.000000
0.049000	inf	0.000000
0.051000	inf	0.000000
0.053000	inf	0.000000
0.055000	inf	0.000000
0.057000	inf	0.000000
0.059000	inf	0.000000
0.061000	inf	0.000000
0.063000	inf	0.000000
0.065000	inf	0.000000
0.067000	inf	0.000000
0.069000	inf	0.000000
0.071000	12.544736	10.873910
0.073000	10.136705	622.854571
0.075000	8.938752	4666.175484
0.077000	7.732083	35473.061765
0.079000	6.714384	196280.596937
0.081000	5.797548	916685.859298
0.083000	4.964409	3719291.401701
0.085000	4.277155	11808499.260865
0.087000	3.683204	32048915.922587
0.089000	3.184942	74058135.648713
0.091000	2.787434	144469652.370476
0.093000	2.458871	250984156.798254
0.095000	2.180363	400841993.110561
0.097000	1.934297	606200164.559628
0.099000	1.682147	926189095.202325
0.101000	1.451330	1365241684.866063
0.103000	1.236001	1960703180.990945
0.105000	1.030401	2770202391.632614
0.107000	0.864009	3664272540.906246
0.109000	0.743403	4487834435.181945
0.111000	0.638974	5349043018.030524
0.113000	0.546813	6245377283.612339
0.115000	0.453830	7301996577.349036
0.117000	0.401907	7967983930.429347
0.119000	0.327928	9023133352.870951
0.121000	0.252389	10244838800.718933
0.123000	0.216605	10880015685.251606
0.125000	0.133715	12506748488.308495
0.127000	0.107513	13069924111.990913
0.129000	0.075584	13790590665.488249
0.131000	0.087151	13525044832.674459
0.133000	0.079059	13710264012.227358
0.135000	0.061801	14113845146.627398
0.137000	0.041014	14615761219.758171
0.139000	0.071321	13889775822.238997
0.141000	0.022350	15081586195.280727
0.143000	0.014760	15275240750.518566
0.145000	0.000000	15658991628.116320
0.147000	0.067075	13989284189.010967
0.149000	0.072745	13856577376.949141
0.151000	0.104049	13146245902.127510
0.153000	0.190897	11360510134.840683
0.155000	0.246326	10349790598.052320
0.157000	0.288798	9636615687.205658
0.159000	0.343819	8785288621.724382
0.161000	0.480230	6985033353.208491
0.163000	0.640862	5332094218.091150
0.165000	0.720965	4660346436.979243
0.167000	0.881444	3558435831.317415
0.169000	1.006680	2882899497.465525
0.171000	1.102557	2453771772.164821
0.173000	1.217442	2022838899.222898
0.175000	1.243160	1937249326.197664
0.177000	1.227138	1990135192.661299
0.179000	1.154016	2250430480.688830
0.181000	1.127551	2352808099.317489
0.183000	1.116298	2397738544.478515
0.185000	1.014305	2846181654.659957
0.187000	0.944639	3199801152.726454
0.189000	0.897617	3462993515.503553
0.191000	0.807133	4031903971.229968
0.193000	0.838901	3822238521.315815
0.195000	0.761727	4351706621.787018
0.197000	0.739672	4516070747.548275
0.199000	0.722515	4648216767.302837
0.201000	0.705636	4781995077.648879
0.203000	0.660096	5162452285.666726
0.205000	0.662584	5140905951.082937
0.207000	0.651021	5241807313.834563
0.209000	0.622558	5498704471.902047
0.211000	0.619012	5531586054.931390
0.213000	0.572432	5982126861.297809
0.215000	0.550329	6208571275.788847
0.217000	0.541772	6298528969.822575
0.219000	0.521693	6514754844.903570
0.221000	0.529457	6430279633.529569
0.223000	0.561471	6093371645.860940
0.225000	0.571029	5996252514.814931
0.227000	0.594966	5759763682.571628
0.229000	0.623624	5488860396.483999
0.231000	0.648398	5264967822.306948
0.233000	0.688780	4919429083.267862
0.235000	0.692847	4885915147.435748
0.237000	0.738371	4525958000.222448
0.239000	0.737217	4534745391.886189
0.241000	0.771085	4283781159.092967
0.243000	0.761313	4354735260.324105
0.245000	0.822977	3925934574.246809
0.247000	0.820190	3944373879.129790
0.249000	0.812836	3993439480.621871
0.251000	0.851318	3743284577.677514
0.253000	0.851291	3743450305.853794
0.255000	0.863325	3668484691.468028
0.257000	0.872052	3615059541.530366
0.259000	0.890564	3504298066.121570
0.261000	0.911117	3385292550.229036
0.263000	0.960331	3116498274.168374
0.265000	1.011268	2860750834.170347
0.267000	1.060916	2631686471.290476
0.269000	1.115147	2402384982.376355
0.271000	1.179053	2157681884.047452
0.273000	1.235779	1961436902.645443
0.275000	1.300147	1760280016.920142
0.277000	1.387255	1520505112.290948
0.279000	1.507200	1242856356.025327
0.281000	1.613415	1039627988.667942
0.283000	1.709428	884673480.627945
0.285000	1.847650	701249887.440493
0.287000	1.924875	615877107.954283
0.289000	2.050792	498388163.205852
0.291000	2.065359	486331793.604542
0.293000	2.144662	425634880.418652
0.295000	2.162413	413121418.467081
0.297000	2.185266	397551931.818243
0.299000	2.158434	415894056.282783
0.301000	2.188736	395239578.439027
0.303000	2.185441	397434906.262197
0.305000	2.188705	395260488.612320
0.307000	2.185878	397143539.966711
0.309000	2.218885	375707759.632041
0.311000	2.233480	366601993.249796
0.313000	2.284356	336552246.332906
0.315000	2.293544	331393882.360111
0.317000	2.337883	307592055.960630
0.319000	2.360603	296065548.921357
0.321000	2.401856	276229783.779615
0.323000	2.435093	261219645.084107
0.325000	2.473220	245002766.581781
0.327000	2.597949	198660542.519116
0.329000	2.680982	172779626.851096
0.331000	2.799860	141483256.119487
0.333000	2.933607	112995798.753557
0.335000	3.044308	93808924.514222
0.337000	3.202068	71956491.212097
0.339000	3.329238	58106986.669726
0.341000	3.471468	45750160.710520
0.343000	3.577982	38250000.848035
0.345000	3.709587	30658592.609136
0.347000	3.805362	26099403.537409
0.349000	3.912525	21796949.882911
0.351000	4.049648	17309627.448725
0.353000	4.170185	14134776.003919
0.355000	4.270837	11934586.074746
0.357000	4.393450	9711651.082764
0.359000	4.523528	7804197.812116
0.361000	4.622734	6605445.368301
0.363000	4.694401	5855728.227284
0.365000	4.835498	4619258.658125
0.367000	4.911708	4063818.665774
0.369000	4.964573	3718260.633235
0.371000	5.003489	3482803.959686
0.373000	5.036534	3294611.845621
0.375000	5.070188	3113403.031552
0.377000	5.098906	2966672.102029
0.379000	5.158159	2685415.328555
0.381000	5.212669	2450281.619630
0.383000	5.275689	2203980.042693
0.385000	5.346438	1956847.142694
0.387000	5.407759	1765179.013551
0.389000	5.482135	1557723.311109
0.391000	5.552225	1384588.665977
0.393000	5.608497	1259616.281521
0.395000	5.715107	1052948.684874
0.397000	5.821473	880549.037837
0.399000	5.911901	756373.885861

# Dumping simulation biases, in the metadata file order 
# Window  F (free energy units)
# 0	0.000000
# 1	-8.539099
# 2	-13.395737
# 3	-15.334197
# 4	-15.271234
# 5	-14.938360
# 6	-14.934740
# 7	-14.269411
# 8	-13.247680
# 9	-11.677017
# 10	-9.834023
#Iteration 110:  0.001550
#Iteration 120:  0.001484
#Iteration 130:  0.001400
#Iteration 140:  0.001308
#Iteration 150:  0.001214
#Iteration 160:  0.001122
#Iteration 170:  0.001034
#Iteration 180:  0.000951
#Iteration 190:  0.000874
#Iteration 200:  0.000802
0.001000	inf	0.000000
0.003000	inf	0.000000
0.005000	inf	0.000000
0.007000	inf	0.000000
0.009000	inf	0.000000
0.011000	inf	0.000000
0.013000	inf	0.000000
0.015000	inf	0.000000
0.017000	inf	0.000000
0.019000	inf	0.000000
0.021000	inf	0.000000
0.023000	inf	0.000000
0.025000	inf	0.000000
0.027000	inf	0.000000
0.029000	inf	0.000000
0.031000	inf	0.000000
0.033000	inf	0.000000
0.035000	inf	0.000000
0.037000	inf	0.000000
0.039000	inf	0.000000
0.041000	inf	0.000000
0.043000	inf	0.000000
0.045000	inf	0.000000
0.047000	inf	0.000000
0.049000	inf	0.000000
0.051000	inf	0.000000
0.053000	inf	0.000000
0.055000	inf	0.000000
0.057000	inf	0.000000
0.059000	inf	0.000000
0.061000	inf	0.000000
0.063000	inf	0.000000
0.065000	inf	0.000000
0.067000	inf	0.000000
0.069000	inf	0.000000
0.071000	12.516380	10.873446
0.073000	10.108362	622.814940
0.075000	8.910427	4665.734309
0.077000	7.703785	35468.095368
0.079000	6.686126	196240.105639
0.081000	5.769346	916409.140209
0.083000	4.936288	3717663.866898
0.085000	4.249147	11801100.053309
0.087000	3.655349	32020595.885097
0.089000	3.157290	73967491.543494
0.091000	2.760042	144229591.054415
0.093000	2.431805	250430016.072892
0.095000	2.153690	399692582.049630
0.097000	1.908082	603996408.622134
0.099000	1.656446	922026583.871877
0.101000	1.426182	1357842709.455271
0.103000	1.211435	1948170719.812790
0.105000	1.006445	2749673221.968203
0.107000	0.840706	3633123497.334394
0.109000	0.720823	4444284745.221458
0.111000	0.617209	5289878716.613351
0.113000	0.525967	6166775063.514488
0.115000	0.433986	7197952690.157626
0.117000	0.383106	7840699535.723866
0.119000	0.310150	8863730138.476788
0.121000	0.235567	10047700953.965528
0.123000	0.200649	10655118251.743084
0.125000	0.118551	12231923182.908348
0.127000	0.093112	12766351710.925226
0.129000	0.061982	13452209675.371784
0.131000	0.074461	13172942848.646252
0.133000	0.067479	13328466522.252295
0.135000	0.051597	13689118713.957279
0.137000	0.032490	14135927237.335773
0.139000	0.064768	13389347792.921909
0.141000	0.017972	14485160308.012306
0.143000	0.012619	14616089204.914574
0.145000	0.000000	14929454322.267599
0.147000	0.068997	13294505546.111301
0.149000	0.076318	13131905969.329576
0.151000	0.109019	12429497537.168827
0.153000	0.197085	10719154868.067308
0.155000	0.253663	9746652739.071577
0.157000	0.297350	9056515700.909187
0.159000	0.353812	8236462393.143133
0.161000	0.492076	6528305689.094213
0.163000	0.655189	4962700598.535086
0.165000	0.738641	4313137949.254341
0.167000	0.903567	3268800613.650762
0.169000	1.034501	2623003910.180719
0.171000	1.137316	2206671169.061540
0.173000	1.260124	1795068081.959313
0.175000	1.294238	1695025091.764712
0.177000	1.286433	1717408787.493688
0.179000	1.220753	1917891838.402874
0.181000	1.200565	1984093622.801928
0.183000	1.194300	2005102013.308851
0.185000	1.096085	2365042687.581632
0.187000	1.029181	2646565042.061576
0.189000	0.984131	2854775272.441647
0.191000	0.895035	3316017728.909420
0.193000	0.927780	3138421628.939201
0.195000	0.851305	3568968116.567253
0.197000	0.829774	3700507624.062366
0.199000	0.813045	3806045708.588073
0.201000	0.796566	3912953576.241251
0.203000	0.751459	4221194875.339870
0.205000	0.754478	4199830569.299813
0.207000	0.743616	4277221242.903797
0.209000	0.716109	4479639838.735700
0.211000	0.713870	4496529610.976139
0.213000	0.669048	4848422016.659944
0.215000	0.649226	5012695881.130452
0.217000	0.643487	5061294273.101830
0.219000	0.626679	5206339888.769541
0.221000	0.637974	5108418513.621854
0.223000	0.673514	4812161220.127157
0.225000	0.686333	4709574855.359735
0.227000	0.713086	4502462563.077443
0.229000	0.744051	4274092336.599370
0.231000	0.770654	4087164062.701197
0.233000	0.812484	3809641102.745368
0.235000	0.817741	3776119638.349246
0.237000	0.864333	3491652834.739078
0.239000	0.864258	3492094019.874199
0.241000	0.899353	3292035576.805776
0.243000	0.891096	3338050556.792624
0.245000	0.954700	2999565712.320976
0.247000	0.954388	3001136713.544106
0.249000	0.950099	3022855423.074748
0.251000	0.992183	2816394655.772626
0.253000	0.996116	2797834149.277600
0.255000	1.012185	2723269360.373916
0.257000	1.024717	2666502283.206680
0.259000	1.046562	2570357160.017606
0.261000	1.069861	2471632853.179937
0.263000	1.121234	2267141593.856585
0.265000	1.173824	2075319241.215177
0.267000	1.224739	1905083732.312308
0.269000	1.279979	1736144426.262499
0.271000	1.344761	1557009889.008279
0.273000	1.402349	1413346144.564427
0.275000	1.467689	1266328546.197443
0.277000	1.556011	1091606968.305148
0.279000	1.677562	889872048.519804
0.281000	1.785937	741664255.442728
0.283000	1.884828	628073996.286836
0.285000	2.026770	494749135.324224
0.287000	2.108579	431181516.063212
0.289000	2.239805	345825899.621425
0.291000	2.260092	334231192.676421
0.293000	2.345089	289730393.859048
0.295000	2.368083	278745122.990283
0.297000	2.395426	266222767.914082
0.299000	2.372212	276816910.715379
0.301000	2.405295	261842806.279505
0.303000	2.404068	262383102.448172
0.305000	2.408849	260282735.805483
0.307000	2.407145	261029543.705609
0.309000	2.441019	246581247.501048
0.311000	2.456340	240311424.323991
0.313000	2.507904	220358558.003867
0.315000	2.517833	216711198.722929
0.317000	2.563048	200849858.134136
0.319000	2.586857	192969845.874628
0.321000	2.629465	179631953.368105
0.323000	2.664334	169405190.261399
0.325000	2.704328	158390443.304918
0.327000	2.831049	128001516.646842
0.329000	2.916052	110957873.252336
0.331000	3.036733	90584569.688441
0.333000	3.172018	72158615.810152
0.335000	3.283957	59781436.494902
0.337000	3.442671	45782164.211825
0.339000	3.570556	36926023.301235
0.341000	3.713321	29047316.994193
0.343000	3.820248	24268534.545259
0.345000	3.952195	19440804.947630
0.347000	4.048291	16540885.299712
0.349000	4.155798	13806141.941270
0.351000	4.293339	10956188.558913
0.353000	4.414421	8938465.921721
0.355000	4.515806	7537829.938929
0.357000	4.639403	6123684.247692
0.359000	4.770776	4910248.808330
0.361000	4.871612	4144641.848119
0.363000	4.945222	3662247.680989
0.365000	5.088479	2878470.959103
0.367000	5.166914	2522898.596998
0.369000	5.221894	2300175.632197
0.371000	5.262674	2147777.614457
0.373000	5.297255	2026485.238554
0.375000	5.332105	1911178.157324
0.377000	5.361715	1818378.017482
0.379000	5.421611	1644205.982115
0.381000	5.476575	1499096.947050
0.383000	5.539909	1347696.293092
0.385000	5.610873	1196146.138237
0.387000	5.672340	1078721.731423
0.389000	5.746815	951785.165463
0.391000	5.816971	845903.619781
0.393000	5.873288	769495.019233
0.395000	5.979928	643210.206607
0.397000	6.086314	537879.080847
0.399000	6.176755	462016.894414

# Dumping simulation biases, in the metadata file order 
# Window  F (free energy units)
# 0	0.000000
# 1	-8.537895
# 2	-13.390927
# 3	-15.320148
# 4	-15.235544
# 5	-14.819200
# 6	-14.780738
# 7	-14.076109
# 8	-12.998365
# 9	-11.408402
# 10	-9.543833
#Iteration 210:  0.000736
#Iteration 220:  0.000674
#Iteration 230:  0.000618
#Iteration 240:  0.000567
#Iteration 250:  0.000519
#Iteration 260:  0.000476
#Iteration 270:  0.000436
#Iteration 280:  0.000399
#Iteration 290:  0.000366
#Iteration 300:  0.000335
0.001000	inf	0.000000
0.003000	inf	0.000000
0.005000	inf	0.000000
0.007000	inf	0.000000
0.009000	inf	0.000000
0.011000	inf	0.000000
0.013000	inf	0.000000
0.015000	inf	0.000000
0.017000	inf	0.000000
0.019000	inf	0.000000
0.021000	inf	0.000000
0.023000	inf	0.000000
0.025000	inf	0.000000
0.027000	inf	0.000000
0.029000	inf	0.000000
0.031000	inf	0.000000
0.033000	inf	0.000000
0.035000	inf	0.000000
0.037000	inf	0.000000
0.039000	inf	0.000000
0.041000	inf	0.000000
0.043000	inf	0.000000
0.045000	inf	0.000000
0.047000	inf	0.000000
0.049000	inf	0.000000
0.051000	inf	0.000000
0.053000	inf	0.000000
0.055000	inf	0.000000
0.057000	inf	0.000000
0.059000	inf	0.000000
0.061000	inf	0.000000
0.063000	inf	0.000000
0.065000	inf	0.000000
0.067000	inf	0.000000
0.069000	inf	0.000000
0.071000	12.500541	10.873168
0.073000	10.092530	622.791287
0.075000	8.894606	4665.471030
0.077000	7.687981	35465.132061
0.079000	6.670345	196215.951258
0.081000	5.753599	916244.123506
0.083000	4.920589	3716693.774197
0.085000	4.233515	11796692.643961
0.087000	3.639807	32003741.635396
0.089000	3.141869	73913607.605564
0.091000	2.744776	144087087.675307
0.093000	2.416731	250101627.239932
0.095000	2.138849	399012745.472074
0.097000	1.893510	602695733.603276
0.099000	1.642175	919575420.587140
0.101000	1.412234	1353496120.695018
0.103000	1.197827	1940826900.622234
0.105000	0.993192	2737675534.581295
0.107000	0.827831	3614971884.326886
0.109000	0.708364	4418987262.678971
0.111000	0.605219	5255630112.117303
0.113000	0.514501	6121443556.368371
0.115000	0.423093	7138179075.358196
0.117000	0.372804	7767851840.698647
0.119000	0.300428	8772827056.335859
0.121000	0.226384	9935645741.429934
0.123000	0.191954	10527659403.474756
0.125000	0.110300	12076589173.090347
0.127000	0.085286	12595224407.658739
0.129000	0.054599	13262000056.471485
0.131000	0.067583	12975665071.382996
0.133000	0.061212	13115388187.375111
0.135000	0.046083	13453204260.595549
0.137000	0.027895	13870893276.084311
0.139000	0.061244	13114682767.343212
0.141000	0.015623	14160001954.358229
0.143000	0.011473	14259129235.149363
0.145000	0.000000	14536816482.555761
0.147000	0.070022	12922577890.118906
0.149000	0.078221	12745683836.834730
0.151000	0.111668	12048830852.748468
0.153000	0.200388	10379463316.367586
0.155000	0.257588	9427913894.922976
0.157000	0.301940	8750558545.574635
0.159000	0.359196	7947591003.924728
0.161000	0.498484	6288506922.672140
0.163000	0.662967	4769417530.107945
0.165000	0.748257	4132366024.076302
0.167000	0.915600	3119096200.774858
0.169000	1.049594	2490035562.607060
0.171000	1.156076	2081935155.044292
0.173000	1.282992	1681943345.701369
0.175000	1.321370	1576861365.464152
0.177000	1.317653	1586744380.622245
0.179000	1.255602	1761196597.919460
0.181000	1.238424	1812795035.366737
0.183000	1.234516	1824742927.256243
0.185000	1.138068	2145924140.143874
0.187000	1.072445	2396197544.166116
0.189000	1.028304	2580765920.384829
0.191000	0.939845	2994530631.939524
0.193000	0.973035	2832029670.784196
0.195000	0.896877	3218827639.365371
0.197000	0.875581	3336142267.669296
0.199000	0.859043	3430194368.461387
0.201000	0.842737	3525514805.426273
0.203000	0.797815	3802055163.318551
0.205000	0.801056	3781394812.992832
0.207000	0.790486	3849187156.941475
0.209000	0.763375	4028669261.621300
0.211000	0.761675	4040198671.078781
0.213000	0.717573	4351107163.192281
0.215000	0.698681	4491503980.396839
0.217000	0.694083	4526353547.371419
0.219000	0.678591	4645783034.210899
0.221000	0.691295	4547623479.493592
0.223000	0.728229	4273857282.663033
0.225000	0.742327	4173762034.050491
0.227000	0.770177	3982866448.560598
0.229000	0.802033	3775191766.009248
0.231000	0.829338	3605828940.872103
0.233000	0.871718	3357881532.287577
0.235000	0.877423	3325832860.614351
0.237000	0.924409	3073246801.700996
0.239000	0.924726	3071608608.865007
0.241000	0.960261	2893500713.927948
0.243000	0.952540	2931300937.597003
0.245000	1.016824	2631050039.792140
0.247000	1.017375	2628615820.673938
0.249000	1.014144	2642929610.956752
0.251000	1.057463	2457313498.937526
0.253000	1.062741	2435606632.126073
0.255000	1.080168	2365289777.931033
0.257000	1.093969	2311050438.057133
0.259000	1.116917	2223595721.713369
0.261000	1.141117	2134951546.811900
0.263000	1.193195	1955998212.183396
0.265000	1.246321	1788888398.320577
0.267000	1.297644	1641021719.544884
0.269000	1.353207	1494688532.973609
0.271000	1.418265	1339843881.642950
0.273000	1.476123	1215667765.734318
0.275000	1.541763	1088664473.396238
0.277000	1.630455	937871538.761155
0.279000	1.752492	763922664.807550
0.281000	1.861518	635995465.963347
0.283000	1.961271	537809545.771917
0.285000	2.104318	422859653.407689
0.287000	2.187475	367694190.011574
0.289000	2.320247	294141248.694028
0.291000	2.342178	283494483.019899
0.293000	2.428793	245081644.215439
0.295000	2.453258	235206680.122022
0.297000	2.481849	224169707.661232
0.299000	2.459631	232700309.589041
0.301000	2.493474	219831475.846486
0.303000	2.492811	220076736.993981
0.305000	2.498003	218164122.100472
0.307000	2.496602	218678466.608979
0.309000	2.530710	206493226.582585
0.311000	2.546227	201176529.483329
0.313000	2.597976	184415608.523597
0.315000	2.608104	181302506.644771
0.317000	2.653554	167966273.603645
0.319000	2.677655	161297297.307231
0.321000	2.720624	150057293.809199
0.323000	2.755929	141410829.984545
0.325000	2.796418	132106217.564077
0.327000	2.923666	106665752.052056
0.329000	3.009187	92382475.805065
0.331000	3.130341	75359961.045752
0.333000	3.266028	59990336.289855
0.335000	3.378289	49673436.126905
0.337000	3.537250	38025378.601691
0.339000	3.665321	30660173.124238
0.341000	3.808224	24112779.144778
0.343000	3.915256	20142224.748270
0.345000	4.047291	16132971.737764
0.347000	4.143468	13724603.106823
0.349000	4.251061	11453821.068003
0.351000	4.388706	9087863.197028
0.353000	4.509922	7412537.208861
0.355000	4.611488	6249112.149226
0.357000	4.735328	5074671.776614
0.359000	4.867017	4066934.274313
0.361000	4.968252	3430519.181636
0.363000	5.042334	3028833.725305
0.365000	5.186115	2378523.168360
0.367000	5.265086	2082828.908619
0.369000	5.320575	1897334.929502
0.371000	5.361800	1770300.176558
0.373000	5.396747	1669298.216332
0.375000	5.431881	1573563.086626
0.377000	5.461702	1496624.246262
0.379000	5.521751	1352924.666417
0.381000	5.576822	1233300.321325
0.383000	5.640230	1108605.376806
0.385000	5.711245	983857.300250
0.387000	5.772747	887221.633227
0.389000	5.847245	782788.836512
0.391000	5.917417	695688.994578
0.393000	5.973745	632837.755355
0.395000	6.080391	528974.025784
0.397000	6.186782	442346.532725
0.399000	6.277226	379956.189941

# Dumping simulation biases, in the metadata file order 
# Window  F (free energy units)
# 0	0.000000
# 1	-8.537189
# 2	-13.388139
# 3	-15.312187
# 4	-15.216074
# 5	-14.757786
# 6	-14.705445
# 7	-13.987463
# 8	-12.893503
# 9	-11.298379
# 10	-9.428522
#Iteration 310:  0.000307
#Iteration 320:  0.000281
#Iteration 330:  0.000257
#Iteration 340:  0.000236
#Iteration 350:  0.000216
#Iteration 360:  0.000198
#Iteration 370:  0.000181
#Iteration 380:  0.000166
#Iteration 390:  0.000152
#Iteration 400:  0.000139
0.001000	inf	0.000000
0.003000	inf	0.000000
0.005000	inf	0.000000
0.007000	inf	0.000000
0.009000	inf	0.000000
0.011000	inf	0.000000
0.013000	inf	0.000000
0.015000	inf	0.000000
0.017000	inf	0.000000
0.019000	inf	0.000000
0.021000	inf	0.000000
0.023000	inf	0.000000
0.025000	inf	0.000000
0.027000	inf	0.000000
0.029000	inf	0.000000
0.031000	inf	0.000000
0.033000	inf	0.000000
0.035000	inf	0.000000
0.037000	inf	0.000000
0.039000	inf	0.000000
0.041000	inf	0.000000
0.043000	inf	0.000000
0.045000	inf	0.000000
0.047000	inf	0.000000
0.049000	inf	0.000000
0.051000	inf	0.000000
0.053000	inf	0.000000
0.055000	inf	0.000000
0.057000	inf	0.000000
0.059000	inf	0.000000
0.061000	inf	0.000000
0.063000	inf	0.000000
0.065000	inf	0.000000
0.067000	inf	0.000000
0.069000	inf	0.000000
0.071000	12.493905	10.873052
0.073000	10.085897	622.781373
0.075000	8.887978	4665.360680
0.077000	7.681359	35463.890040
0.079000	6.663733	196205.827573
0.081000	5.747002	916174.963159
0.083000	4.914011	3716287.215455
0.085000	4.226965	11794845.645946
0.087000	3.633296	31996679.194687
0.089000	3.135408	73891031.309141
0.091000	2.738380	144027391.408154
0.093000	2.410416	249964092.032395
0.095000	2.132631	398728100.452346
0.097000	1.887405	602151342.533810
0.099000	1.636196	918549925.213984
0.101000	1.406391	1351678437.194277
0.103000	1.192126	1937757152.749561
0.105000	0.987640	2732662515.892885
0.107000	0.822438	3607390591.013314
0.109000	0.703145	4408425910.736038
0.111000	0.600196	5241339111.018658
0.113000	0.509699	6102540133.125940
0.115000	0.418529	7113272795.222280
0.117000	0.368489	7737524795.094755
0.119000	0.296355	8735017861.959932
0.121000	0.222536	9889078419.378641
0.123000	0.188310	10474729475.992546
0.125000	0.106841	12012121594.982754
0.127000	0.082005	12524235043.131956
0.129000	0.051505	13183124354.935810
0.131000	0.064702	12893887470.319962
0.133000	0.058587	13027098504.271048
0.135000	0.043777	13355511878.449722
0.137000	0.025974	13761241015.460863
0.139000	0.059772	13001187665.270264
0.141000	0.014644	14025853238.802929
0.143000	0.010996	14112119927.054018
0.145000	0.000000	14375399827.722883
0.147000	0.070449	12769919646.318567
0.149000	0.079014	12587365446.201925
0.151000	0.112773	11892940120.250868
0.153000	0.201767	10240439290.769245
0.155000	0.259231	9297505377.747305
0.157000	0.303869	8625384313.411539
0.159000	0.361468	7829386953.029655
0.161000	0.501199	6190356711.342239
0.163000	0.666276	4690292746.742149
0.165000	0.752361	4058381174.174686
0.167000	0.920746	3057893967.337055
0.169000	1.056050	2435806820.860268
0.171000	1.164090	2031268378.602890
0.173000	1.292735	1636247964.834446
0.175000	1.332890	1529445166.338825
0.177000	1.330860	1534673530.947955
0.179000	1.270292	1699156894.331673
0.181000	1.254335	1745351637.605654
0.183000	1.251378	1754049958.664329
0.185000	1.155639	2060331564.511278
0.187000	1.090529	2298642216.956804
0.189000	1.046749	2474188236.931865
0.191000	0.958544	2869641787.090118
0.193000	0.991912	2713107833.994931
0.195000	0.915880	3083007425.375122
0.197000	0.894679	3194864934.114371
0.199000	0.878218	3284510360.486526
0.201000	0.861983	3375378938.294738
0.203000	0.817137	3639674976.419102
0.205000	0.820472	3619330808.247623
0.207000	0.810024	3683460149.046119
0.209000	0.783079	3854137394.261305
0.211000	0.781606	3863696281.012482
0.213000	0.737806	4158906302.795394
0.215000	0.719304	4290287805.057557
0.217000	0.715184	4320105519.437858
0.219000	0.700241	4430003552.241097
0.221000	0.713530	4332134635.226834
0.223000	0.751043	4067385760.928457
0.225000	0.765670	3968597554.365776
0.227000	0.793971	3784209531.298959
0.229000	0.826194	3584683058.725835
0.231000	0.853787	3422207489.848183
0.233000	0.896393	3185674114.680502
0.235000	0.902283	3154291063.180604
0.237000	0.949433	2913932570.863216
0.239000	0.949913	2911580926.720099
0.241000	0.985631	2741906699.187704
0.243000	0.978134	2776679186.918992
0.245000	1.042703	2491073367.904584
0.247000	1.043615	2487260936.723270
0.249000	1.040826	2498947393.467172
0.251000	1.084659	2321436655.329534
0.253000	1.090495	2298771236.969025
0.255000	1.108484	2230296524.440646
0.257000	1.122808	2177235665.591147
0.259000	1.146210	2093247141.374627
0.261000	1.170781	2008548703.592533
0.263000	1.223148	1839297274.415307
0.265000	1.276494	1681536503.292242
0.267000	1.327984	1542109357.150036
0.269000	1.383679	1404283626.033563
0.271000	1.448852	1258563152.940676
0.273000	1.506821	1141706053.287772
0.275000	1.572585	1022215415.929519
0.277000	1.661432	880397496.428934
0.279000	1.783673	716863432.095662
0.281000	1.892971	596544146.578123
0.283000	1.993083	504144110.007985
0.285000	2.136590	396083464.488407
0.287000	2.220307	344087192.495737
0.289000	2.353717	274960871.693105
0.291000	2.376327	264706518.141184
0.293000	2.463606	228584053.019788
0.295000	2.488673	219151912.215508
0.297000	2.517773	208689772.009997
0.299000	2.495960	216483761.522267
0.301000	2.530112	204405639.812347
0.303000	2.529677	204555192.444322
0.305000	2.535036	202720654.322924
0.307000	2.533758	203156556.916620
0.309000	2.567960	191805635.404006
0.311000	2.583557	186842072.113523
0.313000	2.635382	171253629.537703
0.315000	2.645591	168339601.495349
0.317000	2.691139	155931503.743256
0.319000	2.715360	149710131.109222
0.321000	2.758478	139242696.361773
0.323000	2.793962	131179886.278723
0.325000	2.834655	122506480.761587
0.327000	2.962119	98878724.347091
0.329000	3.047853	85607564.525894
0.331000	3.169200	69810662.220735
0.333000	3.305052	55557442.943519
0.335000	3.417445	45992697.691871
0.337000	3.576507	35201757.695824
0.339000	3.704653	28379852.801135
0.341000	3.847613	22317296.297823
0.343000	3.954688	18641038.414435
0.345000	4.086759	14929694.721911
0.347000	4.182969	12700245.468860
0.349000	4.290598	10598315.484213
0.351000	4.428285	8408471.734433
0.353000	4.549557	6857750.729074
0.355000	4.651197	5780678.948399
0.357000	4.775137	4693488.489884
0.359000	4.906956	3760622.797077
0.361000	5.008355	3171268.481822
0.363000	5.082631	2799026.186130
0.365000	5.226626	2197264.094898
0.367000	5.305818	1923393.309597
0.369000	5.361514	1751486.905691
0.371000	5.402921	1633717.288794
0.373000	5.438017	1540121.313376
0.375000	5.473267	1451511.766540
0.377000	5.503174	1380340.630866
0.379000	5.563285	1247675.975799
0.381000	5.618400	1137274.167783
0.383000	5.681838	1022236.197638
0.385000	5.752874	907175.464830
0.387000	5.814390	818052.281617
0.389000	5.888897	721749.749038
0.391000	5.959075	641434.765631
0.393000	6.015408	583480.864153
0.395000	6.122057	487715.421919
0.397000	6.228450	407843.331843
0.399000	6.318895	350318.703110

# Dumping simulation biases, in the metadata file order 
# Window  F (free energy units)
# 0	0.000000
# 1	-8.536893
# 2	-13.386972
# 3	-15.308857
# 4	-15.207941
# 5	-14.732162
# 6	-14.674055
# 7	-13.950539
# 8	-12.849899
# 9	-11.252654
# 10	-9.380630
#Iteration 410:  0.000127
#Iteration 420:  0.000117
#Iteration 430:  0.000107
#Iteration 440:  0.000098
#Iteration 450:  0.000090
#Iteration 460:  0.000082
#Iteration 470:  0.000075
#Iteration 480:  0.000069
#Iteration 490:  0.000063
#Iteration 500:  0.000058
0.001000	inf	0.000000
0.003000	inf	0.000000
0.005000	inf	0.000000
0.007000	inf	0.000000
0.009000	inf	0.000000
0.011000	inf	0.000000
0.013000	inf	0.000000
0.015000	inf	0.000000
0.017000	inf	0.000000
0.019000	inf	0.000000
0.021000	inf	0.000000
0.023000	inf	0.000000
0.025000	inf	0.000000
0.027000	inf	0.000000
0.029000	inf	0.000000
0.031000	inf	0.000000
0.033000	inf	0.000000
0.035000	inf	0.000000
0.037000	inf	0.000000
0.039000	inf	0.000000
0.041000	inf	0.000000
0.043000	inf	0.000000
0.045000	inf	0.000000
0.047000	inf	0.000000
0.049000	inf	0.000000
0.051000	inf	0.000000
0.053000	inf	0.000000
0.055000	inf	0.000000
0.057000	inf	0.000000
0.059000	inf	0.000000
0.061000	inf	0.000000
0.063000	inf	0.000000
0.065000	inf	0.000000
0.067000	inf	0.000000
0.069000	inf	0.000000
0.071000	12.491145	10.873004
0.073000	10.083138	622.777251
0.075000	8.885221	4665.314799
0.077000	7.678605	35463.373645
0.079000	6.660983	196201.618478
0.081000	5.744258	916146.208881
0.083000	4.911276	3716118.186275
0.085000	4.224242	11794077.762993
0.087000	3.630588	31993743.102471
0.089000	3.132721	73881646.003963
0.091000	2.735720	144002576.301081
0.093000	2.407790	249906924.943066
0.095000	2.130045	398609799.893569
0.097000	1.884866	601925121.653705
0.099000	1.633710	918123852.152699
0.101000	1.403961	1350923357.234297
0.103000	1.189755	1936482173.119561
0.105000	0.985331	2730580756.773736
0.107000	0.820195	3604242785.450672
0.109000	0.700975	4404041481.672688
0.111000	0.598107	5235407534.228080
0.113000	0.507701	6094696124.221757
0.115000	0.416632	7102941124.006779
0.117000	0.366694	7724948956.495328
0.119000	0.294661	8719345136.490719
0.121000	0.220935	9869781899.089958
0.123000	0.186794	10452802886.681871
0.125000	0.105402	11985421737.431488
0.127000	0.080641	12494839436.324841
0.129000	0.050218	13150467791.755295
0.131000	0.063503	12860033903.252190
0.133000	0.057496	12990554924.326641
0.135000	0.042817	13315085866.989264
0.137000	0.025175	13715881855.919222
0.139000	0.059160	12954262226.610952
0.141000	0.014237	13970423480.002119
0.143000	0.010798	14051419598.178410
0.145000	0.000000	14308798551.495817
0.147000	0.070626	12706972948.386305
0.149000	0.079344	12522119322.363480
0.151000	0.113231	11828719311.048805
0.153000	0.202340	10183180908.590132
0.155000	0.259915	9243801489.475103
0.157000	0.304672	8573835989.725410
0.159000	0.362416	7780704825.348034
0.161000	0.502335	6149928614.733796
0.163000	0.667662	4657698596.080137
0.165000	0.754083	4027907493.213858
0.167000	0.922906	3032697306.880034
0.169000	1.058759	2413504263.700999
0.171000	1.167451	2010466374.338747
0.173000	1.296817	1617530887.020593
0.175000	1.337709	1510076616.453382
0.177000	1.336376	1513464230.548736
0.179000	1.276420	1673954164.839612
0.181000	1.260964	1718015817.601856
0.183000	1.258396	1725448824.825733
0.185000	1.162946	2025749718.880729
0.187000	1.098045	2259266443.973618
0.189000	1.054413	2431201353.318668
0.191000	0.966311	2819294309.120765
0.193000	0.999752	2665182398.682565
0.195000	0.923772	3028285079.637387
0.197000	0.902609	3137953593.818775
0.199000	0.886179	3225831303.493159
0.201000	0.869974	3314912986.888137
0.203000	0.825160	3574283993.752024
0.205000	0.828533	3554073893.651434
0.207000	0.818136	3616736695.979768
0.209000	0.791261	3783880671.279233
0.211000	0.789882	3792662353.634653
0.213000	0.746208	4081578159.925550
0.215000	0.727869	4209365407.712872
0.217000	0.723948	4237202291.623604
0.219000	0.709233	4343322675.967656
0.221000	0.722766	4245630037.738513
0.223000	0.760519	3984559475.696425
0.225000	0.775365	3886350412.601174
0.227000	0.803854	3704617651.511497
0.229000	0.836229	3508392481.717889
0.231000	0.863941	3348702932.426542
0.233000	0.906641	3116759046.861961
0.235000	0.912607	3085658462.999017
0.237000	0.959825	2850204743.764597
0.239000	0.960373	2847579617.023162
0.241000	0.996167	2681290376.516935
0.243000	0.988764	2714866754.663179
0.245000	1.053452	2435132141.601217
0.247000	1.054514	2430790373.643318
0.249000	1.051910	2441454639.626858
0.251000	1.095956	2267211400.163136
0.253000	1.102025	2244198465.889144
0.255000	1.120248	2176494338.554363
0.257000	1.134789	2123937274.989085
0.259000	1.158380	2041358812.696064
0.261000	1.183104	1958254798.410840
0.263000	1.235590	1792880892.467575
0.265000	1.289027	1638850710.192948
0.267000	1.340587	1502787773.075155
0.269000	1.396337	1368350058.081209
0.271000	1.461557	1226260638.424895
0.273000	1.519572	1112315990.256446
0.275000	1.585389	995814212.665151
0.277000	1.674301	857565903.588215
0.279000	1.796626	698173061.052565
0.281000	1.906037	580879810.233893
0.283000	2.006300	490782149.484429
0.285000	2.149999	385461148.056692
0.287000	2.233949	334727941.394928
0.289000	2.367626	267362182.516806
0.291000	2.390518	257269279.963979
0.293000	2.478072	222058775.102386
0.295000	2.503389	212806597.671870
0.297000	2.532699	202575655.621551
0.299000	2.511054	210082105.302399
0.301000	2.545333	198318617.886448
0.303000	2.544993	198432270.873349
0.305000	2.550421	196629891.426225
0.307000	2.549194	197035860.773506
0.309000	2.583435	186014654.870474
0.311000	2.599065	181190901.381194
0.313000	2.650921	166065180.084200
0.315000	2.661164	163230128.852188
0.317000	2.706752	151188406.886412
0.319000	2.731023	145144081.260451
0.321000	2.774203	134981824.252130
0.323000	2.809762	127149811.781259
0.325000	2.850539	118725950.314428
0.327000	2.978093	95812853.644294
0.329000	3.063916	82940857.383621
0.331000	3.185343	67626884.492754
0.333000	3.321263	53813344.992820
0.335000	3.433711	44544764.051925
0.337000	3.592815	34091135.726161
0.339000	3.720993	27483011.916200
0.341000	3.863976	21611188.903011
0.343000	3.971070	18050699.831153
0.345000	4.103155	14456528.780504
0.347000	4.199379	12297452.047540
0.349000	4.307023	10261931.239593
0.351000	4.444728	8141348.598255
0.353000	4.566023	6639633.642493
0.355000	4.667693	5596527.756134
0.357000	4.791675	4543654.235411
0.359000	4.923549	3640236.975057
0.361000	5.025015	3069397.688976
0.363000	5.099372	2708745.331138
0.365000	5.243457	2126073.701589
0.367000	5.322739	1860790.541103
0.369000	5.378522	1694233.591485
0.371000	5.420005	1580112.843361
0.373000	5.455163	1489432.690670
0.375000	5.490461	1403625.988849
0.377000	5.520404	1334722.589355
0.379000	5.580541	1206390.088102
0.381000	5.635673	1099608.032267
0.383000	5.699124	988359.262656
0.385000	5.770168	877099.005193
0.387000	5.831690	790922.870039
0.389000	5.906201	697809.448129
0.391000	5.976382	620155.740026
0.393000	6.032716	564122.723766
0.395000	6.139367	471533.547686
0.397000	6.245761	394310.999775
0.399000	6.336206	338694.747524

# Dumping simulation biases, in the metadata file order 
# Window  F (free energy units)
# 0	0.000000
# 1	-8.536770
# 2	-13.386487
# 3	-15.307473
# 4	-15.204563
# 5	-14.721520
# 6	-14.661017
# 7	-13.935199
# 8	-12.831783
# 9	-11.233656
# 10	-9.360731
#Iteration 510:  0.000053
#Iteration 520:  0.000048
#Iteration 530:  0.000044
#Iteration 540:  0.000041
#Iteration 550:  0.000037
#Iteration 560:  0.000034
#Iteration 570:  0.000031
#Iteration 580:  0.000029
#Iteration 590:  0.000026
#Iteration 600:  0.000024
0.001000	inf	0.000000
0.003000	inf	0.000000
0.005000	inf	0.000000
0.007000	inf	0.000000
0.009000	inf	0.000000
0.011000	inf	0.000000
0.013000	inf	0.000000
0.015000	inf	0.000000
0.017000	inf	0.000000
0.019000	inf	0.000000
0.021000	inf	0.000000
0.023000	inf	0.000000
0.025000	inf	0.000000
0.027000	inf	0.000000
0.029000	inf	0.000000
0.031000	inf	0.000000
0.033000	inf	0.000000
0.035000	inf	0.000000
0.037000	inf	0.000000
0.039000	inf	0.000000
0.041000	inf	0.000000
0.043000	inf	0.000000
0.045000	inf	0.000000
0.047000	inf	0.000000
0.049000	inf	0.000000
0.051000	inf	0.000000
0.053000	inf	0.000000
0.055000	inf	0.000000
0.057000	inf	0.000000
0.059000	inf	0.000000
0.061000	inf	0.000000
0.063000	inf	0.000000
0.065000	inf	0.000000
0.067000	inf	0.000000
0.069000	inf	0.000000
0.071000	12.489998	10.872984
0.073000	10.081992	622.775538
0.075000	8.884076	4665.295737
0.077000	7.677461	35463.159105
0.079000	6.659841	196199.869782
0.081000	5.743118	916134.262782
0.083000	4.910139	3716047.962771
0.085000	4.223110	11793758.747481
0.087000	3.629463	31992523.324445
0.089000	3.131605	73877747.018699
0.091000	2.734615	143992267.496605
0.093000	2.406698	249883177.163488
0.095000	2.128970	398560658.955978
0.097000	1.883811	601831157.145632
0.099000	1.632676	917946887.847060
0.101000	1.402952	1350609766.529686
0.103000	1.188770	1935952701.391491
0.105000	0.984371	2729716303.983836
0.107000	0.819262	3602935738.587198
0.109000	0.700073	4402221081.424587
0.111000	0.597239	5232944965.571212
0.113000	0.506871	6091439926.997399
0.115000	0.415843	7098652807.581535
0.117000	0.365948	7719729936.434002
0.119000	0.293957	8712841888.854929
0.121000	0.220270	9861776133.845646
0.123000	0.186164	10443707065.300611
0.125000	0.104805	11974346896.975973
0.127000	0.080074	12482647336.315653
0.129000	0.049683	13136923977.800249
0.131000	0.063005	12845994414.446424
0.133000	0.057043	12975400851.110382
0.135000	0.042419	13298323425.416082
0.137000	0.024844	13697076658.502815
0.139000	0.058906	12934811697.280704
0.141000	0.014068	13947453955.435173
0.143000	0.010715	14026273455.534498
0.145000	0.000000	14281216052.625803
0.147000	0.070700	12680910962.935619
0.149000	0.079480	12495111195.780090
0.151000	0.113422	11802139845.876303
0.153000	0.202578	10159485412.522078
0.155000	0.260199	9221577999.584995
0.157000	0.305006	8552504498.762972
0.159000	0.362810	7760558688.649525
0.161000	0.502807	6133197388.176260
0.163000	0.668240	4644209048.936439
0.165000	0.754800	4015296149.419724
0.167000	0.923806	3022271978.047255
0.169000	1.059889	2404280476.088680
0.171000	1.168852	2001869392.089044
0.173000	1.298518	1609803138.352885
0.175000	1.339716	1502089059.045573
0.177000	1.338672	1504727887.320139
0.179000	1.278968	1663584265.621385
0.181000	1.263720	1706778733.414454
0.183000	1.261312	1713700328.203321
0.185000	1.165982	2011552494.043901
0.187000	1.101167	2243107728.662361
0.189000	1.057596	2413565859.249016
0.191000	0.969537	2798643298.428580
0.193000	1.003007	2645527601.778437
0.195000	0.927048	3005844985.930603
0.197000	0.905902	3114617478.680748
0.199000	0.889485	3201771595.473042
0.201000	0.873292	3290121660.268214
0.203000	0.828491	3547474435.146364
0.205000	0.831880	3527320438.104367
0.207000	0.821504	3589383422.638548
0.209000	0.794658	3755080905.596899
0.211000	0.793318	3763546704.113611
0.213000	0.749698	4049886620.081134
0.215000	0.731426	4176206388.124707
0.217000	0.727588	4203238838.601306
0.219000	0.712968	4307820668.179484
0.221000	0.726602	4210210277.451353
0.223000	0.764455	3950655677.102085
0.225000	0.779392	3852692914.898733
0.227000	0.807958	3672054575.356734
0.229000	0.840396	3477186230.180401
0.231000	0.868158	3318640989.326375
0.233000	0.910896	3088577544.422710
0.235000	0.916894	3057595175.564034
0.237000	0.964140	2824149097.291904
0.239000	0.964716	2821414158.193416
0.241000	1.000543	2656510817.503450
0.243000	0.993178	2689600686.047592
0.245000	1.057916	2412268748.964348
0.247000	1.059040	2407714254.153665
0.249000	1.056513	2417965429.010405
0.251000	1.100649	2245062372.290839
0.253000	1.106814	2221913380.191664
0.255000	1.125134	2154529958.268445
0.257000	1.139766	2102184291.772643
0.259000	1.163434	2020186271.220835
0.261000	1.188222	1937736824.115608
0.263000	1.240758	1773947691.861429
0.265000	1.294232	1621441243.324973
0.267000	1.345821	1486751817.389667
0.269000	1.401593	1353696787.290370
0.271000	1.466833	1213088809.692064
0.273000	1.524868	1100332382.931743
0.275000	1.590706	985049891.958503
0.277000	1.679645	848257609.133072
0.279000	1.802006	690553776.843719
0.281000	1.911465	574494856.942896
0.283000	2.011790	485336519.676735
0.285000	2.155568	381132937.374307
0.287000	2.239616	330915361.018544
0.289000	2.373404	264267719.013484
0.291000	2.396412	254241567.823416
0.293000	2.484081	219403211.930837
0.295000	2.509502	210225077.394204
0.297000	2.538899	200088864.377582
0.299000	2.517324	207478929.966871
0.301000	2.551656	195843800.911147
0.303000	2.551354	195943168.937480
0.305000	2.556811	194154088.933311
0.307000	2.555605	194548057.919052
0.309000	2.589862	183660987.599383
0.311000	2.605506	178894154.111682
0.313000	2.657375	163956573.087835
0.315000	2.667632	161153702.104753
0.317000	2.713237	149260961.061493
0.319000	2.737529	143288688.526568
0.321000	2.780735	133250562.382468
0.323000	2.816324	125512467.390040
0.325000	2.857137	117190142.125378
0.327000	2.984728	94567501.000620
0.329000	3.070587	81857757.555400
0.331000	3.192049	66740014.505054
0.333000	3.327997	53105094.657425
0.335000	3.440467	43956820.154223
0.337000	3.599589	33640182.607026
0.339000	3.727780	27118875.610483
0.341000	3.870772	21324502.553630
0.343000	3.977874	17811021.919631
0.345000	4.109965	14264426.447508
0.347000	4.206195	12133923.148630
0.349000	4.313845	10125365.923400
0.351000	4.451557	8032904.107704
0.353000	4.572862	6551086.543114
0.355000	4.674545	5521772.108659
0.357000	4.798544	4482832.303745
0.359000	4.930440	3591372.001542
0.361000	5.031935	3028051.240981
0.363000	5.106326	2672106.315180
0.365000	5.250447	2097185.235752
0.367000	5.329768	1835389.583383
0.369000	5.385586	1671005.538435
0.371000	5.427101	1558367.123635
0.373000	5.462284	1468871.364794
0.375000	5.497602	1384202.737516
0.377000	5.527560	1316219.971410
0.379000	5.587708	1189645.110584
0.381000	5.642848	1084331.512817
0.383000	5.706304	974619.766152
0.385000	5.777352	864900.998449
0.387000	5.838876	779920.165822
0.389000	5.913389	688100.178102
0.391000	5.983571	611525.809376
0.393000	6.039905	556271.845207
0.395000	6.146556	464970.843739
0.397000	6.252951	388822.846726
0.399000	6.343396	333980.555961

# Dumping simulation biases, in the metadata file order 
# Window  F (free energy units)
# 0	0.000000
# 1	-8.536719
# 2	-13.386285
# 3	-15.306899
# 4	-15.203159
# 5	-14.717101
# 6	-14.655602
# 7	-13.928828
# 8	-12.824258
# 9	-11.225764
# 10	-9.352466
#Iteration 610:  0.000022
#Iteration 620:  0.000020
#Iteration 630:  0.000018
#Iteration 640:  0.000017
#Iteration 650:  0.000015
#Iteration 660:  0.000014
#Iteration 670:  0.000013
#Iteration 680:  0.000012
#Iteration 690:  0.000011
#Iteration 700:  0.000010
0.001000	inf	0.000000
0.003000	inf	0.000000
0.005000	inf	0.000000
0.007000	inf	0.000000
0.009000	inf	0.000000
0.011000	inf	0.000000
0.013000	inf	0.000000
0.015000	inf	0.000000
0.017000	inf	0.000000
0.019000	inf	0.000000
0.021000	inf	0.000000
0.023000	inf	0.000000
0.025000	inf	0.000000
0.027000	inf	0.000000
0.029000	inf	0.000000
0.031000	inf	0.000000
0.033000	inf	0.000000
0.035000	inf	0.000000
0.037000	inf	0.000000
0.039000	inf	0.000000
0.041000	inf	0.000000
0.043000	inf	0.000000
0.045000	inf	0.000000
0.047000	inf	0.000000
0.049000	inf	0.000000
0.051000	inf	0.000000
0.053000	inf	0.000000
0.055000	inf	0.000000
0.057000	inf	0.000000
0.059000	inf	0.000000
0.061000	inf	0.000000
0.063000	inf	0.000000
0.065000	inf	0.000000
0.067000	inf	0.000000
0.069000	inf	0.000000
0.071000	12.489522	10.872975
0.073000	10.081516	622.774827
0.075000	8.883600	4665.287820
0.077000	7.676986	35463.069996
0.079000	6.659366	196199.143464
0.081000	5.742644	916129.301002
0.083000	4.909667	3716018.795712
0.085000	4.222640	11793626.246139
0.087000	3.628996	31992016.699081
0.089000	3.131141	73876127.617608
0.091000	2.734156	143987985.892115
0.093000	2.406245	249873314.029556
0.095000	2.128524	398540249.711320
0.097000	1.883373	601792132.699254
0.099000	1.632247	917873394.791371
0.101000	1.402532	1350479536.607124
0.103000	1.188361	1935732825.495536
0.105000	0.983973	2729357328.990756
0.107000	0.818875	3602392985.088105
0.109000	0.699698	4401465178.313735
0.111000	0.596879	5231922443.291491
0.113000	0.506527	6090087928.532785
0.115000	0.415515	7096872361.211992
0.117000	0.365638	7717563208.627379
0.119000	0.293664	8710142172.291996
0.121000	0.219994	9858452868.469645
0.123000	0.185902	10439931499.105911
0.125000	0.104556	11969750049.622234
0.127000	0.079838	12477586903.647364
0.129000	0.049461	13131302642.528383
0.131000	0.062798	12840167482.093634
0.133000	0.056854	12969111495.116442
0.135000	0.042253	13291366831.781536
0.137000	0.024706	13689272773.760281
0.139000	0.058801	12926740703.140047
0.141000	0.013998	13937923794.940062
0.143000	0.010681	14015841490.093729
0.145000	0.000000	14269774769.949442
0.147000	0.070730	12670101595.805946
0.149000	0.079537	12483910424.739567
0.151000	0.113501	11791117577.387043
0.153000	0.202677	10149659510.175247
0.155000	0.260317	9212362676.930952
0.157000	0.305145	8543659056.260220
0.159000	0.362974	7752204648.644708
0.161000	0.503004	6126259270.439886
0.163000	0.668480	4638615126.277833
0.165000	0.755099	4010066517.507076
0.167000	0.924181	3017949213.980609
0.169000	1.060359	2400456630.547644
0.171000	1.169435	1998306474.034568
0.173000	1.299225	1606601773.180870
0.175000	1.340550	1498781641.040391
0.177000	1.339626	1501112193.406330
0.179000	1.280028	1659294444.898308
0.181000	1.264865	1702131970.581458
0.183000	1.262524	1708843576.606300
0.185000	1.167243	2005684814.405054
0.187000	1.102463	2236430496.430799
0.189000	1.058918	2406279253.520102
0.191000	0.970876	2790111460.020822
0.193000	1.004359	2637407814.108016
0.195000	0.928409	2996574911.180264
0.197000	0.907269	3104977531.275660
0.199000	0.890857	3191832950.805037
0.201000	0.874670	3279880975.516067
0.203000	0.829874	3536400248.729852
0.205000	0.833270	3516269620.560309
0.207000	0.822903	3578085086.843802
0.209000	0.796069	3743185430.360228
0.211000	0.794745	3751521220.225215
0.213000	0.751146	4036797916.177513
0.215000	0.732903	4162512563.197838
0.217000	0.729100	4189214043.021869
0.219000	0.714519	4293162095.755688
0.221000	0.728195	4195587384.285420
0.223000	0.766089	3936660328.273369
0.225000	0.781064	3838800817.267976
0.227000	0.809663	3658615536.379527
0.229000	0.842126	3464308218.787441
0.231000	0.869909	3306236007.534837
0.233000	0.912663	3076949107.048490
0.235000	0.918674	3046015978.955872
0.237000	0.965932	2813398636.092347
0.239000	0.966520	2810618731.316879
0.241000	1.002360	2646287536.056476
0.243000	0.995012	2679177105.356767
0.245000	1.059770	2402836877.186562
0.247000	1.060920	2398195244.469116
0.249000	1.058424	2408276807.139338
0.251000	1.102597	2235927429.124541
0.253000	1.108803	2212723329.513118
0.255000	1.127163	2145473192.845261
0.257000	1.141832	2093215671.614080
0.259000	1.165533	2011457807.880835
0.261000	1.190348	1929278887.583000
0.263000	1.242904	1766143525.832058
0.265000	1.296394	1614265498.673507
0.267000	1.347995	1480142440.647058
0.269000	1.403777	1347657468.189108
0.271000	1.469025	1207660191.048872
0.273000	1.527067	1095393583.109948
0.275000	1.592915	980613698.573285
0.277000	1.681865	844421579.787978
0.279000	1.804240	687413916.320824
0.281000	1.913719	571863783.694749
0.283000	2.014070	483092662.575218
0.285000	2.157881	379349661.061251
0.287000	2.241969	329344697.665298
0.289000	2.375803	262993056.963483
0.291000	2.398860	252994572.927188
0.293000	2.486577	218309642.026538
0.295000	2.512041	209162135.673961
0.297000	2.541474	199065041.299879
0.299000	2.519928	206407287.583455
0.301000	2.554281	194825070.172266
0.303000	2.553996	194918610.872735
0.305000	2.559464	193135043.661731
0.307000	2.558267	193524101.708740
0.309000	2.592531	182692260.794245
0.311000	2.608181	177948870.923872
0.313000	2.660055	163088737.523682
0.315000	2.670318	160299125.183140
0.317000	2.715930	148467714.323827
0.319000	2.740230	142525113.680855
0.321000	2.783447	132538093.822234
0.323000	2.819049	124838672.801126
0.325000	2.859877	116558157.142671
0.327000	2.987484	94055060.813053
0.329000	3.073358	81412100.757547
0.331000	3.194833	66375113.751034
0.333000	3.330793	52813696.471468
0.335000	3.443273	43714926.730207
0.337000	3.602402	33454654.197601
0.339000	3.730598	26969067.214371
0.341000	3.873595	21206559.034456
0.343000	3.980699	17712418.680478
0.345000	4.112793	14185396.329853
0.347000	4.209025	12066648.475835
0.349000	4.316678	10069184.279829
0.351000	4.454393	7988291.472239
0.353000	4.575702	6514659.826486
0.355000	4.677391	5491019.397845
0.357000	4.801396	4457812.081599
0.359000	4.933302	3571271.007980
0.361000	5.034809	3011043.601022
0.363000	5.109214	2657035.632842
0.365000	5.253351	2085303.088545
0.367000	5.332687	1824942.350763
0.369000	5.388520	1661452.410294
0.371000	5.430048	1549423.977099
0.373000	5.465242	1460415.573022
0.375000	5.500568	1376215.168150
0.377000	5.530532	1308611.137675
0.379000	5.590684	1182759.160821
0.381000	5.645827	1078049.486826
0.383000	5.709286	968969.832102
0.385000	5.780335	859884.975145
0.387000	5.841860	775395.684137
0.389000	5.916374	684107.584456
0.391000	5.986556	607977.060604
0.393000	6.042891	553043.456510
0.395000	6.149542	462272.171697
0.397000	6.255937	386566.045363
0.399000	6.346383	332042.018356

# Dumping simulation biases, in the metadata file order 
# Window  F (free energy units)
# 0	0.000000
# 1	-8.536698
# 2	-13.386202
# 3	-15.306660
# 4	-15.202577
# 5	-14.715265
# 6	-14.653353
# 7	-13.926182
# 8	-12.821133
# 9	-11.222487
# 10	-9.349033
#Iteration 710:  0.000009
#Iteration 720:  0.000008
#Iteration 730:  0.000008
#Iteration 740:  0.000007
#Iteration 750:  0.000006
#Iteration 760:  0.000006
#Iteration 770:  0.000005
#Iteration 780:  0.000005
#Iteration 790:  0.000005
#Iteration 800:  0.000004
0.001000	inf	0.000000
0.003000	inf	0.000000
0.005000	inf	0.000000
0.007000	inf	0.000000
0.009000	inf	0.000000
0.011000	inf	0.000000
0.013000	inf	0.000000
0.015000	inf	0.000000
0.017000	inf	0.000000
0.019000	inf	0.000000
0.021000	inf	0.000000
0.023000	inf	0.000000
0.025000	inf	0.000000
0.027000	inf	0.000000
0.029000	inf	0.000000
0.031000	inf	0.000000
0.033000	inf	0.000000
0.035000	inf	0.000000
0.037000	inf	0.000000
0.039000	inf	0.000000
0.041000	inf	0.000000
0.043000	inf	0.000000
0.045000	inf	0.000000
0.047000	inf	0.000000
0.049000	inf	0.000000
0.051000	inf	0.000000
0.053000	inf	0.000000
0.055000	inf	0.000000
0.057000	inf	0.000000
0.059000	inf	0.000000
0.061000	inf	0.000000
0.063000	inf	0.000000
0.065000	inf	0.000000
0.067000	inf	0.000000
0.069000	inf	0.000000
0.071000	12.489324	10.872972
0.073000	10.081318	622.774532
0.075000	8.883403	4665.284532
0.077000	7.676788	35463.032988
0.079000	6.659169	196198.841822
0.081000	5.742448	916127.240364
0.083000	4.909471	3716006.682578
0.085000	4.222445	11793571.218176
0.087000	3.628802	31991806.297447
0.089000	3.130949	73875455.082065
0.091000	2.733965	143986207.754147
0.093000	2.406057	249869217.923320
0.095000	2.128339	398531773.930597
0.097000	1.883191	601775926.352243
0.099000	1.632069	917842874.435835
0.101000	1.402358	1350425455.116255
0.103000	1.188191	1935641517.208000
0.105000	0.983807	2729208258.453813
0.107000	0.818715	3602167599.833995
0.109000	0.699543	4401151283.658862
0.111000	0.596729	5231497838.967180
0.113000	0.506383	6089526518.763752
0.115000	0.415379	7096133057.419995
0.117000	0.365510	7716663530.189613
0.119000	0.293543	8709021213.362690
0.121000	0.219879	9857073037.534386
0.123000	0.185794	10438363904.336084
0.125000	0.104453	11967841495.379398
0.127000	0.079740	12475485901.566519
0.129000	0.049369	13128968787.328630
0.131000	0.062712	12837748290.238571
0.133000	0.056776	12966500346.606592
0.135000	0.042185	13288478714.787624
0.137000	0.024649	13686032975.124775
0.139000	0.058757	12923390133.200781
0.141000	0.013968	13933967650.122364
0.143000	0.010667	14011511210.772928
0.145000	0.000000	14265025769.527779
0.147000	0.070743	12665615095.574455
0.149000	0.079560	12479261644.333908
0.151000	0.113534	11786543008.367132
0.153000	0.202718	10145581539.197981
0.155000	0.260366	9208538140.784941
0.157000	0.305202	8539988027.248307
0.159000	0.363042	7748737539.907307
0.161000	0.503086	6123379775.387787
0.163000	0.668580	4636293495.042921
0.165000	0.755223	4007896096.724411
0.167000	0.924337	3016155230.481913
0.169000	1.060555	2398869825.517920
0.171000	1.169678	1996828133.798870
0.173000	1.299519	1605273675.818470
0.175000	1.340897	1497409819.189215
0.177000	1.340022	1499612813.080019
0.179000	1.280467	1657515848.475450
0.181000	1.265340	1700205691.396850
0.183000	1.263027	1706830504.271602
0.185000	1.167767	2003252956.594840
0.187000	1.103002	2233663313.243713
0.189000	1.059467	2403259683.119808
0.191000	0.971433	2786575987.504783
0.193000	1.004920	2634043170.395380
0.195000	0.928974	2992733680.559738
0.197000	0.907837	3100983084.409769
0.199000	0.891427	3187714771.063565
0.201000	0.875242	3275637673.051732
0.203000	0.830448	3531811609.713546
0.205000	0.833847	3511690697.968003
0.207000	0.823484	3573403646.531619
0.209000	0.796654	3738256624.734571
0.211000	0.795338	3746538626.290015
0.213000	0.751748	4031374909.719108
0.215000	0.733517	4156839002.473556
0.217000	0.729727	4183403569.309281
0.219000	0.715163	4287089314.892594
0.221000	0.728857	4189529680.344471
0.223000	0.766768	3930862881.710657
0.225000	0.781758	3833046412.958525
0.227000	0.810371	3653049028.431610
0.229000	0.842845	3458974272.184748
0.231000	0.870636	3301098123.139756
0.233000	0.913397	3072132951.710635
0.235000	0.919413	3041220297.071841
0.237000	0.966676	2808946248.524161
0.239000	0.967269	2806147779.717415
0.241000	1.003114	2642053599.407910
0.243000	0.995773	2674860287.604846
0.245000	1.060540	2398930847.711809
0.247000	1.061701	2394253234.851280
0.249000	1.059218	2404264693.553609
0.251000	1.103407	2232144750.361841
0.253000	1.109629	2208918004.381479
0.255000	1.128006	2141723234.281209
0.257000	1.142690	2089502377.656448
0.259000	1.166405	2007844091.490461
0.261000	1.191230	1925777289.987489
0.263000	1.243795	1762912674.926082
0.265000	1.297292	1611294867.735007
0.267000	1.348897	1477406317.371604
0.269000	1.404683	1345157364.361457
0.271000	1.469935	1205412921.362056
0.273000	1.527981	1093349100.687768
0.275000	1.593832	978777294.400038
0.277000	1.682786	842833637.458147
0.279000	1.805168	686114175.754326
0.281000	1.914655	570774676.693897
0.283000	2.015017	482163864.887926
0.285000	2.158842	378611537.142904
0.287000	2.242947	328694606.008889
0.289000	2.376800	262465506.567983
0.291000	2.399877	252478502.656845
0.293000	2.487614	217857092.884819
0.295000	2.513095	208722284.840412
0.297000	2.542543	198641397.517441
0.299000	2.521009	205963873.401193
0.301000	2.555372	194403561.404497
0.303000	2.555093	194494700.075591
0.305000	2.560566	192713420.387797
0.307000	2.559373	193100451.443660
0.309000	2.593640	182291464.579331
0.311000	2.609292	177557776.964324
0.313000	2.661168	162729688.503481
0.315000	2.671434	159945564.102400
0.317000	2.717049	148139529.806240
0.319000	2.741352	142209208.236003
0.321000	2.784574	132243335.631172
0.323000	2.820181	124559918.689168
0.325000	2.861015	116296704.415320
0.327000	2.988628	93843067.706733
0.329000	3.074509	81227738.805302
0.331000	3.195990	66224161.925785
0.333000	3.331955	52693152.822533
0.335000	3.444438	43614863.014977
0.337000	3.603570	33377907.589981
0.339000	3.731769	26907097.131369
0.341000	3.874767	21157770.487061
0.343000	3.981873	17671630.590286
0.345000	4.113968	14152704.931481
0.347000	4.210201	12038819.882322
0.349000	4.317854	10045944.455809
0.351000	4.455571	7969837.291717
0.353000	4.576881	6499591.849013
0.355000	4.678573	5478298.559652
0.357000	4.802581	4447462.567012
0.359000	4.934491	3562956.400731
0.361000	5.036003	3004008.627692
0.363000	5.110413	2650801.954710
0.365000	5.254556	2080388.370107
0.367000	5.333899	1820621.224258
0.369000	5.389738	1657501.167707
0.371000	5.431271	1545725.084655
0.373000	5.466470	1456918.295645
0.375000	5.501800	1372911.578427
0.377000	5.531767	1305464.213183
0.379000	5.591920	1179911.227990
0.381000	5.647065	1075451.338299
0.383000	5.710524	966633.113138
0.385000	5.781574	857810.434879
0.387000	5.843100	773524.439249
0.389000	5.917613	682456.320334
0.391000	5.987796	606509.363466
0.393000	6.044131	551708.254897
0.395000	6.150782	461156.051335
0.397000	6.257177	385632.674619
0.399000	6.347623	331240.275626

# Dumping simulation biases, in the metadata file order 
# Window  F (free energy units)
# 0	0.000000
# 1	-8.536689
# 2	-13.386167
# 3	-15.306561
# 4	-15.202335
# 5	-14.714503
# 6	-14.652419
# 7	-13.925083
# 8	-12.819835
# 9	-11.221126
# 10	-9.347607
#Iteration 810:  0.000004
#Iteration 820:  0.000003
#Iteration 830:  0.000003
#Iteration 840:  0.000003
#Iteration 850:  0.000003
#Iteration 860:  0.000002
#Iteration 870:  0.000002
#Iteration 880:  0.000002
#Iteration 890:  0.000002
#Iteration 900:  0.000002
0.001000	inf	0.000000
0.003000	inf	0.000000
0.005000	inf	0.000000
0.007000	inf	0.000000
0.009000	inf	0.000000
0.011000	inf	0.000000
0.013000	inf	0.000000
0.015000	inf	0.000000
0.017000	inf	0.000000
0.019000	inf	0.000000
0.021000	inf	0.000000
0.023000	inf	0.000000
0.025000	inf	0.000000
0.027000	inf	0.000000
0.029000	inf	0.000000
0.031000	inf	0.000000
0.033000	inf	0.000000
0.035000	inf	0.000000
0.037000	inf	0.000000
0.039000	inf	0.000000
0.041000	inf	0.000000
0.043000	inf	0.000000
0.045000	inf	0.000000
0.047000	inf	0.000000
0.049000	inf	0.000000
0.051000	inf	0.000000
0.053000	inf	0.000000
0.055000	inf	0.000000
0.057000	inf	0.000000
0.059000	inf	0.000000
0.061000	inf	0.000000
0.063000	inf	0.000000
0.065000	inf	0.000000
0.067000	inf	0.000000
0.069000	inf	0.000000
0.071000	12.489242	10.872971
0.073000	10.081236	622.774409
0.075000	8.883320	4665.283167
0.077000	7.676706	35463.017620
0.079000	6.659087	196198.716555
0.081000	5.742366	916126.384615
0.083000	4.909390	3716001.652196
0.085000	4.222363	11793548.365997
0.087000	3.628721	31991718.921300
0.089000	3.130869	73875175.790091
0.091000	2.733886	143985469.326622
0.093000	2.405979	249867516.891088
0.095000	2.128262	398528254.117609
0.097000	1.883116	601769196.226411
0.099000	1.631995	917830200.090937
0.101000	1.402286	1350402996.533797
0.103000	1.188120	1935603599.534436
0.105000	0.983739	2729146354.093059
0.107000	0.818648	3602074004.768569
0.109000	0.699478	4401020934.190457
0.111000	0.596667	5231321516.684114
0.113000	0.506324	6089293388.053845
0.115000	0.415323	7095826057.393126
0.117000	0.365456	7716289937.654902
0.119000	0.293492	8708555738.927687
0.121000	0.219832	9856500073.215876
0.123000	0.185749	10437712978.198271
0.125000	0.104410	11967048995.171858
0.127000	0.079700	12474613494.776550
0.129000	0.049330	13127999696.174677
0.131000	0.062677	12836743768.505346
0.133000	0.056744	12965416123.779388
0.135000	0.042156	13287279495.115391
0.137000	0.024625	13684687742.407898
0.139000	0.058739	12921998926.547777
0.141000	0.013956	13932325030.670094
0.143000	0.010661	14009713286.173634
0.145000	0.000000	14263054034.642044
0.147000	0.070748	12663752383.732574
0.149000	0.079570	12477331586.870064
0.151000	0.113547	11784643783.244278
0.153000	0.202735	10143888498.981148
0.155000	0.260386	9206950323.677547
0.157000	0.305226	8538463941.030619
0.159000	0.363070	7747298110.787378
0.161000	0.503119	6122184299.790624
0.163000	0.668621	4635329624.996997
0.165000	0.755274	4006995008.064978
0.167000	0.924401	3015410437.800004
0.169000	1.060636	2398211066.597556
0.171000	1.169778	1996214435.937852
0.173000	1.299641	1604722386.685672
0.175000	1.341041	1496840427.029022
0.177000	1.340187	1498990528.791513
0.179000	1.280650	1656777739.553630
0.181000	1.265538	1699406347.966552
0.183000	1.263236	1705995188.579886
0.185000	1.167984	2002243907.875378
0.187000	1.103226	2232515161.537517
0.189000	1.059695	2402006837.411674
0.191000	0.971664	2785109110.652591
0.193000	1.005154	2632647184.774583
0.195000	0.929209	2991139970.803638
0.197000	0.908073	3099325814.075388
0.199000	0.891664	3186006171.037718
0.201000	0.875479	3273877165.887183
0.203000	0.830687	3529907830.918062
0.205000	0.834087	3509790956.172855
0.207000	0.823725	3571461378.530968
0.209000	0.796898	3736211738.125508
0.211000	0.795584	3744471437.483864
0.213000	0.751998	4029125022.000976
0.215000	0.733771	4154485193.452367
0.217000	0.729988	4180992995.466496
0.219000	0.715430	4284569964.393402
0.221000	0.729131	4187016635.568586
0.223000	0.767050	3928457854.889894
0.225000	0.782047	3830659288.621943
0.227000	0.810664	3650739889.514938
0.229000	0.843143	3456761637.255538
0.231000	0.870938	3298966842.753538
0.233000	0.913702	3070135147.234942
0.235000	0.919720	3039230998.921194
0.237000	0.966985	2807099363.106418
0.239000	0.967580	2804293203.928257
0.241000	1.003427	2640297349.007531
0.243000	0.996089	2673069670.282683
0.245000	1.060859	2397310639.671340
0.247000	1.062025	2392618120.684760
0.249000	1.059548	2402600524.205105
0.251000	1.103743	2230575773.814311
0.253000	1.109972	2207339664.388575
0.255000	1.128356	2140167889.255856
0.257000	1.143047	2087962268.689808
0.259000	1.166767	2006345307.828560
0.261000	1.191597	1924325027.504622
0.263000	1.244165	1761572717.285208
0.265000	1.297665	1610062843.519028
0.267000	1.349272	1476271558.785679
0.269000	1.405060	1344120495.693127
0.271000	1.470312	1204480914.407033
0.273000	1.528360	1092501198.569265
0.275000	1.594212	978015690.981363
0.277000	1.683169	842175080.617678
0.279000	1.805553	685575146.272395
0.281000	1.915043	570323005.098532
0.283000	2.015410	481778680.652237
0.285000	2.159241	378305432.224336
0.287000	2.243353	328425013.594834
0.289000	2.377213	262246736.625924
0.291000	2.400299	252264498.468920
0.293000	2.488044	217669434.138074
0.295000	2.513533	208539895.756094
0.297000	2.542987	198465732.233782
0.299000	2.521458	205780013.107125
0.301000	2.555825	194228786.208553
0.303000	2.555549	194318930.459662
0.305000	2.561024	192538600.403028
0.307000	2.559832	192924791.835625
0.309000	2.594100	182125281.631003
0.311000	2.609753	177395617.365330
0.313000	2.661630	162580816.131792
0.315000	2.671897	159798967.614883
0.317000	2.717513	148003455.619115
0.319000	2.741818	142078225.822799
0.321000	2.785041	132121122.027519
0.323000	2.820651	124444341.457728
0.325000	2.861487	116188301.457641
0.327000	2.989103	93755172.249332
0.329000	3.074987	81151300.199934
0.331000	3.196470	66161575.974892
0.333000	3.332437	52643174.660534
0.335000	3.444922	43573376.158909
0.337000	3.604055	33346088.224613
0.339000	3.732255	26881404.225636
0.341000	3.875254	21137542.710185
0.343000	3.982360	17654719.836498
0.345000	4.114456	14139151.085518
0.347000	4.210689	12027282.167399
0.349000	4.318343	10036309.253108
0.351000	4.456060	7962186.222019
0.353000	4.577371	6493344.704587
0.355000	4.679063	5473024.546255
0.357000	4.803073	4443171.710159
0.359000	4.934985	3559509.221430
0.361000	5.036498	3001091.992071
0.363000	5.110911	2648217.545904
0.365000	5.255057	2078350.801386
0.367000	5.334403	1818829.763566
0.369000	5.390244	1655863.066119
0.371000	5.431780	1544191.611968
0.373000	5.466980	1455468.415463
0.375000	5.502311	1371542.001781
0.377000	5.532279	1304159.589629
0.379000	5.592434	1178730.560336
0.381000	5.647579	1074374.225431
0.383000	5.711038	965664.382024
0.385000	5.782088	856950.395553
0.387000	5.843614	772748.680204
0.389000	5.918128	681771.758603
0.391000	5.988311	605900.902925
0.393000	6.044646	551154.722871
0.395000	6.151297	460693.343461
0.397000	6.257692	385245.728929
0.399000	6.348138	330907.898721

# Dumping simulation biases, in the metadata file order 
# Window  F (free energy units)
# 0	0.000000
# 1	-8.536686
# 2	-13.386153
# 3	-15.306520
# 4	-15.202234
# 5	-14.714187
# 6	-14.652031
# 7	-13.924626
# 8	-12.819296
# 9	-11.220561
# 10	-9.347015
#Iteration 910:  0.000002
#Iteration 920:  0.000001
#Iteration 930:  0.000001
#Iteration 940:  0.000001
#Iteration 950:  0.000001
#Iteration 960:  0.000001
#Iteration 970:  0.000001
#Iteration 980:  0.000001
#Iteration 990:  0.000001
#Iteration 1000:  0.000001
0.001000	inf	0.000000
0.003000	inf	0.000000
0.005000	inf	0.000000
0.007000	inf	0.000000
0.009000	inf	0.000000
0.011000	inf	0.000000
0.013000	inf	0.000000
0.015000	inf	0.000000
0.017000	inf	0.000000
0.019000	inf	0.000000
0.021000	inf	0.000000
0.023000	inf	0.000000
0.025000	inf	0.000000
0.027000	inf	0.000000
0.029000	inf	0.000000
0.031000	inf	0.000000
0.033000	inf	0.000000
0.035000	inf	0.000000
0.037000	inf	0.000000
0.039000	inf	0.000000
0.041000	inf	0.000000
0.043000	inf	0.000000
0.045000	inf	0.000000
0.047000	inf	0.000000
0.049000	inf	0.000000
0.051000	inf	0.000000
0.053000	inf	0.000000
0.055000	inf	0.000000
0.057000	inf	0.000000
0.059000	inf	0.000000
0.061000	inf	0.000000
0.063000	inf	0.000000
0.065000	inf	0.000000
0.067000	inf	0.000000
0.069000	inf	0.000000
0.071000	12.489208	10.872970
0.073000	10.081202	622.774358
0.075000	8.883286	4665.282600
0.077000	7.676672	35463.011238
0.079000	6.659053	196198.664535
0.081000	5.742332	916126.029243
0.083000	4.909356	3715999.563202
0.085000	4.222330	11793538.876047
0.087000	3.628688	31991682.636143
0.089000	3.130835	73875059.807093
0.091000	2.733853	143985162.676300
0.093000	2.405946	249866810.496055
0.095000	2.128230	398526792.431633
0.097000	1.883084	601766401.386626
0.099000	1.631964	917824936.787918
0.101000	1.402256	1350393670.129013
0.103000	1.188091	1935587853.445884
0.105000	0.983710	2729120647.093231
0.107000	0.818620	3602035137.655492
0.109000	0.699451	4400966804.228760
0.111000	0.596641	5231248295.863085
0.113000	0.506299	6089196576.871727
0.115000	0.415299	7095698571.311707
0.117000	0.365434	7716134798.780240
0.119000	0.293472	8708362445.845833
0.121000	0.219812	9856262144.854761
0.123000	0.185730	10437442676.501841
0.125000	0.104392	11966719904.791456
0.127000	0.079683	12474251223.521629
0.129000	0.049314	13127597276.962317
0.131000	0.062662	12836326637.271250
0.133000	0.056730	12964965897.265295
0.135000	0.042144	13286781517.278934
0.137000	0.024615	13684129134.862818
0.139000	0.058731	12921421231.897793
0.141000	0.013951	13931642942.896065
0.143000	0.010659	14008966715.458303
0.145000	0.000000	14262235298.136915
0.147000	0.070750	12662978923.747643
0.149000	0.079574	12476530167.930357
0.151000	0.113553	11783855170.565168
0.153000	0.202742	10143185502.277201
0.155000	0.260394	9206291019.398497
0.157000	0.305236	8537831099.520116
0.159000	0.363082	7746700420.546494
0.161000	0.503134	6121687904.969706
0.163000	0.668638	4634929398.932184
0.165000	0.755296	4006620851.201545
0.167000	0.924428	3015101181.299797
0.169000	1.060670	2397937537.130160
0.171000	1.169820	1995959622.236049
0.173000	1.299692	1604493492.453714
0.175000	1.341101	1496604024.535716
0.177000	1.340256	1498732175.410359
0.179000	1.280726	1656471309.288544
0.181000	1.265620	1699074504.990498
0.183000	1.263323	1705648419.516588
0.185000	1.168074	2001825023.020026
0.187000	1.103318	2232038536.807820
0.189000	1.059790	2401486756.185136
0.191000	0.971760	2784500184.463496
0.193000	1.005250	2632067689.170111
0.195000	0.929306	2990478398.703412
0.197000	0.908171	3098637858.462479
0.199000	0.891762	3185296908.849592
0.201000	0.875578	3273146357.278328
0.203000	0.830786	3529117549.376177
0.205000	0.834186	3509002351.430669
0.207000	0.823825	3570655121.912135
0.209000	0.796999	3735362885.128477
0.211000	0.795686	3743613328.991661
0.213000	0.752102	4028191077.068671
0.215000	0.733877	4153508114.888469
0.217000	0.730096	4179992359.855487
0.219000	0.715541	4283524183.219102
0.221000	0.729245	4185973480.673405
0.223000	0.767167	3927459546.420693
0.225000	0.782166	3829668419.392630
0.227000	0.810786	3649781397.999537
0.229000	0.843267	3455843208.585469
0.231000	0.871063	3298082187.120838
0.233000	0.913829	3069305898.003422
0.235000	0.919848	3038405282.852814
0.237000	0.967113	2806332761.433465
0.239000	0.967709	2803523411.897323
0.241000	1.003558	2639568371.366687
0.243000	0.996220	2672326429.893858
0.245000	1.060992	2396638134.349813
0.247000	1.062159	2391939431.383453
0.249000	1.059685	2401909778.956171
0.251000	1.103882	2229924544.704708
0.253000	1.110114	2206684553.964969
0.255000	1.128501	2139522328.447152
0.257000	1.143195	2087323036.737950
0.259000	1.166917	2005723232.507487
0.261000	1.191749	1923722264.417786
0.263000	1.244319	1761016568.957387
0.265000	1.297819	1609551494.635136
0.267000	1.349428	1475800581.011130
0.269000	1.405216	1343690147.671411
0.271000	1.470469	1204094089.448609
0.273000	1.528517	1092149281.459738
0.275000	1.594371	977699592.193948
0.277000	1.683328	841901751.217236
0.279000	1.805713	685351426.440560
0.281000	1.915205	570135543.099843
0.283000	2.015573	481618814.341124
0.285000	2.159407	378178387.650593
0.287000	2.243521	328313123.877374
0.289000	2.377385	262155940.719660
0.291000	2.400475	252175681.361504
0.293000	2.488223	217591551.821553
0.295000	2.513715	208464201.157806
0.297000	2.543172	198392828.707904
0.299000	2.521645	205703709.029592
0.301000	2.556013	194156252.907892
0.303000	2.555738	194245984.734763
0.305000	2.561214	192466048.978099
0.307000	2.560023	192851892.106205
0.309000	2.594291	182056314.872957
0.311000	2.609945	177328320.400766
0.313000	2.661822	162519033.496869
0.315000	2.672090	159738129.553741
0.317000	2.717706	147946984.428280
0.319000	2.742012	142023867.825914
0.321000	2.785236	132070403.213476
0.323000	2.820846	124396376.869421
0.325000	2.861683	116143314.326417
0.327000	2.989301	93718695.826322
0.329000	3.075185	81119578.443643
0.331000	3.196669	66135603.095945
0.333000	3.332637	52622434.005779
0.335000	3.445123	43556159.381795
0.337000	3.604257	33332883.413540
0.339000	3.732457	26870741.863913
0.341000	3.875456	21129148.342692
0.343000	3.982562	17647702.011867
0.345000	4.114658	14133526.353149
0.347000	4.210892	12022494.114789
0.349000	4.318546	10032310.728745
0.351000	4.456264	7959011.097301
0.353000	4.577575	6490752.198165
0.355000	4.679267	5470835.882363
0.357000	4.803277	4441391.049078
0.359000	4.935190	3558078.680396
0.361000	5.036704	2999881.623551
0.363000	5.111118	2647145.050451
0.365000	5.255265	2077505.239930
0.367000	5.334612	1818086.335731
0.369000	5.390454	1655183.281942
0.371000	5.431991	1543555.248699
0.373000	5.467192	1454866.742890
0.375000	5.502524	1370973.654618
0.377000	5.532492	1303618.197407
0.379000	5.592647	1178240.607744
0.381000	5.647792	1073927.246220
0.383000	5.711252	965262.379145
0.385000	5.782302	856593.497573
0.387000	5.843828	772426.756812
0.389000	5.918342	681487.680184
0.391000	5.988524	605648.404889
0.393000	6.044860	550925.019002
0.395000	6.151511	460501.329667
0.397000	6.257906	385085.154813
0.399000	6.348352	330769.969477

# Dumping simulation biases, in the metadata file order 
# Window  F (free energy units)
# 0	0.000000
# 1	-8.536684
# 2	-13.386147
# 3	-15.306502
# 4	-15.202192
# 5	-14.714055
# 6	-14.651870
# 7	-13.924437
# 8	-12.819073
# 9	-11.220326
# 10	-9.346769
#Iteration 1010:  0.000001
#Iteration 1020:  0.000001
#Iteration 1030:  0.000001
#Iteration 1040:  0.000001
#Iteration 1050:  0.000000
# Dumping simulation biases, in the metadata file order 
# Window  F (free energy units)
# 0	0.000000
# 1	-8.536684
# 2	-13.386145
# 3	-15.306498
# 4	-15.202182
# 5	-14.714022
# 6	-14.651830
# 7	-13.924389
# 8	-12.819016
# 9	-11.220267
# 10	-9.346707
# No MC error analysis requested
