# /home/btan/Software/WHAM/wham/wham/wham 0.0 0.4 200 1e-06 300 0 /home/btan/Documents/CRBN_len_CK1a/umbrella_sampling/RMSD/results/backbone_RMSD/CK1a/run3/RED/metafile.txt /home/btan/Documents/CRBN_len_CK1a/umbrella_sampling/RMSD/results/backbone_RMSD/CK1a/run3/RED/pmf.txt
#Number of windows = 11
#Iteration 10:  0.086129
#Iteration 20:  0.027866
#Iteration 30:  0.015929
#Iteration 40:  0.010095
#Iteration 50:  0.007347
#Iteration 60:  0.006303
#Iteration 70:  0.006122
#Iteration 80:  0.006032
#Iteration 90:  0.005759
#Iteration 100:  0.005390
0.001000	inf	0.000000
0.003000	inf	0.000000
0.005000	inf	0.000000
0.007000	inf	0.000000
0.009000	inf	0.000000
0.011000	inf	0.000000
0.013000	inf	0.000000
0.015000	inf	0.000000
0.017000	inf	0.000000
0.019000	inf	0.000000
0.021000	inf	0.000000
0.023000	inf	0.000000
0.025000	inf	0.000000
0.027000	inf	0.000000
0.029000	inf	0.000000
0.031000	inf	0.000000
0.033000	inf	0.000000
0.035000	inf	0.000000
0.037000	inf	0.000000
0.039000	inf	0.000000
0.041000	inf	0.000000
0.043000	inf	0.000000
0.045000	inf	0.000000
0.047000	inf	0.000000
0.049000	inf	0.000000
0.051000	inf	0.000000
0.053000	inf	0.000000
0.055000	inf	0.000000
0.057000	inf	0.000000
0.059000	inf	0.000000
0.061000	inf	0.000000
0.063000	inf	0.000000
0.065000	13.653647	2.232623
0.067000	12.060122	32.522212
0.069000	10.688462	326.265271
0.071000	9.635918	1914.205568
0.073000	8.692857	9342.791855
0.075000	7.741578	46234.403937
0.077000	6.949179	175171.070261
0.079000	6.261501	556552.887760
0.081000	5.629561	1610123.551036
0.083000	5.060060	4193995.501361
0.085000	4.562512	9679789.989110
0.087000	4.109821	20718425.260443
0.089000	3.660850	44068841.944446
0.091000	3.253757	87364051.466878
0.093000	2.806252	185369016.745809
0.095000	2.396285	369263276.784278
0.097000	1.997769	721566082.186225
0.099000	1.650519	1293566194.784463
0.101000	1.351255	2139283380.485543
0.103000	1.109702	3210818168.892746
0.105000	0.926724	4367173547.217100
0.107000	0.740975	5967712906.926637
0.109000	0.610324	7433452497.170336
0.111000	0.475733	9320722893.810751
0.113000	0.331139	11885348952.710373
0.115000	0.205520	14679833083.351536
0.117000	0.112628	17160781293.775955
0.119000	0.040749	19364793708.951153
0.121000	0.009864	20396762448.187595
0.123000	0.000000	20737779992.821735
0.125000	0.003116	20629435494.977608
0.127000	0.052747	18978162296.229115
0.129000	0.118682	16987039759.012976
0.131000	0.152150	16057732337.615887
0.133000	0.182302	15264106346.957773
0.135000	0.266321	13253562463.106813
0.137000	0.289180	12753938369.201803
0.139000	0.321534	12078795468.220917
0.141000	0.387778	10805921347.011925
0.143000	0.431094	10047060689.239323
0.145000	0.492487	9061888522.780666
0.147000	0.551035	8212490933.639328
0.149000	0.639999	7071744501.401468
0.151000	0.731117	6067428037.980265
0.153000	0.749780	5880029964.610408
0.155000	0.834727	5097577401.056183
0.157000	0.930808	4337291030.337428
0.159000	0.973923	4034063512.578276
0.161000	1.067755	3445399178.005116
0.163000	1.129432	3106073806.365413
0.165000	1.188283	2813503625.625803
0.167000	1.250997	2531992042.028734
0.169000	1.290595	2368939643.281400
0.171000	1.323613	2241035557.213388
0.173000	1.395948	1984449497.274875
0.175000	1.383181	2027500365.254518
0.177000	1.328962	2220974828.447261
0.179000	1.315219	2272879774.509383
0.181000	1.242250	2569499736.277642
0.183000	1.277288	2422526907.494305
0.185000	1.248433	2542929438.804689
0.187000	1.216710	2682219131.057044
0.189000	1.195784	2778248068.342345
0.191000	1.222526	2656122587.993801
0.193000	1.215407	2688098952.477583
0.195000	1.252123	2527204247.148952
0.197000	1.240885	2575399937.774458
0.199000	1.250632	2533547312.622517
0.201000	1.269879	2452885445.073132
0.203000	1.260528	2491750538.367371
0.205000	1.311158	2288449661.521508
0.207000	1.310519	2290910914.902549
0.209000	1.340749	2177400112.350112
0.211000	1.375039	2055440410.764357
0.213000	1.420452	1904366450.938114
0.215000	1.404977	1954557594.563869
0.217000	1.480590	1721260892.424799
0.219000	1.511226	1634859285.634687
0.221000	1.538272	1562194233.302118
0.223000	1.593823	1422918473.363507
0.225000	1.638229	1320567484.830535
0.227000	1.672149	1247375775.306839
0.229000	1.679120	1232844774.900964
0.231000	1.749707	1094902825.854756
0.233000	1.799750	1006564066.017858
0.235000	1.860146	909387653.264641
0.237000	1.916145	827686697.403916
0.239000	1.985270	736886848.138353
0.241000	2.026859	687129252.133078
0.243000	2.066167	643193210.418134
0.245000	2.070229	638816924.520550
0.247000	2.095799	611939806.667875
0.249000	2.114115	593384862.886578
0.251000	2.163596	546025344.831458
0.253000	2.202065	511832594.770685
0.255000	2.242236	478411229.567150
0.257000	2.278856	449848809.017464
0.259000	2.369836	386052257.102329
0.261000	2.482886	319236927.553867
0.263000	2.560825	280035229.986892
0.265000	2.644996	243087605.614126
0.267000	2.784990	192114093.953885
0.269000	2.897559	158992954.497960
0.271000	3.039536	125235181.323957
0.273000	3.187738	97618165.318981
0.275000	3.328013	77111913.968350
0.277000	3.545252	53521066.004711
0.279000	3.665042	43759362.865921
0.281000	3.800920	34823475.729128
0.283000	3.936013	27748943.240521
0.285000	4.064656	22352677.499470
0.287000	4.138430	19745609.482550
0.289000	4.202391	17732729.326648
0.291000	4.213534	17403659.940590
0.293000	4.184743	18266667.433076
0.295000	4.154408	19222322.716203
0.297000	4.153577	19249195.586279
0.299000	4.110726	20686938.654447
0.301000	4.131661	19971585.644910
0.303000	4.099547	21079357.873414
0.305000	4.115697	20514773.623496
0.307000	4.127364	20116356.952461
0.309000	4.153439	19253650.171726
0.311000	4.167358	18808364.771251
0.313000	4.208750	17544176.960682
0.315000	4.257064	16175623.542506
0.317000	4.292617	15237199.869050
0.319000	4.308270	14841503.398695
0.321000	4.359273	13622055.133732
0.323000	4.385138	13042455.487417
0.325000	4.384591	13054459.657929
0.327000	4.411655	12473855.526157
0.329000	4.406287	12586911.295125
0.331000	4.402761	12661751.179525
0.333000	4.431731	12059897.155282
0.335000	4.446574	11762724.971694
0.337000	4.478257	11152624.637967
0.339000	4.523096	10342900.761422
0.341000	4.513043	10519163.980336
0.343000	4.562693	9676845.073595
0.345000	4.594077	9179555.334790
0.347000	4.652410	8322154.916666
0.349000	4.710182	7551937.212563
0.351000	4.771930	6807371.151610
0.353000	4.852596	5944128.973680
0.355000	4.934316	5181175.352137
0.357000	5.070999	4117572.477490
0.359000	5.216094	3226369.285363
0.361000	5.399870	2368902.060142
0.363000	5.596882	1701048.360097
0.365000	5.830297	1148974.281368
0.367000	6.028302	823673.623139
0.369000	6.258997	558900.947433
0.371000	6.550945	342133.836194
0.373000	6.797871	225905.100746
0.375000	7.080888	140380.590527
0.377000	7.373033	85906.245691
0.379000	7.640250	54820.184479
0.381000	8.014739	29210.687674
0.383000	8.207981	21108.851653
0.385000	8.492263	13089.477752
0.387000	8.739378	8640.009451
0.389000	9.063902	5007.179985
0.391000	9.327335	3215.671903
0.393000	9.731532	1629.989026
0.395000	10.135647	826.336929
0.397000	10.340210	585.888412
0.399000	10.480113	463.102485

# Dumping simulation biases, in the metadata file order 
# Window  F (free energy units)
# 0	0.000000
# 1	-8.560965
# 2	-13.669217
# 3	-15.545899
# 4	-15.004385
# 5	-14.525180
# 6	-13.941617
# 7	-12.697149
# 8	-11.537043
# 9	-10.748240
# 10	-7.942806
#Iteration 110:  0.004984
#Iteration 120:  0.004571
#Iteration 130:  0.004171
#Iteration 140:  0.003792
#Iteration 150:  0.003439
#Iteration 160:  0.003114
#Iteration 170:  0.002817
#Iteration 180:  0.002546
#Iteration 190:  0.002300
#Iteration 200:  0.002077
0.001000	inf	0.000000
0.003000	inf	0.000000
0.005000	inf	0.000000
0.007000	inf	0.000000
0.009000	inf	0.000000
0.011000	inf	0.000000
0.013000	inf	0.000000
0.015000	inf	0.000000
0.017000	inf	0.000000
0.019000	inf	0.000000
0.021000	inf	0.000000
0.023000	inf	0.000000
0.025000	inf	0.000000
0.027000	inf	0.000000
0.029000	inf	0.000000
0.031000	inf	0.000000
0.033000	inf	0.000000
0.035000	inf	0.000000
0.037000	inf	0.000000
0.039000	inf	0.000000
0.041000	inf	0.000000
0.043000	inf	0.000000
0.045000	inf	0.000000
0.047000	inf	0.000000
0.049000	inf	0.000000
0.051000	inf	0.000000
0.053000	inf	0.000000
0.055000	inf	0.000000
0.057000	inf	0.000000
0.059000	inf	0.000000
0.061000	inf	0.000000
0.063000	inf	0.000000
0.065000	13.598128	2.232504
0.067000	12.004619	32.519604
0.069000	10.632983	326.226149
0.071000	9.580474	1913.862633
0.073000	8.637466	9340.293409
0.075000	7.686265	46215.974097
0.077000	6.893981	175067.201388
0.079000	6.206474	556063.466902
0.081000	5.574784	1608032.900314
0.083000	5.005644	4186005.115768
0.085000	4.508613	9652967.806603
0.087000	4.056644	20635927.712512
0.089000	3.608659	43820663.762972
0.091000	3.202868	86682084.106483
0.093000	2.757017	183411538.373451
0.095000	2.349057	364133848.682367
0.097000	1.952855	708778727.718474
0.099000	1.608142	1265234953.742963
0.101000	1.311525	2083140491.664241
0.103000	1.072633	3112599969.859230
0.105000	0.892292	4214856994.562894
0.107000	0.709197	5733937276.726444
0.109000	0.581325	7108976742.400384
0.111000	0.449775	8868412529.584232
0.113000	0.308601	11243743759.829901
0.115000	0.186833	13797769344.597576
0.117000	0.098190	16014868976.398272
0.119000	0.030871	17933685549.426819
0.121000	0.004792	18737378057.097820
0.123000	0.000000	18888931731.264408
0.125000	0.008575	18618620495.052708
0.127000	0.064223	16955894910.542206
0.129000	0.136855	15007058955.494904
0.131000	0.177648	14012446745.666639
0.133000	0.215480	13149065050.499763
0.135000	0.307074	11272635198.622822
0.137000	0.336911	10721196349.780933
0.139000	0.375273	10051629547.139193
0.141000	0.446394	8918953644.877609
0.143000	0.493493	8240038414.266307
0.145000	0.557738	7396510627.032003
0.147000	0.618423	6679183604.462967
0.149000	0.709027	5735576558.800018
0.151000	0.801495	4909867938.222221
0.153000	0.821406	4748256044.081850
0.155000	0.907682	4107212355.022872
0.157000	1.005378	3485167475.739326
0.159000	1.050626	3229907331.483542
0.161000	1.147405	2744957986.382654
0.163000	1.213206	2457522075.744009
0.165000	1.277789	2204691146.400804
0.167000	1.348306	1958243365.265797
0.169000	1.398162	1800814775.672051
0.171000	1.444043	1667142872.774634
0.173000	1.531567	1439048819.353269
0.175000	1.535506	1429552036.548413
0.177000	1.498287	1521850826.266459
0.179000	1.500527	1516129753.495627
0.181000	1.441509	1674259234.461817
0.183000	1.487966	1548483633.004623
0.185000	1.467986	1601375659.592088
0.187000	1.442909	1670323680.948461
0.189000	1.426860	1716002013.637799
0.191000	1.457176	1630740785.761964
0.193000	1.452754	1642909071.434863
0.195000	1.491649	1538926026.653565
0.197000	1.482387	1563075474.590725
0.199000	1.494195	1532354055.939907
0.201000	1.515883	1477493882.715445
0.203000	1.509666	1493016769.293461
0.205000	1.564469	1361618465.101356
0.207000	1.569390	1350399435.567800
0.209000	1.606864	1267957290.423882
0.211000	1.650199	1178874125.941664
0.213000	1.706280	1072815835.422624
0.215000	1.702540	1079580799.017287
0.217000	1.790110	931802493.462070
0.219000	1.832018	868418984.643483
0.221000	1.868949	816144623.134663
0.223000	1.932665	733247529.369520
0.225000	1.983538	673147807.078820
0.227000	2.022486	630487864.540861
0.229000	2.033422	619002491.570985
0.231000	2.107324	546688455.746073
0.233000	2.160436	499994477.497782
0.235000	2.224053	449283758.494013
0.237000	2.283824	406335280.478560
0.239000	2.357661	358905084.369236
0.241000	2.405255	331308815.085751
0.243000	2.452100	306219723.907369
0.245000	2.465242	299528906.574802
0.247000	2.501120	281997960.902502
0.249000	2.530326	268487563.085617
0.251000	2.590451	242677250.779261
0.253000	2.638564	223822651.463229
0.255000	2.686893	206357872.843537
0.257000	2.730044	191919330.569690
0.259000	2.826052	163315383.975513
0.261000	2.942907	134188659.451883
0.263000	3.023761	117135357.954642
0.265000	3.110283	101279551.011862
0.267000	3.252376	79760151.876218
0.269000	3.367094	65771158.411484
0.271000	3.511590	51587516.659694
0.273000	3.663049	39991834.430558
0.275000	3.807764	31356012.765925
0.277000	4.031172	21538744.241190
0.279000	4.159500	17359333.308299
0.281000	4.306959	13548143.755924
0.283000	4.457229	10523838.958240
0.285000	4.604837	8211299.764886
0.287000	4.700921	6986583.614533
0.289000	4.789330	6021734.194007
0.291000	4.825261	5668781.605796
0.293000	4.819700	5722016.764300
0.295000	4.809581	5820185.975007
0.297000	4.825239	5668990.366743
0.299000	4.795142	5963184.093260
0.301000	4.825547	5666050.824268
0.303000	4.800264	5912061.483849
0.305000	4.821251	5707122.593007
0.307000	4.836320	5564366.220614
0.309000	4.864810	5304159.397307
0.311000	4.880500	5166091.236929
0.313000	4.923282	4807602.692577
0.315000	4.972821	4423464.220808
0.317000	5.009618	4158130.361819
0.319000	5.026715	4040327.599833
0.321000	5.079550	3696952.717464
0.323000	5.107837	3525272.369229
0.325000	5.110505	3509499.871689
0.327000	5.141744	3329957.226140
0.329000	5.141580	3330875.579697
0.331000	5.144177	3316366.210579
0.333000	5.179872	3123223.834819
0.335000	5.201557	3011422.424202
0.337000	5.239693	2824425.278717
0.339000	5.290212	2594469.981010
0.341000	5.284897	2617754.136166
0.343000	5.338375	2392693.038497
0.345000	5.372844	2257992.780611
0.347000	5.433745	2038269.380696
0.349000	5.493796	1842556.354638
0.351000	5.557719	1654829.032715
0.353000	5.640580	1439659.784526
0.355000	5.724547	1250141.445956
0.357000	5.863480	989759.617149
0.359000	6.010718	772747.894038
0.361000	6.196413	565548.189557
0.363000	6.395040	405005.535624
0.365000	6.629737	272972.302138
0.367000	6.828714	195368.222372
0.369000	7.060119	132408.263793
0.371000	7.352572	80985.539171
0.373000	7.599850	53441.699417
0.375000	7.883110	33195.890412
0.377000	8.175419	20308.666132
0.379000	8.442749	12957.329463
0.381000	8.817314	6903.379530
0.383000	9.010605	4988.242819
0.385000	9.294921	3093.004033
0.387000	9.542059	2041.529995
0.389000	9.866598	1183.105922
0.391000	10.130042	759.792002
0.393000	10.534246	385.125871
0.395000	10.938366	195.241372
0.397000	11.142931	138.429094
0.399000	11.282837	109.417829

# Dumping simulation biases, in the metadata file order 
# Window  F (free energy units)
# 0	0.000000
# 1	-8.552471
# 2	-13.645014
# 3	-15.489502
# 4	-14.878496
# 5	-14.230910
# 6	-13.529915
# 7	-12.178898
# 8	-10.773679
# 9	-9.918718
# 10	-7.093413
#Iteration 210:  0.001875
#Iteration 220:  0.001692
#Iteration 230:  0.001527
#Iteration 240:  0.001378
#Iteration 250:  0.001244
#Iteration 260:  0.001122
#Iteration 270:  0.001013
#Iteration 280:  0.000914
#Iteration 290:  0.000824
#Iteration 300:  0.000744
0.001000	inf	0.000000
0.003000	inf	0.000000
0.005000	inf	0.000000
0.007000	inf	0.000000
0.009000	inf	0.000000
0.011000	inf	0.000000
0.013000	inf	0.000000
0.015000	inf	0.000000
0.017000	inf	0.000000
0.019000	inf	0.000000
0.021000	inf	0.000000
0.023000	inf	0.000000
0.025000	inf	0.000000
0.027000	inf	0.000000
0.029000	inf	0.000000
0.031000	inf	0.000000
0.033000	inf	0.000000
0.035000	inf	0.000000
0.037000	inf	0.000000
0.039000	inf	0.000000
0.041000	inf	0.000000
0.043000	inf	0.000000
0.045000	inf	0.000000
0.047000	inf	0.000000
0.049000	inf	0.000000
0.051000	inf	0.000000
0.053000	inf	0.000000
0.055000	inf	0.000000
0.057000	inf	0.000000
0.059000	inf	0.000000
0.061000	inf	0.000000
0.063000	inf	0.000000
0.065000	13.575815	2.232455
0.067000	11.982313	32.518541
0.069000	10.610686	326.210215
0.071000	9.558191	1913.722962
0.073000	8.615205	9339.275919
0.075000	7.664036	46208.469439
0.077000	6.871799	175024.913129
0.079000	6.184361	555864.259141
0.081000	5.552772	1607182.265492
0.083000	4.983780	4182755.783768
0.085000	4.486959	9642068.890279
0.087000	4.035284	20602442.296693
0.089000	3.587700	43720080.563932
0.091000	3.182438	86406246.940219
0.093000	2.737257	182621842.934266
0.095000	2.330110	362071143.674732
0.097000	1.934844	703655927.935671
0.099000	1.591154	1253932570.532419
0.101000	1.295602	2060840715.824297
0.103000	1.057778	3073755159.591869
0.105000	0.878495	4154860004.750913
0.107000	0.696465	5642203362.555051
0.109000	0.569709	6982125892.121851
0.111000	0.439382	8692282357.593451
0.113000	0.299582	10995014666.196533
0.115000	0.179357	13457580171.024931
0.117000	0.092413	15575473166.794971
0.119000	0.026916	17388314694.854359
0.121000	0.002759	18108975563.658978
0.123000	0.000000	18193154508.983078
0.125000	0.010770	17866752273.649460
0.127000	0.068839	16205094699.943930
0.129000	0.144152	14278046131.970205
0.131000	0.187852	13266776897.822710
0.133000	0.228690	12386567317.490332
0.135000	0.323208	10566905903.253458
0.137000	0.355696	10005285942.222153
0.139000	0.396312	9344963673.510199
0.141000	0.469243	8266722188.463153
0.143000	0.517737	7619563436.030779
0.145000	0.583033	6827483421.729269
0.147000	0.644510	6157131145.593941
0.149000	0.735735	5281762565.112907
0.151000	0.828733	4517368578.261429
0.153000	0.849155	4364915693.029430
0.155000	0.936004	3771995209.970562
0.157000	1.034417	3196861610.712268
0.159000	1.080631	2957914581.553043
0.161000	1.178750	2508147543.049174
0.163000	1.246420	2238463329.470596
0.165000	1.313578	1999495779.027559
0.167000	1.387546	1765710982.404808
0.169000	1.441845	1611678345.419882
0.171000	1.493147	1478511954.350232
0.173000	1.586862	1263011363.166590
0.175000	1.597362	1240915697.473794
0.177000	1.566562	1306856175.386878
0.179000	1.574614	1289285810.470471
0.181000	1.520501	1412066057.122698
0.183000	1.570860	1297447185.508983
0.185000	1.553849	1335084631.718154
0.187000	1.530964	1387446618.270560
0.189000	1.516511	1421568911.462981
0.191000	1.548001	1348274430.623460
0.193000	1.544478	1356283649.978666
0.195000	1.584123	1268840873.088067
0.197000	1.575571	1287212537.286191
0.199000	1.588156	1260267475.183049
0.201000	1.610793	1213211173.522750
0.203000	1.605815	1223406237.775415
0.205000	1.662274	1112634732.266018
0.207000	1.669391	1099402154.988468
0.209000	1.709690	1027391937.253134
0.211000	1.756493	949657808.155859
0.213000	1.816575	858428182.689647
0.215000	1.817128	857630781.662153
0.217000	1.908957	734953484.422224
0.219000	1.954777	680469155.792277
0.221000	1.995065	635910484.949681
0.223000	2.061506	568709218.607957
0.225000	2.114513	520225478.503390
0.227000	2.155117	485901640.461219
0.229000	2.167374	475992658.352440
0.231000	2.242406	419587840.310139
0.233000	2.296600	383052087.600586
0.235000	2.361393	343522446.952293
0.237000	2.422572	309949516.118791
0.239000	2.498185	272953972.025954
0.241000	2.548039	251011185.210238
0.243000	2.597692	230910356.755608
0.245000	2.614162	224604929.409034
0.247000	2.653741	210147770.933815
0.249000	2.686766	198798953.862871
0.251000	2.750540	178589495.136706
0.253000	2.801886	163821268.433813
0.255000	2.852901	150357798.885520
0.257000	2.898175	139339413.931783
0.259000	2.995808	118248659.524403
0.261000	3.113897	96958052.094130
0.263000	3.195714	84499363.644227
0.265000	3.283042	72962327.365712
0.267000	3.425895	57386257.339059
0.269000	3.541438	47255778.397655
0.271000	3.686946	37002024.121058
0.273000	3.839745	28620258.958481
0.275000	3.986302	22370634.323873
0.277000	4.212259	15300900.177395
0.279000	4.344069	12259934.665112
0.281000	4.496147	9494283.104492
0.283000	4.652290	7302450.028823
0.285000	4.806956	5630584.579728
0.287000	4.910963	4727407.438839
0.289000	5.007606	4018536.270442
0.291000	5.051441	3733067.535501
0.293000	5.052906	3723883.301568
0.295000	5.048619	3750818.842727
0.297000	5.068850	3625404.596001
0.299000	5.042182	3791625.845489
0.301000	5.075076	3587656.876086
0.303000	5.051559	3732326.168959
0.305000	5.073786	3595445.631856
0.307000	5.089726	3500383.130122
0.309000	5.118839	3333201.802848
0.311000	5.134996	3243887.497158
0.313000	5.178162	3016839.315956
0.315000	5.228060	2774111.791574
0.317000	5.265246	2606007.876921
0.319000	5.282816	2530163.582938
0.321000	5.336269	2312730.305662
0.323000	5.365383	2202268.558472
0.325000	5.369150	2188365.450264
0.327000	5.401812	2071450.431536
0.329000	5.403406	2065906.887757
0.331000	5.408049	2049847.824217
0.333000	5.445959	1923290.016137
0.335000	5.469866	1847528.197435
0.337000	5.510069	1726796.162399
0.339000	5.562384	1581422.747260
0.341000	5.558554	1591638.261797
0.343000	5.613224	1451883.218737
0.345000	5.648654	1367936.705277
0.347000	5.710358	1233158.189367
0.349000	5.771127	1113406.451784
0.351000	5.835742	998805.316642
0.353000	5.919306	867909.918701
0.355000	6.003995	752743.285874
0.357000	6.143651	595236.844904
0.359000	6.291576	464190.300102
0.361000	6.477885	339374.811498
0.363000	6.677026	242825.948261
0.365000	6.912131	163551.625791
0.367000	7.111417	116994.352529
0.369000	7.343047	79261.386155
0.371000	7.635660	48466.008791
0.373000	7.883050	31976.332023
0.375000	8.166386	19859.885595
0.377000	8.458748	12148.864747
0.379000	8.726113	7750.754733
0.381000	9.100701	4129.265920
0.383000	9.294009	2983.643983
0.385000	9.578336	1850.001425
0.387000	9.825481	1221.074303
0.389000	10.150025	707.630334
0.391000	10.413472	454.438566
0.393000	10.817678	230.346483
0.395000	11.221799	116.774951
0.397000	11.426365	82.795078
0.399000	11.566272	65.443236

# Dumping simulation biases, in the metadata file order 
# Window  F (free energy units)
# 0	0.000000
# 1	-8.549061
# 2	-13.635344
# 3	-15.467206
# 4	-14.829291
# 5	-14.117041
# 6	-13.373778
# 7	-11.985426
# 8	-10.499179
# 9	-9.622527
# 10	-6.790781
#Iteration 310:  0.000671
#Iteration 320:  0.000606
#Iteration 330:  0.000546
#Iteration 340:  0.000493
#Iteration 350:  0.000445
#Iteration 360:  0.000401
#Iteration 370:  0.000362
#Iteration 380:  0.000327
#Iteration 390:  0.000295
#Iteration 400:  0.000266
0.001000	inf	0.000000
0.003000	inf	0.000000
0.005000	inf	0.000000
0.007000	inf	0.000000
0.009000	inf	0.000000
0.011000	inf	0.000000
0.013000	inf	0.000000
0.015000	inf	0.000000
0.017000	inf	0.000000
0.019000	inf	0.000000
0.021000	inf	0.000000
0.023000	inf	0.000000
0.025000	inf	0.000000
0.027000	inf	0.000000
0.029000	inf	0.000000
0.031000	inf	0.000000
0.033000	inf	0.000000
0.035000	inf	0.000000
0.037000	inf	0.000000
0.039000	inf	0.000000
0.041000	inf	0.000000
0.043000	inf	0.000000
0.045000	inf	0.000000
0.047000	inf	0.000000
0.049000	inf	0.000000
0.051000	inf	0.000000
0.053000	inf	0.000000
0.055000	inf	0.000000
0.057000	inf	0.000000
0.059000	inf	0.000000
0.061000	inf	0.000000
0.063000	inf	0.000000
0.065000	13.567787	2.232437
0.067000	11.974287	32.518159
0.069000	10.602663	326.204479
0.071000	9.550174	1913.672681
0.073000	8.607196	9338.909631
0.075000	7.656038	46205.767921
0.077000	6.863818	175009.691122
0.079000	6.176405	555792.558703
0.081000	5.544853	1606876.136037
0.083000	4.975913	4181586.612433
0.085000	4.479168	9638148.262680
0.087000	4.027599	20590401.085912
0.089000	3.580159	43683929.433782
0.091000	3.175088	86307173.787735
0.093000	2.730149	182338455.043772
0.095000	2.323293	361331738.820803
0.097000	1.928364	701821979.255155
0.099000	1.585041	1249892217.515819
0.101000	1.289871	2052881068.495535
0.103000	1.052431	3059910297.798820
0.105000	0.873527	4133505191.214924
0.107000	0.691880	5609592787.472638
0.109000	0.565526	6937084831.305275
0.111000	0.435640	8629821001.732643
0.113000	0.296334	10906932040.678221
0.115000	0.176665	13337308856.793737
0.117000	0.090332	15420422529.473278
0.119000	0.025491	17196260068.457790
0.121000	0.002025	17888137867.119759
0.123000	0.000000	17949140895.073795
0.125000	0.011563	17603624626.590084
0.127000	0.070508	15942962309.212675
0.129000	0.146789	14024241762.450033
0.131000	0.191534	13008062030.087826
0.133000	0.233450	12123054748.974039
0.135000	0.329008	10324028097.531511
0.137000	0.362435	9759896403.519550
0.139000	0.403845	9103607620.642330
0.141000	0.477412	8044612360.193984
0.143000	0.526395	7408748839.889041
0.145000	0.592059	6634473527.937431
0.147000	0.653816	5980265195.897532
0.149000	0.745262	5128139083.072186
0.151000	0.838450	4384569698.825559
0.153000	0.859061	4235254094.531956
0.155000	0.946125	3658625329.443575
0.157000	1.044811	3099357173.596662
0.159000	1.091393	2865920339.669763
0.161000	1.190025	2428047591.795980
0.163000	1.258409	2164375836.245332
0.165000	1.326547	1930136567.053970
0.167000	1.401820	1700727791.590718
0.169000	1.457783	1548026895.542625
0.171000	1.511093	1415334762.659977
0.173000	1.607071	1204451603.962506
0.175000	1.619934	1178688537.166156
0.177000	1.591413	1236576593.556857
0.179000	1.601499	1215785719.102638
0.181000	1.549083	1327774290.395853
0.183000	1.600779	1217258253.582581
0.185000	1.584778	1250444499.523548
0.187000	1.562636	1297866237.784129
0.189000	1.548723	1328578503.218722
0.191000	1.580611	1259235159.910037
0.193000	1.577395	1266060046.379657
0.195000	1.617302	1183914646.865926
0.197000	1.609003	1200546793.738501
0.199000	1.621869	1174860635.516878
0.201000	1.644854	1130331586.485566
0.203000	1.640333	1138954102.226912
0.205000	1.697404	1034764222.299780
0.207000	1.705331	1021067106.242250
0.209000	1.746667	952525608.447514
0.211000	1.794734	878586335.216537
0.213000	1.856263	792254834.252595
0.215000	1.858354	789475061.965121
0.217000	1.951695	674829833.286661
0.219000	1.998892	623358356.120003
0.221000	2.040352	581392934.949535
0.223000	2.107739	519126568.654198
0.225000	2.161486	474280095.040327
0.227000	2.202664	442560212.892731
0.229000	2.215381	433199717.765967
0.231000	2.290811	381610036.635306
0.233000	2.345393	348154183.077312
0.235000	2.410614	312001845.109713
0.237000	2.472309	281265342.580856
0.239000	2.548575	247421673.502045
0.241000	2.599259	227213969.267233
0.243000	2.649940	208657882.566016
0.245000	2.667622	202547228.873572
0.247000	2.708537	189084420.885451
0.249000	2.742932	178461988.485310
0.251000	2.808002	159970922.904474
0.253000	2.860489	146461198.458511
0.255000	2.912446	134211692.396180
0.257000	2.958461	124221553.305252
0.259000	3.056661	105318641.046014
0.261000	3.175183	86293384.524869
0.263000	3.257339	75162100.906324
0.265000	3.344957	64868355.285278
0.267000	3.488089	50996279.313544
0.269000	3.603941	41972007.957981
0.271000	3.749834	32843500.724755
0.273000	3.903146	25381811.928048
0.275000	4.050410	19815789.739715
0.277000	4.277342	13531248.126208
0.279000	4.410477	10817873.741518
0.281000	4.564298	8353023.886861
0.283000	4.722631	6401057.478397
0.285000	4.879889	4914099.382411
0.287000	4.986756	4106059.035445
0.289000	5.086318	3473272.247753
0.291000	5.132905	3211650.866156
0.293000	5.136774	3190825.435020
0.295000	5.134455	3203293.520658
0.297000	5.156210	3088260.268987
0.299000	5.130676	3223705.802068
0.301000	5.164387	3046099.447327
0.303000	5.141448	3165853.745867
0.305000	5.164080	3047673.617407
0.307000	5.180305	2965675.390219
0.309000	5.209622	2823061.430058
0.311000	5.225934	2746700.200768
0.313000	5.269230	2553894.973582
0.315000	5.319252	2347924.753904
0.317000	5.356576	2205137.394003
0.319000	5.374315	2140348.678351
0.321000	5.427992	1955679.916223
0.323000	5.457405	1861332.607790
0.325000	5.461572	1848340.499407
0.327000	5.494750	1748075.243929
0.329000	5.496980	1741535.847832
0.331000	5.502358	1725860.892865
0.333000	5.541063	1617146.616166
0.335000	5.565762	1551376.629147
0.337000	5.606698	1448211.096790
0.339000	5.659648	1324875.516996
0.341000	5.656341	1332261.349271
0.343000	5.711432	1214423.812674
0.345000	5.747199	1143556.916155
0.347000	5.809186	1030395.287000
0.349000	5.870209	929936.657721
0.351000	5.935070	833875.405159
0.353000	6.018884	724289.968320
0.355000	6.103830	627909.365402
0.357000	6.243744	496308.690235
0.359000	6.391913	386882.806457
0.361000	6.578441	282750.570519
0.363000	6.777765	202248.527102
0.365000	7.013015	136188.157470
0.367000	7.212411	97402.342298
0.369000	7.444120	65979.320639
0.371000	7.736790	40340.568353
0.373000	7.984219	26613.656193
0.375000	8.267583	16528.475606
0.377000	8.559964	10110.630605
0.379000	8.827341	6450.262593
0.381000	9.201938	3436.371352
0.383000	9.395251	2482.962137
0.385000	9.679582	1539.544979
0.387000	9.926730	1016.156385
0.389000	10.251275	588.875729
0.391000	10.514723	378.173909
0.393000	10.918930	191.689097
0.395000	11.323052	97.177371
0.397000	11.527618	68.900079
0.399000	11.667525	54.460272

# Dumping simulation biases, in the metadata file order 
# Window  F (free energy units)
# 0	0.000000
# 1	-8.547839
# 2	-13.631878
# 3	-15.459227
# 4	-14.811695
# 5	-14.076205
# 6	-13.317845
# 7	-11.916100
# 8	-10.401067
# 9	-9.516659
# 10	-6.682613
#Iteration 410:  0.000240
#Iteration 420:  0.000216
#Iteration 430:  0.000195
#Iteration 440:  0.000176
#Iteration 450:  0.000159
#Iteration 460:  0.000143
#Iteration 470:  0.000129
#Iteration 480:  0.000117
#Iteration 490:  0.000105
#Iteration 500:  0.000095
0.001000	inf	0.000000
0.003000	inf	0.000000
0.005000	inf	0.000000
0.007000	inf	0.000000
0.009000	inf	0.000000
0.011000	inf	0.000000
0.013000	inf	0.000000
0.015000	inf	0.000000
0.017000	inf	0.000000
0.019000	inf	0.000000
0.021000	inf	0.000000
0.023000	inf	0.000000
0.025000	inf	0.000000
0.027000	inf	0.000000
0.029000	inf	0.000000
0.031000	inf	0.000000
0.033000	inf	0.000000
0.035000	inf	0.000000
0.037000	inf	0.000000
0.039000	inf	0.000000
0.041000	inf	0.000000
0.043000	inf	0.000000
0.045000	inf	0.000000
0.047000	inf	0.000000
0.049000	inf	0.000000
0.051000	inf	0.000000
0.053000	inf	0.000000
0.055000	inf	0.000000
0.057000	inf	0.000000
0.059000	inf	0.000000
0.061000	inf	0.000000
0.063000	inf	0.000000
0.065000	13.564913	2.232431
0.067000	11.971414	32.518022
0.069000	10.599791	326.202425
0.071000	9.547304	1913.654677
0.073000	8.604328	9338.778482
0.075000	7.653174	46204.800665
0.077000	6.860961	175004.241119
0.079000	6.173557	555766.888240
0.081000	5.542018	1606766.539218
0.083000	4.973097	4181168.066364
0.085000	4.476379	9636744.864524
0.087000	4.024848	20586091.463038
0.089000	3.577460	43670993.037583
0.091000	3.172457	86271729.775158
0.093000	2.727604	182237103.093879
0.095000	2.320853	361067398.681455
0.097000	1.926044	701166639.863725
0.099000	1.582853	1248449193.548516
0.101000	1.287819	2050039786.539853
0.103000	1.050516	3054970806.792731
0.105000	0.871749	4125890015.144703
0.107000	0.690238	5597968890.914967
0.109000	0.564028	6921036874.538945
0.111000	0.434299	8607576040.803648
0.113000	0.295171	10875578090.294941
0.115000	0.175701	13294522296.263641
0.117000	0.089586	15365300376.226875
0.119000	0.024980	17128031956.618895
0.121000	0.001762	17809741979.234150
0.123000	0.000000	17862580898.490105
0.125000	0.011847	17510354711.136391
0.127000	0.071106	15850124050.480433
0.129000	0.147734	13934444614.284658
0.131000	0.192854	12916640070.260525
0.133000	0.235154	12030068513.615767
0.135000	0.331083	10238450398.807449
0.137000	0.364845	9673556971.962896
0.139000	0.406537	9018794166.520609
0.141000	0.480331	7966642550.895318
0.143000	0.529487	7334802993.287809
0.145000	0.595281	6566812498.841965
0.147000	0.657137	5918289120.525475
0.149000	0.748662	5074322456.252948
0.151000	0.841919	4338056463.552269
0.153000	0.862598	4189844206.478728
0.155000	0.949740	3618922678.575235
0.157000	1.048526	3065210520.462698
0.159000	1.095242	2833702436.702234
0.161000	1.194062	2399994669.168255
0.163000	1.262708	2138429930.588746
0.165000	1.331203	1905852188.329943
0.167000	1.406951	1677988741.519518
0.169000	1.463519	1525778751.834029
0.171000	1.517554	1393292289.237271
0.173000	1.614347	1184071418.794846
0.175000	1.628056	1157097759.450908
0.177000	1.600346	1212270955.823145
0.179000	1.611154	1190445205.787350
0.181000	1.559336	1298791978.321525
0.183000	1.611502	1189747396.250584
0.185000	1.595856	1221455761.254477
0.187000	1.573973	1267223974.831898
0.189000	1.560249	1296798637.614668
0.191000	1.592277	1228825435.537027
0.193000	1.589170	1235260481.457914
0.195000	1.629169	1154934000.445256
0.197000	1.620960	1170981609.654555
0.199000	1.633927	1145733529.337629
0.201000	1.657038	1102075708.796593
0.203000	1.652682	1110174010.392358
0.205000	1.709974	1008241719.011573
0.207000	1.718194	994406484.008489
0.209000	1.759904	927071378.841231
0.211000	1.808427	854454085.861746
0.213000	1.870475	769821734.951025
0.215000	1.873116	766411732.508088
0.217000	1.966995	654522636.320485
0.219000	2.014681	604103147.667412
0.221000	2.056556	563040831.974262
0.223000	2.124278	502457209.404193
0.225000	2.178286	458849227.114033
0.227000	2.219668	428015244.068291
0.229000	2.232548	418847501.761759
0.231000	2.308120	368879032.697113
0.233000	2.362841	336460799.187043
0.235000	2.428215	301444864.387600
0.237000	2.490096	271663322.345133
0.239000	2.566598	238880254.414610
0.241000	2.617582	219259590.066410
0.243000	2.668634	201227690.246861
0.245000	2.686752	195191584.869653
0.247000	2.728147	182070811.939011
0.249000	2.763031	171700995.997313
0.251000	2.828563	153790860.385373
0.253000	2.881456	140707017.844148
0.255000	2.933748	128866280.575682
0.257000	2.980026	119221319.202264
0.259000	3.078427	101045150.864648
0.261000	3.197102	82770540.970144
0.263000	3.279379	72079012.526980
0.265000	3.367101	62196666.440382
0.267000	3.510333	48887652.372386
0.269000	3.626298	40228914.242101
0.271000	3.772332	31472071.526549
0.273000	3.925832	24314264.570612
0.275000	4.073355	18974081.834044
0.277000	4.300645	12948708.675713
0.279000	4.434263	10343730.088596
0.281000	4.588719	7978398.878780
0.283000	4.747845	6105823.959278
0.285000	4.906039	4680088.300333
0.287000	5.013930	3903794.864081
0.289000	5.114532	3296415.424125
0.291000	5.162091	3043133.813578
0.293000	5.166807	3019106.760873
0.295000	5.165175	3027398.462412
0.297000	5.187462	2916075.424054
0.299000	5.162322	3041954.459654
0.301000	5.196317	2872992.201507
0.303000	5.173578	2984936.506883
0.305000	5.196349	2872833.213948
0.307000	5.212673	2795076.178858
0.309000	5.242061	2660348.688166
0.311000	5.258427	2588153.573657
0.313000	5.301768	2406293.674621
0.315000	5.351834	2212064.119104
0.317000	5.389207	2077368.035545
0.319000	5.407008	2016127.013944
0.321000	5.460764	1841927.435915
0.323000	5.490286	1752749.797331
0.325000	5.494596	1740095.314021
0.327000	5.527960	1645189.081277
0.329000	5.530418	1638406.029718
0.331000	5.536060	1622938.938381
0.333000	5.575049	1519981.614999
0.335000	5.600031	1457469.523138
0.337000	5.641229	1359950.540741
0.339000	5.694405	1243658.444541
0.341000	5.691284	1250200.062587
0.343000	5.746524	1139334.775349
0.345000	5.782412	1072632.796951
0.347000	5.844500	966325.791647
0.349000	5.905613	871980.938810
0.351000	5.970562	781791.255937
0.353000	6.054465	678948.666233
0.355000	6.139503	588510.685266
0.357000	6.279508	465095.461766
0.359000	6.427766	362498.166282
0.361000	6.614371	264894.486897
0.363000	6.813761	189455.447796
0.365000	7.049063	127562.586373
0.367000	7.248497	91227.303008
0.369000	7.480235	61793.453341
0.371000	7.772925	37779.992279
0.373000	8.020369	24923.791034
0.375000	8.303742	15478.728582
0.377000	8.596129	9468.384995
0.379000	8.863511	6040.484841
0.381000	9.238111	3218.046352
0.383000	9.431426	2325.202738
0.385000	9.715758	1441.723973
0.387000	9.962907	951.589465
0.389000	10.287453	551.457802
0.391000	10.550901	354.144006
0.393000	10.955108	179.508718
0.395000	11.359230	91.002463
0.397000	11.563797	64.521972
0.399000	11.703704	50.999704

# Dumping simulation biases, in the metadata file order 
# Window  F (free energy units)
# 0	0.000000
# 1	-8.547402
# 2	-13.630639
# 3	-15.456376
# 4	-14.805408
# 5	-14.061601
# 6	-13.297847
# 7	-11.891309
# 8	-10.366009
# 9	-9.478826
# 10	-6.643958
#Iteration 510:  0.000086
#Iteration 520:  0.000077
#Iteration 530:  0.000070
#Iteration 540:  0.000063
#Iteration 550:  0.000057
#Iteration 560:  0.000051
#Iteration 570:  0.000046
#Iteration 580:  0.000042
#Iteration 590:  0.000038
#Iteration 600:  0.000034
0.001000	inf	0.000000
0.003000	inf	0.000000
0.005000	inf	0.000000
0.007000	inf	0.000000
0.009000	inf	0.000000
0.011000	inf	0.000000
0.013000	inf	0.000000
0.015000	inf	0.000000
0.017000	inf	0.000000
0.019000	inf	0.000000
0.021000	inf	0.000000
0.023000	inf	0.000000
0.025000	inf	0.000000
0.027000	inf	0.000000
0.029000	inf	0.000000
0.031000	inf	0.000000
0.033000	inf	0.000000
0.035000	inf	0.000000
0.037000	inf	0.000000
0.039000	inf	0.000000
0.041000	inf	0.000000
0.043000	inf	0.000000
0.045000	inf	0.000000
0.047000	inf	0.000000
0.049000	inf	0.000000
0.051000	inf	0.000000
0.053000	inf	0.000000
0.055000	inf	0.000000
0.057000	inf	0.000000
0.059000	inf	0.000000
0.061000	inf	0.000000
0.063000	inf	0.000000
0.065000	13.563885	2.232429
0.067000	11.970386	32.517973
0.069000	10.598765	326.201690
0.071000	9.546278	1913.648240
0.073000	8.603303	9338.731589
0.075000	7.652151	46204.454812
0.077000	6.859939	175002.292424
0.079000	6.172539	555757.709646
0.081000	5.541004	1606727.352980
0.083000	4.972090	4181018.419033
0.085000	4.475382	9636243.108765
0.087000	4.023864	20584550.718572
0.089000	3.576494	43666368.409083
0.091000	3.171516	86259059.997138
0.093000	2.726694	182200878.000066
0.095000	2.319980	360972931.779468
0.097000	1.925215	700932480.979304
0.099000	1.582070	1247933683.111331
0.101000	1.287085	2049024953.353393
0.103000	1.049831	3053206876.626494
0.105000	0.871113	4123171046.056191
0.107000	0.689651	5593819276.010236
0.109000	0.563493	6915308774.018391
0.111000	0.433820	8599637253.067938
0.113000	0.294755	10864390496.837025
0.115000	0.175356	13279258592.903189
0.117000	0.089320	15345640805.619942
0.119000	0.024797	17103704374.614260
0.121000	0.001668	17781796277.671581
0.123000	0.000000	17831733000.171738
0.125000	0.011949	17477124556.493717
0.127000	0.071320	15817057765.043695
0.129000	0.148073	13902473187.918028
0.131000	0.193326	12884104499.254839
0.133000	0.235764	11996992919.458405
0.135000	0.331826	10208026177.570328
0.137000	0.365707	9642877540.852869
0.139000	0.407500	8988670453.064024
0.141000	0.481373	7938959673.963786
0.143000	0.530591	7308556215.584851
0.145000	0.596432	6542801468.008919
0.147000	0.658324	5896298733.642204
0.149000	0.749876	5055229089.339129
0.151000	0.843158	4321555263.391365
0.153000	0.863862	4173734994.804827
0.155000	0.951032	3604838309.984234
0.157000	1.049853	3053097100.133240
0.159000	1.096618	2822273117.045544
0.161000	1.195506	2390042814.925257
0.163000	1.264245	2129225738.606977
0.165000	1.332870	1897238178.478980
0.167000	1.408789	1669924621.674640
0.169000	1.465573	1517891974.196239
0.171000	1.519870	1385483574.173154
0.173000	1.616954	1176858145.478197
0.175000	1.630965	1149464361.626533
0.177000	1.603545	1203687684.507101
0.179000	1.614609	1181506358.671512
0.181000	1.563004	1288578306.780175
0.183000	1.615338	1180059817.627294
0.185000	1.599817	1211253853.219252
0.187000	1.578027	1256444896.619659
0.189000	1.564370	1285622938.962444
0.191000	1.596448	1218134003.174020
0.193000	1.593379	1224433795.540968
0.195000	1.633411	1144748007.171606
0.197000	1.625234	1160591290.854027
0.199000	1.638237	1135498242.922318
0.201000	1.661393	1092147743.677563
0.203000	1.657097	1100063356.346032
0.205000	1.714468	998926019.592765
0.207000	1.722793	985044804.204979
0.209000	1.764637	918136566.323733
0.211000	1.813323	845987292.910242
0.213000	1.875556	761955593.361760
0.215000	1.878394	758329815.048907
0.217000	1.972466	647411271.020854
0.219000	2.020326	597364434.782964
0.221000	2.062349	556621730.802414
0.223000	2.130190	496629340.755996
0.225000	2.184291	453456281.610839
0.227000	2.225745	422933308.082752
0.229000	2.238683	413833981.200180
0.231000	2.314306	364432608.154508
0.233000	2.369077	332377412.951981
0.235000	2.434505	297758906.517368
0.237000	2.496453	268311407.763080
0.239000	2.573040	235899266.904507
0.241000	2.624132	216484304.877028
0.243000	2.675317	198636272.162482
0.245000	2.693590	192627350.356369
0.247000	2.735157	179627109.690696
0.249000	2.770216	169346640.714137
0.251000	2.835913	151639990.848539
0.253000	2.888951	138705371.762724
0.255000	2.941363	127007612.603487
0.257000	2.987734	117483257.409533
0.259000	3.086207	99560083.783803
0.261000	3.204937	81546564.717318
0.263000	3.287257	71007981.167738
0.265000	3.375015	61268658.490195
0.267000	3.518284	48155297.711669
0.269000	3.634289	39623576.052438
0.271000	3.780373	30995860.722887
0.273000	3.933942	23943629.652976
0.275000	4.081558	18681916.589853
0.277000	4.308976	12746564.171608
0.279000	4.442769	10179269.767025
0.281000	4.597453	7848534.622917
0.283000	4.756865	6003562.475872
0.285000	4.915393	4599114.579543
0.287000	5.023651	3833889.458259
0.289000	5.124623	3235369.437765
0.291000	5.172529	2985039.920341
0.293000	5.177545	2959976.788498
0.295000	5.176157	2966888.468237
0.297000	5.198633	2856886.617081
0.299000	5.173631	2979512.740690
0.301000	5.207727	2813544.837987
0.303000	5.185058	2922825.356858
0.305000	5.207880	2812820.690572
0.307000	5.224238	2736527.856371
0.309000	5.253651	2604512.659028
0.311000	5.270037	2533751.293300
0.313000	5.313394	2355650.142089
0.315000	5.363475	2165451.482228
0.317000	5.400865	2033533.960117
0.319000	5.418688	1973512.956175
0.321000	5.472473	1802908.239906
0.323000	5.502034	1715508.246248
0.325000	5.506395	1702975.338299
0.327000	5.539825	1609913.980198
0.329000	5.542365	1603056.279300
0.331000	5.548102	1587670.836486
0.333000	5.587192	1486696.960647
0.335000	5.612276	1425311.361529
0.337000	5.653566	1329735.237031
0.339000	5.706824	1215861.836246
0.341000	5.703769	1222120.733923
0.343000	5.759062	1113645.751568
0.345000	5.794993	1048372.127664
0.347000	5.857117	944412.467686
0.349000	5.918263	852160.781644
0.351000	5.983243	763980.919949
0.353000	6.067177	663445.665779
0.355000	6.152248	575040.997480
0.357000	6.292287	454425.359414
0.359000	6.440575	354163.225918
0.361000	6.627209	258791.629353
0.363000	6.826622	185083.356063
0.365000	7.061942	124614.935984
0.367000	7.261390	89117.178381
0.369000	7.493139	60363.112863
0.371000	7.785836	36905.045946
0.373000	8.033284	24346.375260
0.375000	8.316661	15120.041005
0.377000	8.609050	9248.938079
0.379000	8.876434	5900.469879
0.381000	9.251035	3143.448210
0.383000	9.444351	2271.299015
0.385000	9.728684	1408.300240
0.387000	9.975832	929.528096
0.389000	10.300379	538.672772
0.391000	10.563827	345.933426
0.393000	10.968034	175.346906
0.395000	11.372157	88.892611
0.397000	11.576723	63.026054
0.399000	11.716630	49.817292

# Dumping simulation biases, in the metadata file order 
# Window  F (free energy units)
# 0	0.000000
# 1	-8.547245
# 2	-13.630197
# 3	-15.455357
# 4	-14.803162
# 5	-14.056381
# 6	-13.290701
# 7	-11.882448
# 8	-10.353483
# 9	-9.465309
# 10	-6.630147
#Iteration 610:  0.000031
#Iteration 620:  0.000028
#Iteration 630:  0.000025
#Iteration 640:  0.000022
#Iteration 650:  0.000020
#Iteration 660:  0.000018
#Iteration 670:  0.000017
#Iteration 680:  0.000015
#Iteration 690:  0.000013
#Iteration 700:  0.000012
0.001000	inf	0.000000
0.003000	inf	0.000000
0.005000	inf	0.000000
0.007000	inf	0.000000
0.009000	inf	0.000000
0.011000	inf	0.000000
0.013000	inf	0.000000
0.015000	inf	0.000000
0.017000	inf	0.000000
0.019000	inf	0.000000
0.021000	inf	0.000000
0.023000	inf	0.000000
0.025000	inf	0.000000
0.027000	inf	0.000000
0.029000	inf	0.000000
0.031000	inf	0.000000
0.033000	inf	0.000000
0.035000	inf	0.000000
0.037000	inf	0.000000
0.039000	inf	0.000000
0.041000	inf	0.000000
0.043000	inf	0.000000
0.045000	inf	0.000000
0.047000	inf	0.000000
0.049000	inf	0.000000
0.051000	inf	0.000000
0.053000	inf	0.000000
0.055000	inf	0.000000
0.057000	inf	0.000000
0.059000	inf	0.000000
0.061000	inf	0.000000
0.063000	inf	0.000000
0.065000	13.563518	2.232428
0.067000	11.970019	32.517955
0.069000	10.598398	326.201428
0.071000	9.545911	1913.645939
0.073000	8.602937	9338.714830
0.075000	7.651785	46204.331212
0.077000	6.859574	175001.596010
0.079000	6.172175	555754.429464
0.081000	5.540642	1606713.348953
0.083000	4.971730	4180964.939848
0.085000	4.475025	9636063.799357
0.087000	4.023513	20584000.121201
0.089000	3.576149	43664715.798905
0.091000	3.171180	86254532.593705
0.093000	2.726368	182187933.887296
0.095000	2.319668	360939178.134246
0.097000	1.924918	700848819.443066
0.099000	1.581790	1247749510.988210
0.101000	1.286823	2048662417.293344
0.103000	1.049587	3052576777.418278
0.105000	0.870885	4122199854.148918
0.107000	0.689442	5592337153.254573
0.109000	0.563301	6913262971.517974
0.111000	0.433649	8596802058.812929
0.113000	0.294606	10860395307.556578
0.115000	0.175232	13273808200.792131
0.117000	0.089224	15338621333.868452
0.119000	0.024732	17095018986.696024
0.121000	0.001635	17771820090.404686
0.123000	0.000000	17820721801.102886
0.125000	0.011986	17465264156.620384
0.127000	0.071397	15805257140.228662
0.129000	0.148193	13891064788.826979
0.131000	0.193495	12872496627.863789
0.133000	0.235982	11985194507.897200
0.135000	0.332091	10197175592.620138
0.137000	0.366014	9631937922.102156
0.139000	0.407843	8977930705.750504
0.141000	0.481745	7929091425.162939
0.143000	0.530986	7299200840.725204
0.145000	0.596843	6534243632.265265
0.147000	0.658747	5888461488.485769
0.149000	0.750310	5048424563.583343
0.151000	0.843600	4315674668.668786
0.153000	0.864313	4167994165.538177
0.155000	0.951493	3599819097.205955
0.157000	1.050327	3048780266.731274
0.159000	1.097110	2818200060.403761
0.161000	1.196022	2386496273.875763
0.163000	1.264795	2125945667.635226
0.165000	1.333466	1894168528.428748
0.167000	1.409446	1667051152.934849
0.169000	1.466308	1515082115.360932
0.171000	1.520698	1382702187.831076
0.173000	1.617886	1174289688.229960
0.175000	1.632005	1146747372.502758
0.177000	1.604688	1200633868.488577
0.179000	1.615844	1178327285.732947
0.181000	1.564315	1284947088.683171
0.183000	1.616709	1176616591.077706
0.185000	1.601233	1207628588.324996
0.187000	1.579475	1252615132.321065
0.189000	1.565842	1281652705.264888
0.191000	1.597938	1214336115.905256
0.193000	1.594883	1220588090.314509
0.195000	1.634926	1141130044.617723
0.197000	1.626761	1156900896.173283
0.199000	1.639777	1131863048.272395
0.201000	1.662949	1088621846.757438
0.203000	1.658674	1096472768.194426
0.205000	1.716074	995617977.817417
0.207000	1.724436	981720756.407211
0.209000	1.766328	914964499.114804
0.211000	1.815072	842981889.316286
0.213000	1.877372	759163970.280866
0.215000	1.880280	755462275.164437
0.217000	1.974421	644888691.525018
0.219000	2.022343	594974582.083500
0.221000	2.064419	554345675.181339
0.223000	2.132303	494563255.888943
0.225000	2.186437	451544627.678698
0.227000	2.227916	421132074.497795
0.229000	2.240875	412057131.317200
0.231000	2.316516	362856841.250843
0.233000	2.371305	330930383.834990
0.235000	2.436753	296452788.763621
0.237000	2.498725	267123736.598034
0.239000	2.575342	234843112.045622
0.241000	2.626472	215501133.993738
0.243000	2.677705	197718361.771285
0.245000	2.696034	191719218.424075
0.247000	2.737662	178761828.476051
0.249000	2.772784	168513163.893456
0.251000	2.838540	150878701.176120
0.253000	2.891629	137997025.273960
0.255000	2.944084	126349962.196304
0.257000	2.990488	116868354.366349
0.259000	3.088987	99034734.860217
0.261000	3.207736	81113607.492126
0.263000	3.290072	70629144.840201
0.265000	3.377843	60940424.788001
0.267000	3.521125	47896275.403849
0.269000	3.637144	39409485.299434
0.271000	3.783247	30827445.785974
0.273000	3.936840	23812559.519917
0.275000	4.084490	18578604.089599
0.277000	4.311954	12675091.613269
0.279000	4.445809	10121130.184812
0.281000	4.600575	7802635.153394
0.283000	4.760088	5967429.317803
0.285000	4.918736	4570513.600265
0.287000	5.027125	3809208.425880
0.289000	5.128230	3213826.181360
0.291000	5.176259	2964547.672154
0.293000	5.181382	2939127.530987
0.295000	5.180082	2945559.866435
0.297000	5.202624	2836029.297088
0.299000	5.177673	2957513.570915
0.301000	5.211803	2792603.689595
0.303000	5.189160	2900948.125399
0.305000	5.211999	2791684.190660
0.307000	5.228369	2715908.100309
0.309000	5.257792	2584848.839182
0.311000	5.274184	2514592.910299
0.313000	5.317547	2337815.826989
0.315000	5.367634	2149036.981306
0.317000	5.405031	2018098.235780
0.319000	5.422861	1958507.212597
0.321000	5.476656	1789168.789188
0.323000	5.506231	1702395.286670
0.325000	5.510611	1689905.911136
0.327000	5.544065	1597495.002596
0.329000	5.546633	1590612.135516
0.331000	5.552404	1575256.738996
0.333000	5.591530	1474982.364511
0.335000	5.616650	1413994.548118
0.337000	5.657974	1319103.290177
0.339000	5.711261	1206081.890164
0.341000	5.708230	1212242.092396
0.343000	5.763542	1104608.619559
0.345000	5.799488	1039837.910542
0.347000	5.861624	936704.307438
0.349000	5.922782	845189.170422
0.351000	5.987773	757716.477259
0.353000	6.071719	657992.983841
0.355000	6.156802	570303.646063
0.357000	6.296852	450672.776403
0.359000	6.445152	351232.004279
0.361000	6.631795	256645.452639
0.363000	6.831216	183545.874808
0.365000	7.066543	123578.393114
0.367000	7.265996	88375.163891
0.369000	7.497749	59860.146912
0.371000	7.790449	36597.381769
0.373000	8.037899	24143.335252
0.375000	8.321277	14993.914151
0.377000	8.613667	9171.773228
0.379000	8.881051	5851.236042
0.381000	9.255652	3117.217098
0.383000	9.448969	2252.344744
0.385000	9.733302	1396.547394
0.387000	9.980450	921.770622
0.389000	10.304997	534.177152
0.391000	10.568445	343.046328
0.393000	10.972652	173.883482
0.395000	11.376775	88.150721
0.397000	11.581342	62.500042
0.399000	11.721248	49.401519

# Dumping simulation biases, in the metadata file order 
# Window  F (free energy units)
# 0	0.000000
# 1	-8.547190
# 2	-13.630038
# 3	-15.454993
# 4	-14.802360
# 5	-14.054516
# 6	-13.288147
# 7	-11.879282
# 8	-10.349008
# 9	-9.460479
# 10	-6.625212
#Iteration 710:  0.000011
#Iteration 720:  0.000010
#Iteration 730:  0.000009
#Iteration 740:  0.000008
#Iteration 750:  0.000007
#Iteration 760:  0.000007
#Iteration 770:  0.000006
#Iteration 780:  0.000005
#Iteration 790:  0.000005
#Iteration 800:  0.000004
0.001000	inf	0.000000
0.003000	inf	0.000000
0.005000	inf	0.000000
0.007000	inf	0.000000
0.009000	inf	0.000000
0.011000	inf	0.000000
0.013000	inf	0.000000
0.015000	inf	0.000000
0.017000	inf	0.000000
0.019000	inf	0.000000
0.021000	inf	0.000000
0.023000	inf	0.000000
0.025000	inf	0.000000
0.027000	inf	0.000000
0.029000	inf	0.000000
0.031000	inf	0.000000
0.033000	inf	0.000000
0.035000	inf	0.000000
0.037000	inf	0.000000
0.039000	inf	0.000000
0.041000	inf	0.000000
0.043000	inf	0.000000
0.045000	inf	0.000000
0.047000	inf	0.000000
0.049000	inf	0.000000
0.051000	inf	0.000000
0.053000	inf	0.000000
0.055000	inf	0.000000
0.057000	inf	0.000000
0.059000	inf	0.000000
0.061000	inf	0.000000
0.063000	inf	0.000000
0.065000	13.563387	2.232428
0.067000	11.969888	32.517949
0.069000	10.598267	326.201334
0.071000	9.545780	1913.645117
0.073000	8.602806	9338.708842
0.075000	7.651654	46204.287050
0.077000	6.859444	175001.347177
0.079000	6.172045	555753.257438
0.081000	5.540512	1606708.345251
0.083000	4.971602	4180945.831550
0.085000	4.474898	9635999.731755
0.087000	4.023387	20583803.392850
0.089000	3.576026	43664125.326388
0.091000	3.171059	86252914.984245
0.093000	2.726252	182183309.112986
0.095000	2.319557	360927118.582647
0.097000	1.924812	700818929.362304
0.099000	1.581690	1247683712.658494
0.101000	1.286730	2048532898.882604
0.103000	1.049499	3052351675.671112
0.105000	0.870804	4121852905.321747
0.107000	0.689367	5591807690.002443
0.109000	0.563233	6912532157.240558
0.111000	0.433587	8595789273.484495
0.113000	0.294553	10858968182.760263
0.115000	0.175188	13271861314.452667
0.117000	0.089190	15336114047.694313
0.119000	0.024709	17091916754.104010
0.121000	0.001623	17768256931.545166
0.123000	0.000000	17816789102.015549
0.125000	0.011999	17461028308.318596
0.127000	0.071424	15801042804.486774
0.129000	0.148237	13886990718.783691
0.131000	0.193555	12868351557.817623
0.133000	0.236060	11980981668.940422
0.135000	0.332186	10193301454.509745
0.137000	0.366124	9628032248.091221
0.139000	0.407966	8974096608.602194
0.141000	0.481879	7925568617.739793
0.143000	0.531127	7295861240.978883
0.145000	0.596990	6531188811.528428
0.147000	0.658899	5885663942.988945
0.149000	0.750465	5045995683.025723
0.151000	0.843758	4313575602.581924
0.153000	0.864474	4165944997.483516
0.155000	0.951658	3598027510.635799
0.157000	1.050497	3047239391.130051
0.159000	1.097286	2816746198.031506
0.161000	1.196206	2385230348.359140
0.163000	1.264992	2124774861.036632
0.165000	1.333679	1893072843.420983
0.167000	1.409681	1666025521.993199
0.169000	1.466571	1514079242.289973
0.171000	1.520993	1381709561.416480
0.173000	1.618220	1173373159.445544
0.175000	1.632377	1145777977.218906
0.177000	1.605097	1199544457.945270
0.179000	1.616286	1177193350.806351
0.181000	1.564784	1283652037.375124
0.183000	1.617199	1175388706.884611
0.185000	1.601739	1206335885.351922
0.187000	1.579993	1251249584.738174
0.189000	1.566368	1280237128.630615
0.191000	1.598470	1212982028.078550
0.193000	1.595420	1219216982.558673
0.195000	1.635468	1139840154.807025
0.197000	1.627307	1155585200.679006
0.199000	1.640327	1130567049.971399
0.201000	1.663505	1087364833.569350
0.203000	1.659238	1095192716.273800
0.205000	1.716648	994438684.174953
0.207000	1.725023	980535797.740852
0.209000	1.766932	913833771.209403
0.211000	1.815697	841910635.418563
0.213000	1.878021	758168989.589116
0.215000	1.880954	754440320.482506
0.217000	1.975119	643989752.583799
0.219000	2.023064	594123009.635397
0.221000	2.065159	553534708.849749
0.223000	2.133057	493827145.319480
0.225000	2.187204	450863569.049526
0.227000	2.228692	420490377.301153
0.229000	2.241659	411424138.026177
0.231000	2.317306	362295495.098365
0.233000	2.372101	330414909.088195
0.235000	2.437556	295987520.334918
0.237000	2.499537	266700671.487775
0.239000	2.576164	234466905.976846
0.241000	2.627308	215150938.345528
0.243000	2.678558	197391427.020036
0.245000	2.696907	191395785.544746
0.247000	2.738557	178453677.797505
0.249000	2.773701	168216360.986728
0.251000	2.839478	150607623.355090
0.253000	2.892586	137744815.352120
0.255000	2.945056	126115815.377086
0.257000	2.991472	116649436.444430
0.259000	3.089980	98847706.107493
0.261000	3.208736	80959474.751118
0.263000	3.291077	70494281.635242
0.265000	3.378854	60823577.504510
0.267000	3.522140	47804067.746320
0.269000	3.638165	39333273.528832
0.271000	3.784274	30767494.550337
0.273000	3.937875	23765902.961940
0.275000	4.085537	18541829.318341
0.277000	4.313018	12649651.465395
0.279000	4.446895	10100436.951195
0.281000	4.601690	7786299.709833
0.283000	4.761240	5954570.982173
0.285000	4.919931	4560336.979154
0.287000	5.028367	3800427.906494
0.289000	5.129519	3206163.205748
0.291000	5.177592	2957259.709979
0.293000	5.182753	2931713.672506
0.295000	5.181484	2937976.474679
0.297000	5.204050	2828614.177135
0.299000	5.179116	2949693.065291
0.301000	5.213260	2785159.688580
0.303000	5.190626	2893171.660007
0.305000	5.213471	2784171.219706
0.307000	5.229846	2708578.938791
0.309000	5.259271	2577859.549056
0.311000	5.275666	2507783.336994
0.313000	5.319031	2331476.923036
0.315000	5.369120	2143202.766521
0.317000	5.406519	2012611.947934
0.319000	5.424352	1953173.798082
0.321000	5.478151	1784285.501140
0.323000	5.507730	1697734.735982
0.325000	5.512117	1685260.924536
0.327000	5.545579	1593081.304878
0.329000	5.548158	1586189.635172
0.331000	5.553941	1570845.082075
0.333000	5.593080	1470819.463034
0.335000	5.618213	1409973.169055
0.337000	5.659549	1315325.421559
0.339000	5.712846	1202606.882015
0.341000	5.709824	1208732.114223
0.343000	5.765142	1101397.710416
0.345000	5.801094	1036805.743016
0.347000	5.863235	933965.675518
0.349000	5.924397	842712.260351
0.351000	5.989392	755490.842446
0.353000	6.073342	656055.777191
0.355000	6.158429	568620.601708
0.357000	6.298483	449339.609770
0.359000	6.446787	350190.653048
0.361000	6.633434	255883.006637
0.363000	6.832858	182999.677852
0.365000	7.068187	123210.159519
0.367000	7.267642	88111.563516
0.369000	7.499396	59681.469194
0.371000	7.792097	36488.084970
0.373000	8.039547	24071.206033
0.375000	8.322926	14949.108112
0.377000	8.615316	9144.360763
0.379000	8.882701	5833.745956
0.381000	9.257302	3107.898624
0.383000	9.450619	2245.611334
0.385000	9.734951	1392.372255
0.387000	9.982100	919.014819
0.389000	10.306647	532.580106
0.391000	10.570095	342.020701
0.393000	10.974302	173.363608
0.395000	11.378425	87.887168
0.397000	11.582991	62.313179
0.399000	11.722898	49.253818

# Dumping simulation biases, in the metadata file order 
# Window  F (free energy units)
# 0	0.000000
# 1	-8.547170
# 2	-13.629982
# 3	-15.454863
# 4	-14.802073
# 5	-14.053850
# 6	-13.287235
# 7	-11.878151
# 8	-10.347409
# 9	-9.458753
# 10	-6.623449
#Iteration 810:  0.000004
#Iteration 820:  0.000004
#Iteration 830:  0.000003
#Iteration 840:  0.000003
#Iteration 850:  0.000003
#Iteration 860:  0.000002
#Iteration 870:  0.000002
#Iteration 880:  0.000002
#Iteration 890:  0.000002
#Iteration 900:  0.000002
0.001000	inf	0.000000
0.003000	inf	0.000000
0.005000	inf	0.000000
0.007000	inf	0.000000
0.009000	inf	0.000000
0.011000	inf	0.000000
0.013000	inf	0.000000
0.015000	inf	0.000000
0.017000	inf	0.000000
0.019000	inf	0.000000
0.021000	inf	0.000000
0.023000	inf	0.000000
0.025000	inf	0.000000
0.027000	inf	0.000000
0.029000	inf	0.000000
0.031000	inf	0.000000
0.033000	inf	0.000000
0.035000	inf	0.000000
0.037000	inf	0.000000
0.039000	inf	0.000000
0.041000	inf	0.000000
0.043000	inf	0.000000
0.045000	inf	0.000000
0.047000	inf	0.000000
0.049000	inf	0.000000
0.051000	inf	0.000000
0.053000	inf	0.000000
0.055000	inf	0.000000
0.057000	inf	0.000000
0.059000	inf	0.000000
0.061000	inf	0.000000
0.063000	inf	0.000000
0.065000	13.563340	2.232428
0.067000	11.969841	32.517947
0.069000	10.598220	326.201301
0.071000	9.545733	1913.644824
0.073000	8.602759	9338.706702
0.075000	7.651607	46204.271271
0.077000	6.859397	175001.258274
0.079000	6.171998	555752.838696
0.081000	5.540466	1606706.557527
0.083000	4.971556	4180939.004539
0.085000	4.474852	9635976.841721
0.087000	4.023342	20583733.106011
0.089000	3.575982	43663914.363781
0.091000	3.171017	86252337.050885
0.093000	2.726211	182181656.799661
0.095000	2.319517	360922810.041522
0.097000	1.924774	700808250.551926
0.099000	1.581655	1247660205.129362
0.101000	1.286696	2048486626.719190
0.103000	1.049468	3052271255.783621
0.105000	0.870775	4121728955.301458
0.107000	0.689340	5591618536.718661
0.109000	0.563208	6912271072.127439
0.111000	0.433565	8595427456.153608
0.113000	0.294534	10858458346.937759
0.115000	0.175173	13271165802.180883
0.117000	0.089178	15335218346.143526
0.119000	0.024700	17090808527.291729
0.121000	0.001618	17766984060.855900
0.123000	0.000000	17815384236.860310
0.125000	0.012003	17459515168.887394
0.127000	0.071434	15799537370.803675
0.129000	0.148252	13885535414.796761
0.131000	0.193577	12866870921.672590
0.133000	0.236087	11979476860.088600
0.135000	0.332219	10191917661.647854
0.137000	0.366164	9626637223.300070
0.139000	0.408010	8972727177.447166
0.141000	0.481926	7924310391.419298
0.143000	0.531177	7294668465.463538
0.145000	0.597043	6530097758.297100
0.147000	0.658953	5884664784.251309
0.149000	0.750520	5045128198.868850
0.151000	0.843815	4312825915.065266
0.153000	0.864532	4165213132.346256
0.155000	0.951717	3597387641.721641
0.157000	1.050557	3046689064.121400
0.159000	1.097349	2816226947.745900
0.161000	1.196272	2384778220.037152
0.163000	1.265062	2124356705.093569
0.165000	1.333755	1892681518.942552
0.167000	1.409764	1665659221.049330
0.169000	1.466664	1513721076.086144
0.171000	1.521099	1381355065.493030
0.173000	1.618339	1173045853.882630
0.175000	1.632510	1145431809.580786
0.177000	1.605243	1199155453.857211
0.179000	1.616444	1176788468.393291
0.181000	1.564951	1283189646.953714
0.183000	1.617374	1174950313.522112
0.185000	1.601919	1205874362.089034
0.187000	1.580178	1250762064.056823
0.189000	1.566556	1279731754.097979
0.191000	1.598660	1212498610.630902
0.193000	1.595612	1218727492.583846
0.195000	1.635661	1139379662.574567
0.197000	1.627502	1155115498.092868
0.199000	1.640524	1130104381.483633
0.201000	1.663703	1086916085.093491
0.203000	1.659439	1094735746.160917
0.205000	1.716853	994017687.921946
0.207000	1.725233	980112784.361641
0.209000	1.767148	913430124.152857
0.211000	1.815921	841528227.600040
0.213000	1.878253	757813818.455972
0.215000	1.881195	754075531.349984
0.217000	1.975369	643668883.931190
0.219000	2.023322	593819056.766353
0.221000	2.065423	553245256.837527
0.223000	2.133327	493564416.414472
0.225000	2.187477	450620492.938963
0.227000	2.228969	420261352.495885
0.229000	2.241939	411198221.866510
0.231000	2.317588	362095151.479419
0.233000	2.372385	330230938.215644
0.235000	2.437843	295821469.108067
0.237000	2.499826	266549683.619840
0.239000	2.576458	234332643.064241
0.241000	2.627607	215025959.896440
0.243000	2.678863	197274751.971177
0.245000	2.697219	191280362.657534
0.247000	2.738877	178343711.297149
0.249000	2.774029	168110446.767186
0.251000	2.839814	150510891.573584
0.253000	2.892928	137654818.462088
0.255000	2.945403	126032265.600371
0.257000	2.991824	116571321.928775
0.259000	3.090335	98780971.093655
0.261000	3.209093	80904478.069391
0.263000	3.291437	70446160.907565
0.265000	3.379215	60781885.282579
0.267000	3.522503	47771167.329570
0.269000	3.638529	39306080.697300
0.271000	3.784641	30746103.694725
0.273000	3.938245	23749255.821336
0.275000	4.085911	18528708.144323
0.277000	4.313398	12640574.590741
0.279000	4.447284	10093053.888767
0.281000	4.602089	7780471.606453
0.283000	4.761652	5949983.597143
0.285000	4.920358	4556706.499716
0.287000	5.028811	3797295.651801
0.289000	5.129980	3203429.769038
0.291000	5.178069	2954660.191902
0.293000	5.183243	2929069.385416
0.295000	5.181985	2935271.837365
0.297000	5.204560	2825969.644439
0.299000	5.179632	2946904.026955
0.301000	5.213780	2782504.972944
0.303000	5.191149	2890398.415873
0.305000	5.213997	2781491.967738
0.307000	5.230373	2705965.253255
0.309000	5.259800	2575367.078040
0.311000	5.276195	2505354.963561
0.313000	5.319561	2329216.401947
0.315000	5.369651	2141122.228137
0.317000	5.407050	2010655.488793
0.319000	5.424884	1951271.860812
0.321000	5.478685	1782544.089423
0.323000	5.508266	1696072.762657
0.325000	5.512655	1683604.513151
0.327000	5.546120	1591507.386023
0.329000	5.548703	1584612.595323
0.331000	5.554490	1569271.929987
0.333000	5.593634	1469335.036300
0.335000	5.618772	1408539.228209
0.337000	5.660112	1313978.330128
0.339000	5.713412	1201367.797851
0.341000	5.710393	1207480.573321
0.343000	5.765714	1100252.816758
0.345000	5.801668	1035724.589139
0.347000	5.863810	932989.190383
0.349000	5.924974	841829.098867
0.351000	5.989970	754697.278765
0.353000	6.073922	655365.057558
0.355000	6.159010	568020.507645
0.357000	6.299066	448864.267844
0.359000	6.447371	349819.359897
0.361000	6.634019	255611.158086
0.363000	6.833445	182804.933120
0.365000	7.068775	123078.867395
0.367000	7.268230	88017.578116
0.369000	7.499984	59617.762640
0.371000	7.792685	36449.115842
0.373000	8.040136	24045.488805
0.375000	8.323515	14933.132803
0.377000	8.615906	9134.587027
0.379000	8.883290	5827.509980
0.381000	9.257891	3104.576184
0.383000	9.451208	2243.210582
0.385000	9.735541	1390.883637
0.387000	9.982690	918.032256
0.389000	10.307236	532.010690
0.391000	10.570685	341.655020
0.393000	10.974892	173.178251
0.395000	11.379014	87.793200
0.397000	11.583581	62.246554
0.399000	11.723488	49.201156

# Dumping simulation biases, in the metadata file order 
# Window  F (free energy units)
# 0	0.000000
# 1	-8.547163
# 2	-13.629962
# 3	-15.454816
# 4	-14.801971
# 5	-14.053612
# 6	-13.286909
# 7	-11.877747
# 8	-10.346838
# 9	-9.458137
# 10	-6.622819
#Iteration 910:  0.000001
#Iteration 920:  0.000001
#Iteration 930:  0.000001
#Iteration 940:  0.000001
#Iteration 950:  0.000001
#Iteration 960:  0.000001
#Iteration 970:  0.000001
#Iteration 980:  0.000001
#Iteration 990:  0.000001
#Iteration 1000:  0.000001
0.001000	inf	0.000000
0.003000	inf	0.000000
0.005000	inf	0.000000
0.007000	inf	0.000000
0.009000	inf	0.000000
0.011000	inf	0.000000
0.013000	inf	0.000000
0.015000	inf	0.000000
0.017000	inf	0.000000
0.019000	inf	0.000000
0.021000	inf	0.000000
0.023000	inf	0.000000
0.025000	inf	0.000000
0.027000	inf	0.000000
0.029000	inf	0.000000
0.031000	inf	0.000000
0.033000	inf	0.000000
0.035000	inf	0.000000
0.037000	inf	0.000000
0.039000	inf	0.000000
0.041000	inf	0.000000
0.043000	inf	0.000000
0.045000	inf	0.000000
0.047000	inf	0.000000
0.049000	inf	0.000000
0.051000	inf	0.000000
0.053000	inf	0.000000
0.055000	inf	0.000000
0.057000	inf	0.000000
0.059000	inf	0.000000
0.061000	inf	0.000000
0.063000	inf	0.000000
0.065000	13.563323	2.232428
0.067000	11.969824	32.517946
0.069000	10.598203	326.201289
0.071000	9.545716	1913.644719
0.073000	8.602742	9338.705938
0.075000	7.651591	46204.265634
0.077000	6.859380	175001.226511
0.079000	6.171982	555752.689091
0.081000	5.540449	1606705.918824
0.083000	4.971539	4180936.565442
0.085000	4.474836	9635968.663768
0.087000	4.023326	20583707.994559
0.089000	3.575966	43663838.993032
0.091000	3.171001	86252130.572545
0.093000	2.726196	182181066.478507
0.095000	2.319503	360921270.734712
0.097000	1.924761	700804435.357762
0.099000	1.581642	1247651806.673560
0.101000	1.286684	2048470095.271016
0.103000	1.049457	3052242524.618837
0.105000	0.870765	4121684672.493317
0.107000	0.689330	5591550959.342850
0.109000	0.563200	6912177796.434541
0.111000	0.433558	8595298193.036469
0.113000	0.294528	10858276203.163834
0.115000	0.175167	13270917324.558916
0.117000	0.089174	15334898350.472198
0.119000	0.024697	17090412607.146532
0.121000	0.001617	17766529322.720867
0.123000	0.000000	17814882345.312931
0.125000	0.012005	17458974598.476967
0.127000	0.071437	15798999555.956902
0.129000	0.148258	13885015511.848888
0.131000	0.193585	12866341972.697544
0.133000	0.236097	11978939279.969130
0.135000	0.332232	10191423317.724873
0.137000	0.366178	9626138871.022219
0.139000	0.408026	8972237971.681187
0.141000	0.481943	7923860914.343432
0.143000	0.531195	7294242371.375996
0.145000	0.597061	6529708003.676441
0.147000	0.658972	5884307857.749553
0.149000	0.750540	5044818310.579862
0.151000	0.843835	4312558107.122407
0.153000	0.864552	4164951691.169484
0.155000	0.951738	3597159064.028401
0.157000	1.050579	3046492473.102456
0.159000	1.097371	2816041458.104679
0.161000	1.196295	2384616708.083838
0.163000	1.265087	2124207329.009418
0.165000	1.333782	1892541727.958469
0.167000	1.409794	1665528369.574592
0.169000	1.466698	1513593131.408394
0.171000	1.521137	1381228433.295732
0.173000	1.618381	1172928936.306844
0.175000	1.632557	1145308156.448730
0.177000	1.605295	1199016501.917120
0.179000	1.616500	1176643847.323232
0.181000	1.565011	1283024487.009989
0.183000	1.617436	1174793726.990347
0.185000	1.601984	1205709515.544587
0.187000	1.580244	1250587933.010994
0.189000	1.566624	1279551246.997942
0.191000	1.598728	1212325946.686725
0.193000	1.595681	1218552660.163987
0.195000	1.635730	1139215187.695005
0.197000	1.627571	1154947733.828211
0.199000	1.640594	1129939129.878867
0.201000	1.663774	1086755805.616475
0.203000	1.659511	1094572530.557005
0.205000	1.716926	993867321.556367
0.207000	1.725308	979961698.210891
0.209000	1.767225	913285955.857798
0.211000	1.816001	841391646.249855
0.213000	1.878336	757686966.184596
0.215000	1.881281	753945245.298437
0.217000	1.975458	643554285.513530
0.219000	2.023414	593710500.941968
0.221000	2.065517	553141880.875668
0.223000	2.133423	493470585.132369
0.225000	2.187575	450533680.978352
0.227000	2.229068	420179559.167626
0.229000	2.242038	411117539.030011
0.231000	2.317689	362023601.724276
0.233000	2.372487	330165235.911285
0.235000	2.437945	295762166.678015
0.237000	2.499930	266495760.980034
0.239000	2.576563	234284693.626121
0.241000	2.627714	214981326.443305
0.243000	2.678972	197233084.161123
0.245000	2.697330	191239142.338106
0.247000	2.738991	178304439.925048
0.249000	2.774146	168072622.897675
0.251000	2.839934	150476347.227863
0.253000	2.893050	137622679.506233
0.255000	2.945527	126002429.188844
0.257000	2.991950	116543426.651634
0.259000	3.090461	98757139.620614
0.261000	3.209221	80884838.486290
0.263000	3.291565	70428976.801807
0.265000	3.379344	60766996.850160
0.267000	3.522632	47759418.499730
0.269000	3.638659	39296370.078145
0.271000	3.784772	30738464.988614
0.273000	3.938377	23743311.117854
0.275000	4.086045	18524022.581870
0.277000	4.313534	12637333.260908
0.279000	4.447422	10090417.433653
0.281000	4.602231	7778390.439849
0.283000	4.761799	5948345.502009
0.285000	4.920510	4555410.124435
0.287000	5.028969	3796177.204752
0.289000	5.130144	3202453.749862
0.291000	5.178239	2953732.009577
0.293000	5.183418	2928125.235301
0.295000	5.182164	2934306.153940
0.297000	5.204742	2825025.432682
0.299000	5.179816	2945908.229574
0.301000	5.213966	2781557.140384
0.303000	5.191337	2889408.268876
0.305000	5.214185	2780535.382450
0.307000	5.230562	2705032.079597
0.309000	5.259988	2574477.183501
0.311000	5.276385	2504487.955028
0.313000	5.319751	2328409.322962
0.315000	5.369840	2140379.409442
0.317000	5.407240	2009956.971000
0.319000	5.425075	1950592.809800
0.321000	5.478876	1781922.351932
0.323000	5.508457	1695479.388240
0.325000	5.512847	1683013.126008
0.327000	5.546314	1590945.452962
0.329000	5.548898	1584049.550277
0.331000	5.554686	1568710.275659
0.333000	5.593832	1468805.061891
0.335000	5.618971	1408027.281121
0.337000	5.660313	1313497.392483
0.339000	5.713614	1200925.422793
0.341000	5.710596	1207033.752584
0.343000	5.765918	1099844.072021
0.345000	5.801873	1035338.601384
0.347000	5.864016	932640.571574
0.349000	5.925180	841513.798444
0.351000	5.990177	754413.966420
0.353000	6.074129	655118.462259
0.355000	6.159217	567806.267142
0.357000	6.299274	448694.565583
0.359000	6.447580	349686.804402
0.361000	6.634228	255514.105483
0.363000	6.833654	182735.407423
0.365000	7.068984	123031.994920
0.367000	7.268440	87984.024504
0.369000	7.500194	59595.018853
0.371000	7.792896	36435.203533
0.373000	8.040347	24036.307539
0.375000	8.323725	14927.429485
0.377000	8.616116	9131.097722
0.379000	8.883500	5825.283685
0.381000	9.258102	3103.390045
0.383000	9.451419	2242.353494
0.385000	9.735751	1390.352188
0.387000	9.982900	917.681473
0.389000	10.307447	531.807404
0.391000	10.570895	341.524470
0.393000	10.975102	173.112077
0.395000	11.379225	87.759653
0.397000	11.583792	62.222769
0.399000	11.723698	49.182355

# Dumping simulation biases, in the metadata file order 
# Window  F (free energy units)
# 0	0.000000
# 1	-8.547160
# 2	-13.629954
# 3	-15.454800
# 4	-14.801934
# 5	-14.053527
# 6	-13.286792
# 7	-11.877603
# 8	-10.346633
# 9	-9.457917
# 10	-6.622594
#Iteration 1010:  0.000000
#Iteration 1020:  0.000000
# Dumping simulation biases, in the metadata file order 
# Window  F (free energy units)
# 0	0.000000
# 1	-8.547160
# 2	-13.629953
# 3	-15.454798
# 4	-14.801929
# 5	-14.053516
# 6	-13.286777
# 7	-11.877584
# 8	-10.346607
# 9	-9.457888
# 10	-6.622565
# No MC error analysis requested
