# /home/btan/Software/WHAM/wham/wham/wham 0.0 0.36 200 1e-06 300 0 /home/btan/Documents/CRBN_len_CK1a/umbrella_sampling/RMSD/results/backbone_RMSD/CRBN_lenwithCK1a/run1/RED/metafile.txt /home/btan/Documents/CRBN_len_CK1a/umbrella_sampling/RMSD/results/backbone_RMSD/CRBN_lenwithCK1a/run1/RED/pmf.txt
#Number of windows = 10
#Iteration 10:  0.119941
#Iteration 20:  0.056085
#Iteration 30:  0.030036
#Iteration 40:  0.017169
#Iteration 50:  0.010005
#Iteration 60:  0.006121
#Iteration 70:  0.004072
#Iteration 80:  0.002797
#Iteration 90:  0.002038
#Iteration 100:  0.001814
0.000900	inf	0.000000
0.002700	inf	0.000000
0.004500	inf	0.000000
0.006300	inf	0.000000
0.008100	inf	0.000000
0.009900	inf	0.000000
0.011700	inf	0.000000
0.013500	inf	0.000000
0.015300	inf	0.000000
0.017100	inf	0.000000
0.018900	inf	0.000000
0.020700	inf	0.000000
0.022500	inf	0.000000
0.024300	inf	0.000000
0.026100	inf	0.000000
0.027900	inf	0.000000
0.029700	inf	0.000000
0.031500	inf	0.000000
0.033300	inf	0.000000
0.035100	inf	0.000000
0.036900	inf	0.000000
0.038700	inf	0.000000
0.040500	inf	0.000000
0.042300	inf	0.000000
0.044100	inf	0.000000
0.045900	inf	0.000000
0.047700	inf	0.000000
0.049500	inf	0.000000
0.051300	inf	0.000000
0.053100	inf	0.000000
0.054900	inf	0.000000
0.056700	inf	0.000000
0.058500	inf	0.000000
0.060300	inf	0.000000
0.062100	inf	0.000000
0.063900	15.612732	0.740423
0.065700	14.852090	2.659453
0.067500	12.968937	63.038010
0.069300	12.030972	305.049766
0.071100	11.020852	1666.540568
0.072900	10.207260	6543.119416
0.074700	9.315765	29283.827252
0.076500	8.547497	106538.713545
0.078300	7.815142	364895.483911
0.080100	7.161439	1094989.167073
0.081900	6.582881	2895944.473340
0.083700	6.062285	6947927.259523
0.085500	5.631087	14343481.061531
0.087300	5.271988	26231147.734916
0.089100	4.987366	42326056.178615
0.090900	4.762670	61751669.350294
0.092700	4.592816	82158345.313816
0.094500	4.446129	105133754.391345
0.096300	4.363631	120773141.741673
0.098100	4.229498	151319404.972255
0.099900	4.088034	191942822.342414
0.101700	3.844073	289252501.632895
0.103500	3.519878	498836991.849531
0.105300	3.181774	880630138.502343
0.107100	2.869388	1488859155.939944
0.108900	2.612139	2294352437.149752
0.110700	2.421655	3160269304.433507
0.112500	2.256903	4168717084.083487
0.114300	2.166340	4854210158.545290
0.116100	2.090140	5517588504.330689
0.117900	2.051495	5887922784.929775
0.119700	1.993146	6494718706.550139
0.121500	1.900508	7589125471.166201
0.123300	1.826602	8593048740.645626
0.125100	1.713401	10394177081.863539
0.126900	1.597712	12625537279.655910
0.128700	1.425434	16866420715.130547
0.130500	1.267015	22012938774.838200
0.132300	1.145476	27002787774.547394
0.134100	1.007586	34046749184.647552
0.135900	0.878127	42324164711.418861
0.137700	0.793106	48826847747.029404
0.139500	0.698354	57257604375.895088
0.141300	0.592194	68444125935.328346
0.143100	0.540934	74603465351.060867
0.144900	0.442560	88019173841.488205
0.146700	0.392875	95686486372.727692
0.148500	0.387803	96505798113.383881
0.150300	0.331468	106091584533.132874
0.152100	0.296455	112523349855.670242
0.153900	0.256832	120273362065.037766
0.155700	0.156839	142288718154.431274
0.157500	0.093968	158150251624.616272
0.159300	0.064509	166179081100.443359
0.161100	0.031592	175633747994.451141
0.162900	0.000000	185213065682.766022
0.164700	0.010109	182092213909.828522
0.166500	0.035446	174499425798.016296
0.168300	0.128399	149256379961.402008
0.170100	0.197103	132976453912.429199
0.171900	0.241829	123345322687.152084
0.173700	0.363392	100548321228.288040
0.175500	0.414143	92325867743.450256
0.177300	0.469993	84052384305.689606
0.179100	0.464694	84804443897.805099
0.180900	0.428648	90101896780.114304
0.182700	0.354037	102141992369.657822
0.184500	0.364311	100393077712.165527
0.186300	0.294273	112936874900.084076
0.188100	0.291602	113445008989.969604
0.189900	0.279557	115765361774.453827
0.191700	0.257282	120182468241.367584
0.193500	0.266405	118353442773.302551
0.195300	0.265868	118460270530.328720
0.197100	0.286719	114380049993.580734
0.198900	0.286518	114418767160.202271
0.200700	0.306242	110687100815.056351
0.202500	0.334223	105601315396.555969
0.204300	0.395196	95313882093.637054
0.206100	0.450977	86782601279.107513
0.207900	0.519321	77363692397.811981
0.209700	0.614767	65895640368.580734
0.211500	0.682536	58800505963.140068
0.213300	0.779011	49997556761.540123
0.215100	0.888257	41609543096.854454
0.216900	1.015492	33597282456.825962
0.218700	1.149032	26841838393.630013
0.220500	1.283317	21417876204.487915
0.222300	1.449158	16207001781.345306
0.224100	1.601367	12548201771.784998
0.225900	1.761318	9589776519.399546
0.227700	1.894794	7662364641.105040
0.229500	2.023484	6171806305.169773
0.231300	2.193200	4639908463.578481
0.233100	2.392494	3319045647.012965
0.234900	2.530458	2632036231.334257
0.236700	2.612712	2292141528.595956
0.238500	2.810059	1645005065.776564
0.240300	2.905173	1401935485.576631
0.242100	3.056026	1087919628.724205
0.243900	3.129279	961874476.192652
0.245700	3.167904	901404179.056286
0.247500	3.187020	872899341.777795
0.249300	3.147957	932141425.367216
0.251100	3.191723	866025230.311646
0.252900	3.232768	808285599.321900
0.254700	3.241593	796384404.457784
0.256500	3.229935	812144324.911922
0.258300	3.282158	743888639.915548
0.260100	3.332430	683605984.211650
0.261900	3.335666	679897748.499592
0.263700	3.412766	597250547.828656
0.265500	3.483810	530017003.846336
0.267300	3.530326	490151700.783876
0.269100	3.610792	428139985.848881
0.270900	3.648244	402016693.014163
0.272700	3.742414	343158305.059836
0.274500	3.822529	299920256.358904
0.276300	3.891214	267215667.952044
0.278100	4.024361	213627266.761617
0.279900	4.105920	186257750.198718
0.281700	4.193044	160882415.394107
0.283500	4.377871	117916318.502712
0.285300	4.470822	100858906.684685
0.287100	4.589622	82600717.841157
0.288900	4.743354	63789710.954701
0.290700	4.886173	50174649.796847
0.292500	5.008799	40828198.398500
0.294300	5.111847	34334422.242014
0.296100	5.245158	27441315.970513
0.297900	5.322078	24112877.174998
0.299700	5.421931	20386855.479939
0.301500	5.573641	15797670.536334
0.303300	5.657998	13709076.620510
0.305100	5.741853	11906634.769424
0.306900	5.862287	9724459.415256
0.308700	5.969479	8120984.111617
0.310500	6.049200	7102448.872418
0.312300	6.144240	6053734.563540
0.314100	6.291861	4723368.224048
0.315900	6.431870	3732816.084632
0.317700	6.563472	2991986.110202
0.319500	6.743977	2208925.656263
0.321300	6.931388	1611980.941465
0.323100	7.041136	1340410.356331
0.324900	7.223371	986724.008011
0.326700	7.370815	770110.890786
0.328500	7.552234	567683.963598
0.330300	7.710702	434926.602013
0.332100	7.882612	325770.523867
0.333900	8.065709	239464.251159
0.335700	8.199150	191346.608699
0.337500	8.338062	151498.119921
0.339300	8.532549	109249.699092
0.341100	8.704846	81777.455215
0.342900	8.856002	63428.050962
0.344700	9.061632	44891.004538
0.346500	9.201017	35514.059205
0.348300	9.393368	25702.351985
0.350100	9.544005	19952.588056
0.351900	9.681469	15835.910027
0.353700	9.804793	12870.916764
0.355500	9.976631	9641.792867
0.357300	10.113445	7660.822033
0.359100	10.242519	6166.579654

# Dumping simulation biases, in the metadata file order 
# Window  F (free energy units)
# 0	0.000000
# 1	-8.103656
# 2	-13.003646
# 3	-15.792301
# 4	-16.955382
# 5	-16.763671
# 6	-15.235025
# 7	-13.309735
# 8	-11.151956
# 9	-8.127102
#Iteration 110:  0.001778
#Iteration 120:  0.001712
#Iteration 130:  0.001595
#Iteration 140:  0.001457
#Iteration 150:  0.001315
#Iteration 160:  0.001177
#Iteration 170:  0.001048
#Iteration 180:  0.000929
#Iteration 190:  0.000822
#Iteration 200:  0.000726
0.000900	inf	0.000000
0.002700	inf	0.000000
0.004500	inf	0.000000
0.006300	inf	0.000000
0.008100	inf	0.000000
0.009900	inf	0.000000
0.011700	inf	0.000000
0.013500	inf	0.000000
0.015300	inf	0.000000
0.017100	inf	0.000000
0.018900	inf	0.000000
0.020700	inf	0.000000
0.022500	inf	0.000000
0.024300	inf	0.000000
0.026100	inf	0.000000
0.027900	inf	0.000000
0.029700	inf	0.000000
0.031500	inf	0.000000
0.033300	inf	0.000000
0.035100	inf	0.000000
0.036900	inf	0.000000
0.038700	inf	0.000000
0.040500	inf	0.000000
0.042300	inf	0.000000
0.044100	inf	0.000000
0.045900	inf	0.000000
0.047700	inf	0.000000
0.049500	inf	0.000000
0.051300	inf	0.000000
0.053100	inf	0.000000
0.054900	inf	0.000000
0.056700	inf	0.000000
0.058500	inf	0.000000
0.060300	inf	0.000000
0.062100	inf	0.000000
0.063900	15.556272	0.740405
0.065700	14.795636	2.659361
0.067500	12.912492	63.034900
0.069300	11.974540	305.028202
0.071100	10.964439	1666.371975
0.072900	10.150872	6542.174030
0.074700	9.259413	29277.800895
0.076500	8.491197	106507.604971
0.078300	7.758914	364745.089059
0.080100	7.105308	1094356.509215
0.081900	6.526884	2893619.714835
0.083700	6.006467	6940262.782345
0.085500	5.575504	14322018.058232
0.087300	5.216705	26178660.910646
0.089100	4.932462	42214455.818175
0.090900	4.708238	61540105.015736
0.092700	4.538963	81797247.934371
0.094500	4.392978	104547971.609484
0.096300	4.311322	119930353.260677
0.098100	4.178174	150015154.475396
0.099900	4.037821	189933268.411071
0.101700	3.795065	285644985.516659
0.103500	3.472122	491579668.455005
0.105300	3.135274	865987880.960509
0.107100	2.824123	1461066633.000005
0.108900	2.568093	2246917480.482443
0.110700	2.378841	3088530843.937742
0.112500	2.215380	4065252723.076065
0.114300	2.126214	4722628566.587743
0.116100	2.051544	5354234137.220342
0.117900	2.014556	5697712932.313249
0.119700	1.957943	6266589686.491977
0.121500	1.867040	7301219904.549193
0.123300	1.794779	8244233991.831596
0.125100	1.683057	9947506741.725910
0.126900	1.568636	12057238786.888889
0.128700	1.397412	16078718340.978222
0.130500	1.239857	20954417634.005596
0.132300	1.119036	25673311025.269733
0.134100	0.981772	32336450176.740166
0.135900	0.852903	40158198788.445045
0.137700	0.768496	46280256892.096832
0.139500	0.674445	54207372726.428879
0.141300	0.569137	64705268896.718689
0.143100	0.518942	70401944666.522034
0.144900	0.421904	82875927273.035004
0.146700	0.373858	89847205043.388367
0.148500	0.370730	90320873618.013840
0.150300	0.316594	98925978525.891113
0.152100	0.283937	104508498997.381073
0.153900	0.246705	111258594177.126190
0.155700	0.149018	131114385420.673752
0.157500	0.088297	145204560470.630219
0.159300	0.060818	152069262599.679504
0.161100	0.029759	160220034843.690216
0.162900	0.000000	168438850737.922760
0.164700	0.012048	165061768368.555847
0.166500	0.039578	157597012563.599548
0.168300	0.135127	134212084096.887695
0.170100	0.206956	118946749231.718872
0.171900	0.255403	109643564360.793182
0.173700	0.381264	88735505400.436432
0.175500	0.436753	80832818150.604614
0.177300	0.497535	72981512871.984253
0.179100	0.497069	73038794642.344742
0.180900	0.465479	77022191696.282745
0.182700	0.394758	86745311632.167465
0.184500	0.408281	84795615604.925430
0.186300	0.340876	94969334062.445740
0.188100	0.340314	95059049084.121933
0.189900	0.329981	96724618394.744308
0.191700	0.309158	100170393521.437149
0.193500	0.319609	98425928152.915909
0.195300	0.320405	98294218314.427734
0.197100	0.342715	94676216622.633438
0.198900	0.344202	94439749054.357697
0.200700	0.365927	91053051873.949921
0.202500	0.396256	86527186190.397949
0.204300	0.459900	77747993289.270065
0.206100	0.518579	70444930998.046432
0.207900	0.589894	62486423692.956909
0.209700	0.688205	52967942203.844841
0.211500	0.758582	47058004876.948975
0.213300	0.857314	39861542809.862411
0.215100	0.968438	33069431661.400139
0.216900	1.097206	26632930606.974277
0.218700	1.232001	21232955959.714882
0.220500	1.367353	16912037584.005650
0.222300	1.534170	12776452936.792908
0.224100	1.687366	9875701889.811850
0.225900	1.848431	7533233919.382999
0.227700	1.983279	6005297794.268526
0.229500	2.113753	4822599169.076821
0.231300	2.285857	3611066553.394631
0.233100	2.488367	2569159464.928977
0.234900	2.630634	2022684392.331035
0.236700	2.718541	1744821417.874648
0.238500	2.923105	1237107628.482625
0.240300	3.027091	1038703859.385005
0.242100	3.188340	792082676.196706
0.243900	3.273113	686881399.909467
0.245700	3.323736	630847173.865024
0.247500	3.354565	598986654.718628
0.249300	3.326242	628195177.087069
0.251100	3.379303	574588807.320288
0.252900	3.428007	529419686.320045
0.254700	3.442898	516331701.030010
0.256500	3.435912	522430841.969172
0.258300	3.491674	475685051.382536
0.260100	3.544626	435172877.944627
0.261900	3.549928	431311388.516989
0.263700	3.628698	377819292.873671
0.265500	3.701206	334464105.357607
0.267300	3.749143	308568846.284383
0.269100	3.831147	268834415.451683
0.270900	3.870403	251666829.707163
0.272700	3.966789	214021966.554332
0.274500	4.049661	186190245.186487
0.276300	4.121731	164946062.679605
0.278100	4.258903	130978055.488346
0.279900	4.345031	113323573.069455
0.281700	4.437060	97080886.225927
0.283500	4.626836	70564427.752243
0.285300	4.724478	59882715.603625
0.287100	4.847471	48697876.582257
0.288900	5.004766	37383093.995858
0.290700	5.150500	29260449.023037
0.292500	5.275458	23716742.025625
0.294300	5.380366	19882274.098519
0.296100	5.515200	15850000.607859
0.297900	5.593439	13896646.142273
0.299700	5.694537	11724732.856247
0.301500	5.847535	9065791.038971
0.303300	5.933330	7848208.422543
0.305100	6.018864	6797132.043870
0.306900	6.141274	5532978.990166
0.308700	6.250751	4602937.982631
0.310500	6.333007	4008511.766059
0.312300	6.430718	3401325.706223
0.314100	6.580988	2642059.149720
0.315900	6.723468	2079335.404680
0.317700	6.857239	1660594.115272
0.319500	7.039552	1222262.458801
0.321300	7.228407	889795.199237
0.323100	7.339265	738511.546758
0.324900	7.522331	542885.493913
0.326700	7.670385	423273.088684
0.328500	7.852244	311783.044005
0.330300	8.011027	238743.830838
0.332100	8.183160	178757.879495
0.333900	8.366414	131364.911729
0.335700	8.499965	104949.151568
0.337500	8.638954	83082.400387
0.339300	8.833496	59907.701695
0.341100	9.005830	44840.301441
0.342900	9.157012	34777.402786
0.344700	9.362661	24612.841861
0.346500	9.502058	19471.233413
0.348300	9.694419	14091.575440
0.350100	9.845062	10939.095663
0.351900	9.982529	8682.045939
0.353700	10.105856	7056.451451
0.355500	10.277696	5286.073027
0.357300	10.414512	4200.003777
0.359100	10.543587	3380.787860

# Dumping simulation biases, in the metadata file order 
# Window  F (free energy units)
# 0	0.000000
# 1	-8.101324
# 2	-12.990147
# 3	-15.760800
# 4	-16.898889
# 5	-16.654130
# 6	-15.093731
# 7	-13.038480
# 8	-10.827508
# 9	-7.774086
#Iteration 210:  0.000641
#Iteration 220:  0.000565
#Iteration 230:  0.000498
#Iteration 240:  0.000439
#Iteration 250:  0.000386
#Iteration 260:  0.000340
#Iteration 270:  0.000300
#Iteration 280:  0.000264
#Iteration 290:  0.000232
#Iteration 300:  0.000204
0.000900	inf	0.000000
0.002700	inf	0.000000
0.004500	inf	0.000000
0.006300	inf	0.000000
0.008100	inf	0.000000
0.009900	inf	0.000000
0.011700	inf	0.000000
0.013500	inf	0.000000
0.015300	inf	0.000000
0.017100	inf	0.000000
0.018900	inf	0.000000
0.020700	inf	0.000000
0.022500	inf	0.000000
0.024300	inf	0.000000
0.026100	inf	0.000000
0.027900	inf	0.000000
0.029700	inf	0.000000
0.031500	inf	0.000000
0.033300	inf	0.000000
0.035100	inf	0.000000
0.036900	inf	0.000000
0.038700	inf	0.000000
0.040500	inf	0.000000
0.042300	inf	0.000000
0.044100	inf	0.000000
0.045900	inf	0.000000
0.047700	inf	0.000000
0.049500	inf	0.000000
0.051300	inf	0.000000
0.053100	inf	0.000000
0.054900	inf	0.000000
0.056700	inf	0.000000
0.058500	inf	0.000000
0.060300	inf	0.000000
0.062100	inf	0.000000
0.063900	15.531956	0.740396
0.065700	14.771324	2.659313
0.067500	12.888184	63.033279
0.069300	11.950238	305.016960
0.071100	10.940146	1666.284095
0.072900	10.126594	6541.681304
0.074700	9.235153	29274.660588
0.076500	8.466964	106491.398609
0.078300	7.734718	364666.767411
0.080100	7.081164	1094027.202306
0.081900	6.502810	2892410.472468
0.083700	5.982485	6936279.693603
0.085500	5.551643	14310877.554934
0.087300	5.193000	26151459.314499
0.089100	4.908953	42156729.347101
0.090900	4.684970	61430925.079854
0.092700	4.515992	81611407.626845
0.094500	4.370367	104247434.871578
0.096300	4.289140	119499463.267704
0.098100	4.156491	149350871.735788
0.099900	4.016698	188913939.246629
0.101700	3.774548	283822973.761566
0.103500	3.452230	487930631.790018
0.105300	3.116006	858659446.798523
0.107100	2.805463	1447222649.912655
0.108900	2.550026	2223407759.945699
0.110700	2.361367	3053168367.268682
0.112500	2.198522	4014554374.410964
0.114300	2.110014	4658572813.084846
0.116100	2.036059	5275269812.475133
0.117900	1.999839	5606441287.315751
0.119700	1.944025	6157925893.084231
0.121500	1.853917	7165043236.245893
0.123300	1.782404	8080299643.241292
0.125100	1.671350	9738751462.601068
0.126900	1.557500	11792892316.386486
0.128700	1.386746	15713761464.245249
0.130500	1.229574	20465628174.744949
0.132300	1.109067	25061232588.755142
0.134100	0.972071	31551304054.515564
0.135900	0.843448	39166891517.809631
0.137700	0.759292	45118833149.140594
0.139500	0.665520	52822210464.865593
0.141300	0.560546	63016499366.481689
0.143100	0.510764	68516941024.506088
0.144900	0.414238	80587407655.071106
0.146700	0.366818	87274266183.566345
0.148500	0.364429	87625591679.407883
0.150300	0.311123	95840115596.644485
0.152100	0.279350	101098155885.346725
0.153900	0.243008	107466936442.652725
0.155700	0.146176	126464333262.461288
0.157500	0.086245	139868814271.760651
0.159300	0.059489	146303477470.978851
0.161100	0.029101	153971095789.807556
0.162900	0.000000	161690583622.338104
0.164700	0.012737	158265419598.012207
0.166500	0.041039	150912000222.338043
0.168300	0.137495	128323385048.359314
0.170100	0.210405	113521278559.007492
0.171900	0.260129	104418066882.323212
0.173700	0.387450	84299296368.157074
0.175500	0.444531	76586428208.681320
0.177300	0.506953	68957237284.130310
0.179100	0.508075	68827356096.362305
0.180900	0.477934	72404514402.884171
0.182700	0.408465	81373207963.460861
0.184500	0.423025	79405779892.069580
0.186300	0.356452	88808440489.196152
0.188100	0.356551	88793624256.894043
0.189900	0.346749	90268832983.752258
0.191700	0.326370	93414838558.623978
0.193500	0.337221	91726371917.595276
0.195300	0.338412	91542936595.803833
0.197100	0.361145	88110545595.643127
0.198900	0.363118	87818794427.427307
0.200700	0.385412	84588575204.715759
0.202500	0.416404	80294537412.990799
0.204300	0.480796	72057018788.089600
0.206100	0.540281	65200108320.602455
0.207900	0.612417	57754421573.668068
0.209700	0.711514	48892093430.132629
0.211500	0.782603	43385017601.069046
0.213300	0.881946	36712463921.975838
0.215100	0.993578	30430965379.920261
0.216900	1.122758	24491016611.219154
0.218700	1.257891	19514270265.340305
0.220500	1.393528	15535643655.885118
0.222300	1.560605	11731492485.813385
0.224100	1.714065	9063968890.202435
0.225900	1.875427	6910588896.081808
0.227700	2.010640	5505564880.767144
0.229500	2.141587	4417769942.897614
0.231300	2.314321	3304436080.027723
0.233100	2.517676	2347667893.532358
0.234900	2.661063	1844827535.130770
0.236700	2.750426	1587506170.835102
0.238500	2.956825	1122102742.982635
0.240300	3.063028	938638473.424945
0.242100	3.226823	712718796.626292
0.243900	3.314353	615199787.061938
0.245700	3.367779	562357444.986213
0.247500	3.401278	531564519.983100
0.249300	3.375348	555247800.515934
0.251100	3.430438	506137022.655698
0.252900	3.480786	465062235.886811
0.254700	3.496962	452586711.350633
0.256500	3.490956	457179206.472015
0.258300	3.547456	415755761.901269
0.260100	3.600965	379991028.115464
0.261900	3.606699	376345772.745424
0.263700	3.685822	329475067.051901
0.265500	3.758644	291513393.631023
0.267300	3.806894	268802662.465632
0.269100	3.889240	234053972.995533
0.270900	3.928903	218957555.265696
0.272700	4.025792	186048111.077036
0.274500	4.109290	161684025.661025
0.276300	4.182125	143051775.848531
0.278100	4.320202	113419900.637407
0.279900	4.407349	97964084.437059
0.281700	4.500462	83770082.232834
0.283500	4.691322	60778525.017524
0.285300	4.789981	51490050.258382
0.287100	4.913874	41809397.852155
0.288900	5.071930	32054129.660620
0.290700	5.218283	25063293.464886
0.292500	5.343733	20297952.472205
0.294300	5.449035	17004980.630251
0.296100	5.584192	13548892.937502
0.297900	5.662712	11873515.467191
0.299700	5.764077	10013302.737768
0.301500	5.917353	7738857.203439
0.303300	6.003461	6695968.006986
0.305100	6.089361	5795642.178953
0.306900	6.212201	4714337.378203
0.308700	6.322174	3918633.639979
0.310500	6.404979	3409432.578313
0.312300	6.503265	2890195.188838
0.314100	6.654103	2242885.313296
0.315900	6.797109	1763618.830920
0.317700	6.931341	1407367.461698
0.319500	7.114036	1035212.110618
0.321300	7.303194	753239.387687
0.323100	7.414286	624927.868717
0.324900	7.597527	459254.615232
0.326700	7.745708	357991.500754
0.328500	7.927660	263655.770815
0.330300	8.086508	201868.673498
0.332100	8.258688	151136.010058
0.333900	8.441974	111060.129576
0.335700	8.575549	88723.959367
0.337500	8.714554	70235.915736
0.339300	8.909107	50643.609468
0.341100	9.081449	37905.722659
0.342900	9.232637	29398.786551
0.344700	9.438289	20806.126599
0.346500	9.577689	16459.665298
0.348300	9.770051	11912.028876
0.350100	9.920696	9247.123734
0.351900	10.058164	7339.165391
0.353700	10.181492	5965.000698
0.355500	10.353332	4468.450830
0.357300	10.490149	3550.367307
0.359100	10.619223	2857.862778

# Dumping simulation biases, in the metadata file order 
# Window  F (free energy units)
# 0	0.000000
# 1	-8.100150
# 2	-12.983521
# 3	-15.746142
# 4	-16.874987
# 5	-16.612753
# 6	-15.043584
# 7	-12.957770
# 8	-10.735010
# 9	-7.675392
#Iteration 310:  0.000180
#Iteration 320:  0.000158
#Iteration 330:  0.000139
#Iteration 340:  0.000123
#Iteration 350:  0.000108
#Iteration 360:  0.000095
#Iteration 370:  0.000084
#Iteration 380:  0.000074
#Iteration 390:  0.000065
#Iteration 400:  0.000057
0.000900	inf	0.000000
0.002700	inf	0.000000
0.004500	inf	0.000000
0.006300	inf	0.000000
0.008100	inf	0.000000
0.009900	inf	0.000000
0.011700	inf	0.000000
0.013500	inf	0.000000
0.015300	inf	0.000000
0.017100	inf	0.000000
0.018900	inf	0.000000
0.020700	inf	0.000000
0.022500	inf	0.000000
0.024300	inf	0.000000
0.026100	inf	0.000000
0.027900	inf	0.000000
0.029700	inf	0.000000
0.031500	inf	0.000000
0.033300	inf	0.000000
0.035100	inf	0.000000
0.036900	inf	0.000000
0.038700	inf	0.000000
0.040500	inf	0.000000
0.042300	inf	0.000000
0.044100	inf	0.000000
0.045900	inf	0.000000
0.047700	inf	0.000000
0.049500	inf	0.000000
0.051300	inf	0.000000
0.053100	inf	0.000000
0.054900	inf	0.000000
0.056700	inf	0.000000
0.058500	inf	0.000000
0.060300	inf	0.000000
0.062100	inf	0.000000
0.063900	15.525106	0.740394
0.065700	14.764475	2.659300
0.067500	12.881336	63.032822
0.069300	11.943392	305.013788
0.071100	10.933303	1666.259291
0.072900	10.119754	6541.542235
0.074700	9.228319	29273.774255
0.076500	8.460137	106486.824463
0.078300	7.727902	364644.661604
0.080100	7.074362	1093934.257338
0.081900	6.496028	2892069.169663
0.083700	5.975730	6935155.478260
0.085500	5.544922	14307733.144612
0.087300	5.186323	26143781.554051
0.089100	4.902331	42140435.715438
0.090900	4.678417	61400109.072789
0.092700	4.509523	81558958.683916
0.094500	4.363999	104162632.050661
0.096300	4.282893	119377920.829977
0.098100	4.150385	149163594.851041
0.099900	4.010751	188626769.807284
0.101700	3.768772	283310102.649852
0.103500	3.446631	486904416.332355
0.105300	3.110583	856600352.126189
0.107100	2.800211	1443336166.841057
0.108900	2.544941	2216812829.702627
0.110700	2.356450	3043255386.265758
0.112500	2.193778	4000351746.040040
0.114300	2.105457	4640640516.707682
0.116100	2.031703	5253180795.080052
0.117900	1.995700	5580931987.226224
0.119700	1.940112	6127585899.506674
0.121500	1.850227	7127061818.004651
0.123300	1.778924	8034624850.354013
0.125100	1.668058	9680646482.813131
0.126900	1.554368	11719378022.076130
0.128700	1.383746	15612341154.654413
0.130500	1.226681	20329874494.680092
0.132300	1.106262	24891315950.954411
0.134100	0.969341	31333423340.947876
0.135900	0.840788	38891884950.334396
0.137700	0.756702	44796722321.714745
0.139500	0.663009	52438154375.024345
0.141300	0.558129	62548410047.045273
0.143100	0.508463	67994660176.129593
0.144900	0.412083	79953635987.482254
0.146700	0.364840	86562181689.478119
0.148500	0.362658	86880244818.302307
0.150300	0.309586	94987578587.161758
0.152100	0.278062	100156994939.906754
0.153900	0.241970	106421734877.238617
0.155700	0.145377	125183940903.088898
0.157500	0.085668	138401134074.528717
0.159300	0.059114	144718959771.201965
0.161100	0.028916	152255168803.070953
0.162900	0.000000	159838852716.785095
0.164700	0.012932	156401737237.115814
0.166500	0.041452	149080116822.293518
0.168300	0.138165	126710999295.558578
0.170100	0.211381	112037192923.536835
0.171900	0.261466	102990467549.163605
0.173700	0.389199	83089214507.259277
0.175500	0.446728	75430259484.547821
0.177300	0.509610	67863783001.332809
0.179100	0.511175	67685452771.175224
0.180900	0.481438	71154978173.870132
0.182700	0.412317	79922137766.851746
0.184500	0.427164	77952134838.396255
0.186300	0.360822	87148894040.678467
0.188100	0.361104	87107574791.540649
0.189900	0.351449	88532902118.706161
0.191700	0.331192	91599437397.085388
0.193500	0.342154	89926978939.081604
0.195300	0.343455	89730545759.211655
0.197100	0.366308	86348867153.784180
0.198900	0.368417	86043266090.463165
0.200700	0.390870	82856119297.342407
0.202500	0.422048	78625461402.744141
0.204300	0.486649	70534310274.128967
0.206100	0.546361	63798102379.123550
0.207900	0.618725	56490745934.079506
0.209700	0.718042	47804693771.960381
0.211500	0.789329	42405968849.811432
0.213300	0.888842	35873714253.659599
0.215100	1.000616	29728667728.861233
0.216900	1.129911	23921183947.813824
0.218700	1.265137	19057219715.580917
0.220500	1.400854	15169738163.346943
0.222300	1.568005	11453771586.062315
0.224100	1.721540	8848285560.790155
0.225900	1.882986	6745187792.052344
0.227700	2.018304	5372850887.086970
0.229500	2.149386	4310296325.031437
0.231300	2.322300	3223069408.286410
0.233100	2.525897	2288930744.940327
0.234900	2.669604	1797703866.453410
0.236700	2.759382	1545876956.444103
0.238500	2.966301	1091721610.172890
0.240300	3.073131	912263123.528350
0.242100	3.237643	691858355.714416
0.243900	3.325944	596419945.383170
0.245700	3.380149	544477133.402561
0.247500	3.414386	514025225.982808
0.249300	3.389113	536333840.712313
0.251100	3.444758	488439953.209328
0.252900	3.495554	448463490.406462
0.254700	3.512079	436177136.751394
0.256500	3.506339	440406310.016703
0.258300	3.563039	400367946.958412
0.260100	3.616699	365833913.586080
0.261900	3.622551	362252993.954601
0.263700	3.701770	317086100.753259
0.265500	3.774678	280511196.400030
0.267300	3.823014	258620166.481897
0.269100	3.905456	225151712.185802
0.270900	3.945232	210589268.933242
0.272700	4.042262	178895303.411262
0.274500	4.125934	155422190.314639
0.276300	4.198984	137462080.268430
0.278100	4.337313	108941782.501997
0.279900	4.424744	94051278.455804
0.281700	4.518159	80383449.311672
0.283500	4.709320	58291920.516417
0.285300	4.808260	49360085.232005
0.287100	4.932403	40063108.502209
0.288900	5.090669	30704463.928280
0.290700	5.237192	24001102.023456
0.292500	5.362778	19433279.813301
0.294300	5.468188	16277619.570701
0.296100	5.603434	12967420.065449
0.297900	5.682032	11362459.896007
0.299700	5.783471	9581121.679180
0.301500	5.936824	7403879.751252
0.303300	6.023019	6405194.702262
0.305100	6.109021	5543015.952421
0.306900	6.231982	4507934.987734
0.308700	6.342092	3746198.315308
0.310500	6.425050	3258567.249162
0.312300	6.523497	2761562.992226
0.314100	6.674492	2142494.540021
0.315900	6.817644	1684266.194288
0.317700	6.952003	1343755.712717
0.319500	7.134805	988245.512708
0.321300	7.324047	718963.947690
0.323100	7.435203	596426.404074
0.324900	7.618492	438273.587820
0.326700	7.766709	341616.403523
0.328500	7.948686	251584.970304
0.330300	8.107552	192620.751951
0.332100	8.279745	144209.111610
0.333900	8.463041	105968.382586
0.335700	8.596622	84655.348028
0.337500	8.735631	67014.608351
0.339300	8.930187	48320.633032
0.341100	9.102532	36166.889625
0.342900	9.253720	28050.117258
0.344700	9.459374	19851.610419
0.346500	9.598775	15704.531007
0.348300	9.791137	11365.520680
0.350100	9.941782	8822.872608
0.351900	10.079251	7002.447059
0.353700	10.202579	5691.326914
0.355500	10.374419	4263.437785
0.357300	10.511236	3387.475567
0.359100	10.640310	2726.743054

# Dumping simulation biases, in the metadata file order 
# Window  F (free energy units)
# 0	0.000000
# 1	-8.099819
# 2	-12.981654
# 3	-15.742012
# 4	-16.868263
# 5	-16.601130
# 6	-15.029510
# 7	-12.935185
# 8	-10.709148
# 9	-7.647806
#Iteration 410:  0.000050
#Iteration 420:  0.000044
#Iteration 430:  0.000039
#Iteration 440:  0.000034
#Iteration 450:  0.000030
#Iteration 460:  0.000027
#Iteration 470:  0.000023
#Iteration 480:  0.000021
#Iteration 490:  0.000018
#Iteration 500:  0.000016
0.000900	inf	0.000000
0.002700	inf	0.000000
0.004500	inf	0.000000
0.006300	inf	0.000000
0.008100	inf	0.000000
0.009900	inf	0.000000
0.011700	inf	0.000000
0.013500	inf	0.000000
0.015300	inf	0.000000
0.017100	inf	0.000000
0.018900	inf	0.000000
0.020700	inf	0.000000
0.022500	inf	0.000000
0.024300	inf	0.000000
0.026100	inf	0.000000
0.027900	inf	0.000000
0.029700	inf	0.000000
0.031500	inf	0.000000
0.033300	inf	0.000000
0.035100	inf	0.000000
0.036900	inf	0.000000
0.038700	inf	0.000000
0.040500	inf	0.000000
0.042300	inf	0.000000
0.044100	inf	0.000000
0.045900	inf	0.000000
0.047700	inf	0.000000
0.049500	inf	0.000000
0.051300	inf	0.000000
0.053100	inf	0.000000
0.054900	inf	0.000000
0.056700	inf	0.000000
0.058500	inf	0.000000
0.060300	inf	0.000000
0.062100	inf	0.000000
0.063900	15.523191	0.740393
0.065700	14.762560	2.659296
0.067500	12.879422	63.032694
0.069300	11.941479	305.012901
0.071100	10.931390	1666.252359
0.072900	10.117842	6541.503365
0.074700	9.226409	29273.526525
0.076500	8.458229	106485.545989
0.078300	7.725997	364638.483026
0.080100	7.072461	1093908.279145
0.081900	6.494132	2891973.774937
0.083700	5.973841	6934841.256508
0.085500	5.543043	14306854.265541
0.087300	5.184457	26141635.560745
0.089100	4.900480	42135881.482752
0.090900	4.676585	61391495.680585
0.092700	4.507714	81544298.894870
0.094500	4.362219	104138930.259128
0.096300	4.281147	119343953.628449
0.098100	4.148678	149111264.393717
0.099900	4.009089	188546541.937915
0.101700	3.767158	283166852.446443
0.103500	3.445066	486617855.242668
0.105300	3.109067	856025511.562357
0.107100	2.798743	1442251420.783881
0.108900	2.543520	2214972512.636585
0.110700	2.355076	3040489669.996321
0.112500	2.192452	3996389897.742683
0.114300	2.104183	4635639152.107554
0.116100	2.030486	5247021330.054458
0.117900	1.994543	5573820426.108890
0.119700	1.939018	6119129849.911529
0.121500	1.849195	7116479037.697381
0.123300	1.777951	8021902097.680243
0.125100	1.667137	9664465619.223463
0.126900	1.553492	11698910834.003479
0.128700	1.382908	15584110145.551416
0.130500	1.225872	20292092489.461544
0.132300	1.105477	24844031769.431782
0.134100	0.968578	31272797630.789211
0.135900	0.840044	38815369834.772507
0.137700	0.755978	44707107431.742790
0.139500	0.662307	52331312569.976715
0.141300	0.557453	62418200062.716438
0.143100	0.507820	67849388216.549484
0.144900	0.411480	79777372935.077118
0.146700	0.364287	86364168081.881592
0.148500	0.362163	86673021697.295761
0.150300	0.309156	94750610194.049561
0.152100	0.277702	99895463737.860229
0.153900	0.241680	106131376323.728668
0.155700	0.145154	124828347183.042313
0.157500	0.085507	137993633734.844696
0.159300	0.059010	144279121928.498718
0.161100	0.028864	151778949293.517609
0.162900	0.000000	159325033650.356964
0.164700	0.012986	155884685687.025543
0.166500	0.041568	148571971943.058960
0.168300	0.138352	126263826405.989807
0.170100	0.211654	111625701167.766693
0.171900	0.261841	102594760626.671982
0.173700	0.389689	82753931927.536514
0.175500	0.447343	75110066693.168259
0.177300	0.510353	67561119416.530426
0.179100	0.512042	67369552746.130295
0.180900	0.482418	70809484998.449966
0.182700	0.413394	79521111255.334854
0.184500	0.428321	77550558110.381805
0.186300	0.362043	86690585601.855408
0.188100	0.362376	86642067389.905945
0.189900	0.352762	88053720151.469437
0.191700	0.332540	91098400289.577057
0.193500	0.343533	89430428176.306885
0.195300	0.344864	89230470920.581802
0.197100	0.367750	85862846156.076355
0.198900	0.369897	85553491636.841141
0.200700	0.392395	82378302182.587738
0.202500	0.423625	78165210283.864639
0.204300	0.488285	70114510184.372421
0.206100	0.548059	63411670666.075645
0.207900	0.620488	56142528209.267891
0.209700	0.719866	47505123572.535561
0.211500	0.791208	42136309172.368622
0.213300	0.890769	35642742494.783112
0.215100	1.002582	29535303121.006107
0.216900	1.131909	23764311605.447845
0.218700	1.267162	18931408703.637722
0.220500	1.402902	15069024549.185574
0.222300	1.570073	11377335362.671827
0.224100	1.723629	8788927142.614941
0.225900	1.885099	6699670127.807781
0.227700	2.020445	5336330812.848411
0.229500	2.151566	4280724107.651399
0.231300	2.324531	3200683000.920810
0.233100	2.528195	2272772710.297821
0.234900	2.671993	1784743253.973967
0.236700	2.761888	1534430872.573177
0.238500	2.968953	1083371658.351076
0.240300	3.075959	905018125.416922
0.242100	3.240671	686132249.627318
0.243900	3.329188	591269216.785085
0.245700	3.383611	539577544.716367
0.247500	3.418054	509223458.085002
0.249300	3.392964	531160136.468410
0.251100	3.448763	483602723.509254
0.252900	3.499684	443929271.929621
0.254700	3.516306	431696788.554549
0.256500	3.510639	435828487.465979
0.258300	3.567395	396169347.147667
0.260100	3.621097	361971936.008989
0.261900	3.626981	358409188.418225
0.263700	3.706228	313707440.157725
0.265500	3.779160	277511050.557552
0.267300	3.827519	255843818.125818
0.269100	3.909988	222724681.786319
0.270900	3.949796	208308084.496288
0.272700	4.046865	176945734.086919
0.274500	4.130587	153715765.009090
0.276300	4.203696	135939151.803080
0.278100	4.342096	107722024.140867
0.279900	4.429606	92985819.441622
0.281700	4.523105	79461566.771394
0.283500	4.714350	57615260.690796
0.285300	4.813369	48780658.371622
0.287100	4.937582	39588190.563579
0.288900	5.095906	30337500.413809
0.290700	5.242477	23712358.138905
0.292500	5.368101	19198266.518956
0.294300	5.473541	16079951.902851
0.296100	5.608811	12809415.257452
0.297900	5.687431	11223601.960743
0.299700	5.788891	9463704.183799
0.301500	5.942266	7312878.679977
0.303300	6.028485	6326209.534253
0.305100	6.114515	5474400.303939
0.306900	6.237510	4451881.186140
0.308700	6.347659	3699375.915349
0.310500	6.430659	3217608.492443
0.312300	6.529151	2726646.320844
0.314100	6.680190	2115248.520985
0.315900	6.823383	1662733.347502
0.317700	6.957778	1326496.680945
0.319500	7.140609	975504.111456
0.321300	7.329875	709666.358392
0.323100	7.441049	588695.628543
0.324900	7.624351	432582.974584
0.326700	7.772578	337175.218092
0.328500	7.954562	248311.272491
0.330300	8.113434	190112.693136
0.332100	8.285630	142330.547307
0.333900	8.468928	104587.522760
0.335700	8.602511	83551.966144
0.337500	8.741522	66141.014402
0.339300	8.936078	47690.661797
0.341100	9.108423	35695.334219
0.342900	9.259613	27684.371271
0.344700	9.465266	19592.755230
0.346500	9.604668	15499.746352
0.348300	9.797030	11217.313362
0.350100	9.947675	8707.820178
0.351900	10.085144	6911.132625
0.353700	10.208472	5617.109506
0.355500	10.380313	4207.840444
0.357300	10.517129	3343.301077
0.359100	10.646204	2691.184796

# Dumping simulation biases, in the metadata file order 
# Window  F (free energy units)
# 0	0.000000
# 1	-8.099727
# 2	-12.981132
# 3	-15.740858
# 4	-16.866384
# 5	-16.597882
# 6	-15.025577
# 7	-12.928872
# 8	-10.701920
# 9	-7.640097
#Iteration 510:  0.000014
#Iteration 520:  0.000012
#Iteration 530:  0.000011
#Iteration 540:  0.000010
#Iteration 550:  0.000008
#Iteration 560:  0.000007
#Iteration 570:  0.000007
#Iteration 580:  0.000006
#Iteration 590:  0.000005
#Iteration 600:  0.000004
0.000900	inf	0.000000
0.002700	inf	0.000000
0.004500	inf	0.000000
0.006300	inf	0.000000
0.008100	inf	0.000000
0.009900	inf	0.000000
0.011700	inf	0.000000
0.013500	inf	0.000000
0.015300	inf	0.000000
0.017100	inf	0.000000
0.018900	inf	0.000000
0.020700	inf	0.000000
0.022500	inf	0.000000
0.024300	inf	0.000000
0.026100	inf	0.000000
0.027900	inf	0.000000
0.029700	inf	0.000000
0.031500	inf	0.000000
0.033300	inf	0.000000
0.035100	inf	0.000000
0.036900	inf	0.000000
0.038700	inf	0.000000
0.040500	inf	0.000000
0.042300	inf	0.000000
0.044100	inf	0.000000
0.045900	inf	0.000000
0.047700	inf	0.000000
0.049500	inf	0.000000
0.051300	inf	0.000000
0.053100	inf	0.000000
0.054900	inf	0.000000
0.056700	inf	0.000000
0.058500	inf	0.000000
0.060300	inf	0.000000
0.062100	inf	0.000000
0.063900	15.522656	0.740393
0.065700	14.762025	2.659295
0.067500	12.878887	63.032658
0.069300	11.940944	305.012653
0.071100	10.930856	1666.250421
0.072900	10.117308	6541.492502
0.074700	9.225875	29273.457293
0.076500	8.457696	106485.188698
0.078300	7.725464	364636.756317
0.080100	7.071930	1093901.019094
0.081900	6.493602	2891947.115223
0.083700	5.973314	6934753.441645
0.085500	5.542518	14306608.646613
0.087300	5.183935	26141035.821852
0.089100	4.899962	42134608.712227
0.090900	4.676073	61389088.496345
0.092700	4.507209	81540201.941946
0.094500	4.361722	104132306.433807
0.096300	4.280659	119334461.215795
0.098100	4.148201	149096640.795520
0.099900	4.008624	188524123.686091
0.101700	3.766706	283126826.294896
0.103500	3.444628	486537791.553298
0.105300	3.108643	855864915.162954
0.107100	2.798332	1441948388.647913
0.108900	2.543123	2214458435.200823
0.110700	2.354691	3039717129.001491
0.112500	2.192082	3995283296.523611
0.114300	2.103827	4634242267.342885
0.116100	2.030145	5245301081.629809
0.117900	1.994220	5571834398.559105
0.119700	1.938712	6116768523.492471
0.121500	1.848907	7113524061.886682
0.123300	1.777679	8018349870.885957
0.125100	1.666880	9659948214.912134
0.126900	1.553247	11693197138.826376
0.128700	1.382673	15576229502.453085
0.130500	1.225646	20281546160.186092
0.132300	1.105258	24830833488.960075
0.134100	0.968364	31255875825.895206
0.135900	0.839836	38794013451.642860
0.137700	0.755776	44682095194.028893
0.139500	0.662111	52301492696.023674
0.141300	0.557264	62381858771.117653
0.143100	0.507641	67808844134.680794
0.144900	0.411312	79728181054.443649
0.146700	0.364132	86308908285.628662
0.148500	0.362025	86615194872.996841
0.150300	0.309036	94684487096.588287
0.152100	0.277601	99822492160.478912
0.153900	0.241599	106050367893.678299
0.155700	0.145092	124729146322.525146
0.157500	0.085462	137879960657.009216
0.159300	0.058981	144156436141.226318
0.161100	0.028850	151646122791.017639
0.162900	0.000000	159181726866.297058
0.164700	0.013001	155740483801.132355
0.166500	0.041601	148430260568.455688
0.168300	0.138405	126139125492.911362
0.170100	0.211731	111510958105.680405
0.171900	0.261946	102484428607.272171
0.173700	0.389826	82660457796.079895
0.175500	0.447515	75020811226.812439
0.177300	0.510561	67476762763.144661
0.179100	0.512285	67281520376.749695
0.180900	0.482692	70713219996.749664
0.182700	0.413695	79409387669.838364
0.184500	0.428645	77438693710.516861
0.186300	0.362384	86562929404.560913
0.188100	0.362731	86512415294.958344
0.189900	0.353129	87920266962.486908
0.191700	0.332916	90958866696.565201
0.193500	0.343918	89292149242.506088
0.195300	0.345258	89091215440.618164
0.197100	0.368153	85727508958.381439
0.198900	0.370311	85417114452.150818
0.200700	0.392822	82245260351.843918
0.202500	0.424066	78037066062.451416
0.204300	0.488742	69997635357.591812
0.206100	0.548534	63304092841.140068
0.207900	0.620981	56045595336.273209
0.209700	0.720376	47421738266.332108
0.211500	0.791734	42061254128.260201
0.213300	0.891308	35578459043.631989
0.215100	1.003132	29481488818.857224
0.216900	1.132468	23720654854.219494
0.218700	1.267728	18896397152.682297
0.220500	1.403474	15040997901.218067
0.222300	1.570651	11356065028.780281
0.224100	1.724213	8772409405.847887
0.225900	1.885689	6687004067.804010
0.227700	2.021044	5326168655.624340
0.229500	2.152175	4272495447.843661
0.231300	2.325155	3194454013.199021
0.233100	2.528838	2268276936.203476
0.234900	2.672661	1781137327.752515
0.236700	2.762588	1531246580.407606
0.238500	2.969695	1081048972.649966
0.240300	3.076749	903003110.791824
0.242100	3.241518	684539986.181982
0.243900	3.330095	589837277.681060
0.245700	3.384578	538215765.378249
0.247500	3.419079	507889203.558693
0.249300	3.394040	529722871.991835
0.251100	3.449883	482259209.429410
0.252900	3.500838	442670132.549113
0.254700	3.517487	430452777.189168
0.256500	3.511841	434557543.630077
0.258300	3.568612	395003778.591879
0.260100	3.622326	360899879.833172
0.261900	3.628220	357342224.305758
0.263700	3.707473	312769624.014810
0.265500	3.780412	276678323.569318
0.267300	3.828778	255073230.065501
0.269100	3.911254	222051067.740489
0.270900	3.951071	207674970.104379
0.272700	4.048151	176404676.655083
0.274500	4.131887	153242209.634388
0.276300	4.205013	135516544.632713
0.278100	4.343433	107383570.007651
0.279900	4.430965	92690204.218818
0.281700	4.524488	79205810.328789
0.283500	4.715756	57427553.219014
0.285300	4.814797	48619937.710377
0.287100	4.939029	39456468.843357
0.288900	5.097370	30235727.443364
0.290700	5.243954	23632282.875512
0.292500	5.369588	19133094.850671
0.294300	5.475037	16025138.495787
0.296100	5.610314	12765601.643266
0.297900	5.688940	11185098.577788
0.299700	5.790405	9431146.674645
0.301500	5.943787	7287646.495495
0.303300	6.030012	6304309.598794
0.305100	6.116051	5455376.049799
0.306900	6.239054	4436340.346882
0.308700	6.349214	3686394.990568
0.310500	6.432227	3206253.697307
0.312300	6.530731	2716967.001357
0.314100	6.681782	2107695.954164
0.315900	6.824986	1656764.729096
0.317700	6.959392	1321712.893222
0.319500	7.142231	971972.616893
0.321300	7.331503	707089.441459
0.323100	7.442682	586553.012157
0.324900	7.625989	431005.821302
0.326700	7.774218	335944.357260
0.328500	7.956204	247403.984479
0.330300	8.115077	189417.601876
0.332100	8.287274	141809.918226
0.333900	8.470573	104204.829586
0.335700	8.604157	83246.174155
0.337500	8.743168	65898.906334
0.339300	8.937725	47516.071565
0.341100	9.110070	35564.647441
0.342900	9.261259	27583.008544
0.344700	9.466913	19521.016208
0.346500	9.606315	15442.992429
0.348300	9.798677	11176.239263
0.350100	9.949322	8675.934610
0.351900	10.086791	6885.825795
0.353700	10.210119	5596.540937
0.355500	10.381960	4192.432230
0.357300	10.518776	3331.058585
0.359100	10.647851	2681.330201

# Dumping simulation biases, in the metadata file order 
# Window  F (free energy units)
# 0	0.000000
# 1	-8.099701
# 2	-12.980986
# 3	-15.740536
# 4	-16.865859
# 5	-16.596975
# 6	-15.024478
# 7	-12.927108
# 8	-10.699900
# 9	-7.637942
#Iteration 610:  0.000004
#Iteration 620:  0.000003
#Iteration 630:  0.000003
#Iteration 640:  0.000003
#Iteration 650:  0.000002
#Iteration 660:  0.000002
#Iteration 670:  0.000002
#Iteration 680:  0.000002
#Iteration 690:  0.000001
#Iteration 700:  0.000001
0.000900	inf	0.000000
0.002700	inf	0.000000
0.004500	inf	0.000000
0.006300	inf	0.000000
0.008100	inf	0.000000
0.009900	inf	0.000000
0.011700	inf	0.000000
0.013500	inf	0.000000
0.015300	inf	0.000000
0.017100	inf	0.000000
0.018900	inf	0.000000
0.020700	inf	0.000000
0.022500	inf	0.000000
0.024300	inf	0.000000
0.026100	inf	0.000000
0.027900	inf	0.000000
0.029700	inf	0.000000
0.031500	inf	0.000000
0.033300	inf	0.000000
0.035100	inf	0.000000
0.036900	inf	0.000000
0.038700	inf	0.000000
0.040500	inf	0.000000
0.042300	inf	0.000000
0.044100	inf	0.000000
0.045900	inf	0.000000
0.047700	inf	0.000000
0.049500	inf	0.000000
0.051300	inf	0.000000
0.053100	inf	0.000000
0.054900	inf	0.000000
0.056700	inf	0.000000
0.058500	inf	0.000000
0.060300	inf	0.000000
0.062100	inf	0.000000
0.063900	15.522507	0.740393
0.065700	14.761875	2.659295
0.067500	12.878737	63.032648
0.069300	11.940794	305.012584
0.071100	10.930706	1666.249880
0.072900	10.117159	6541.489466
0.074700	9.225726	29273.437945
0.076500	8.457547	106485.088845
0.078300	7.725315	364636.273749
0.080100	7.071781	1093898.990107
0.081900	6.493454	2891939.664553
0.083700	5.973166	6934728.899752
0.085500	5.542371	14306540.002685
0.087300	5.183789	26140868.210734
0.089100	4.899818	42134253.006374
0.090900	4.675930	61388415.751630
0.092700	4.507067	81539056.952671
0.094500	4.361583	104130455.257584
0.096300	4.280523	119331808.367178
0.098100	4.148068	149092553.977330
0.099900	4.008495	188517858.610394
0.101700	3.766580	283115640.660531
0.103500	3.444506	486515417.537462
0.105300	3.108524	855820036.927805
0.107100	2.798218	1441863708.640215
0.108900	2.543012	2214314782.485744
0.110700	2.354584	3039501254.825927
0.112500	2.191978	3994974078.681395
0.114300	2.103727	4633851940.832696
0.116100	2.030050	5244820406.156788
0.117900	1.994129	5571279468.461767
0.119700	1.938627	6116108741.971443
0.121500	1.848826	7112698426.205252
0.123300	1.777604	8017357382.215843
0.125100	1.666808	9658686082.844353
0.126900	1.553179	11691600800.355846
0.128700	1.382608	15574027777.966551
0.130500	1.225583	20278599721.882332
0.132300	1.105197	24827146182.515732
0.134100	0.968305	31251148284.782234
0.135900	0.839778	38788047033.102890
0.137700	0.755719	44675107461.063492
0.139500	0.662056	52293161883.086128
0.141300	0.557211	62371706117.701180
0.143100	0.507590	67797517424.975784
0.144900	0.411265	79714438548.085190
0.146700	0.364089	86293470791.620117
0.148500	0.361986	86599040488.662125
0.150300	0.309003	94666015419.166855
0.152100	0.277573	99802107767.066040
0.153900	0.241576	106027738933.290146
0.155700	0.145074	124701436083.860794
0.157500	0.085449	137848208473.852448
0.159300	0.058972	144122167063.776031
0.161100	0.028846	151609021744.056702
0.162900	0.000000	159141699012.089355
0.164700	0.013006	155700206434.225922
0.166500	0.041610	148390679339.643585
0.168300	0.138419	126104295950.170563
0.170100	0.211752	111478910432.155045
0.171900	0.261975	102453613676.642075
0.173700	0.389864	82634351948.317764
0.175500	0.447563	74995884502.443756
0.177300	0.510619	67453205120.844902
0.179100	0.512353	67256937295.506096
0.180900	0.482768	70686339051.349976
0.182700	0.413779	79378191231.040070
0.184500	0.428735	77407458924.379654
0.186300	0.362480	86527286132.044006
0.188100	0.362831	86476215465.323761
0.189900	0.353231	87883006424.713974
0.191700	0.333022	90919908982.188736
0.193500	0.344026	89253542238.191162
0.195300	0.345368	89052336164.725754
0.197100	0.368266	85689724010.675812
0.198900	0.370427	85379039554.494766
0.200700	0.392941	82208117101.225739
0.202500	0.424189	78001290663.456589
0.204300	0.488870	69965006696.126312
0.206100	0.548667	63274060230.029785
0.207900	0.621119	56018535005.443604
0.209700	0.720518	47398460389.430679
0.211500	0.791880	42040302095.040947
0.213300	0.891459	35560514232.390839
0.215100	1.003285	29466466673.553093
0.216900	1.132624	23708468290.058193
0.218700	1.267886	18886623930.518139
0.220500	1.403634	15033174513.249289
0.222300	1.570812	11350127635.539379
0.224100	1.724376	8767798671.182444
0.225900	1.885854	6683468499.156416
0.227700	2.021211	5323332032.760139
0.229500	2.152345	4270198546.874910
0.231300	2.325329	3192715302.835107
0.233100	2.529018	2267022035.218420
0.234900	2.672847	1780130825.089265
0.236700	2.762784	1530357786.391306
0.238500	2.969902	1080400689.374397
0.240300	3.076970	902440725.479508
0.242100	3.241755	684095613.751619
0.243900	3.330349	589437674.542907
0.245700	3.384849	537835767.907144
0.247500	3.419366	507516912.971879
0.249300	3.394341	529321865.430437
0.251100	3.450196	481884381.435651
0.252900	3.501161	442318861.042168
0.254700	3.517817	430105739.155809
0.256500	3.512177	434203002.610377
0.258300	3.568952	394678640.047729
0.260100	3.622670	360600831.727425
0.261900	3.628566	357044600.326357
0.263700	3.707822	312508027.740387
0.265500	3.780762	276446042.988634
0.267300	3.829130	254858284.146653
0.269100	3.911608	221863173.009382
0.270900	3.951428	207498373.760110
0.272700	4.048511	176253759.671771
0.274500	4.132250	153110122.779007
0.276300	4.205381	135398670.530685
0.278100	4.343806	107289169.874029
0.279900	4.431345	92607754.431458
0.281700	4.524874	79134479.309909
0.283500	4.716149	57375202.543437
0.285300	4.815196	48575114.618138
0.287100	4.939433	39419734.021670
0.288900	5.097779	30207345.323454
0.290700	5.244366	23609952.086654
0.292500	5.370004	19114920.488465
0.294300	5.475455	16009852.881925
0.296100	5.610734	12753383.598496
0.297900	5.689362	11174361.439013
0.299700	5.790829	9422067.672748
0.301500	5.944212	7280610.282259
0.303300	6.030439	6298202.655465
0.305100	6.116480	5450071.053136
0.306900	6.239486	4432006.757703
0.308700	6.349649	3682775.278407
0.310500	6.432665	3203087.468581
0.312300	6.531172	2714268.006408
0.314100	6.682228	2105590.013596
0.315900	6.825435	1655100.473591
0.317700	6.959843	1320379.023623
0.319500	7.142684	970987.934718
0.321300	7.331959	706370.928173
0.323100	7.443139	585955.596806
0.324900	7.626446	430566.073133
0.326700	7.774676	335601.164789
0.328500	7.956663	247151.012157
0.330300	8.115537	189223.795094
0.332100	8.287734	141664.755513
0.333900	8.471033	104098.126489
0.335700	8.604617	83160.912812
0.337500	8.743628	65831.401455
0.339300	8.938185	47467.392109
0.341100	9.110530	35528.209204
0.342900	9.261720	27554.746477
0.344700	9.467373	19501.013857
0.346500	9.606775	15427.168240
0.348300	9.799137	11164.786939
0.350100	9.949782	8667.044243
0.351900	10.087251	6878.769718
0.353700	10.210579	5590.805988
0.355500	10.382420	4188.136096
0.357300	10.519236	3327.645121
0.359100	10.648311	2678.582533

# Dumping simulation biases, in the metadata file order 
# Window  F (free energy units)
# 0	0.000000
# 1	-8.099694
# 2	-12.980946
# 3	-15.740446
# 4	-16.865712
# 5	-16.596721
# 6	-15.024170
# 7	-12.926615
# 8	-10.699335
# 9	-7.637340
#Iteration 710:  0.000001
#Iteration 720:  0.000001
#Iteration 730:  0.000001
#Iteration 740:  0.000001
#Iteration 750:  0.000001
#Iteration 760:  0.000001
#Iteration 770:  0.000001
#Iteration 780:  0.000000
# Dumping simulation biases, in the metadata file order 
# Window  F (free energy units)
# 0	0.000000
# 1	-8.099692
# 2	-12.980935
# 3	-15.740422
# 4	-16.865674
# 5	-16.596655
# 6	-15.024091
# 7	-12.926487
# 8	-10.699188
# 9	-7.637183
# No MC error analysis requested
