# /home/btan/Software/WHAM/wham/wham/wham 0.04 0.4 200 1e-06 300 0 /home/btan/Documents/CRBN_len_CK1a/umbrella_sampling/RMSD/results/backbone_RMSD/CRBN_len/run3/RED/metafile.txt /home/btan/Documents/CRBN_len_CK1a/umbrella_sampling/RMSD/results/backbone_RMSD/CRBN_len/run3/RED/pmf.txt
#Number of windows = 11
#Iteration 10:  0.142005
#Iteration 20:  0.074846
#Iteration 30:  0.042578
#Iteration 40:  0.026045
#Iteration 50:  0.016456
#Iteration 60:  0.010882
#Iteration 70:  0.007374
#Iteration 80:  0.005051
#Iteration 90:  0.003781
#Iteration 100:  0.003137
0.040900	inf	0.000000
0.042700	inf	0.000000
0.044500	inf	0.000000
0.046300	inf	0.000000
0.048100	inf	0.000000
0.049900	inf	0.000000
0.051700	inf	0.000000
0.053500	inf	0.000000
0.055300	inf	0.000000
0.057100	inf	0.000000
0.058900	inf	0.000000
0.060700	inf	0.000000
0.062500	inf	0.000000
0.064300	inf	0.000000
0.066100	inf	0.000000
0.067900	inf	0.000000
0.069700	inf	0.000000
0.071500	inf	0.000000
0.073300	17.005839	175.139918
0.075100	15.766904	1405.655935
0.076900	14.650645	9179.361844
0.078700	13.572869	56188.971112
0.080500	12.681470	251433.714854
0.082300	11.926174	895020.279246
0.084100	11.181347	3130399.344497
0.085900	10.540630	9190932.608646
0.087700	9.901893	26895178.986006
0.089500	9.335691	69668191.893077
0.091300	8.819518	165909124.339568
0.093100	8.351056	364648836.769917
0.094900	7.924390	747076768.577064
0.096700	7.544890	1413911240.596093
0.098500	7.213560	2467811135.594798
0.100300	6.909962	4111081216.519618
0.102100	6.646076	6406309384.062421
0.103900	6.370672	10178153567.091473
0.105700	6.110548	15760644844.438675
0.107500	5.853907	24262563560.856998
0.109300	5.587078	37995944699.314880
0.111100	5.326256	58904979932.224121
0.112900	5.055269	92894139856.333160
0.114700	4.860669	128841957767.424789
0.116500	4.669464	177683981568.636780
0.118300	4.516733	229694448856.874634
0.120100	4.386084	286109468961.431458
0.121900	4.290030	336245917193.727844
0.123700	4.273113	345945018060.476624
0.125500	4.240875	365210238698.647949
0.127300	4.262720	352042310451.840881
0.129100	4.220576	377887626336.854797
0.130900	4.248514	360550493938.779785
0.132700	4.144243	429624921489.637390
0.134500	4.096303	465681424126.842407
0.136300	3.749217	834605262880.874878
0.138100	3.304428	1762800226181.409912
0.139900	2.948955	3204192193207.070312
0.141700	2.508669	6716654063924.763672
0.143500	2.174367	11781827214455.009766
0.145300	1.896001	18812036444426.175781
0.147100	1.610261	30411821504844.015625
0.148900	1.352664	46892438114544.078125
0.150700	1.127059	68518491728546.992188
0.152500	0.943030	93359740003389.140625
0.154300	0.801805	118375522034548.781250
0.156100	0.675615	146348245951608.625000
0.157900	0.561569	177275066763601.093750
0.159700	0.510213	193259503570680.687500
0.161500	0.450262	213751172015605.406250
0.163300	0.427187	222205346237462.250000
0.165100	0.414361	227048368753396.218750
0.166900	0.434177	219609619069726.406250
0.168700	0.422263	224052061979409.406250
0.170500	0.456621	211478457665286.687500
0.172300	0.453596	212556277561291.250000
0.174100	0.475759	204783029671623.250000
0.175900	0.466583	207966187404832.281250
0.177700	0.479519	203492797574614.468750
0.179500	0.456943	211363799149816.687500
0.181300	0.383975	238946828037335.375000
0.183100	0.359505	248980729863338.375000
0.184900	0.315090	268282189630282.000000
0.186700	0.239209	304781900421341.000000
0.188500	0.206193	322175740761414.687500
0.190300	0.163773	345988375519438.187500
0.192100	0.165395	345046492442875.875000
0.193900	0.133575	364005370808689.187500
0.195700	0.096031	387719306842345.875000
0.197500	0.066669	407336309251607.187500
0.199300	0.006474	450711483483768.750000
0.201100	0.024782	437052166551385.000000
0.202900	0.000000	455643705446920.187500
0.204700	0.019783	440740231577099.625000
0.206500	0.065684	408011083037553.937500
0.208300	0.125179	369179473369400.375000
0.210100	0.199547	325795257308989.812500
0.211900	0.284905	282246484065499.500000
0.213700	0.388784	237023281388926.625000
0.215500	0.469410	206980392583900.875000
0.217300	0.603577	165188357900033.500000
0.219100	0.757760	127472596165043.234375
0.220900	0.873683	104902649486063.812500
0.222700	1.037155	79697131990688.171875
0.224500	1.194182	61207382266637.804688
0.226300	1.357572	46507142799703.257812
0.228100	1.497103	36783616205788.531250
0.229900	1.661670	27893975223545.558594
0.231700	1.776549	22995480717887.394531
0.233500	1.898757	18725090273263.230469
0.235300	2.111565	13093677620175.076172
0.237100	2.295200	9616060203945.171875
0.238900	2.490911	6920181638934.154297
0.240700	2.633190	5448103399242.972656
0.242500	2.806903	4068411782231.910645
0.244300	2.968626	3099971179110.271484
0.246100	3.146996	2296873761382.825195
0.247900	3.268555	1872371456145.002930
0.249700	3.452185	1375091649762.653320
0.251500	3.639088	1004342735546.019897
0.253300	3.769535	806581741814.039551
0.255100	3.948121	597406899581.958008
0.256900	4.107566	456946961862.003662
0.258700	4.247154	361375317577.446228
0.260500	4.432162	264784240772.351562
0.262300	4.603015	198682459452.182434
0.264100	4.753348	154314951951.876740
0.265900	4.917146	117172586087.079803
0.267700	5.076656	89613697475.771149
0.269500	5.239661	68135172347.930824
0.271300	5.407859	51354421650.368500
0.273100	5.509169	43312717528.063278
0.274900	5.693255	31784991217.399654
0.276700	5.803143	26423915949.841640
0.278500	5.900586	22431504267.639355
0.280300	5.989505	19317115484.591000
0.282100	6.117579	15575469648.973227
0.283900	6.275274	11948527083.998674
0.285700	6.378976	10037059316.330019
0.287500	6.499730	8193108812.810508
0.289300	6.654048	6321029051.659330
0.291100	6.799761	4947762423.411770
0.292900	6.925279	4006575689.908720
0.294700	7.082898	3073992210.621598
0.296500	7.253709	2306751469.119246
0.298300	7.419073	1746929173.823428
0.300100	7.637061	1210966323.479569
0.301900	7.802329	917226295.712168
0.303700	7.997040	661190235.759515
0.305500	8.181012	485306461.457422
0.307300	8.389799	341656583.810975
0.309100	8.611569	235334210.429156
0.310900	8.778842	177650311.334044
0.312700	8.922525	139530463.142937
0.314500	9.003768	121718682.640212
0.316300	9.102387	103123915.120988
0.318100	9.226795	83663244.115932
0.319900	9.298676	74140874.369595
0.321700	9.310838	72640424.354400
0.323500	9.428879	59566483.594920
0.325300	9.500126	52843022.201280
0.327100	9.539972	49419365.961827
0.328900	9.606757	44171318.072072
0.330700	9.732987	35726078.336505
0.332500	9.833643	30164834.299525
0.334300	9.925661	25841770.916920
0.336100	10.057232	20714182.930505
0.337900	10.165609	17264203.438516
0.339700	10.305458	13647361.607794
0.341500	10.414755	11356786.168480
0.343300	10.530639	9346604.584852
0.345100	10.651254	7631283.040767
0.346900	10.805370	5889581.666856
0.348700	10.995322	4279649.177711
0.350500	11.134398	3387465.205186
0.352300	11.307405	2532618.391783
0.354100	11.450702	1990465.747503
0.355900	11.626966	1480035.941687
0.357700	11.728511	1247780.439892
0.359500	11.897238	939631.473424
0.361300	11.971705	829072.440180
0.363100	12.075346	696512.766006
0.364900	12.139646	625152.770947
0.366700	12.231777	535457.561965
0.368500	12.293805	482437.844121
0.370300	12.321754	460295.200874
0.372100	12.357645	433345.776723
0.373900	12.443646	375014.775750
0.375700	12.521722	328888.317031
0.377500	12.557001	309950.915835
0.379300	12.623045	277381.003380
0.381100	12.678376	252744.767522
0.382900	12.791860	208848.827991
0.384700	12.875956	181316.669725
0.386500	12.935125	164149.977549
0.388300	13.033942	139026.728406
0.390100	13.122963	119703.902247
0.391900	13.255563	95786.055506
0.393700	13.331193	84350.544342
0.395500	13.454300	68582.499125
0.397300	13.563386	57091.881931
0.399100	13.689319	46199.367010

# Dumping simulation biases, in the metadata file order 
# Window  F (free energy units)
# 0	0.000000
# 1	-9.119025
# 2	-14.845922
# 3	-18.928931
# 4	-21.194862
# 5	-21.624955
# 6	-20.273471
# 7	-17.027742
# 8	-13.708789
# 9	-10.850475
# 10	-8.490396
#Iteration 110:  0.002914
#Iteration 120:  0.002870
#Iteration 130:  0.002755
#Iteration 140:  0.002588
#Iteration 150:  0.002394
#Iteration 160:  0.002193
#Iteration 170:  0.001994
#Iteration 180:  0.001803
#Iteration 190:  0.001625
#Iteration 200:  0.001460
0.040900	inf	0.000000
0.042700	inf	0.000000
0.044500	inf	0.000000
0.046300	inf	0.000000
0.048100	inf	0.000000
0.049900	inf	0.000000
0.051700	inf	0.000000
0.053500	inf	0.000000
0.055300	inf	0.000000
0.057100	inf	0.000000
0.058900	inf	0.000000
0.060700	inf	0.000000
0.062500	inf	0.000000
0.064300	inf	0.000000
0.066100	inf	0.000000
0.067900	inf	0.000000
0.069700	inf	0.000000
0.071500	inf	0.000000
0.073300	16.824703	175.132435
0.075100	15.585779	1405.569850
0.076900	14.469535	9178.557061
0.078700	13.391781	56181.931671
0.080500	12.500414	251388.818598
0.082300	11.745163	894793.316061
0.084100	11.000398	3129277.569770
0.085900	10.359767	9186309.459917
0.087700	9.721147	26876356.218360
0.089500	9.155102	69601115.650627
0.091300	8.639134	165692388.701302
0.093100	8.170932	364012751.140786
0.094900	7.744591	745366510.491253
0.096700	7.365487	1409736767.836658
0.098500	7.034631	2458566830.174530
0.100300	6.731592	4091826720.418986
0.102100	6.468361	6369293505.715631
0.103900	6.193708	10106562376.075851
0.105700	5.934427	15627668247.729921
0.107500	5.678694	24021124934.877541
0.109300	5.412808	37558256020.214806
0.111100	5.152929	58134240799.440216
0.112900	4.882862	91537037192.380356
0.114700	4.689159	126768373347.953812
0.116500	4.498856	174559456528.346985
0.118300	4.347086	225291126324.685303
0.120100	4.217534	280107494075.296509
0.121900	4.122811	328456427813.911255
0.123700	4.107572	336979245443.007629
0.125500	4.077477	354465829137.385620
0.127300	4.102039	340127924823.731995
0.129100	4.063257	363040783093.846985
0.130900	4.095199	344061621229.981567
0.132700	3.995465	406862633777.890564
0.134500	3.952378	437424976158.774109
0.136300	3.610179	777550397125.388672
0.138100	3.170023	1629549075081.255859
0.139900	2.818721	2941295369881.181152
0.141700	2.382041	6128298439342.753906
0.143500	2.050795	10694697474404.462891
0.145300	1.775028	17001762749695.050781
0.147100	1.491569	27380119390400.101562
0.148900	1.236084	42068235124374.781250
0.150700	1.012553	61255403825148.648438
0.152500	0.830659	83164429958050.171875
0.154300	0.691672	105052436473481.328125
0.156100	0.567806	129370650672912.468750
0.157900	0.456099	156094795291230.312500
0.159700	0.407002	169524202229221.812500
0.161500	0.349148	186839351163410.656250
0.163300	0.327963	193612995247901.718750
0.165100	0.316829	197271160944075.593750
0.166900	0.338195	190311296295956.375000
0.168700	0.327789	193669804127499.312500
0.170500	0.363737	182313079601070.781250
0.172300	0.362538	182680768766292.156250
0.174100	0.386934	175340684725591.156250
0.175900	0.380586	177221654416278.625000
0.177700	0.397134	172359796407228.250000
0.179500	0.379115	177660521503660.031250
0.181300	0.311733	198968095946823.968750
0.183100	0.293835	205045537720827.281250
0.184900	0.256768	218228474028302.187500
0.186700	0.188656	244701649556490.437500
0.188500	0.163403	255312951672844.875000
0.190300	0.128364	270803137591344.687500
0.192100	0.136752	267011193735590.750000
0.193900	0.111045	278802864227164.875000
0.195700	0.079081	294193633905002.812500
0.197500	0.054989	306352809071303.000000
0.199300	0.000000	336021165472587.750000
0.201100	0.023649	322925148744850.562500
0.202900	0.004435	333525361014075.062500
0.204700	0.029966	319513663198064.250000
0.206500	0.081624	292938458022185.250000
0.208300	0.146643	262608433858069.125000
0.210100	0.226083	229780288978257.062500
0.211900	0.315930	197569364145573.031250
0.213700	0.423702	164831399574240.812500
0.215500	0.507723	143119704550985.281250
0.217300	0.644965	113633112850595.140625
0.219100	0.802128	87250285493224.484375
0.220900	0.921186	71424647038070.140625
0.222700	1.088201	53940806462531.117188
0.224500	1.249416	41135931151369.148438
0.226300	1.417818	30994010033006.867188
0.228100	1.563263	24271415030168.093750
0.229900	1.734567	18198386176128.339844
0.231700	1.856748	14819499941207.560547
0.233500	1.986422	11916926773375.509766
0.235300	2.206405	8233121088958.924805
0.237100	2.396530	5980842255621.930664
0.238900	2.597799	4264067030840.098633
0.240700	2.744631	3331412755610.259766
0.242500	2.921949	2472726873411.139160
0.244300	3.086472	1875272340089.872070
0.246100	3.267016	1384385331429.284912
0.247900	3.390303	1125253745763.316650
0.249700	3.575387	824382804710.276978
0.251500	3.763629	600759723596.125000
0.253300	3.895460	481345549662.244934
0.255100	4.075637	355563497686.403625
0.256900	4.237063	271060990850.133759
0.258700	4.379230	213440454097.440430
0.260500	4.567659	155493905637.046875
0.262300	4.743040	115791068257.451889
0.264100	4.899271	89046584396.405731
0.265900	5.070541	66769871712.954308
0.267700	5.239155	50290076434.967857
0.269500	5.412727	37563415878.918648
0.271300	5.592508	27766074468.801060
0.273100	5.705747	22953210569.854206
0.274900	5.901349	16521246331.197876
0.276700	6.021683	13495586871.808226
0.278500	6.128081	11285352471.099392
0.280300	6.224318	9599684355.116749
0.282100	6.358146	7665749835.910683
0.283900	6.520243	5837332185.265140
0.285700	6.627256	4876280625.004880
0.287500	6.750495	3963848019.887304
0.289300	6.906706	3048413821.716958
0.291100	7.053924	2380109093.113510
0.292900	7.180731	1923181369.239912
0.294700	7.339580	1472486728.925289
0.296500	7.511714	1102512019.833066
0.298300	7.678656	832734309.147716
0.300100	7.898658	575297495.230462
0.301900	8.066597	433797867.885192
0.303700	8.264893	310827629.171115
0.305500	8.453662	226311781.152830
0.307300	8.668765	157641314.472646
0.309100	8.898632	107115846.968112
0.310900	9.075914	79511036.095910
0.312700	9.231411	61221816.057806
0.314500	9.325851	52234729.802909
0.316300	9.438337	43235230.601439
0.318100	9.576406	34279932.123144
0.319900	9.660915	29740151.815796
0.321700	9.684085	28604070.338653
0.323500	9.811239	23099260.201332
0.325300	9.889718	20244360.224160
0.327100	9.935116	18756878.443176
0.328900	10.006061	16648174.685819
0.330700	10.135361	13395847.697213
0.332500	10.238270	11267841.472159
0.334300	10.331954	9626003.395442
0.336100	10.464789	7699617.664362
0.337900	10.574176	6406341.272695
0.339700	10.714907	5056713.415946
0.341500	10.825068	4201892.003788
0.343300	10.941902	3452622.051801
0.345100	11.063669	2813532.930775
0.346900	11.219265	2166000.552921
0.348700	11.411173	1568753.273065
0.350500	11.552846	1236302.380106
0.352300	11.729268	919024.528151
0.354100	11.876948	716988.514397
0.355900	12.058647	528276.271108
0.357700	12.166640	440575.589948
0.359500	12.342611	327756.313464
0.361300	12.424738	285492.035390
0.363100	12.535971	236802.954728
0.364900	12.607332	210034.033220
0.366700	12.705648	178038.375823
0.368500	12.772815	159029.492642
0.370300	12.804853	150691.324632
0.372100	12.843882	141121.887646
0.373900	12.932231	121645.209799
0.375700	13.012025	106375.174349
0.377500	13.048544	100041.296481
0.379300	13.115474	89395.723773
0.381100	13.171432	81370.005590
0.382900	13.285358	67187.990733
0.384700	13.369763	58300.324881
0.386500	13.429150	52761.317850
0.388300	13.528119	44674.781128
0.390100	13.617245	38458.755486
0.391900	13.749919	30770.559353
0.393700	13.825601	27094.647530
0.395500	13.948743	22028.393412
0.397300	14.057853	18336.891336
0.399100	14.183804	14837.978491

# Dumping simulation biases, in the metadata file order 
# Window  F (free energy units)
# 0	0.000000
# 1	-9.116516
# 2	-14.834703
# 3	-18.863821
# 4	-21.106470
# 5	-21.455874
# 6	-20.048519
# 7	-16.722984
# 8	-13.275102
# 9	-10.266756
# 10	-7.823832
#Iteration 210:  0.001309
#Iteration 220:  0.001172
#Iteration 230:  0.001048
#Iteration 240:  0.000936
#Iteration 250:  0.000835
#Iteration 260:  0.000745
#Iteration 270:  0.000665
#Iteration 280:  0.000593
#Iteration 290:  0.000529
#Iteration 300:  0.000471
0.040900	inf	0.000000
0.042700	inf	0.000000
0.044500	inf	0.000000
0.046300	inf	0.000000
0.048100	inf	0.000000
0.049900	inf	0.000000
0.051700	inf	0.000000
0.053500	inf	0.000000
0.055300	inf	0.000000
0.057100	inf	0.000000
0.058900	inf	0.000000
0.060700	inf	0.000000
0.062500	inf	0.000000
0.064300	inf	0.000000
0.066100	inf	0.000000
0.067900	inf	0.000000
0.069700	inf	0.000000
0.071500	inf	0.000000
0.073300	16.734282	175.126219
0.075100	15.495367	1405.498340
0.076900	14.379136	9177.888618
0.078700	13.301401	56176.085931
0.080500	12.410060	251351.545861
0.082300	11.654846	894604.965791
0.084100	10.910133	3128347.155102
0.085900	10.269574	9182477.918546
0.087700	9.631050	26860773.045718
0.089500	9.065134	69545664.530784
0.091300	8.549334	165513563.330221
0.093100	8.081346	363489253.229290
0.094900	7.655270	743963477.417325
0.096700	7.276486	1406325607.421668
0.098500	6.946011	2451047726.352039
0.100300	6.643420	4076247103.039495
0.102100	6.380707	6339510816.693326
0.103900	6.106647	10049295706.061106
0.105700	5.848024	15521913683.433390
0.107500	5.593000	23830177091.935535
0.109300	5.327846	37213886554.386711
0.111100	5.068696	57530681791.512955
0.112900	4.799337	90478811505.510468
0.114700	4.606324	125157723183.326843
0.116500	4.416712	172141420937.477814
0.118300	4.265677	221896135053.741943
0.120100	4.136961	275498727942.535645
0.121900	4.043250	322503351421.581787
0.123700	4.029280	330166530257.998230
0.125500	4.000797	346359493417.791443
0.127300	4.027390	331217330484.960571
0.129100	3.991096	352053926811.114624
0.130900	4.025969	332009399575.995667
0.132700	3.929513	390452652163.013672
0.134500	3.889885	417349012163.374268
0.136300	3.551114	737600665027.430054
0.138100	3.114159	1537529592506.607666
0.139900	2.765690	2762014344993.656738
0.141700	2.331419	5731508313475.294922
0.143500	2.002172	9968686881227.769531
0.145300	1.728063	15803507897921.767578
0.147100	1.446011	25390275122415.902344
0.148900	1.191779	38928833853863.742188
0.150700	0.969432	56571498126357.382812
0.152500	0.788712	76653783852546.046875
0.154300	0.650921	96633856115846.296875
0.156100	0.528268	118760785630682.656250
0.157900	0.417761	143004434843080.125000
0.159700	0.369807	155009651472026.906250
0.161500	0.312998	170542414103657.218750
0.163300	0.292740	176449944383084.000000
0.165100	0.282420	179537934463302.062500
0.166900	0.304515	172991796728352.062500
0.168700	0.294795	175841514490012.125000
0.170500	0.331445	165335019936640.875000
0.172300	0.331029	165450698952665.062500
0.174100	0.356360	158553474574767.562500
0.175900	0.351176	159941162157974.687500
0.177700	0.369189	155170689562870.906250
0.179500	0.352994	159453136414795.625000
0.181300	0.287817	177916275541100.000000
0.183100	0.272474	182564925779984.156250
0.184900	0.238216	193386987103796.468750
0.186700	0.173023	215785553815571.687500
0.188500	0.150634	224061542380784.906250
0.190300	0.118271	236588868287171.968750
0.192100	0.129075	232330633197911.625000
0.193900	0.105520	241714819126159.875000
0.195700	0.075496	254227559319838.781250
0.197500	0.053216	263929469678722.281250
0.199300	0.000000	288628274074879.875000
0.201100	0.025447	276541871644530.125000
0.202900	0.008088	284730839011914.750000
0.204700	0.035509	271903613181081.250000
0.206500	0.089036	248506516428339.406250
0.208300	0.155825	222115022953242.031250
0.210100	0.236869	193825638335953.406250
0.211900	0.328116	166262996632214.625000
0.213700	0.437085	138433565726243.843750
0.215500	0.522135	119991356964847.484375
0.217300	0.660292	95123456081124.562500
0.219100	0.818324	72931549087611.937500
0.220900	0.938276	59613318727281.859375
0.222700	1.106284	44945671069217.828125
0.224500	1.268653	34209702975962.171875
0.226300	1.438416	25716529654943.421875
0.228100	1.585442	20085135997147.175781
0.229900	1.758522	15014703604587.273438
0.231700	1.882597	12188068450959.570312
0.233500	2.014176	9769554887366.003906
0.235300	2.235960	6729138020001.591797
0.237100	2.427692	4875109441323.177734
0.238900	2.630320	3467798437839.736328
0.240700	2.778253	2704295952126.474609
0.242500	2.956436	2004335070970.694336
0.244300	3.121628	1518345911999.754883
0.246100	3.302689	1119917743666.543213
0.247900	3.426386	909662100045.869751
0.249700	3.611815	666049206382.958740
0.251500	3.800377	485115264053.332031
0.253300	3.932539	388471726145.645691
0.255100	4.113098	286774912208.898071
0.256900	4.274998	218446198700.468872
0.258700	4.417782	171832007115.982330
0.260500	4.607024	125010584267.338760
0.262300	4.783474	92924064551.419037
0.264100	4.941083	71295901589.790253
0.265900	5.114074	53305380901.687202
0.267700	5.284751	40009878567.418800
0.269500	5.460668	29767168815.132599
0.271300	5.642963	21910464740.437939
0.273100	5.758730	18035797157.191521
0.274900	5.956714	12929901040.649082
0.276700	6.079162	10524484857.010635
0.278500	6.187338	8774584052.726931
0.280300	6.285004	7446032575.635861
0.282100	6.419942	5934883743.826226
0.283900	6.582881	4512919998.768034
0.285700	6.690524	3765929074.237233
0.287500	6.814235	3058834103.187320
0.289300	6.970807	2350981892.439771
0.291100	7.118314	1834680870.579299
0.292900	7.245374	1481832559.730030
0.294700	7.404471	1134096004.927525
0.296500	7.576877	848757099.978521
0.298300	7.744147	640717348.513835
0.300100	7.964572	442326930.534186
0.301900	8.133073	333217494.780248
0.303700	8.332123	238457138.625938
0.305500	8.521893	173327475.986422
0.307300	8.738299	120469876.982690
0.309100	8.969814	81631709.559109
0.310900	9.149098	60390945.501627
0.312700	9.306904	46319494.185043
0.314500	9.403862	39353100.848993
0.316300	9.518924	32432286.957337
0.318100	9.659460	25608128.205518
0.319900	9.746193	22133903.795521
0.321700	9.771256	21220741.545679
0.323500	9.899947	17092626.067471
0.325300	9.979626	14949904.815396
0.327100	10.025935	13830259.161714
0.328900	10.097556	12261474.269370
0.330700	10.227352	9857889.843494
0.332500	10.330625	8286844.546104
0.334300	10.424578	7076166.358451
0.336100	10.557618	5658106.358629
0.337900	10.667172	4706415.060241
0.339700	10.808052	3713982.732267
0.341500	10.918362	3085371.113627
0.343300	11.035364	2534479.372996
0.345100	11.157338	2064622.860050
0.346900	11.313201	1588735.890530
0.348700	11.505464	1149975.731916
0.350500	11.647609	905555.314833
0.352300	11.824646	672461.745127
0.354100	11.973112	523937.161155
0.355900	12.155776	385410.394346
0.357700	12.264900	320816.433696
0.359500	12.442127	238161.334092
0.361300	12.525561	206994.937400
0.363100	12.638071	171324.985751
0.364900	12.710602	151659.238887
0.366700	12.809929	128337.649575
0.368500	12.877928	114475.073793
0.370300	12.910622	108353.483643
0.372100	12.950151	101387.406298
0.373900	13.038871	87340.019374
0.375700	13.118937	76341.481684
0.377500	13.155651	71772.349979
0.379300	13.222720	64119.942640
0.381100	13.278776	58353.774200
0.382900	13.392772	48177.664714
0.384700	13.477225	41801.285937
0.386500	13.536646	37827.663911
0.388300	13.635639	32028.678220
0.390100	13.724781	27571.458482
0.391900	13.857467	22059.288164
0.393700	13.933157	19423.780024
0.395500	14.056304	15791.703869
0.397300	14.165419	13145.255765
0.399100	14.291372	10636.924862

# Dumping simulation biases, in the metadata file order 
# Window  F (free energy units)
# 0	0.000000
# 1	-9.114533
# 2	-14.826265
# 3	-18.818454
# 4	-21.049527
# 5	-21.368783
# 6	-19.943315
# 7	-16.597286
# 8	-13.121719
# 9	-10.085293
# 10	-7.628116
#Iteration 310:  0.000420
#Iteration 320:  0.000374
#Iteration 330:  0.000334
#Iteration 340:  0.000297
#Iteration 350:  0.000265
#Iteration 360:  0.000236
#Iteration 370:  0.000210
#Iteration 380:  0.000187
#Iteration 390:  0.000167
#Iteration 400:  0.000149
0.040900	inf	0.000000
0.042700	inf	0.000000
0.044500	inf	0.000000
0.046300	inf	0.000000
0.048100	inf	0.000000
0.049900	inf	0.000000
0.051700	inf	0.000000
0.053500	inf	0.000000
0.055300	inf	0.000000
0.057100	inf	0.000000
0.058900	inf	0.000000
0.060700	inf	0.000000
0.062500	inf	0.000000
0.064300	inf	0.000000
0.066100	inf	0.000000
0.067900	inf	0.000000
0.069700	inf	0.000000
0.071500	inf	0.000000
0.073300	16.705088	175.124184
0.075100	15.466176	1405.474937
0.076900	14.349950	9177.669868
0.078700	13.272221	56174.172949
0.080500	12.380888	251339.349101
0.082300	11.625686	894543.335541
0.084100	10.880990	3128042.738124
0.085900	10.240454	9181224.438265
0.087700	9.601963	26855675.806658
0.089500	9.036088	69527530.081222
0.091300	8.520344	165455095.813592
0.093100	8.052426	363318146.944006
0.094900	7.626436	743505064.675762
0.096700	7.247757	1405211572.403958
0.098500	6.917406	2448593374.909616
0.100300	6.614961	4071164802.449973
0.102100	6.352418	6329802344.548789
0.103900	6.078551	10030644002.488325
0.105700	5.820143	15487502603.416660
0.107500	5.565351	23768108381.713329
0.109300	5.300436	37102057071.414406
0.111100	5.041524	57334848135.856888
0.112900	4.772397	90135657138.738007
0.114700	4.579610	124635569226.984314
0.116500	4.390227	171357438045.428284
0.118300	4.239436	220794885944.950195
0.120100	4.111000	274002636721.215179
0.121900	4.017627	320569187348.590759
0.123700	4.004083	327951470454.473694
0.125500	3.976141	343723279897.597412
0.127300	4.003412	328321598728.400208
0.129100	3.967948	348490376052.676208
0.130900	4.003790	328113267817.731384
0.132700	3.908413	385172093453.597473
0.134500	3.869913	410924217422.328125
0.136300	3.532253	724890906032.656494
0.138100	3.096328	1508422443999.132080
0.139900	2.748766	2705601283909.997070
0.141700	2.315261	5607213133717.727539
0.143500	1.986649	9742104861594.337891
0.145300	1.713065	15430664157854.853516
0.147100	1.431461	24772635699576.093750
0.148900	1.177628	37956371931258.312500
0.150700	0.955659	55123231599156.445312
0.152500	0.775316	74644089970895.734375
0.154300	0.637909	94039521073858.375000
0.156100	0.515647	115496551124995.484375
0.157900	0.405526	138983583882137.062500
0.159700	0.357939	150558251373641.125000
0.161500	0.301466	165551488786319.937500
0.163300	0.281507	171200386536738.937500
0.165100	0.271448	174119888901508.968750
0.166900	0.293777	167705160854367.281250
0.168700	0.284279	170404207051800.781250
0.170500	0.321157	160161282969831.468750
0.172300	0.320996	160204769431873.093750
0.174100	0.346631	153447605569265.625000
0.175900	0.341826	154691957880104.875000
0.177700	0.360316	149957818831799.437500
0.179500	0.344713	153943181079587.312500
0.181300	0.280249	171562666612993.093750
0.183100	0.265727	175802310178446.593750
0.184900	0.232368	185942384607553.562500
0.186700	0.168103	207155271144669.906250
0.188500	0.146620	214772926059693.656250
0.190300	0.115100	226459894109968.218750
0.192100	0.126662	222100676794148.000000
0.193900	0.103782	230809751206629.656250
0.195700	0.074366	242509605326209.031250
0.197500	0.052657	251523110533222.687500
0.199300	0.000000	274802491593821.562500
0.201100	0.026016	263043424063790.312500
0.202900	0.009243	270565759220563.125000
0.204700	0.037262	258117230940963.156250
0.206500	0.091378	235672743756516.593750
0.208300	0.158724	210447023717044.625000
0.210100	0.240272	183488329064049.468750
0.211900	0.331958	157279615213703.843750
0.213700	0.441302	130871341123983.312500
0.215500	0.526674	113375227527654.921875
0.217300	0.665117	89835234246496.015625
0.219100	0.823422	68845506688363.703125
0.220900	0.943655	56246839924284.125000
0.222700	1.111975	42385243769799.437500
0.224500	1.274707	32241193887703.472656
0.226300	1.444898	24219329996036.363281
0.228100	1.592420	18900035620157.695312
0.229900	1.766054	14115616460905.011719
0.231700	1.890718	11446895809061.826172
0.233500	2.022887	9166352060820.183594
0.235300	2.245228	6307758144803.955078
0.237100	2.437454	4566034160858.318359
0.238900	2.640499	3245669926511.608398
0.240700	2.788769	2529640077511.744141
0.242500	2.967217	1874053236572.549561
0.244300	3.132613	1419166755217.353271
0.246100	3.313831	1046486479404.460571
0.247900	3.437654	849837577618.689209
0.249700	3.623189	622134984757.527466
0.251500	3.811850	453055228988.633667
0.253300	3.944114	362735836718.888428
0.255100	4.124792	267722691977.837616
0.256900	4.286842	203882486478.909332
0.258700	4.429819	160323899452.289124
0.260500	4.619316	116588233127.259705
0.262300	4.796100	86614731655.622253
0.264100	4.954140	66407000158.363365
0.265900	5.127667	49605397986.809341
0.267700	5.298984	37192736866.559296
0.269500	5.475625	27637567412.754635
0.271300	5.658692	20316567146.100632
0.273100	5.775230	16702082340.017952
0.274900	5.973939	11959200104.070709
0.276700	6.097026	9723918401.298903
0.278500	6.205736	8099839552.164970
0.280300	6.303831	6868498556.279412
0.282100	6.439101	5471502698.460524
0.283900	6.602291	4158804754.309485
0.285700	6.710122	3469331525.487612
0.287500	6.833974	2817258642.982903
0.289300	6.990654	2164916857.814123
0.291100	7.138249	1689230315.047306
0.292900	7.265386	1364179715.664961
0.294700	7.424557	1043920141.325407
0.296500	7.597047	781160001.355194
0.298300	7.764418	589588505.959841
0.300100	7.984975	406939917.643308
0.301900	8.153650	306469753.738443
0.303700	8.352932	219230036.434848
0.305500	8.543011	159269057.808414
0.307300	8.759819	110623906.472973
0.309100	8.991841	74896163.173098
0.310900	9.171737	55350975.237147
0.312700	9.330248	42403648.755283
0.314500	9.427969	35980005.463790
0.316300	9.543807	29613733.886869
0.318100	9.685083	23353566.968960
0.319900	9.772479	20162728.493251
0.321700	9.798104	19312630.770806
0.323500	9.927250	15543819.479988
0.325300	10.007283	13587165.978464
0.327100	10.053860	12563919.880714
0.328900	10.125680	11135057.110730
0.330700	10.255622	8950088.717764
0.332500	10.359001	7522369.994457
0.334300	10.453033	6422525.280864
0.336100	10.586134	5134932.180308
0.337900	10.695737	4270884.595323
0.339700	10.836661	3370041.226462
0.341500	10.947016	2799433.436501
0.343300	11.064069	2299400.297596
0.345100	11.186105	1872927.664625
0.346900	11.342049	1441029.486766
0.348700	11.534419	1042873.122529
0.350500	11.676706	821020.207874
0.352300	11.853930	609495.577495
0.354100	12.002632	474688.991217
0.355900	12.185588	349012.645877
0.357700	12.295052	290352.860217
0.359500	12.472654	215410.183840
0.361300	12.556479	187098.126955
0.363100	12.669370	154757.823367
0.364900	12.742249	136913.673505
0.366700	12.841876	115801.175999
0.368500	12.910121	103250.015757
0.370300	12.943008	97696.871454
0.372100	12.982685	91393.242411
0.373900	13.071515	78716.061317
0.375700	13.151661	68794.280481
0.377500	13.188432	64670.611956
0.379300	13.255542	57771.422427
0.381100	13.311627	52573.605812
0.382900	13.425643	43403.994212
0.384700	13.510111	37658.513514
0.386500	13.569541	34078.130649
0.388300	13.668541	28853.610725
0.390100	13.757688	24838.041152
0.391900	13.890378	19872.230797
0.393700	13.966070	17497.949413
0.395500	14.089219	14225.947371
0.397300	14.198334	11841.873355
0.399100	14.324288	9582.236428

# Dumping simulation biases, in the metadata file order 
# Window  F (free energy units)
# 0	0.000000
# 1	-9.113886
# 2	-14.823521
# 3	-18.803692
# 4	-21.031033
# 5	-21.340702
# 6	-19.909503
# 7	-16.557111
# 8	-13.073062
# 9	-10.028151
# 10	-7.566710
#Iteration 410:  0.000133
#Iteration 420:  0.000118
#Iteration 430:  0.000105
#Iteration 440:  0.000094
#Iteration 450:  0.000084
#Iteration 460:  0.000074
#Iteration 470:  0.000066
#Iteration 480:  0.000059
#Iteration 490:  0.000053
#Iteration 500:  0.000047
0.040900	inf	0.000000
0.042700	inf	0.000000
0.044500	inf	0.000000
0.046300	inf	0.000000
0.048100	inf	0.000000
0.049900	inf	0.000000
0.051700	inf	0.000000
0.053500	inf	0.000000
0.055300	inf	0.000000
0.057100	inf	0.000000
0.058900	inf	0.000000
0.060700	inf	0.000000
0.062500	inf	0.000000
0.064300	inf	0.000000
0.066100	inf	0.000000
0.067900	inf	0.000000
0.069700	inf	0.000000
0.071500	inf	0.000000
0.073300	16.695871	175.123541
0.075100	15.456960	1405.467541
0.076900	14.340735	9177.600739
0.078700	13.263008	56173.568421
0.080500	12.371678	251335.494808
0.082300	11.616480	894523.860129
0.084100	10.871789	3127946.543421
0.085900	10.231260	9180828.355840
0.087700	9.592779	26854065.220141
0.089500	9.026918	69521800.423971
0.091300	8.511191	165436624.086600
0.093100	8.043295	363264093.892537
0.094900	7.617333	743360265.938902
0.096700	7.238686	1404859726.390119
0.098500	6.908375	2447818330.311553
0.100300	6.605976	4069560174.698102
0.102100	6.343487	6326737746.473996
0.103900	6.069681	10024757835.585421
0.105700	5.811341	15476646140.332922
0.107500	5.556622	23748532080.641365
0.109300	5.291782	37066796725.123352
0.111100	5.032945	57273116188.488007
0.112900	4.763892	90027503848.668701
0.114700	4.571177	124471009645.861771
0.116500	4.381866	171110346128.531982
0.118300	4.231152	220447736403.543304
0.120100	4.102805	273530890113.611633
0.121900	4.009541	319959116698.187744
0.123700	3.996133	327252618151.010437
0.125500	3.968363	342891481345.306213
0.127300	3.995851	327408113699.900024
0.129100	3.960649	347366925568.043152
0.130900	3.996799	326886290261.032776
0.132700	3.901763	383511597382.341064
0.134500	3.863620	408907482247.873291
0.136300	3.526311	720908836433.938721
0.138100	3.090710	1499319620332.199463
0.139900	2.743431	2687988074006.333008
0.141700	2.310167	5568460480794.820312
0.143500	1.981754	9671542751750.103516
0.145300	1.708335	15314660698561.353516
0.147100	1.426870	24580611483518.914062
0.148900	1.173163	37654218862500.867188
0.150700	0.951313	54673480857667.929688
0.152500	0.771089	74020296443684.062500
0.154300	0.633803	93234640042148.609375
0.156100	0.511664	114484310285492.671875
0.157900	0.401665	137737288760682.531250
0.159700	0.354194	149179108805939.375000
0.161500	0.297827	164005810270514.781250
0.163300	0.277961	169575185313223.625000
0.165100	0.267985	172443034766612.000000
0.166900	0.290389	166069400911247.375000
0.168700	0.280961	168722209390521.750000
0.170500	0.317911	158561160039941.156250
0.172300	0.317830	158582675919570.937500
0.174100	0.343562	151869218373049.468750
0.175900	0.338878	153069770591103.625000
0.177700	0.357519	148347519263909.031250
0.179500	0.342104	152242028117223.625000
0.181300	0.277866	169602413393958.062500
0.183100	0.263604	173717680252482.500000
0.184900	0.230529	183649866617095.156250
0.186700	0.166556	204500603946058.312500
0.188500	0.145358	211919028414842.562500
0.190300	0.114103	223351222620091.687500
0.192100	0.125904	218964167200770.156250
0.193900	0.103235	227469229088923.437500
0.195700	0.074011	238922894680901.343750
0.197500	0.052481	247728383651483.062500
0.199300	0.000000	270576437539317.031250
0.201100	0.026195	258920153577182.156250
0.202900	0.009607	266241771138335.187500
0.204700	0.037815	253911737570759.218750
0.206500	0.092117	231760530900437.218750
0.208300	0.159638	206892529253692.406250
0.210100	0.241344	180341118060644.781250
0.211900	0.333168	154546068531120.406250
0.213700	0.442631	128571288474158.515625
0.215500	0.528104	111363713032869.078125
0.217300	0.666637	88227992139089.796875
0.219100	0.825027	67604031202648.984375
0.220900	0.945350	55224313472110.351562
0.222700	1.113769	41607811429333.265625
0.224500	1.276615	31643723713931.746094
0.226300	1.446941	23765121220318.355469
0.228100	1.594619	18540707141558.128906
0.229900	1.768428	13843180422867.984375
0.231700	1.893278	11222464381964.527344
0.233500	2.025633	8983827697123.242188
0.235300	2.248149	6180338818202.291992
0.237100	2.440530	4472631869795.893555
0.238900	2.643706	3178578396648.781250
0.240700	2.792081	2476909973855.102051
0.242500	2.970611	1834733468994.814697
0.244300	3.136071	1389241837358.757324
0.246100	3.317339	1024334849965.398438
0.247900	3.441201	831793470147.366943
0.249700	3.626769	608891402290.798218
0.251500	3.815462	443387713115.000122
0.253300	3.947759	354976200112.012207
0.255100	4.128474	261978962729.496216
0.256900	4.290571	199492580811.578186
0.258700	4.433609	156855707368.477509
0.260500	4.623187	114050641070.015213
0.262300	4.800078	84714419278.909439
0.264100	4.958254	64935160789.333725
0.265900	5.131950	48492120725.998940
0.267700	5.303469	36345683243.025887
0.269500	5.480339	26997761071.259624
0.271300	5.663649	19838131759.159641
0.273100	5.780430	16302112973.156183
0.274900	5.979365	11668352999.148100
0.276700	6.102653	9484239690.386560
0.278500	6.211531	7897967886.969140
0.280300	6.309759	6695806227.415027
0.282100	6.445134	5333004030.864654
0.283900	6.608402	4052999125.890315
0.285700	6.716292	3380733403.104605
0.287500	6.840188	2745109722.876572
0.289300	6.996902	2109354410.326077
0.291100	7.144523	1645800842.454314
0.292900	7.271684	1329053477.539639
0.294700	7.430880	1016999700.680090
0.296500	7.603395	760981889.306476
0.298300	7.770799	574327884.837286
0.300100	7.991397	396379243.424585
0.301900	8.160127	298488747.792512
0.303700	8.359484	213494410.785862
0.305500	8.549661	155076637.790747
0.307300	8.766596	107688933.798287
0.309100	8.998778	72889457.611398
0.310900	9.178867	53850431.972246
0.312700	9.337600	41238707.718412
0.314500	9.435562	34977408.773640
0.316300	9.551643	28776731.949742
0.318100	9.693152	22684646.725649
0.319900	9.780755	19578365.552920
0.321700	9.806556	18747361.996560
0.323500	9.935844	15085257.782155
0.325300	10.015988	13183877.413393
0.327100	10.062648	12189289.533502
0.328900	10.134530	10801906.927101
0.330700	10.264518	8681647.529751
0.332500	10.367930	7296342.533201
0.334300	10.461987	6229287.042686
0.336100	10.595106	4980276.320435
0.337900	10.704725	4142145.120922
0.339700	10.845663	3268380.235486
0.341500	10.956031	2714921.470430
0.343300	11.073101	2229924.179392
0.345100	11.195157	1816277.361452
0.346900	11.351126	1397382.819628
0.348700	11.543530	1011228.495003
0.350500	11.685862	796047.348728
0.352300	11.863144	590898.351086
0.354100	12.011922	460147.283500
0.355900	12.194969	338268.871394
0.357700	12.304540	281364.212728
0.359500	12.482260	208700.098273
0.361300	12.566208	181232.563819
0.363100	12.679218	149876.035089
0.364900	12.752206	132570.454456
0.366700	12.851927	112109.967324
0.368500	12.920250	99945.924822
0.370300	12.953197	94560.844371
0.372100	12.992921	88452.692845
0.373900	13.081785	76179.005079
0.375700	13.161955	66574.210944
0.377500	13.198745	62581.727313
0.379300	13.265867	55904.181630
0.381100	13.321961	50873.590832
0.382900	13.435984	42000.037429
0.384700	13.520456	36440.128101
0.386500	13.579889	32975.410154
0.388300	13.678891	27919.846047
0.390100	13.768040	24034.167483
0.391900	13.900731	19229.039427
0.393700	13.976423	16931.583839
0.395500	14.099573	13765.476567
0.397300	14.208689	11458.564267
0.399100	14.334643	9272.065553

# Dumping simulation biases, in the metadata file order 
# Window  F (free energy units)
# 0	0.000000
# 1	-9.113682
# 2	-14.822656
# 3	-18.799031
# 4	-21.025193
# 5	-21.331841
# 6	-19.898833
# 7	-16.544437
# 8	-13.057720
# 9	-10.010141
# 10	-7.547360
#Iteration 510:  0.000042
#Iteration 520:  0.000037
#Iteration 530:  0.000033
#Iteration 540:  0.000030
#Iteration 550:  0.000026
#Iteration 560:  0.000023
#Iteration 570:  0.000021
#Iteration 580:  0.000019
#Iteration 590:  0.000017
#Iteration 600:  0.000015
0.040900	inf	0.000000
0.042700	inf	0.000000
0.044500	inf	0.000000
0.046300	inf	0.000000
0.048100	inf	0.000000
0.049900	inf	0.000000
0.051700	inf	0.000000
0.053500	inf	0.000000
0.055300	inf	0.000000
0.057100	inf	0.000000
0.058900	inf	0.000000
0.060700	inf	0.000000
0.062500	inf	0.000000
0.064300	inf	0.000000
0.066100	inf	0.000000
0.067900	inf	0.000000
0.069700	inf	0.000000
0.071500	inf	0.000000
0.073300	16.692965	175.123339
0.075100	15.454054	1405.465209
0.076900	14.337830	9177.578943
0.078700	13.260103	56173.377815
0.080500	12.368774	251334.279564
0.082300	11.613577	894517.719635
0.084100	10.868888	3127916.213964
0.085900	10.228362	9180703.475339
0.087700	9.589884	26853557.426535
0.089500	9.024027	69519993.981486
0.091300	8.508305	165430800.463131
0.093100	8.040416	363247052.931162
0.094900	7.614463	743314617.657613
0.096700	7.235827	1404748810.035343
0.098500	6.905528	2447574015.380969
0.100300	6.603144	4069054380.075789
0.102100	6.340671	6325771817.415484
0.103900	6.066885	10022902721.387426
0.105700	5.808566	15473224865.742373
0.107500	5.553870	23742363444.821697
0.109300	5.289054	37055686946.379822
0.111100	5.030240	57253667268.051949
0.112900	4.761210	89993431420.999207
0.114700	4.568518	124419167953.943222
0.116500	4.379230	171032502343.284973
0.118300	4.228541	220338363998.650238
0.120100	4.100222	273382249161.649536
0.121900	4.006992	319766872445.011230
0.123700	3.993627	327032378958.415405
0.125500	3.965912	342629337858.272461
0.127300	3.993467	327120246689.820312
0.129100	3.958349	347012962826.560242
0.130900	3.994596	326499841871.902405
0.132700	3.899668	382988854153.687561
0.134500	3.861638	408272945561.860901
0.136300	3.524438	719656678892.026001
0.138100	3.088939	1496458893650.989746
0.139900	2.741750	2682455672646.480957
0.141700	2.308562	5556293435014.686523
0.143500	1.980211	9649396576251.023438
0.145300	1.706844	15278263094955.300781
0.147100	1.425423	24520375308845.570312
0.148900	1.171755	37559454347043.546875
0.150700	0.949943	54532448344429.046875
0.152500	0.769756	73824717194519.609375
0.154300	0.632509	92982320736749.343750
0.156100	0.510408	114167032065673.625000
0.157900	0.400448	137346703342253.500000
0.159700	0.353013	148746947528112.281250
0.161500	0.296679	163521523806115.031250
0.163300	0.276843	169066038315518.000000
0.165100	0.266893	171917754581929.250000
0.166900	0.289320	165557034058742.000000
0.168700	0.279915	168195395829666.312500
0.170500	0.316887	158060022328805.718750
0.172300	0.316832	158074690702614.156250
0.174100	0.342595	151374957612046.281250
0.175900	0.337949	152561841614209.343750
0.177700	0.356638	147843374148131.593750
0.179500	0.341282	151709525354182.406250
0.181300	0.277115	168988935351979.656250
0.183100	0.262935	173065449434936.500000
0.184900	0.229950	182932815384774.625000
0.186700	0.166069	203670563851059.875000
0.188500	0.144961	211027007220592.843750
0.190300	0.113789	222379895947223.125000
0.192100	0.125665	217984443777929.406250
0.193900	0.103063	226426064431424.937500
0.195700	0.073899	237803120400797.312500
0.197500	0.052426	246543923361680.093750
0.199300	0.000000	269257615178566.125000
0.201100	0.026252	257633666370579.062500
0.202900	0.009722	264892935801720.843750
0.204700	0.037989	252600141084541.593750
0.206500	0.092350	230540657780999.125000
0.208300	0.159926	205784420235017.937500
0.210100	0.241682	179360160643646.656250
0.211900	0.333550	153694185362677.156250
0.213700	0.443050	127854599441571.921875
0.215500	0.528555	110737005911416.000000
0.217300	0.667116	87727291793626.187500
0.219100	0.825533	67217314103191.828125
0.220900	0.945884	54905828858618.140625
0.222700	1.114334	41365690863592.273438
0.224500	1.277216	31457672013639.375000
0.226300	1.447585	23623700928357.945312
0.228100	1.595313	18428846925760.585938
0.229900	1.769176	13758386270241.082031
0.231700	1.894085	11152625900903.796875
0.233500	2.026499	8927041980279.814453
0.235300	2.249069	6140705179450.479492
0.237100	2.441499	4443584628891.861328
0.238900	2.644716	3157716904081.340820
0.240700	2.793125	2460516185426.480469
0.242500	2.971681	1822510219631.408203
0.244300	3.137161	1379939887574.053467
0.246100	3.318444	1017449594054.495972
0.247900	3.442319	826185197814.588989
0.249700	3.627898	604775336497.911377
0.251500	3.816600	440383180909.330872
0.253300	3.948907	352564691847.927551
0.255100	4.129635	260194016067.884186
0.256900	4.291746	198128415492.278229
0.258700	4.434804	155778027025.276917
0.260500	4.624407	113262188440.780334
0.262300	4.801331	84124034757.418045
0.264100	4.959550	64477953770.617088
0.265900	5.133301	48146354688.616264
0.267700	5.304883	36082656728.937500
0.269500	5.481825	26799137199.379326
0.271300	5.665212	19689644331.610359
0.273100	5.782069	16178012649.772951
0.274900	5.981076	11578134616.783579
0.276700	6.104427	9409911249.939064
0.278500	6.213358	7835376929.340919
0.280300	6.311628	6642271365.555675
0.282100	6.447035	5290074864.803096
0.283900	6.610328	4020206785.344057
0.285700	6.718236	3353276230.171953
0.287500	6.842146	2722751513.327803
0.289300	6.998871	2092136900.405964
0.291100	7.146501	1632343501.704588
0.292900	7.273669	1318169332.376744
0.294700	7.432872	1008658402.492973
0.296500	7.605396	754729871.164378
0.298300	7.772810	569599660.180330
0.300100	7.993421	393107342.998415
0.301900	8.162169	296016209.489087
0.303700	8.361548	211717624.129933
0.305500	8.551756	153778030.405851
0.307300	8.768732	106779936.690349
0.309100	9.000965	72268056.746099
0.310900	9.181115	53385863.486658
0.312700	9.339918	40878126.977306
0.314500	9.437955	34667159.695152
0.316300	9.554114	28517796.657954
0.318100	9.695695	22477764.851671
0.319900	9.783364	19397679.768437
0.321700	9.809221	18572617.213181
0.323500	9.938553	14943524.610855
0.325300	10.018732	13059245.218693
0.327100	10.065418	12073525.935018
0.328900	10.137320	10698969.007834
0.330700	10.267321	8598708.358732
0.332500	10.370744	7226510.673290
0.334300	10.464809	6169587.349595
0.336100	10.597934	4932497.515163
0.337900	10.707558	4102373.567561
0.339700	10.848500	3236974.561580
0.341500	10.958873	2688813.981721
0.343300	11.075947	2208461.948454
0.345100	11.198009	1798777.589399
0.346900	11.353987	1383900.349319
0.348700	11.546402	1001453.808517
0.350500	11.688748	788333.866279
0.352300	11.866049	585154.497716
0.354100	12.014849	455656.357458
0.355900	12.197925	334951.191463
0.357700	12.307530	278588.840290
0.359500	12.485288	206628.534551
0.361300	12.569274	179421.972824
0.363100	12.682322	148369.320913
0.364900	12.755344	131230.131565
0.366700	12.855095	110970.979467
0.368500	12.923442	98926.480581
0.370300	12.956409	93593.323352
0.372100	12.996147	87545.529521
0.373900	13.085021	75396.351695
0.375700	13.165200	65889.364691
0.377500	13.201995	61937.362682
0.379300	13.269122	55328.196919
0.381100	13.325219	50349.195642
0.382900	13.439243	41566.969128
0.384700	13.523717	36064.303645
0.386500	13.583151	32635.265087
0.388300	13.682154	27631.817825
0.390100	13.771303	23786.205776
0.391900	13.903994	19030.641800
0.393700	13.979687	16756.883910
0.395500	14.102836	13623.440801
0.397300	14.211953	11340.329678
0.399100	14.337907	9176.391028

# Dumping simulation biases, in the metadata file order 
# Window  F (free energy units)
# 0	0.000000
# 1	-9.113617
# 2	-14.822383
# 3	-18.797562
# 4	-21.023353
# 5	-21.329047
# 6	-19.895470
# 7	-16.540443
# 8	-13.052883
# 9	-10.004464
# 10	-7.541260
#Iteration 610:  0.000013
#Iteration 620:  0.000012
#Iteration 630:  0.000010
#Iteration 640:  0.000009
#Iteration 650:  0.000008
#Iteration 660:  0.000007
#Iteration 670:  0.000007
#Iteration 680:  0.000006
#Iteration 690:  0.000005
#Iteration 700:  0.000005
0.040900	inf	0.000000
0.042700	inf	0.000000
0.044500	inf	0.000000
0.046300	inf	0.000000
0.048100	inf	0.000000
0.049900	inf	0.000000
0.051700	inf	0.000000
0.053500	inf	0.000000
0.055300	inf	0.000000
0.057100	inf	0.000000
0.058900	inf	0.000000
0.060700	inf	0.000000
0.062500	inf	0.000000
0.064300	inf	0.000000
0.066100	inf	0.000000
0.067900	inf	0.000000
0.069700	inf	0.000000
0.071500	inf	0.000000
0.073300	16.692049	175.123275
0.075100	15.453138	1405.464474
0.076900	14.336914	9177.572072
0.078700	13.259188	56173.317728
0.080500	12.367859	251333.896471
0.082300	11.612662	894515.783915
0.084100	10.867973	3127906.652977
0.085900	10.227448	9180664.108425
0.087700	9.588971	26853397.352048
0.089500	9.023115	69519424.530146
0.091300	8.507395	165428964.674315
0.093100	8.039509	363241681.131768
0.094900	7.613558	743300228.158945
0.096700	7.234925	1404713846.802572
0.098500	6.904630	2447497003.125617
0.100300	6.602251	4068894947.633860
0.102100	6.339784	6325467351.367797
0.103900	6.066003	10022317993.609367
0.105700	5.807691	15472146517.806704
0.107500	5.553002	23740419216.774181
0.109300	5.288194	37052185471.425362
0.111100	5.029388	57247537688.887177
0.112900	4.760365	89982693225.795258
0.114700	4.567680	124402829719.693634
0.116500	4.378399	171007969215.639893
0.118300	4.227718	220303893711.226074
0.120100	4.099408	273335401512.134155
0.121900	4.006189	319706280284.701904
0.123700	3.992837	326962961453.962585
0.125500	3.965139	342546711790.045288
0.127300	3.992716	327029514748.618225
0.129100	3.957624	346901405438.387939
0.130900	3.993902	326378059265.640625
0.132700	3.899008	382824145026.511475
0.134500	3.861013	408073047107.749023
0.136300	3.523848	719262284751.694702
0.138100	3.088381	1495558009054.639893
0.139900	2.741221	2680713722775.251953
0.141700	2.308056	5552463010538.177734
0.143500	1.979725	9642425315912.546875
0.145300	1.706374	15266806752599.320312
0.147100	1.424967	24501417024533.789062
0.148900	1.171312	37529630651260.335938
0.150700	0.949511	54488065761342.289062
0.152500	0.769336	73763171795695.937500
0.154300	0.632100	92902923841996.937500
0.156100	0.510012	114067199150560.812500
0.157900	0.400064	137223809443555.562500
0.159700	0.352641	148610977922517.906250
0.161500	0.296318	163369160092362.531250
0.163300	0.276491	168905858551218.687500
0.165100	0.266549	171752504052226.562500
0.166900	0.288983	165395849978495.062500
0.168700	0.279585	168029670564115.312500
0.170500	0.316565	157902377335633.781250
0.172300	0.316518	157914894934212.312500
0.174100	0.342290	151219482749513.281250
0.175900	0.337656	152402071922994.531250
0.177700	0.356360	147684800719873.093750
0.179500	0.341022	151542040804059.531250
0.181300	0.276878	168795994907795.781250
0.183100	0.262724	172860338052963.500000
0.184900	0.229767	182707341413032.281250
0.186700	0.165915	203409588897100.718750
0.188500	0.144836	210746575410296.093750
0.190300	0.113690	222074564446936.531250
0.192100	0.125589	217676502464674.062500
0.193900	0.103008	226098210585432.093750
0.195700	0.073864	237451215558406.468750
0.197500	0.052408	246171715283227.781250
0.199300	0.000000	268843211281339.312500
0.201100	0.026270	257229448425053.906250
0.202900	0.009758	264469155131663.906250
0.204700	0.038044	252188087280836.562500
0.206500	0.092423	230157445135629.250000
0.208300	0.160017	205436339279845.375000
0.210100	0.241789	179052038593371.718750
0.211900	0.333670	153426619613352.437500
0.213700	0.443182	127629506285592.187500
0.215500	0.528697	110540181008687.812500
0.217300	0.667267	87570045913975.312500
0.219100	0.825693	67095868490303.203125
0.220900	0.946052	54805814120732.843750
0.222700	1.114512	41289659421817.867188
0.224500	1.277406	31399249658884.289062
0.226300	1.447788	23579295298695.335938
0.228100	1.595531	18393724911818.375000
0.229900	1.769412	13731764076250.021484
0.231700	1.894339	11130700651744.648438
0.233500	2.026771	8909215735767.873047
0.235300	2.249359	6128264139327.172852
0.237100	2.441804	4434467203152.248047
0.238900	2.645035	3151169171154.523438
0.240700	2.793454	2455370928061.967285
0.242500	2.972018	1818674027064.705322
0.244300	3.137505	1377020600012.139893
0.246100	3.318793	1015288793611.974365
0.247900	3.442671	824425179456.813110
0.249700	3.628253	603483626122.593140
0.251500	3.816959	439440303853.558167
0.253300	3.949269	351807924463.567871
0.255100	4.130000	259633879559.216949
0.256900	4.292116	197700330920.950104
0.258700	4.435181	155439849498.357971
0.260500	4.624792	113014776817.300858
0.262300	4.801727	83938781524.984344
0.264100	4.959959	64334495431.893440
0.265900	5.133726	48037869030.677406
0.267700	5.305329	36000136327.167427
0.269500	5.482293	26736826839.370457
0.271300	5.665704	19643066192.055149
0.273100	5.782586	16139087719.087851
0.274900	5.981616	11549839349.833132
0.276700	6.104986	9386601313.485992
0.278500	6.213933	7815749212.564858
0.280300	6.312217	6625484399.357141
0.282100	6.447634	5276614083.775068
0.283900	6.610935	4009924805.761293
0.285700	6.718849	3344667282.909436
0.287500	6.842764	2715741421.193295
0.289300	6.999491	2086738670.672366
0.291100	7.147124	1628124246.300041
0.292900	7.274295	1314756875.705724
0.294700	7.433500	1006043214.135478
0.296500	7.606027	752769736.613525
0.298300	7.773444	568117280.496571
0.300100	7.994059	392081558.841263
0.301900	8.162813	295241048.770706
0.303700	8.362199	211160599.526398
0.305500	8.552417	153370927.637618
0.307300	8.769405	106494984.728400
0.309100	9.001654	72073270.136021
0.310900	9.181824	53240247.229688
0.312700	9.340649	40765113.399182
0.314500	9.438710	34569929.104758
0.316300	9.554892	28436654.528582
0.318100	9.696497	22412940.051058
0.319900	9.784187	19341067.648462
0.321700	9.810061	18517870.138162
0.323500	9.939407	14899122.393877
0.325300	10.019597	13020202.067165
0.327100	10.066291	12037262.200964
0.328900	10.138199	10666723.786203
0.330700	10.268205	8572728.191673
0.332500	10.371631	7204636.572840
0.334300	10.465698	6150887.224116
0.336100	10.598826	4917531.556172
0.337900	10.708451	4089915.826562
0.339700	10.849395	3227137.335237
0.341500	10.959769	2680636.350928
0.343300	11.076845	2201739.385140
0.345100	11.198909	1793296.213690
0.346900	11.354889	1379677.330841
0.348700	11.547307	998392.187011
0.350500	11.689658	785917.889657
0.352300	11.866964	583355.472977
0.354100	12.015772	454249.795463
0.355900	12.198857	333912.123192
0.357700	12.308473	277719.649611
0.359500	12.486242	205979.788980
0.361300	12.570240	178854.979592
0.363100	12.683300	147897.507720
0.364900	12.756334	130810.438565
0.366700	12.856094	110614.342251
0.368500	12.924448	98607.283526
0.370300	12.957421	93290.390637
0.372100	12.997164	87261.499737
0.373900	13.086042	75151.308653
0.375700	13.166223	65674.946326
0.377500	13.203020	61735.620042
0.379300	13.270147	55147.864047
0.381100	13.326245	50185.015290
0.382900	13.440270	41431.382190
0.384700	13.524744	35946.639058
0.386500	13.584179	32528.771266
0.388300	13.683182	27541.641004
0.390100	13.772332	23708.573155
0.391900	13.905022	18968.526878
0.393700	13.980715	16702.188350
0.395500	14.103865	13578.971841
0.397300	14.212981	11303.312462
0.399100	14.338936	9146.436982

# Dumping simulation biases, in the metadata file order 
# Window  F (free energy units)
# 0	0.000000
# 1	-9.113597
# 2	-14.822297
# 3	-18.797099
# 4	-21.022772
# 5	-21.328167
# 6	-19.894410
# 7	-16.539183
# 8	-13.051359
# 9	-10.002674
# 10	-7.539338
#Iteration 710:  0.000004
#Iteration 720:  0.000004
#Iteration 730:  0.000003
#Iteration 740:  0.000003
#Iteration 750:  0.000003
#Iteration 760:  0.000002
#Iteration 770:  0.000002
#Iteration 780:  0.000002
#Iteration 790:  0.000002
#Iteration 800:  0.000001
0.040900	inf	0.000000
0.042700	inf	0.000000
0.044500	inf	0.000000
0.046300	inf	0.000000
0.048100	inf	0.000000
0.049900	inf	0.000000
0.051700	inf	0.000000
0.053500	inf	0.000000
0.055300	inf	0.000000
0.057100	inf	0.000000
0.058900	inf	0.000000
0.060700	inf	0.000000
0.062500	inf	0.000000
0.064300	inf	0.000000
0.066100	inf	0.000000
0.067900	inf	0.000000
0.069700	inf	0.000000
0.071500	inf	0.000000
0.073300	16.691760	175.123254
0.075100	15.452850	1405.464242
0.076900	14.336625	9177.569906
0.078700	13.258899	56173.298787
0.080500	12.367571	251333.775708
0.082300	11.612374	894515.173715
0.084100	10.867685	3127903.639057
0.085900	10.227160	9180651.698768
0.087700	9.588683	26853346.891734
0.089500	9.022828	69519245.022193
0.091300	8.507109	165428385.980507
0.093100	8.039223	363239987.789594
0.094900	7.613273	743295692.199142
0.096700	7.234641	1404702825.486297
0.098500	6.904347	2447472726.977072
0.100300	6.601969	4068844690.892065
0.102100	6.339504	6325371377.341873
0.103900	6.065725	10022133676.673326
0.105700	5.807416	15471806605.712637
0.107500	5.552729	23739806371.496147
0.109300	5.287922	37051081772.193130
0.111100	5.029119	57245605600.090172
0.112900	4.760099	89979308484.082413
0.114700	4.567416	124397679821.454102
0.116500	4.378137	171000236226.438660
0.118300	4.227458	220293028405.053833
0.120100	4.099151	273320634633.251831
0.121900	4.005935	319687180798.915649
0.123700	3.992588	326941079918.264648
0.125500	3.964895	342520666630.499634
0.127300	3.992479	327000914680.801697
0.129100	3.957396	346866241581.232544
0.130900	3.993683	326339673642.614136
0.132700	3.898800	382772231486.183594
0.134500	3.860816	408010045986.209595
0.136300	3.523662	719137992602.306885
0.138100	3.088205	1495274114142.033447
0.139900	2.741054	2680164811958.389160
0.141700	2.307896	5551256047214.563477
0.143500	1.979571	9640228756390.998047
0.145300	1.706226	15263197101222.953125
0.147100	1.424823	24495443806392.082031
0.148900	1.171172	37520234226526.281250
0.150700	0.949375	54474082556919.468750
0.152500	0.769204	73743781552102.500000
0.154300	0.631972	92877909737126.609375
0.156100	0.509888	114035747093870.046875
0.157900	0.399943	137185092632697.718750
0.159700	0.352524	148568142275665.531250
0.161500	0.296204	163321160255256.343750
0.163300	0.276380	168855396927621.687500
0.165100	0.266440	171700445455435.843750
0.166900	0.288877	165345072822927.093750
0.168700	0.279481	167977463170997.906250
0.170500	0.316463	157852715732364.000000
0.172300	0.316418	157864556114203.031250
0.174100	0.342194	151170505460112.812500
0.175900	0.337564	152351742148445.500000
0.177700	0.356272	147634848384408.468750
0.179500	0.340941	151489282208819.625000
0.181300	0.276804	168735218820583.250000
0.183100	0.262658	172795729806311.625000
0.184900	0.229709	182636321305998.781250
0.186700	0.165867	203327389409373.562500
0.188500	0.144796	210658250631617.750000
0.190300	0.113659	221978400456167.406250
0.192100	0.125566	217579519454494.843750
0.193900	0.102991	225994959095776.906250
0.195700	0.073852	237340392276226.312500
0.197500	0.052403	246054500527097.187500
0.199300	0.000000	268712710957623.281250
0.201100	0.026275	257102158297158.937500
0.202900	0.009770	264335707308878.781250
0.204700	0.038062	252058334910631.000000
0.206500	0.092446	230036777103312.656250
0.208300	0.160046	205326735876651.500000
0.210100	0.241823	178955019180518.656250
0.211900	0.333708	153342371649301.781250
0.213700	0.443223	127558632566582.031250
0.215500	0.528741	110478208667033.093750
0.217300	0.667315	87520535937475.562500
0.219100	0.825743	67057630838919.117188
0.220900	0.946105	54774324363090.054688
0.222700	1.114568	41265721075861.148438
0.224500	1.277466	31380855713360.457031
0.226300	1.447852	23565314632739.503906
0.228100	1.595600	18382667279493.867188
0.229900	1.769487	13723382639813.824219
0.231700	1.894419	11123798090286.183594
0.233500	2.026857	8903603751055.394531
0.235300	2.249451	6124347581872.475586
0.237100	2.441901	4431597003832.819336
0.238900	2.645135	3149107953129.547852
0.240700	2.793558	2453751228450.519531
0.242500	2.972125	1817466426366.535156
0.244300	3.137613	1376101640404.099121
0.246100	3.318903	1014608601499.660767
0.247900	3.442782	823871150972.056274
0.249700	3.628366	603077015810.246094
0.251500	3.817072	439143501834.736450
0.253300	3.949383	351569707459.897888
0.255100	4.130116	259457559121.784332
0.256900	4.292233	197565578541.524353
0.258700	4.435299	155333398641.525696
0.260500	4.624913	112936897653.276962
0.262300	4.801851	83880468888.147903
0.264100	4.960088	64289339267.438995
0.265900	5.133861	48003721730.750275
0.267700	5.305469	35974162466.335876
0.269500	5.482441	26717214695.958561
0.271300	5.665860	19628406140.403442
0.273100	5.782749	16126836779.177113
0.274900	5.981786	11540934143.634388
0.276700	6.105162	9379265285.277906
0.278500	6.214115	7809572165.407639
0.280300	6.312403	6620201452.703540
0.282100	6.447823	5272377959.467830
0.283900	6.611127	4006689085.765057
0.285700	6.719042	3341958082.895341
0.287500	6.842958	2713535386.278402
0.289300	6.999687	2085039886.398984
0.291100	7.147321	1626796481.095330
0.292900	7.274492	1313683006.383440
0.294700	7.433698	1005220240.038752
0.296500	7.606226	752152903.158069
0.298300	7.773644	567650792.860371
0.300100	7.994260	391758757.775951
0.301900	8.163015	294997116.942696
0.303700	8.362405	210985313.190752
0.305500	8.552625	153242820.395955
0.307300	8.769618	106405317.051551
0.309100	9.001871	72011976.345902
0.310900	9.182047	53194426.847359
0.312700	9.340879	40729552.772977
0.314500	9.438948	34539335.512284
0.316300	9.555138	28411123.857297
0.318100	9.696750	22392544.024240
0.319900	9.784446	19323256.032344
0.321700	9.810325	18500645.671055
0.323500	9.939676	14885152.853318
0.325300	10.019869	13007918.726144
0.327100	10.066567	12025853.407334
0.328900	10.138476	10656579.318555
0.330700	10.268484	8564554.779438
0.332500	10.371911	7197754.965506
0.334300	10.465979	6145004.169295
0.336100	10.599107	4912823.279960
0.337900	10.708732	4085996.640456
0.339700	10.849676	3224042.563922
0.341500	10.960051	2678063.688983
0.343300	11.077127	2199624.487358
0.345100	11.199192	1791571.793287
0.346900	11.355173	1378348.788472
0.348700	11.547592	997429.018217
0.350500	11.689944	785157.840628
0.352300	11.867253	582789.516073
0.354100	12.016063	453807.307253
0.355900	12.199151	333585.247443
0.357700	12.308770	277446.218009
0.359500	12.486543	205775.708019
0.361300	12.570545	178676.618504
0.363100	12.683609	147749.089724
0.364900	12.756645	130678.417605
0.366700	12.856409	110502.157664
0.368500	12.924765	98506.877082
0.370300	12.957740	93195.100960
0.372100	12.997484	87172.156590
0.373900	13.086363	75074.229309
0.375700	13.166545	65607.500302
0.377500	13.203343	61672.161343
0.379300	13.270471	55091.139934
0.381100	13.326569	50133.372043
0.382900	13.440594	41388.733088
0.384700	13.525068	35909.627482
0.386500	13.584503	32495.273483
0.388300	13.683506	27513.275763
0.390100	13.772656	23684.153714
0.391900	13.905346	18948.988553
0.393700	13.981040	16684.983795
0.395500	14.104189	13564.984076
0.397300	14.213306	11291.668653
0.399100	14.339260	9137.014902

# Dumping simulation biases, in the metadata file order 
# Window  F (free energy units)
# 0	0.000000
# 1	-9.113591
# 2	-14.822270
# 3	-18.796953
# 4	-21.022589
# 5	-21.327889
# 6	-19.894075
# 7	-16.538786
# 8	-13.050878
# 9	-10.002110
# 10	-7.538732
#Iteration 810:  0.000001
#Iteration 820:  0.000001
#Iteration 830:  0.000001
#Iteration 840:  0.000001
#Iteration 850:  0.000001
#Iteration 860:  0.000001
#Iteration 870:  0.000001
#Iteration 880:  0.000001
#Iteration 890:  0.000001
#Iteration 900:  0.000000
0.040900	inf	0.000000
0.042700	inf	0.000000
0.044500	inf	0.000000
0.046300	inf	0.000000
0.048100	inf	0.000000
0.049900	inf	0.000000
0.051700	inf	0.000000
0.053500	inf	0.000000
0.055300	inf	0.000000
0.057100	inf	0.000000
0.058900	inf	0.000000
0.060700	inf	0.000000
0.062500	inf	0.000000
0.064300	inf	0.000000
0.066100	inf	0.000000
0.067900	inf	0.000000
0.069700	inf	0.000000
0.071500	inf	0.000000
0.073300	16.691669	175.123248
0.075100	15.452759	1405.464169
0.076900	14.336534	9177.569223
0.078700	13.258808	56173.292816
0.080500	12.367480	251333.737640
0.082300	11.612283	894514.981363
0.084100	10.867594	3127902.688981
0.085900	10.227069	9180647.786879
0.087700	9.588592	26853330.985166
0.089500	9.022738	69519188.436063
0.091300	8.507018	165428203.559507
0.093100	8.039132	363239453.999696
0.094900	7.613183	743294262.336299
0.096700	7.234551	1404699351.259794
0.098500	6.904258	2447465074.468265
0.100300	6.601881	4068828848.613241
0.102100	6.339416	6325341123.804803
0.103900	6.065638	10022075575.267818
0.105700	5.807329	15471699457.035877
0.107500	5.552642	23739613188.117332
0.109300	5.287837	37050733860.987137
0.111100	5.029034	57244996563.028770
0.112900	4.760015	89978241540.429153
0.114700	4.567332	124396056463.194870
0.116500	4.378054	170997798620.874054
0.118300	4.227376	220289603418.973328
0.120100	4.099070	273315979771.724945
0.121900	4.005855	319681160180.629456
0.123700	3.992509	326934182312.958618
0.125500	3.964818	342512456540.473145
0.127300	3.992404	326991899239.515869
0.129100	3.957323	346855157142.882690
0.130900	3.993614	326327573761.606995
0.132700	3.898734	382755867589.190674
0.134500	3.860754	407990187471.563232
0.136300	3.523604	719098815337.770630
0.138100	3.088150	1495184631210.148438
0.139900	2.741001	2679991799510.112793
0.141700	2.307846	5550875626936.680664
0.143500	1.979523	9639536435115.183594
0.145300	1.706179	15262059405686.416016
0.147100	1.424778	24493561171773.476562
0.148900	1.171128	37517272685649.320312
0.150700	0.949332	54469675389201.351562
0.152500	0.769162	73737670245090.765625
0.154300	0.631931	92870025969023.031250
0.156100	0.509848	114025834302034.859375
0.157900	0.399905	137172890250903.546875
0.159700	0.352487	148554641816303.250000
0.161500	0.296168	163306032262187.843750
0.163300	0.276345	168839493112824.750000
0.165100	0.266406	171684038375422.875000
0.166900	0.288844	165329069648306.781250
0.168700	0.279448	167961009270860.875000
0.170500	0.316431	157837064204994.218750
0.172300	0.316387	157848691184996.312500
0.174100	0.342164	151155069670606.656250
0.175900	0.337534	152335880152509.906250
0.177700	0.356245	147619105402124.062500
0.179500	0.340915	151472654888827.937500
0.181300	0.276780	168716064845022.625000
0.183100	0.262637	172775368267480.843750
0.184900	0.229691	182613939260352.937500
0.186700	0.165852	203301484447543.718750
0.188500	0.144784	210630415602673.250000
0.190300	0.113649	221948095263110.937500
0.192100	0.125558	217548956446950.531250
0.193900	0.102986	225962420928949.437500
0.195700	0.073849	237305468232355.718750
0.197500	0.052401	246017562569044.156250
0.199300	0.000000	268671586571140.562500
0.201100	0.026277	257062045786271.875000
0.202900	0.009773	264293654612245.125000
0.204700	0.038067	252017447008459.718750
0.206500	0.092453	229998752128729.375000
0.208300	0.160055	205292197809948.062500
0.210100	0.241833	178924446738293.718750
0.211900	0.333720	153315823838745.750000
0.213700	0.443236	127536299279996.203125
0.215500	0.528755	110458680399096.328125
0.217300	0.667330	87504934768247.687500
0.219100	0.825759	67045581745949.812500
0.220900	0.946122	54764401632856.953125
0.222700	1.114586	41258177893315.390625
0.224500	1.277485	31375059641307.546875
0.226300	1.447872	23560909237840.070312
0.228100	1.595622	18379182968621.500000
0.229900	1.769510	13720741626153.919922
0.231700	1.894445	11121623088188.937500
0.233500	2.026884	8901835422328.181641
0.235300	2.249480	6123113487848.032227
0.237100	2.441931	4430692618963.786133
0.238900	2.645167	3148458477282.795898
0.240700	2.793590	2453240874140.333984
0.242500	2.972158	1817085922326.645752
0.244300	3.137647	1375812085273.083496
0.246100	3.318937	1014394280063.867432
0.247900	3.442817	823696582636.305542
0.249700	3.628401	602948897487.381958
0.251500	3.817107	439049982965.435364
0.253300	3.949419	351494648126.462524
0.255100	4.130152	259402002720.852112
0.256900	4.292270	197523119783.101318
0.258700	4.435337	155299857391.996643
0.260500	4.624951	112912359021.840622
0.262300	4.801890	83862095452.052185
0.264100	4.960129	64275111296.384247
0.265900	5.133903	47992962529.639503
0.267700	5.305514	35965978621.776611
0.269500	5.482488	26711035347.957348
0.271300	5.665909	19623787124.147778
0.273100	5.782800	16122976846.927282
0.274900	5.981839	11538128382.677137
0.276700	6.105218	9376953942.053049
0.278500	6.214172	7807625991.691398
0.280300	6.312462	6618536987.705855
0.282100	6.447883	5271043315.642329
0.283900	6.611187	4005669634.937700
0.285700	6.719103	3341104520.213591
0.287500	6.843019	2712840352.380401
0.289300	6.999749	2084504667.705471
0.291100	7.147383	1626378156.033589
0.292900	7.274555	1313344673.924420
0.294700	7.433761	1004960954.646924
0.296500	7.606289	751958564.392348
0.298300	7.773707	567503822.001968
0.300100	7.994324	391657056.708056
0.301900	8.163079	294920264.387282
0.303700	8.362469	210930088.034924
0.305500	8.552691	153202459.454396
0.307300	8.769684	106377066.831270
0.309100	9.001940	71992665.547636
0.310900	9.182117	53179991.083459
0.312700	9.340952	40718349.438836
0.314500	9.439023	34529697.114828
0.316300	9.555215	28403080.582711
0.318100	9.696830	22386118.439897
0.319900	9.784528	19317644.685933
0.321700	9.810409	18495219.334802
0.323500	9.939761	14880751.961452
0.325300	10.019955	13004049.062217
0.327100	10.066653	12022259.266709
0.328900	10.138564	10653383.489356
0.330700	10.268572	8561979.899776
0.332500	10.371999	7195587.047457
0.334300	10.466067	6143150.827775
0.336100	10.599195	4911340.030564
0.337900	10.708821	4084761.979017
0.339700	10.849765	3223067.618414
0.341500	10.960140	2677253.223936
0.343300	11.077217	2198958.231999
0.345100	11.199282	1791028.550208
0.346900	11.355263	1377930.258952
0.348700	11.547682	997125.592344
0.350500	11.690035	784918.403675
0.352300	11.867344	582611.223975
0.354100	12.016155	453667.911556
0.355900	12.199244	333482.273098
0.357700	12.308863	277360.080269
0.359500	12.486638	205711.417710
0.361300	12.570641	178620.430799
0.363100	12.683706	147702.334954
0.364900	12.756744	130636.828404
0.366700	12.856508	110466.817430
0.368500	12.924865	98475.247271
0.370300	12.957841	93165.083087
0.372100	12.997585	87144.012022
0.373900	13.086465	75049.948072
0.375700	13.166647	65586.253736
0.377500	13.203444	61652.170861
0.379300	13.270573	55073.270960
0.381100	13.326671	50117.103626
0.382900	13.440696	41375.297968
0.384700	13.525171	35897.968271
0.386500	13.584605	32484.721172
0.388300	13.683608	27504.340282
0.390100	13.772758	23676.461219
0.391900	13.905449	18942.833684
0.393700	13.981142	16679.564099
0.395500	14.104292	13560.577718
0.397300	14.213408	11288.000676
0.399100	14.339362	9134.046804

# Dumping simulation biases, in the metadata file order 
# Window  F (free energy units)
# 0	0.000000
# 1	-9.113589
# 2	-14.822261
# 3	-18.796907
# 4	-21.022532
# 5	-21.327802
# 6	-19.893970
# 7	-16.538661
# 8	-13.050727
# 9	-10.001932
# 10	-7.538540
# Dumping simulation biases, in the metadata file order 
# Window  F (free energy units)
# 0	0.000000
# 1	-9.113589
# 2	-14.822261
# 3	-18.796906
# 4	-21.022531
# 5	-21.327801
# 6	-19.893969
# 7	-16.538660
# 8	-13.050725
# 9	-10.001930
# 10	-7.538538
# No MC error analysis requested
