# /home/btan/Software/WHAM/wham/wham/wham 0.0 0.36 200 1e-06 300 0 /home/btan/Documents/CRBN_len_CK1a/umbrella_sampling/RMSD/results/backbone_RMSD/CRBN_lenwithCK1a/run2/RED/metafile.txt /home/btan/Documents/CRBN_len_CK1a/umbrella_sampling/RMSD/results/backbone_RMSD/CRBN_lenwithCK1a/run2/RED/pmf.txt
#Number of windows = 10
#Iteration 10:  0.087762
#Iteration 20:  0.037601
#Iteration 30:  0.020855
#Iteration 40:  0.013292
#Iteration 50:  0.010996
#Iteration 60:  0.010682
#Iteration 70:  0.010097
#Iteration 80:  0.009235
#Iteration 90:  0.008312
#Iteration 100:  0.007420
0.000900	inf	0.000000
0.002700	inf	0.000000
0.004500	inf	0.000000
0.006300	inf	0.000000
0.008100	inf	0.000000
0.009900	inf	0.000000
0.011700	inf	0.000000
0.013500	inf	0.000000
0.015300	inf	0.000000
0.017100	inf	0.000000
0.018900	inf	0.000000
0.020700	inf	0.000000
0.022500	inf	0.000000
0.024300	inf	0.000000
0.026100	inf	0.000000
0.027900	inf	0.000000
0.029700	inf	0.000000
0.031500	inf	0.000000
0.033300	inf	0.000000
0.035100	inf	0.000000
0.036900	inf	0.000000
0.038700	inf	0.000000
0.040500	inf	0.000000
0.042300	inf	0.000000
0.044100	inf	0.000000
0.045900	inf	0.000000
0.047700	inf	0.000000
0.049500	inf	0.000000
0.051300	inf	0.000000
0.053100	inf	0.000000
0.054900	inf	0.000000
0.056700	inf	0.000000
0.058500	inf	0.000000
0.060300	inf	0.000000
0.062100	inf	0.000000
0.063900	inf	0.000000
0.065700	inf	0.000000
0.067500	12.879809	8.541424
0.069300	11.087941	173.658988
0.071100	9.876452	1330.925408
0.072900	8.770280	8545.207433
0.074700	7.855237	39788.413433
0.076500	7.030711	159113.908599
0.078300	6.376876	477579.232130
0.080100	5.821720	1214343.177929
0.081900	5.337757	2739441.629457
0.083700	4.903795	5681707.351307
0.085500	4.516071	10902850.770216
0.087300	4.167179	19599785.787742
0.089100	3.851240	33335332.802507
0.090900	3.499712	60192216.469662
0.092700	3.138492	110471912.536110
0.094500	2.792495	197628532.396445
0.096300	2.490678	328241361.381156
0.098100	2.220619	516835146.456467
0.099900	2.015929	729099748.367447
0.101700	1.795169	1056707338.266591
0.103500	1.646516	1356688268.212034
0.105300	1.530694	1648301539.605868
0.107100	1.472953	1816313668.945004
0.108900	1.462529	1848421995.683838
0.110700	1.464647	1841852768.980932
0.112500	1.460199	1855674498.564363
0.114300	1.433703	1940196193.826849
0.116100	1.413539	2007089294.430199
0.117900	1.303310	2415685258.056396
0.119700	1.170304	3020939728.859337
0.121500	1.019983	3889420384.600376
0.123300	0.837290	5287634518.601839
0.125100	0.684266	6838762902.758516
0.126900	0.590713	8003442308.368841
0.128700	0.500250	9317945716.337191
0.130500	0.463189	9916916117.641277
0.132300	0.419400	10674439323.311172
0.134100	0.408637	10869327770.383961
0.135900	0.463951	9904230986.334656
0.137700	0.446258	10203217593.034084
0.139500	0.456802	10023962562.274239
0.141300	0.436785	10367005849.442495
0.143100	0.419236	10677380456.868118
0.144900	0.422938	10611137897.427143
0.146700	0.432740	10437740201.700037
0.148500	0.391093	11194651446.478533
0.150300	0.327307	12461733619.225637
0.152100	0.306950	12895553923.156893
0.153900	0.241965	14384097783.225334
0.155700	0.191672	15653073083.077942
0.157500	0.177174	16039253970.068134
0.159300	0.130075	17360775731.460220
0.161100	0.117523	17730967058.204475
0.162900	0.072861	19113422367.656048
0.164700	0.059499	19547610051.732635
0.166500	0.000000	21603857241.295918
0.168300	0.044897	20033374611.891350
0.170100	0.080289	18876239588.519390
0.171900	0.131244	17326697176.702568
0.173700	0.250062	14189656173.604128
0.175500	0.365869	11679551534.784750
0.177300	0.418415	10692128578.660482
0.179100	0.500194	9318820290.185286
0.180900	0.582756	8111213171.289756
0.182700	0.591984	7986367384.630477
0.184500	0.642612	7334784524.201134
0.186300	0.656949	7160129167.859651
0.188100	0.699224	6668955478.252887
0.189900	0.735752	6271763862.801053
0.191700	0.802143	5609453465.958815
0.193500	0.919127	4608032700.064480
0.195300	1.025819	3851453446.574996
0.197100	1.155209	3098578787.010808
0.198900	1.292136	2461486433.028283
0.200700	1.481235	1791201386.055273
0.202500	1.677849	1287077878.487294
0.204300	1.895683	892428561.782756
0.206100	2.146924	584996266.540279
0.207900	2.361301	407986847.162927
0.209700	2.656245	248496298.291202
0.211500	2.813639	190727456.559298
0.213300	3.050276	128131119.855401
0.215100	3.190655	101197427.932126
0.216900	3.399922	71185662.489461
0.218700	3.536048	56625592.141671
0.220500	3.679446	44496362.833247
0.222300	3.759609	38886659.192733
0.224100	3.942737	28582938.701924
0.225900	4.030917	24645067.186619
0.227700	4.213562	18129620.511744
0.229500	4.315506	15274382.530929
0.231300	4.406320	13111868.989429
0.233100	4.633131	8955276.735045
0.234900	4.771735	7093990.012243
0.236700	4.864990	6064694.259127
0.238500	5.016434	4701601.363531
0.240300	5.226063	3305254.129525
0.242100	5.271430	3062560.322614
0.243900	5.191064	3505549.894700
0.245700	5.082249	4209178.629450
0.247500	4.987986	4931906.350484
0.249300	4.881286	5900819.141738
0.251100	4.831294	6418136.873798
0.252900	4.859789	6117950.389984
0.254700	4.797881	6788943.404566
0.256500	4.808557	6668196.842254
0.258300	4.739783	7485436.264091
0.260100	4.724609	7678832.428762
0.261900	4.776419	7038344.954854
0.263700	4.763915	7187856.159381
0.265500	4.802862	6732337.361682
0.267300	4.857736	6139100.388567
0.269100	4.848707	6232995.503013
0.270900	4.914375	5581554.930947
0.272700	4.968246	5098312.977673
0.274500	5.021174	4664294.470159
0.276300	5.075164	4259611.728839
0.278100	5.161129	3686467.575969
0.279900	5.253984	3153706.437241
0.281700	5.394198	2491476.701103
0.283500	5.509534	2052366.619904
0.285300	5.643178	1639408.598320
0.287100	5.822915	1211905.573777
0.288900	5.972221	942902.792780
0.290700	6.116749	739525.174886
0.292500	6.280762	561324.223305
0.294300	6.428005	438246.145803
0.296100	6.603341	326372.067373
0.297900	6.782521	241491.042632
0.299700	6.959752	179271.962273
0.301500	7.140997	132188.366367
0.303300	7.355219	92214.438285
0.305100	7.575806	63644.030473
0.306900	7.772427	45731.220856
0.308700	7.995057	31454.306380
0.310500	8.262970	20048.786771
0.312300	8.480279	13913.618176
0.314100	8.636901	10692.934455
0.315900	8.841540	7580.523309
0.317700	8.960031	6211.456300
0.319500	8.972479	6082.837185
0.321300	8.982289	5983.343938
0.323100	9.045310	5381.897546
0.324900	9.019591	5619.681968
0.326700	9.044571	5388.586152
0.328500	9.090648	4986.958582
0.330300	9.101870	4893.760855
0.332100	9.167538	4382.295101
0.333900	9.262331	3736.775909
0.335700	9.253402	3793.290885
0.337500	9.321341	3383.893484
0.339300	9.396693	2981.299189
0.341100	9.461994	2671.354644
0.342900	9.532770	2371.708326
0.344700	9.621701	2042.380864
0.346500	9.701063	1787.302185
0.348300	9.785093	1551.854248
0.350100	9.884522	1312.991901
0.351900	10.010069	1063.177626
0.353700	10.105518	905.570832
0.355500	10.165087	819.282587
0.357300	10.301656	651.223847
0.359100	10.380909	569.995427

# Dumping simulation biases, in the metadata file order 
# Window  F (free energy units)
# 0	0.000000
# 1	-8.284249
# 2	-13.029864
# 3	-15.057236
# 4	-15.672547
# 5	-14.841106
# 6	-12.051082
# 7	-10.692333
# 8	-8.385373
# 9	-5.782144
#Iteration 110:  0.006601
#Iteration 120:  0.005866
#Iteration 130:  0.005214
#Iteration 140:  0.004640
#Iteration 150:  0.004135
#Iteration 160:  0.003691
#Iteration 170:  0.003300
#Iteration 180:  0.002955
#Iteration 190:  0.002650
#Iteration 200:  0.002380
0.000900	inf	0.000000
0.002700	inf	0.000000
0.004500	inf	0.000000
0.006300	inf	0.000000
0.008100	inf	0.000000
0.009900	inf	0.000000
0.011700	inf	0.000000
0.013500	inf	0.000000
0.015300	inf	0.000000
0.017100	inf	0.000000
0.018900	inf	0.000000
0.020700	inf	0.000000
0.022500	inf	0.000000
0.024300	inf	0.000000
0.026100	inf	0.000000
0.027900	inf	0.000000
0.029700	inf	0.000000
0.031500	inf	0.000000
0.033300	inf	0.000000
0.035100	inf	0.000000
0.036900	inf	0.000000
0.038700	inf	0.000000
0.040500	inf	0.000000
0.042300	inf	0.000000
0.044100	inf	0.000000
0.045900	inf	0.000000
0.047700	inf	0.000000
0.049500	inf	0.000000
0.051300	inf	0.000000
0.053100	inf	0.000000
0.054900	inf	0.000000
0.056700	inf	0.000000
0.058500	inf	0.000000
0.060300	inf	0.000000
0.062100	inf	0.000000
0.063900	inf	0.000000
0.065700	inf	0.000000
0.067500	12.638248	8.539417
0.069300	10.846440	173.600590
0.071100	9.635037	1330.286143
0.072900	8.528987	8539.361285
0.074700	7.614114	39749.790917
0.076500	6.789826	158895.933362
0.078300	6.136318	476662.566025
0.080100	5.581605	1211108.710721
0.081900	5.098232	2729440.182366
0.083700	4.665034	5653703.520641
0.085500	4.278271	10831583.466388
0.087300	3.930557	19433169.029045
0.089100	3.616021	32974103.970807
0.090900	3.266128	59376561.758901
0.092700	2.906782	108632106.265467
0.094500	2.562906	193645466.816418
0.096300	2.263457	320348221.520904
0.098100	1.995996	502208458.260668
0.099900	1.794106	705139975.553519
0.101700	1.576320	1016884878.821150
0.103500	1.430822	1298654115.265987
0.105300	1.318398	1568806138.196528
0.107100	1.264419	1717819861.427840
0.108900	1.258277	1735648292.695741
0.110700	1.265349	1715136525.132960
0.112500	1.266612	1711497600.044045
0.114300	1.246543	1770223446.019875
0.116100	1.233323	1810001563.267486
0.117900	1.130224	2152522445.497962
0.119700	1.004145	2660679629.626831
0.121500	0.860215	3388985888.578678
0.123300	0.683183	4563659154.620770
0.125100	0.535066	5853923747.023924
0.126900	0.445788	6801821994.641395
0.128700	0.359195	7867605243.616888
0.130500	0.325894	8320605012.475739
0.132300	0.286079	8896556349.673229
0.134100	0.279849	8990219443.222879
0.135900	0.340589	8117582128.396271
0.137700	0.329503	8270268474.832036
0.139500	0.348010	8016939570.665777
0.141300	0.337298	8162614233.868355
0.143100	0.330135	8261490641.677351
0.144900	0.344800	8060319976.604806
0.146700	0.365493	7784756742.591853
0.148500	0.334041	8207422109.951687
0.150300	0.279299	8998525850.883177
0.152100	0.266640	9192071394.563421
0.153900	0.208048	10143522165.895802
0.155700	0.163062	10940356840.609217
0.157500	0.153103	11125045749.135931
0.159300	0.110141	11958217973.741352
0.161100	0.101703	12129057567.530094
0.162900	0.061505	12976985188.416239
0.164700	0.053314	13156893970.289223
0.166500	0.000000	14390500493.075520
0.168300	0.052297	13179405977.202591
0.170100	0.096340	12238898498.521742
0.171900	0.157002	11052376091.229582
0.173700	0.286169	8895204088.801777
0.175500	0.412415	7194313828.413111
0.177300	0.474950	6476422259.852847
0.179100	0.565893	5558294738.866821
0.180900	0.656669	4771661539.495164
0.182700	0.673282	4640246471.660364
0.184500	0.730778	4212755466.129695
0.186300	0.751878	4065945738.601894
0.188100	0.801262	3742044175.286119
0.189900	0.845642	3473028260.303491
0.191700	0.920897	3060328234.111115
0.193500	1.047810	2472374516.441426
0.195300	1.165278	2029346512.654932
0.197100	1.305816	1602342815.022690
0.198900	1.453638	1249788264.848772
0.200700	1.652772	894247284.745648
0.202500	1.858121	633199472.529418
0.204300	2.083192	433736523.950185
0.206100	2.340189	281580862.774016
0.207900	2.559008	194918606.849789
0.209700	2.857315	118051564.693274
0.211500	3.017242	90222765.665283
0.213300	3.255810	60415352.608322
0.215100	3.397722	47593086.520134
0.216900	3.608296	33405100.956817
0.218700	3.745662	26517162.128857
0.220500	3.890391	20790590.041467
0.222300	3.972146	18120939.279224
0.224100	4.157329	13273530.306280
0.225900	4.248286	11391551.434243
0.227700	4.434766	8326108.652917
0.229500	4.542050	6952137.498980
0.231300	4.640294	5893787.023534
0.233100	4.877370	3956537.948438
0.234900	5.029968	3061329.063215
0.236700	5.141944	2536071.030056
0.238500	5.317790	1887049.475360
0.240300	5.558178	1259755.587386
0.242100	5.640733	1096519.838679
0.243900	5.603151	1168028.340067
0.245700	5.540864	1296960.267269
0.247500	5.494226	1402732.248252
0.249300	5.433356	1553865.519079
0.251100	5.424919	1576061.419899
0.252900	5.489102	1414868.896723
0.254700	5.456446	1494708.788246
0.256500	5.490216	1412221.410630
0.258300	5.439181	1538725.218557
0.260100	5.437414	1543301.737712
0.261900	5.499334	1390739.373551
0.263700	5.494574	1401914.025137
0.265500	5.539693	1299515.847067
0.267300	5.599830	1174567.644019
0.269100	5.595700	1182751.041659
0.270900	5.666344	1050313.252505
0.272700	5.725598	950736.807016
0.274500	5.784509	861096.971432
0.276300	5.845103	777704.988747
0.278100	5.938126	665124.531748
0.279900	6.038164	562171.864905
0.281700	6.185288	438995.504073
0.283500	6.306897	357831.228841
0.285300	6.445942	283248.731022
0.287100	6.630125	207827.831586
0.288900	6.782973	160736.921043
0.290700	6.930275	125480.702352
0.292500	7.096465	94896.152953
0.294300	7.245468	73869.956722
0.296100	7.422322	54872.437125
0.297900	7.602947	40503.024298
0.299700	7.781719	29989.811593
0.301500	7.964783	22045.815741
0.303300	8.181312	15319.626400
0.305100	8.404937	10519.353268
0.306900	8.605615	7507.275201
0.308700	8.833642	5116.930755
0.310500	9.108614	3223.026771
0.312300	9.334902	2203.236394
0.314100	9.502514	1662.242557
0.315900	9.719974	1153.283269
0.317700	9.852604	922.802237
0.319500	9.879699	881.713795
0.321300	9.903736	846.796717
0.323100	9.979732	745.242919
0.324900	9.965185	763.691560
0.326700	9.999317	721.107418
0.328500	10.052589	659.338270
0.330300	10.069287	641.088040
0.332100	10.139020	570.175760
0.333900	10.236776	483.772657
0.335700	10.229976	489.333958
0.337500	10.299432	435.410298
0.339300	10.375856	382.917064
0.341100	10.441912	342.673013
0.342900	10.513217	303.964902
0.344700	10.602517	261.594599
0.346500	10.682138	228.823917
0.348300	10.766348	198.619926
0.350100	10.865903	168.012762
0.351900	10.991537	136.026090
0.353700	11.087047	115.849555
0.355500	11.146658	104.803247
0.357300	11.283257	83.300918
0.359100	11.362530	72.908118

# Dumping simulation biases, in the metadata file order 
# Window  F (free energy units)
# 0	0.000000
# 1	-8.275239
# 2	-13.000563
# 3	-14.955708
# 4	-15.453340
# 5	-14.513359
# 6	-11.606024
# 7	-9.718332
# 8	-7.335605
# 9	-4.572703
#Iteration 210:  0.002139
#Iteration 220:  0.001926
#Iteration 230:  0.001735
#Iteration 240:  0.001564
#Iteration 250:  0.001411
#Iteration 260:  0.001274
#Iteration 270:  0.001151
#Iteration 280:  0.001040
#Iteration 290:  0.000941
#Iteration 300:  0.000851
0.000900	inf	0.000000
0.002700	inf	0.000000
0.004500	inf	0.000000
0.006300	inf	0.000000
0.008100	inf	0.000000
0.009900	inf	0.000000
0.011700	inf	0.000000
0.013500	inf	0.000000
0.015300	inf	0.000000
0.017100	inf	0.000000
0.018900	inf	0.000000
0.020700	inf	0.000000
0.022500	inf	0.000000
0.024300	inf	0.000000
0.026100	inf	0.000000
0.027900	inf	0.000000
0.029700	inf	0.000000
0.031500	inf	0.000000
0.033300	inf	0.000000
0.035100	inf	0.000000
0.036900	inf	0.000000
0.038700	inf	0.000000
0.040500	inf	0.000000
0.042300	inf	0.000000
0.044100	inf	0.000000
0.045900	inf	0.000000
0.047700	inf	0.000000
0.049500	inf	0.000000
0.051300	inf	0.000000
0.053100	inf	0.000000
0.054900	inf	0.000000
0.056700	inf	0.000000
0.058500	inf	0.000000
0.060300	inf	0.000000
0.062100	inf	0.000000
0.063900	inf	0.000000
0.065700	inf	0.000000
0.067500	12.564064	8.538800
0.069300	10.772275	173.582639
0.071100	9.560898	1330.089666
0.072900	8.454885	8537.564839
0.074700	7.540065	39737.925989
0.076500	6.715850	158828.996426
0.078300	6.062442	476381.218122
0.080100	5.507866	1210116.662114
0.081900	5.024673	2726375.403893
0.083700	4.591710	5645132.036533
0.085500	4.205242	10809800.245963
0.087300	3.857888	19382325.358044
0.089100	3.543782	32864079.860611
0.090900	3.194390	59128645.020836
0.092700	2.835618	108074186.391713
0.094500	2.492392	192440653.372049
0.096300	2.193668	317967194.363377
0.098100	1.927004	497808814.306589
0.099900	1.725973	697953374.493308
0.101700	1.509103	1004971592.432574
0.103500	1.364583	1281332099.718019
0.105300	1.253220	1545125031.332391
0.107100	1.200420	1688535691.394674
0.108900	1.195626	1702198156.054291
0.110700	1.204257	1677681295.024069
0.112500	1.207307	1669100768.031450
0.114300	1.189231	1720597472.449400
0.116100	1.178141	1752974452.237199
0.117900	1.077200	2077151561.546838
0.119700	0.953194	2558585179.763412
0.121500	0.811158	3248584210.941125
0.123300	0.635795	4362332080.199763
0.125100	0.489128	5582059233.247448
0.126900	0.401126	6472035694.758641
0.128700	0.315713	7471321106.862725
0.130500	0.283586	7885907993.021337
0.132300	0.245046	8413727299.353234
0.134100	0.240295	8481196663.290072
0.135900	0.302817	7635048826.777679
0.137700	0.293898	7750388621.111693
0.139500	0.314990	7480406486.440540
0.141300	0.307252	7578339486.589749
0.143100	0.303346	7628262700.570520
0.144900	0.321375	7400544627.814308
0.146700	0.345337	7108365755.316249
0.148500	0.316883	7456638292.403807
0.150300	0.264756	8139517409.469452
0.152100	0.254297	8283892527.240249
0.153900	0.197526	9113401344.530252
0.155700	0.154062	9804195950.282940
0.157500	0.145431	9947481617.883991
0.159300	0.103716	10670077701.043659
0.161100	0.096559	10799213724.576244
0.162900	0.057793	11526407031.386190
0.164700	0.051288	11653132510.976585
0.166500	0.000000	12702405562.167257
0.168300	0.054711	11586268724.318062
0.170100	0.101544	10709104254.260204
0.171900	0.165289	9620903447.211910
0.173700	0.297685	7701212048.219040
0.175500	0.427129	6195224373.474542
0.177300	0.492680	5548827870.127312
0.179100	0.586364	4740307357.210701
0.180900	0.679596	4052676684.282095
0.182700	0.698439	3926313842.180283
0.184500	0.758051	3551936238.972725
0.186300	0.781290	3415855124.403881
0.188100	0.832970	3131624568.917258
0.189900	0.879921	2893965221.152905
0.191700	0.958080	2537656369.267855
0.193500	1.088218	2039031476.606787
0.195300	1.209134	1663982295.392066
0.197100	1.353170	1306153244.681512
0.198900	1.504340	1013051164.729089
0.200700	1.706494	721185919.356602
0.202500	1.914427	508445259.077520
0.204300	2.141609	347047156.299694
0.206100	2.400272	224672166.962960
0.207900	2.620377	155188802.218640
0.209700	2.919671	93833597.030633
0.211500	3.080366	71621191.933917
0.213300	3.319561	47908827.536036
0.215100	3.462026	37705809.810414
0.216900	3.673146	26441030.903747
0.218700	3.811120	20967614.758288
0.220500	3.956595	16418902.210469
0.222300	4.039329	14287081.765116
0.224100	4.225844	10441832.033104
0.225900	4.318646	8933597.496648
0.227700	4.507692	6501476.593785
0.229500	4.618534	5396237.387904
0.231300	4.721661	4537350.733115
0.233100	4.965332	3012371.041078
0.234900	5.126637	2296923.862199
0.236700	5.249762	1867489.249145
0.238500	5.439339	1357863.125092
0.240300	5.695844	882252.116606
0.242100	5.796287	745184.237868
0.243900	5.777367	769265.344881
0.245700	5.733334	828366.232587
0.247500	5.703463	871024.606603
0.249300	5.657124	941586.637450
0.251100	5.660665	935999.126771
0.252900	5.734323	826990.839729
0.254700	5.708931	863054.732022
0.256500	5.748147	807994.107888
0.258300	5.701148	874420.353873
0.260100	5.702371	872624.348033
0.261900	5.766542	783392.174721
0.263700	5.763541	787353.435455
0.265500	5.810132	728040.968991
0.267300	5.871615	656552.216127
0.269100	5.868842	659619.819551
0.270900	5.940964	584306.247693
0.272700	6.001894	527421.843288
0.274500	6.062717	476161.089908
0.276300	6.125442	428510.295661
0.278100	6.220739	365081.037345
0.279900	6.323074	307381.888651
0.281700	6.472385	239151.371084
0.283500	6.595958	194293.214600
0.285300	6.736675	153364.800573
0.287100	6.922226	112269.902242
0.288900	7.076159	86672.927559
0.290700	7.224310	67565.433617
0.292500	7.391172	51039.439410
0.294300	7.540727	39693.732629
0.296100	7.718070	29461.236957
0.297900	7.899178	21728.627779
0.299700	8.078481	16074.252764
0.301500	8.262187	11803.593025
0.303300	8.479541	8190.942871
0.305100	8.704257	5614.072429
0.306900	8.906389	3996.778222
0.308700	9.136335	2715.417303
0.310500	9.413785	1703.264043
0.312300	9.643169	1158.291923
0.314100	9.814490	868.448425
0.315900	10.036164	598.287038
0.317700	10.173303	475.105711
0.319500	10.204924	450.510635
0.321300	10.233220	429.583176
0.323100	10.312987	375.675437
0.324900	10.301603	382.933650
0.326700	10.338270	360.043253
0.328500	10.393501	328.120349
0.330300	10.411669	318.250415
0.332100	10.482483	282.534244
0.333900	10.581020	239.404860
0.335700	10.574780	241.929536
0.337500	10.644632	215.125942
0.339300	10.721336	189.101386
0.341100	10.787588	169.171255
0.342900	10.859030	150.027114
0.344700	10.948427	129.093675
0.346500	11.028114	112.909029
0.348300	11.112372	97.997718
0.350100	11.211959	82.891816
0.351900	11.337615	67.108117
0.353700	11.433141	57.152561
0.355500	11.492764	51.702084
0.357300	11.629370	41.093915
0.359100	11.708648	35.966630

# Dumping simulation biases, in the metadata file order 
# Window  F (free energy units)
# 0	0.000000
# 1	-8.272493
# 2	-12.991690
# 3	-14.924998
# 4	-15.386683
# 5	-14.413121
# 6	-11.468883
# 7	-9.376587
# 8	-6.969260
# 9	-4.156610
#Iteration 310:  0.000770
#Iteration 320:  0.000697
#Iteration 330:  0.000631
#Iteration 340:  0.000571
#Iteration 350:  0.000517
#Iteration 360:  0.000469
#Iteration 370:  0.000424
#Iteration 380:  0.000385
#Iteration 390:  0.000348
#Iteration 400:  0.000316
0.000900	inf	0.000000
0.002700	inf	0.000000
0.004500	inf	0.000000
0.006300	inf	0.000000
0.008100	inf	0.000000
0.009900	inf	0.000000
0.011700	inf	0.000000
0.013500	inf	0.000000
0.015300	inf	0.000000
0.017100	inf	0.000000
0.018900	inf	0.000000
0.020700	inf	0.000000
0.022500	inf	0.000000
0.024300	inf	0.000000
0.026100	inf	0.000000
0.027900	inf	0.000000
0.029700	inf	0.000000
0.031500	inf	0.000000
0.033300	inf	0.000000
0.035100	inf	0.000000
0.036900	inf	0.000000
0.038700	inf	0.000000
0.040500	inf	0.000000
0.042300	inf	0.000000
0.044100	inf	0.000000
0.045900	inf	0.000000
0.047700	inf	0.000000
0.049500	inf	0.000000
0.051300	inf	0.000000
0.053100	inf	0.000000
0.054900	inf	0.000000
0.056700	inf	0.000000
0.058500	inf	0.000000
0.060300	inf	0.000000
0.062100	inf	0.000000
0.063900	inf	0.000000
0.065700	inf	0.000000
0.067500	12.537913	8.538583
0.069300	10.746130	173.576335
0.071100	9.534763	1330.020669
0.072900	8.428763	8536.934011
0.074700	7.513961	39733.759932
0.076500	6.689772	158805.496018
0.078300	6.036400	476282.457349
0.080100	5.481871	1209768.499571
0.081900	4.998742	2725300.105281
0.083700	4.565860	5642125.709293
0.085500	4.179496	10802163.281682
0.087300	3.832269	19364508.808297
0.089100	3.518314	32825546.665559
0.090900	3.169097	59041871.345746
0.092700	2.810527	107879038.783197
0.094500	2.467529	192019545.580971
0.096300	2.169060	317135632.226937
0.098100	1.902675	496273524.084895
0.099900	1.701947	695447578.039907
0.101700	1.485399	1000820765.876337
0.103500	1.341224	1275300544.418093
0.105300	1.230235	1536883643.086148
0.107100	1.177854	1678349817.908895
0.108900	1.173537	1690571418.561728
0.110700	1.182720	1664676431.267391
0.112500	1.186402	1654404026.609355
0.114300	1.169029	1703433501.021511
0.116100	1.158687	1733306073.200619
0.117900	1.058502	2051238549.479774
0.119700	0.935218	2523597493.143911
0.121500	0.793842	3200613899.634643
0.123300	0.619059	4293726464.358976
0.125100	0.472896	5489616021.983541
0.126900	0.385340	6360084759.489170
0.128700	0.300342	7336965450.385462
0.130500	0.268632	7738666855.227637
0.132300	0.230548	8250304408.339210
0.134100	0.226329	8309030646.153810
0.135900	0.289494	7471986315.734861
0.137700	0.281354	7574932056.261967
0.139500	0.303373	7299678632.509249
0.141300	0.296696	7382065701.108593
0.143100	0.293945	7416291248.865730
0.144900	0.313157	7180594010.640272
0.146700	0.338263	6883861246.348846
0.148500	0.310850	7208503222.952139
0.150300	0.259627	7856708402.234917
0.152100	0.249926	7985877884.976445
0.153900	0.193783	8776278919.382732
0.155700	0.150845	9433164997.608730
0.157500	0.142677	9563583848.565079
0.159300	0.101402	10250717171.004856
0.161100	0.094702	10366808866.461185
0.162900	0.056451	11055314462.140085
0.164700	0.050555	11165420048.187319
0.166500	0.000000	12155793110.560627
0.168300	0.055583	11071454572.757153
0.170100	0.103419	10216019686.611298
0.171900	0.168266	9160923802.926014
0.173700	0.301811	7318870581.083256
0.175500	0.432387	5876459731.897076
0.177300	0.499000	5253931661.706979
0.179100	0.593648	4481116125.568853
0.180900	0.687744	3825523498.918754
0.182700	0.707376	3701333836.376562
0.184500	0.767741	3344166816.321723
0.186300	0.791749	3211893730.009846
0.188100	0.844261	2940522236.541080
0.189900	0.892144	2713106803.252703
0.191700	0.971357	2374852618.322181
0.193500	1.102664	1904476186.771442
0.195300	1.224820	1550937445.121120
0.197100	1.370107	1214860458.908206
0.198900	1.522466	940362954.199353
0.200700	1.725687	668240475.253658
0.202500	1.934527	470399920.529483
0.204300	2.162448	320679991.369545
0.206100	2.421695	207399119.032380
0.207900	2.642251	143148921.437571
0.209700	2.941896	86502809.148820
0.211500	3.102870	65994805.240349
0.213300	3.342301	44127741.563328
0.215100	3.484984	34717183.640979
0.216900	3.696334	24335896.767964
0.218700	3.834576	19289566.771262
0.220500	3.980391	15096249.412065
0.222300	4.063580	13126109.692641
0.224100	4.250721	9583243.709618
0.225900	4.344391	8187068.247027
0.227700	4.534642	5946129.284053
0.229500	4.647144	4921542.280215
0.231300	4.752528	4122538.250733
0.233100	4.999206	2723174.025767
0.234900	5.164409	2062852.344104
0.236700	5.292407	1663497.762104
0.238500	5.487808	1197755.124390
0.240300	5.750911	769639.981252
0.242100	5.858390	642424.016783
0.243900	5.846506	655387.620166
0.245700	5.809069	697957.931297
0.247500	5.785018	726753.916177
0.249300	5.743551	779221.653913
0.251100	5.750990	769537.503870
0.252900	5.827662	676480.450816
0.254700	5.804539	703292.518409
0.256500	5.845437	656565.965878
0.258300	5.799675	709066.636071
0.260100	5.801814	706521.381678
0.261900	5.866679	633534.425149
0.263700	5.864231	636146.816607
0.265500	5.911297	587755.728526
0.267300	5.973230	529641.483211
0.269100	5.970926	531696.984597
0.270900	6.043571	470574.999683
0.272700	6.105105	424332.115531
0.274500	6.166621	382644.348966
0.276300	6.230121	343903.897885
0.278100	6.326243	292591.781058
0.279900	6.429411	246004.839815
0.281700	6.579511	191144.641713
0.283500	6.703790	155107.026200
0.285300	6.845107	122309.914002
0.287100	7.031146	89462.787174
0.288900	7.185467	69020.759930
0.290700	7.333921	53777.324764
0.292500	7.501024	40607.358277
0.294300	7.650778	31570.052259
0.296100	7.828300	23424.703432
0.297900	8.009585	17271.325172
0.299700	8.189086	12772.608565
0.301500	8.373034	9375.337452
0.303300	8.590699	6502.487356
0.305100	8.815827	4453.721037
0.306900	9.018507	3167.780984
0.308700	9.249173	2149.589242
0.310500	9.527550	1346.246021
0.312300	9.758085	913.734843
0.314100	9.930774	683.514638
0.315900	10.153987	469.666125
0.317700	10.292757	371.945023
0.319500	10.325999	351.730675
0.321300	10.355806	334.541528
0.323100	10.436897	291.909541
0.324900	10.426616	296.998327
0.326700	10.464161	278.832974
0.328500	10.520067	253.822383
0.330300	10.538740	245.978541
0.332100	10.609924	218.237461
0.333900	10.708728	184.840123
0.335700	10.702678	186.729528
0.337500	10.772666	166.003898
0.339300	10.849464	145.898469
0.341100	10.915784	130.507008
0.342900	10.987272	115.729183
0.344700	11.076702	99.575903
0.346500	11.156412	87.088604
0.348300	11.240685	75.585245
0.350100	11.340283	63.932935
0.351900	11.465948	51.758588
0.353700	11.561479	44.079752
0.355500	11.621105	39.875742
0.357300	11.757714	31.693949
0.359100	11.836994	27.739412

# Dumping simulation biases, in the metadata file order 
# Window  F (free energy units)
# 0	0.000000
# 1	-8.271531
# 2	-12.988585
# 3	-14.914244
# 4	-15.363265
# 5	-14.377773
# 6	-11.420307
# 7	-9.250466
# 8	-6.834184
# 9	-4.003614
#Iteration 410:  0.000286
#Iteration 420:  0.000259
#Iteration 430:  0.000235
#Iteration 440:  0.000213
#Iteration 450:  0.000193
#Iteration 460:  0.000175
#Iteration 470:  0.000159
#Iteration 480:  0.000144
#Iteration 490:  0.000131
#Iteration 500:  0.000118
0.000900	inf	0.000000
0.002700	inf	0.000000
0.004500	inf	0.000000
0.006300	inf	0.000000
0.008100	inf	0.000000
0.009900	inf	0.000000
0.011700	inf	0.000000
0.013500	inf	0.000000
0.015300	inf	0.000000
0.017100	inf	0.000000
0.018900	inf	0.000000
0.020700	inf	0.000000
0.022500	inf	0.000000
0.024300	inf	0.000000
0.026100	inf	0.000000
0.027900	inf	0.000000
0.029700	inf	0.000000
0.031500	inf	0.000000
0.033300	inf	0.000000
0.035100	inf	0.000000
0.036900	inf	0.000000
0.038700	inf	0.000000
0.040500	inf	0.000000
0.042300	inf	0.000000
0.044100	inf	0.000000
0.045900	inf	0.000000
0.047700	inf	0.000000
0.049500	inf	0.000000
0.051300	inf	0.000000
0.053100	inf	0.000000
0.054900	inf	0.000000
0.056700	inf	0.000000
0.058500	inf	0.000000
0.060300	inf	0.000000
0.062100	inf	0.000000
0.063900	inf	0.000000
0.065700	inf	0.000000
0.067500	12.528244	8.538503
0.069300	10.736463	173.574006
0.071100	9.525099	1329.995176
0.072900	8.419104	8536.700947
0.074700	7.504309	39732.220796
0.076500	6.680129	158796.814234
0.078300	6.026770	476245.974125
0.080100	5.472259	1209639.894646
0.081900	4.989154	2724902.948920
0.083700	4.556302	5641015.475608
0.085500	4.169977	10799343.386376
0.087300	3.822796	19357931.340926
0.089100	3.508897	32811323.942494
0.090900	3.159745	59009850.051686
0.092700	2.801249	107807042.882915
0.094500	2.458335	191864227.665883
0.096300	2.159960	316829014.203366
0.098100	1.893679	495707593.619958
0.099900	1.693062	694524177.067727
0.101700	1.476634	999291574.105565
0.103500	1.332586	1273078997.304437
0.105300	1.221736	1533848786.054486
0.107100	1.169509	1674599692.014010
0.108900	1.165370	1686291973.445040
0.110700	1.174757	1659891689.662048
0.112500	1.178673	1649000077.769796
0.114300	1.161560	1697127570.156601
0.116100	1.151494	1726087400.320108
0.117900	1.051588	2041738769.003031
0.119700	0.928571	2510785665.800150
0.121500	0.787437	3183066913.037522
0.123300	0.612868	4268654653.796751
0.125100	0.466890	5455858453.238476
0.126900	0.379499	6319227705.952998
0.128700	0.294654	7287953551.146567
0.130500	0.263099	7684972533.944481
0.132300	0.225184	8190725475.124673
0.134100	0.221163	8246281285.468742
0.135900	0.284568	7412575218.303999
0.137700	0.276718	7511036961.492270
0.139500	0.299081	7233912049.017098
0.141300	0.292799	7310714569.592386
0.143100	0.290475	7339333228.294968
0.144900	0.310125	7100858441.145421
0.146700	0.335651	6802602804.530656
0.148500	0.308621	7118828267.631968
0.150300	0.257731	7754641978.069954
0.152100	0.248308	7878448261.667865
0.153900	0.192395	8654866124.431164
0.155700	0.149651	9299640610.452515
0.157500	0.141653	9425511978.225111
0.159300	0.100540	10099965883.443796
0.161100	0.094010	10211437605.588942
0.162900	0.055950	10886117240.839651
0.164700	0.050282	10990340914.166702
0.166500	0.000000	11959689065.867083
0.168300	0.055907	10886899639.354584
0.170100	0.104117	10039422690.534210
0.171900	0.169374	8996370083.984594
0.173700	0.303344	7182264960.823232
0.175500	0.434339	5762720244.039893
0.177300	0.501344	5148844703.650225
0.179100	0.596347	4388862553.915506
0.180900	0.690762	3744758316.024324
0.182700	0.710686	3621415031.845890
0.184500	0.771331	3270422468.414196
0.186300	0.795624	3139557429.551164
0.188100	0.848446	2872800608.726856
0.189900	0.896678	2649071764.639792
0.191700	0.976284	2317268476.125557
0.193500	1.108025	1856939406.277855
0.195300	1.230643	1511052625.774198
0.197100	1.376394	1182695429.424800
0.198900	1.529193	914788677.230362
0.200700	1.732808	649636704.129760
0.202500	1.941983	457046941.407892
0.204300	2.170176	311434477.147638
0.206100	2.429637	201346885.968631
0.207900	2.650361	138932650.514301
0.209700	2.950135	83936636.231767
0.211500	3.111214	64025778.089982
0.213300	3.350734	42804697.413001
0.215100	3.493503	33671481.485465
0.216900	3.704942	23599290.149226
0.218700	3.843293	18702318.187315
0.220500	3.989246	14633258.590479
0.222300	4.072621	12719561.893529
0.224100	4.260018	9282428.432205
0.225900	4.354043	7925339.565961
0.227700	4.544787	5751273.864478
0.229500	4.657966	4754847.911564
0.231300	4.764267	3976775.873430
0.233100	5.012159	2621536.703783
0.234900	5.178921	1980659.288480
0.236700	5.308850	1592041.866537
0.238500	5.506530	1141922.624537
0.240300	5.772177	730631.939393
0.242100	5.882327	607131.876878
0.243900	5.873070	616653.895563
0.245700	5.838058	654036.926732
0.247500	5.816117	678609.689660
0.249300	5.776394	725471.482658
0.251100	5.785216	714792.478122
0.252900	5.862947	627236.696875
0.254700	5.840619	651227.121023
0.256500	5.882103	607361.023873
0.258300	5.836772	655452.433040
0.260100	5.839230	652749.413057
0.261900	5.904338	585078.485535
0.263700	5.902084	587298.806602
0.265500	5.949319	542469.128472
0.267300	6.011415	488698.951494
0.269100	6.009283	490453.967360
0.270900	6.082122	433931.922304
0.272700	6.143879	391142.378154
0.274500	6.205654	352562.013826
0.276300	6.269443	316713.341432
0.278100	6.365873	269318.740550
0.279900	6.469351	226319.447552
0.281700	6.619744	175762.445211
0.283500	6.744285	142562.072665
0.285300	6.885825	112375.529788
0.287100	7.072045	82171.314101
0.288900	7.226509	63380.076472
0.290700	7.375077	49373.062878
0.292500	7.542268	37276.092791
0.294300	7.692097	28976.560220
0.296100	7.869686	21497.947639
0.297900	8.051037	15848.928125
0.299700	8.230613	11719.239146
0.301500	8.414652	8600.827505
0.303300	8.632434	5964.128910
0.305100	8.857718	4083.916561
0.306900	9.060604	2903.741051
0.308700	9.291543	1969.516450
0.310500	9.570269	1232.746279
0.312300	9.801237	836.091076
0.314100	9.974438	624.894945
0.315900	10.198226	428.971539
0.317700	10.337604	339.370925
0.319500	10.371447	320.602814
0.321300	10.401811	304.649019
0.323100	10.483391	265.608397
0.324900	10.473515	270.054774
0.326700	10.511382	253.400286
0.328500	10.567534	230.575240
0.330300	10.586392	223.380554
0.332100	10.657710	198.143077
0.333900	10.756612	167.793361
0.335700	10.750632	169.488720
0.337500	10.820668	150.664232
0.339300	10.897502	132.408939
0.341100	10.963845	118.435705
0.342900	11.035351	105.021756
0.344700	11.124792	90.361194
0.346500	11.204511	79.028362
0.348300	11.288790	68.588998
0.350100	11.388392	58.014844
0.351900	11.514059	46.967221
0.353700	11.609592	39.999095
0.355500	11.669220	36.184186
0.357300	11.805830	28.759789
0.359100	11.885110	25.171327

# Dumping simulation biases, in the metadata file order 
# Window  F (free energy units)
# 0	0.000000
# 1	-8.271176
# 2	-12.987440
# 3	-14.910276
# 4	-15.354617
# 5	-14.364706
# 6	-11.402328
# 7	-9.203239
# 8	-6.783616
# 9	-3.946384
#Iteration 510:  0.000107
#Iteration 520:  0.000097
#Iteration 530:  0.000088
#Iteration 540:  0.000080
#Iteration 550:  0.000073
#Iteration 560:  0.000066
#Iteration 570:  0.000060
#Iteration 580:  0.000054
#Iteration 590:  0.000049
#Iteration 600:  0.000045
0.000900	inf	0.000000
0.002700	inf	0.000000
0.004500	inf	0.000000
0.006300	inf	0.000000
0.008100	inf	0.000000
0.009900	inf	0.000000
0.011700	inf	0.000000
0.013500	inf	0.000000
0.015300	inf	0.000000
0.017100	inf	0.000000
0.018900	inf	0.000000
0.020700	inf	0.000000
0.022500	inf	0.000000
0.024300	inf	0.000000
0.026100	inf	0.000000
0.027900	inf	0.000000
0.029700	inf	0.000000
0.031500	inf	0.000000
0.033300	inf	0.000000
0.035100	inf	0.000000
0.036900	inf	0.000000
0.038700	inf	0.000000
0.040500	inf	0.000000
0.042300	inf	0.000000
0.044100	inf	0.000000
0.045900	inf	0.000000
0.047700	inf	0.000000
0.049500	inf	0.000000
0.051300	inf	0.000000
0.053100	inf	0.000000
0.054900	inf	0.000000
0.056700	inf	0.000000
0.058500	inf	0.000000
0.060300	inf	0.000000
0.062100	inf	0.000000
0.063900	inf	0.000000
0.065700	inf	0.000000
0.067500	12.524622	8.538473
0.069300	10.732842	173.573133
0.071100	9.521479	1329.985628
0.072900	8.415486	8536.613655
0.074700	7.500693	39731.644336
0.076500	6.676517	158793.562656
0.078300	6.023163	476232.310401
0.080100	5.468659	1209591.730812
0.081900	4.985562	2724754.215414
0.083700	4.552722	5640599.716924
0.085500	4.166410	10798287.456292
0.087300	3.819248	19355468.525386
0.089100	3.505369	32805998.900401
0.090900	3.156241	58997862.164072
0.092700	2.797773	107780092.097288
0.094500	2.454891	191806092.173154
0.096300	2.156551	316714259.567889
0.098100	1.890309	495495812.871749
0.099900	1.689734	694178663.255135
0.101700	1.473350	998719446.791400
0.103500	1.329350	1272247907.987483
0.105300	1.218552	1532713523.335283
0.107100	1.166383	1673196978.586164
0.108900	1.162311	1684691439.150137
0.110700	1.171774	1658102450.606736
0.112500	1.175778	1646979750.657042
0.114300	1.158762	1694770759.158953
0.116100	1.148800	1723390485.043570
0.117900	1.048998	2038191127.725900
0.119700	0.926081	2506003205.073402
0.121500	0.785037	3176519495.200950
0.123300	0.610548	4259302674.921395
0.125100	0.464640	5443270162.449655
0.126900	0.377310	6303995339.060116
0.128700	0.292523	7269683921.134860
0.130500	0.261026	7664960020.216521
0.132300	0.223175	8168522016.937770
0.134100	0.219228	8222898741.771265
0.135900	0.282722	7390439550.726604
0.137700	0.274982	7487235170.400588
0.139500	0.297475	7209419942.744048
0.141300	0.291340	7284152958.597014
0.143100	0.289176	7310698315.810482
0.144900	0.308990	7071206656.784687
0.146700	0.334674	6772402424.916636
0.148500	0.307787	7085518644.495933
0.150300	0.257020	7716748753.040178
0.152100	0.247702	7838580985.732447
0.153900	0.191875	8609825383.888308
0.155700	0.149203	9250120578.459406
0.157500	0.141269	9374316832.565357
0.159300	0.100216	10044079753.746544
0.161100	0.093750	10153848397.938362
0.162900	0.055762	10823413914.581703
0.164700	0.050179	10925470084.685190
0.166500	0.000000	11887044812.948523
0.168300	0.056029	10818553472.366142
0.170100	0.104379	9974047175.324890
0.171900	0.169789	8935479046.249887
0.173700	0.303919	7131739931.723417
0.175500	0.435071	5720673412.726722
0.177300	0.502223	5110015288.733993
0.179100	0.597359	4354790187.847876
0.180900	0.691893	3714940727.252912
0.182700	0.711926	3591920079.164088
0.184500	0.772676	3243214680.573853
0.186300	0.797077	3112876979.562579
0.188100	0.850015	2847829779.770681
0.189900	0.898377	2625468170.989532
0.191700	0.978132	2296050879.333436
0.193500	1.110036	1839431668.568740
0.195300	1.232827	1496370403.357820
0.197100	1.378752	1170861232.503814
0.198900	1.531716	905384297.363838
0.200700	1.735478	642798912.289075
0.202500	1.944778	452141158.235087
0.204300	2.173073	308038934.386727
0.206100	2.432615	199124728.842030
0.207900	2.653400	137384907.894870
0.209700	2.953224	82994761.575784
0.211500	3.114342	63303145.604863
0.213300	3.353896	42319166.423127
0.215100	3.496697	33287735.708996
0.216900	3.708172	23328969.253689
0.218700	3.846563	18486796.789925
0.220500	3.992570	14463323.515089
0.222300	4.076018	12570322.028160
0.224100	4.263515	9171980.304899
0.225900	4.357678	7829218.702720
0.227700	4.548613	5679691.942173
0.229500	4.662055	4693593.813317
0.231300	4.768711	3923203.002851
0.233100	5.017072	2584182.634436
0.234900	5.184435	1950465.346724
0.236700	5.315104	1565821.118630
0.238500	5.513655	1121473.681444
0.240300	5.780268	716383.694240
0.242100	5.891426	594284.177707
0.243900	5.883154	602605.519878
0.245700	5.849047	638166.042240
0.247500	5.827889	661271.789162
0.249300	5.788810	706171.105171
0.251100	5.798140	695181.390605
0.252900	5.876261	609628.865732
0.254700	5.854224	632636.374654
0.256500	5.895922	589809.848600
0.258300	5.850748	636343.029904
0.260100	5.853323	633594.462183
0.261900	5.918520	567824.395435
0.263700	5.916338	569910.655732
0.265500	5.963636	526352.913803
0.267300	6.025792	474132.050481
0.269100	6.023724	475783.502818
0.270900	6.096635	420900.863224
0.272700	6.158477	379342.618407
0.274500	6.220349	341870.318731
0.276300	6.284246	307052.752771
0.278100	6.380792	261053.056686
0.279900	6.484386	219330.563747
0.281700	6.634890	170303.263938
0.283500	6.759529	138111.262909
0.285300	6.901152	108851.885599
0.287100	7.087441	79585.667768
0.288900	7.241958	61380.175922
0.290700	7.390568	47811.751846
0.292500	7.557793	36095.288408
0.294300	7.707650	28057.350213
0.296100	7.885263	20815.102305
0.297900	8.066640	15344.866945
0.299700	8.246244	11345.983129
0.301500	8.430317	8326.411458
0.303300	8.648143	5773.408049
0.305100	8.873486	3952.930533
0.306900	9.076451	2810.238422
0.308700	9.307492	1905.767706
0.310500	9.586349	1192.581191
0.312300	9.817481	808.628142
0.314100	9.990874	604.173200
0.315900	10.214879	414.595983
0.317700	10.354485	327.872384
0.319500	10.388553	309.622899
0.321300	10.419126	294.112214
0.323100	10.500888	256.343256
0.324900	10.491164	260.568275
0.326700	10.529150	244.449487
0.328500	10.585395	222.396267
0.330300	10.604321	215.431902
0.332100	10.675690	191.076307
0.333900	10.774628	161.799149
0.335700	10.768673	163.426835
0.337500	10.838728	145.271143
0.339300	10.915575	127.666537
0.341100	10.981927	114.192034
0.342900	11.053439	101.257642
0.344700	11.142885	87.121885
0.346500	11.222607	76.194922
0.348300	11.306888	66.129606
0.350100	11.406491	55.934468
0.351900	11.532160	45.282926
0.353700	11.627694	38.564637
0.355500	11.687321	34.886510
0.357300	11.823932	27.728358
0.359100	11.903213	24.268582

# Dumping simulation biases, in the metadata file order 
# Window  F (free energy units)
# 0	0.000000
# 1	-8.271043
# 2	-12.987011
# 3	-14.908791
# 4	-15.351379
# 5	-14.359812
# 6	-11.395591
# 7	-9.185477
# 8	-6.764599
# 9	-3.924869
#Iteration 610:  0.000040
#Iteration 620:  0.000037
#Iteration 630:  0.000033
#Iteration 640:  0.000030
#Iteration 650:  0.000027
#Iteration 660:  0.000025
#Iteration 670:  0.000023
#Iteration 680:  0.000020
#Iteration 690:  0.000019
#Iteration 700:  0.000017
0.000900	inf	0.000000
0.002700	inf	0.000000
0.004500	inf	0.000000
0.006300	inf	0.000000
0.008100	inf	0.000000
0.009900	inf	0.000000
0.011700	inf	0.000000
0.013500	inf	0.000000
0.015300	inf	0.000000
0.017100	inf	0.000000
0.018900	inf	0.000000
0.020700	inf	0.000000
0.022500	inf	0.000000
0.024300	inf	0.000000
0.026100	inf	0.000000
0.027900	inf	0.000000
0.029700	inf	0.000000
0.031500	inf	0.000000
0.033300	inf	0.000000
0.035100	inf	0.000000
0.036900	inf	0.000000
0.038700	inf	0.000000
0.040500	inf	0.000000
0.042300	inf	0.000000
0.044100	inf	0.000000
0.045900	inf	0.000000
0.047700	inf	0.000000
0.049500	inf	0.000000
0.051300	inf	0.000000
0.053100	inf	0.000000
0.054900	inf	0.000000
0.056700	inf	0.000000
0.058500	inf	0.000000
0.060300	inf	0.000000
0.062100	inf	0.000000
0.063900	inf	0.000000
0.065700	inf	0.000000
0.067500	12.523259	8.538462
0.069300	10.731480	173.572805
0.071100	9.520117	1329.982037
0.072900	8.414125	8536.580824
0.074700	7.499334	39731.427524
0.076500	6.675158	158792.339714
0.078300	6.021806	476227.171420
0.080100	5.467304	1209573.616395
0.081900	4.984211	2724698.277529
0.083700	4.551375	5640443.355044
0.085500	4.165069	10797890.342117
0.087300	3.817913	19354542.333061
0.089100	3.504042	32803996.366267
0.090900	3.154924	58993354.144802
0.092700	2.796466	107769957.666050
0.094500	2.453596	191784232.042815
0.096300	2.155269	316671111.258077
0.098100	1.889041	495416185.666704
0.099900	1.688482	694048759.364550
0.101700	1.472115	998504350.634265
0.103500	1.328133	1271935463.370451
0.105300	1.217354	1532286738.710422
0.107100	1.165208	1672669666.203668
0.108900	1.161160	1684089785.398470
0.110700	1.170652	1657429900.967269
0.112500	1.174689	1646220404.008714
0.114300	1.157710	1693885047.669529
0.116100	1.147787	1722377104.622892
0.117900	1.048024	2036858294.413445
0.119700	0.925144	2504206743.988388
0.121500	0.784135	3174060420.975507
0.123300	0.609676	4255790719.655587
0.125100	0.463794	5438543371.379797
0.126900	0.376487	6298276191.535623
0.128700	0.291721	7262824830.188330
0.130500	0.260246	7657446944.848406
0.132300	0.222419	8160186749.725535
0.134100	0.218500	8214121190.889437
0.135900	0.282028	7382130482.126665
0.137700	0.274329	7478301337.692065
0.139500	0.296870	7200227978.412092
0.141300	0.290791	7274185754.441864
0.143100	0.288688	7299955082.461222
0.144900	0.308563	7060084258.725270
0.146700	0.334306	6761076745.769139
0.148500	0.307473	7073029591.835720
0.150300	0.256753	7702543829.057299
0.152100	0.247474	7823638454.943853
0.153900	0.191679	8592946007.755875
0.155700	0.149034	9231564485.399452
0.157500	0.141124	9355134645.702477
0.159300	0.100095	10023141373.336782
0.161100	0.093653	10132273299.047997
0.162900	0.055691	10799924366.779209
0.164700	0.050141	10901170303.471706
0.166500	0.000000	11859835589.268387
0.168300	0.056075	10792956932.499771
0.170100	0.104477	9949566524.397259
0.171900	0.169946	8912681352.302187
0.173700	0.304136	7112826697.180051
0.175500	0.435346	5704936803.287821
0.177300	0.502554	5095485485.028818
0.179100	0.597740	4342042580.978409
0.180900	0.692319	3703786623.156740
0.182700	0.712393	3580888095.819711
0.184500	0.773183	3233039349.047153
0.186300	0.797623	3102899971.427334
0.188100	0.850605	2838493141.845244
0.189900	0.899017	2616643860.356699
0.191700	0.978827	2288119739.441068
0.193500	1.110793	1832888373.871703
0.195300	1.233649	1490884139.971119
0.197100	1.379640	1166440062.906999
0.198900	1.532666	901871584.260236
0.200700	1.736483	640245336.793090
0.202500	1.945830	450309384.651460
0.204300	2.174163	306771237.024856
0.206100	2.433735	198295190.388893
0.207900	2.654544	136807174.860171
0.209700	2.954386	82643202.767189
0.211500	3.115519	63033429.492515
0.213300	3.355086	42137949.910902
0.215100	3.497899	33144509.696286
0.216900	3.709387	23228076.216148
0.218700	3.847794	18406355.078911
0.220500	3.993822	14399894.208430
0.222300	4.077297	12514614.300774
0.224100	4.264832	9130749.575870
0.225900	4.359048	7793333.068821
0.227700	4.550056	5652964.814229
0.229500	4.663598	4670720.528459
0.231300	4.770389	3903196.708525
0.233100	5.018928	2570233.480445
0.234900	5.186520	1939192.195838
0.236700	5.317471	1556035.708360
0.238500	5.516350	1113847.940419
0.240300	5.783329	711075.853456
0.242100	5.894867	589504.221219
0.243900	5.886966	597386.189781
0.245700	5.853198	632277.803940
0.247500	5.832333	654847.439743
0.249300	5.793495	699027.331099
0.251100	5.803016	687928.977143
0.252900	5.881282	603121.720596
0.254700	5.859353	625769.521447
0.256500	5.901131	583329.453127
0.258300	5.856016	629289.264043
0.260100	5.858635	626525.332197
0.261900	5.923865	561457.748126
0.263700	5.921710	563495.294021
0.265500	5.969030	520407.404855
0.267300	6.031209	468758.567859
0.269100	6.029165	470372.275430
0.270900	6.102104	416094.768723
0.272700	6.163977	374991.092209
0.274500	6.225886	337927.880739
0.276300	6.289824	303490.981099
0.278100	6.386413	258005.992448
0.279900	6.490051	216754.537940
0.281700	6.640596	168291.336876
0.283500	6.765273	136471.157198
0.285300	6.906927	107553.569213
0.287100	7.093241	78633.044103
0.288900	7.247779	60643.406006
0.290700	7.396404	47236.589545
0.292500	7.563642	35660.316505
0.294300	7.713509	27718.752915
0.296100	7.891132	20563.578937
0.297900	8.072518	15159.203326
0.299700	8.252132	11208.503992
0.301500	8.436219	8225.341251
0.303300	8.654062	5703.167008
0.305100	8.879427	3904.692450
0.306900	9.082421	2775.807238
0.308700	9.313501	1882.295666
0.310500	9.592408	1177.794724
0.312300	9.823601	798.519735
0.314100	9.997067	596.547742
0.315900	10.221153	409.307220
0.317700	10.360845	323.643228
0.319500	10.394998	305.585605
0.321300	10.425649	290.238856
0.323100	10.507480	252.938150
0.324900	10.497812	257.082491
0.326700	10.535844	241.161055
0.328500	10.592123	219.391756
0.330300	10.611075	212.512262
0.332100	10.682463	188.480766
0.333900	10.781414	159.597651
0.335700	10.775470	161.200559
0.337500	10.845531	143.290536
0.339300	10.922382	125.924924
0.341100	10.988739	112.633595
0.342900	11.060253	99.875326
0.344700	11.149701	85.932303
0.346500	11.229423	75.154393
0.348300	11.313705	65.226442
0.350100	11.413309	55.170492
0.351900	11.538978	44.664403
0.353700	11.634512	38.037863
0.355500	11.694140	34.409966
0.357300	11.830751	27.349587
0.359100	11.910032	23.937068

# Dumping simulation biases, in the metadata file order 
# Window  F (free energy units)
# 0	0.000000
# 1	-8.270993
# 2	-12.986850
# 3	-14.908232
# 4	-15.350162
# 5	-14.357971
# 6	-11.393057
# 7	-9.178787
# 8	-6.757437
# 9	-3.916766
#Iteration 710:  0.000015
#Iteration 720:  0.000014
#Iteration 730:  0.000013
#Iteration 740:  0.000011
#Iteration 750:  0.000010
#Iteration 760:  0.000009
#Iteration 770:  0.000008
#Iteration 780:  0.000008
#Iteration 790:  0.000007
#Iteration 800:  0.000006
0.000900	inf	0.000000
0.002700	inf	0.000000
0.004500	inf	0.000000
0.006300	inf	0.000000
0.008100	inf	0.000000
0.009900	inf	0.000000
0.011700	inf	0.000000
0.013500	inf	0.000000
0.015300	inf	0.000000
0.017100	inf	0.000000
0.018900	inf	0.000000
0.020700	inf	0.000000
0.022500	inf	0.000000
0.024300	inf	0.000000
0.026100	inf	0.000000
0.027900	inf	0.000000
0.029700	inf	0.000000
0.031500	inf	0.000000
0.033300	inf	0.000000
0.035100	inf	0.000000
0.036900	inf	0.000000
0.038700	inf	0.000000
0.040500	inf	0.000000
0.042300	inf	0.000000
0.044100	inf	0.000000
0.045900	inf	0.000000
0.047700	inf	0.000000
0.049500	inf	0.000000
0.051300	inf	0.000000
0.053100	inf	0.000000
0.054900	inf	0.000000
0.056700	inf	0.000000
0.058500	inf	0.000000
0.060300	inf	0.000000
0.062100	inf	0.000000
0.063900	inf	0.000000
0.065700	inf	0.000000
0.067500	12.522746	8.538458
0.069300	10.730967	173.572682
0.071100	9.519605	1329.980685
0.072900	8.413612	8536.568458
0.074700	7.498821	39731.345862
0.076500	6.674646	158791.879093
0.078300	6.021295	476225.235827
0.080100	5.466794	1209566.793643
0.081900	4.983702	2724677.208771
0.083700	4.550868	5640384.462420
0.085500	4.164564	10797740.773013
0.087300	3.817410	19354193.495247
0.089100	3.503542	32803242.146994
0.090900	3.154427	58991656.298929
0.092700	2.795974	107766140.806638
0.094500	2.453108	191775999.134438
0.096300	2.154786	316654861.099862
0.098100	1.888564	495386197.613216
0.099900	1.688010	693999837.604024
0.101700	1.471650	998423346.676607
0.103500	1.327675	1271817800.047936
0.105300	1.216903	1532126017.970933
0.107100	1.164765	1672471090.522999
0.108900	1.160726	1683863217.621527
0.110700	1.170230	1657176641.227719
0.112500	1.174279	1645934468.754014
0.114300	1.157314	1693551543.917030
0.116100	1.147405	1721995549.334596
0.117900	1.047657	2036356489.626876
0.119700	0.924791	2503530426.644399
0.121500	0.783795	3173134700.315082
0.123300	0.609347	4254468705.278109
0.125100	0.463475	5436764123.854255
0.126900	0.376177	6296123470.193571
0.128700	0.291419	7260243087.983230
0.130500	0.259952	7654619095.611969
0.132300	0.222134	8157049482.323816
0.134100	0.218226	8210817504.483606
0.135900	0.281767	7379003182.300368
0.137700	0.274083	7474938986.607095
0.139500	0.296643	7196768614.905738
0.141300	0.290585	7270434838.348077
0.143100	0.288504	7295912406.647423
0.144900	0.308402	7055899235.745126
0.146700	0.334168	6756815588.016136
0.148500	0.307355	7068331102.976390
0.150300	0.256652	7697200196.284515
0.152100	0.247388	7818017687.527813
0.153900	0.191605	8586596990.467473
0.155700	0.148970	9224585060.449442
0.157500	0.141069	9347919957.613281
0.159300	0.100049	10015266363.157175
0.161100	0.093616	10124159009.176355
0.162900	0.055665	10791090273.977888
0.164700	0.050126	10892031740.808519
0.166500	0.000000	11849603193.760660
0.168300	0.056093	10783331408.522953
0.170100	0.104515	9940361102.238096
0.171900	0.170005	8904109293.363853
0.173700	0.304217	7105715699.918112
0.175500	0.435450	5699020571.040402
0.177300	0.502678	5090023329.820674
0.179100	0.597883	4337250704.298011
0.180900	0.692479	3699593983.993670
0.182700	0.712569	3576741562.207068
0.184500	0.773373	3229214968.454955
0.186300	0.797829	3099150287.160388
0.188100	0.850828	2834984280.833148
0.189900	0.899258	2613327698.565765
0.191700	0.979089	2285139393.624377
0.193500	1.111078	1830429705.297425
0.195300	1.233959	1488822801.146960
0.197100	1.379974	1164779033.577155
0.198900	1.533023	900551959.519149
0.200700	1.736861	639286098.618031
0.202500	1.946226	449621329.231492
0.204300	2.174574	306295084.885969
0.206100	2.434157	197983624.513002
0.207900	2.654975	136590190.695804
0.209700	2.954824	82511167.497976
0.211500	3.115962	62932133.315824
0.213300	3.355534	42069891.672036
0.215100	3.498351	33090719.403604
0.216900	3.709844	23190184.484081
0.218700	3.848258	18376143.870940
0.220500	3.994293	14376071.956632
0.222300	4.077779	12493691.625682
0.224100	4.265328	9115263.732783
0.225900	4.359564	7779854.319580
0.227700	4.550600	5642925.629537
0.229500	4.664180	4662128.590436
0.231300	4.771022	3895681.528782
0.233100	5.019629	2564993.674189
0.234900	5.187307	1934957.916202
0.236700	5.318364	1552360.860174
0.238500	5.517368	1110984.956068
0.240300	5.784485	709083.887761
0.242100	5.896166	587711.236624
0.243900	5.888404	595429.431837
0.245700	5.854764	630071.424664
0.247500	5.834010	652441.322685
0.249300	5.795262	696352.854457
0.251100	5.804854	685214.719992
0.252900	5.883175	600687.005622
0.254700	5.861286	623200.712547
0.256500	5.903094	580905.558837
0.258300	5.858002	626651.184553
0.260100	5.860637	623881.708853
0.261900	5.925879	559076.965829
0.263700	5.923734	561096.400378
0.265500	5.971064	518184.282988
0.267300	6.033251	466749.400499
0.269100	6.031216	468349.059334
0.270900	6.104165	414297.868181
0.272700	6.166050	373364.207567
0.274500	6.227973	336454.003877
0.276300	6.291926	302159.480278
0.278100	6.388532	256866.964021
0.279900	6.492186	215791.639536
0.281700	6.642747	167539.331694
0.283500	6.767437	135858.156522
0.285300	6.909104	107068.333214
0.287100	7.095427	78277.019317
0.288900	7.249972	60368.059254
0.290700	7.398604	47021.643212
0.292500	7.565847	35497.763810
0.294300	7.715717	27592.217815
0.296100	7.893344	20469.584732
0.297900	8.074734	15089.821635
0.299700	8.254352	11157.129238
0.301500	8.438443	8187.572730
0.303300	8.656293	5676.919391
0.305100	8.881666	3886.667313
0.306900	9.084671	2762.941740
0.308700	9.315765	1873.525514
0.310500	9.594691	1172.270176
0.312300	9.825907	794.743273
0.314100	9.999401	593.699139
0.315900	10.223518	407.331711
0.317700	10.363242	322.063675
0.319500	10.397427	304.077866
0.321300	10.428108	288.792481
0.323100	10.509964	251.666738
0.324900	10.500318	255.781050
0.326700	10.538366	239.933368
0.328500	10.594658	218.270118
0.330300	10.613620	211.422344
0.332100	10.685015	187.511859
0.333900	10.783972	158.775854
0.335700	10.778031	160.369523
0.337500	10.848095	142.551212
0.339300	10.924948	125.274815
0.341100	10.991305	112.051865
0.342900	11.062821	99.359340
0.344700	11.152269	85.488261
0.346500	11.231992	74.765989
0.348300	11.316274	64.889313
0.350100	11.415879	54.885319
0.351900	11.541547	44.433525
0.353700	11.637082	37.841232
0.355500	11.696710	34.232085
0.357300	11.833320	27.208202
0.359100	11.912602	23.813323

# Dumping simulation biases, in the metadata file order 
# Window  F (free energy units)
# 0	0.000000
# 1	-8.270974
# 2	-12.986789
# 3	-14.908022
# 4	-15.349703
# 5	-14.357277
# 6	-11.392103
# 7	-9.176266
# 8	-6.754738
# 9	-3.913712
#Iteration 810:  0.000006
#Iteration 820:  0.000005
#Iteration 830:  0.000005
#Iteration 840:  0.000004
#Iteration 850:  0.000004
#Iteration 860:  0.000004
#Iteration 870:  0.000003
#Iteration 880:  0.000003
#Iteration 890:  0.000003
#Iteration 900:  0.000002
0.000900	inf	0.000000
0.002700	inf	0.000000
0.004500	inf	0.000000
0.006300	inf	0.000000
0.008100	inf	0.000000
0.009900	inf	0.000000
0.011700	inf	0.000000
0.013500	inf	0.000000
0.015300	inf	0.000000
0.017100	inf	0.000000
0.018900	inf	0.000000
0.020700	inf	0.000000
0.022500	inf	0.000000
0.024300	inf	0.000000
0.026100	inf	0.000000
0.027900	inf	0.000000
0.029700	inf	0.000000
0.031500	inf	0.000000
0.033300	inf	0.000000
0.035100	inf	0.000000
0.036900	inf	0.000000
0.038700	inf	0.000000
0.040500	inf	0.000000
0.042300	inf	0.000000
0.044100	inf	0.000000
0.045900	inf	0.000000
0.047700	inf	0.000000
0.049500	inf	0.000000
0.051300	inf	0.000000
0.053100	inf	0.000000
0.054900	inf	0.000000
0.056700	inf	0.000000
0.058500	inf	0.000000
0.060300	inf	0.000000
0.062100	inf	0.000000
0.063900	inf	0.000000
0.065700	inf	0.000000
0.067500	12.522553	8.538456
0.069300	10.730773	173.572635
0.071100	9.519411	1329.980175
0.072900	8.413419	8536.563798
0.074700	7.498628	39731.315087
0.076500	6.674454	158791.705509
0.078300	6.021102	476224.506404
0.080100	5.466602	1209564.222513
0.081900	4.983510	2724669.269097
0.083700	4.550677	5640362.269037
0.085500	4.164373	10797684.408836
0.087300	3.817221	19354062.038378
0.089100	3.503354	32802957.926371
0.090900	3.154240	58991016.484155
0.092700	2.795788	107764702.471768
0.094500	2.452924	191772896.684578
0.096300	2.154604	316648737.503657
0.098100	1.888384	495374897.193127
0.099900	1.687832	693981402.491511
0.101700	1.471475	998392822.246488
0.103500	1.327502	1271773461.614027
0.105300	1.216733	1532065454.701485
0.107100	1.164598	1672396262.971147
0.108900	1.160563	1683777842.538876
0.110700	1.170071	1657081208.906289
0.112500	1.174125	1645826725.103152
0.114300	1.157164	1693425878.008219
0.116100	1.147261	1721851780.292265
0.117900	1.047519	2036167415.152280
0.119700	0.924659	2503275603.577866
0.121500	0.783667	3172785914.366679
0.123300	0.609223	4253970615.937562
0.125100	0.463355	5436093774.884941
0.126900	0.376060	6295312420.758794
0.128700	0.291305	7259270411.224480
0.130500	0.259842	7653553704.736038
0.132300	0.222027	8155867524.969420
0.134100	0.218123	8209572856.287415
0.135900	0.281668	7377824995.398436
0.137700	0.273990	7473672259.033546
0.139500	0.296557	7195465358.676261
0.141300	0.290507	7269021773.947653
0.143100	0.288434	7294389468.804121
0.144900	0.308342	7054322720.741125
0.146700	0.334116	6755210442.950898
0.148500	0.307311	7066561271.881866
0.150300	0.256615	7695187405.934644
0.152100	0.247355	7815900556.827791
0.153900	0.191577	8584205599.810681
0.155700	0.148946	9221956262.244612
0.157500	0.141049	9345202579.813740
0.159300	0.100031	10012300307.549026
0.161100	0.093602	10121102858.271412
0.162900	0.055655	10787763047.962746
0.164700	0.050121	10888589876.063612
0.166500	0.000000	11845749405.892298
0.168300	0.056099	10779706241.185026
0.170100	0.104529	9936894221.108822
0.171900	0.170027	8900881019.355989
0.173700	0.304248	7103037736.618373
0.175500	0.435489	5696792609.093995
0.177300	0.502725	5087966419.412927
0.179100	0.597937	4335446246.716503
0.180900	0.692540	3698015211.977667
0.182700	0.712635	3575180180.333308
0.184500	0.773445	3227774917.478844
0.186300	0.797907	3097738384.968256
0.188100	0.850912	2833663079.461428
0.189900	0.899349	2612079077.252481
0.191700	0.979188	2284017239.042253
0.193500	1.111185	1829503993.854599
0.195300	1.234075	1488046708.768579
0.197100	1.380100	1164153675.094447
0.198900	1.533158	900055149.898777
0.200700	1.737004	638924976.000254
0.202500	1.946375	449362304.153697
0.204300	2.174728	306115836.174971
0.206100	2.434316	197866336.436841
0.207900	2.655137	136508508.519645
0.209700	2.954989	82461464.123437
0.211500	3.116129	62894001.561431
0.213300	3.355703	42044272.019968
0.215100	3.498522	33070470.753381
0.216900	3.710017	23175920.622887
0.218700	3.848433	18364771.210570
0.220500	3.994471	14367104.297866
0.222300	4.077961	12485815.423817
0.224100	4.265515	9109434.129116
0.225900	4.359759	7774780.214419
0.227700	4.550805	5639146.299946
0.229500	4.664399	4658894.042337
0.231300	4.771261	3892852.316179
0.233100	5.019893	2563021.073005
0.234900	5.187604	1933363.906671
0.236700	5.318700	1550977.540015
0.238500	5.517752	1109907.361251
0.240300	5.784920	708334.247407
0.242100	5.896655	587036.603216
0.243900	5.888947	594693.323836
0.245700	5.855354	629241.576059
0.247500	5.834642	651536.512560
0.249300	5.795928	695347.282598
0.251100	5.805547	684194.317168
0.252900	5.883888	599771.782164
0.254700	5.862015	622235.152245
0.256500	5.903835	579994.517593
0.258300	5.858750	625659.678855
0.260100	5.861391	622888.148084
0.261900	5.926638	558182.208517
0.263700	5.924497	560194.851225
0.265500	5.971830	517348.803447
0.267300	6.034021	465994.337113
0.269100	6.031989	467588.725378
0.270900	6.104942	413622.593289
0.272700	6.166832	372752.833401
0.274500	6.228759	335900.138219
0.276300	6.292718	301659.126963
0.278100	6.389331	256438.946577
0.279900	6.492991	215429.814319
0.281700	6.643558	167256.758444
0.283500	6.768253	135627.819456
0.285300	6.909924	106886.006784
0.287100	7.096251	78143.245312
0.288900	7.250799	60264.600465
0.290700	7.399433	46940.879868
0.292500	7.566677	35436.687059
0.294300	7.716550	27544.674364
0.296100	7.894178	20434.268125
0.297900	8.075569	15063.752837
0.299700	8.255189	11137.826275
0.301500	8.439282	8173.382094
0.303300	8.657133	5667.057531
0.305100	8.882510	3879.894897
0.306900	9.085519	2758.107965
0.308700	9.316619	1870.230480
0.310500	9.595552	1170.194590
0.312300	9.826777	793.324484
0.314100	10.000281	592.628973
0.315900	10.224409	406.589577
0.317700	10.364145	321.470312
0.319500	10.398342	303.511502
0.321300	10.429034	288.249188
0.323100	10.510901	251.189181
0.324900	10.501262	255.292226
0.326700	10.539317	239.472256
0.328500	10.595614	217.848844
0.330300	10.614580	211.012989
0.332100	10.685977	187.147958
0.333900	10.784936	158.467207
0.335700	10.778996	160.057407
0.337500	10.849061	142.273541
0.339300	10.925915	125.030653
0.341100	10.992273	111.833383
0.342900	11.063789	99.165550
0.344700	11.153237	85.321492
0.346500	11.232960	74.620116
0.348300	11.317243	64.762698
0.350100	11.416847	54.778217
0.351900	11.542516	44.346814
0.353700	11.638050	37.767383
0.355500	11.697678	34.165278
0.357300	11.834289	27.155102
0.359100	11.913570	23.766848

# Dumping simulation biases, in the metadata file order 
# Window  F (free energy units)
# 0	0.000000
# 1	-8.270967
# 2	-12.986766
# 3	-14.907943
# 4	-15.349530
# 5	-14.357016
# 6	-11.391743
# 7	-9.175316
# 8	-6.753720
# 9	-3.912561
#Iteration 910:  0.000002
#Iteration 920:  0.000002
#Iteration 930:  0.000002
#Iteration 940:  0.000002
#Iteration 950:  0.000001
#Iteration 960:  0.000001
#Iteration 970:  0.000001
#Iteration 980:  0.000001
#Iteration 990:  0.000001
#Iteration 1000:  0.000001
0.000900	inf	0.000000
0.002700	inf	0.000000
0.004500	inf	0.000000
0.006300	inf	0.000000
0.008100	inf	0.000000
0.009900	inf	0.000000
0.011700	inf	0.000000
0.013500	inf	0.000000
0.015300	inf	0.000000
0.017100	inf	0.000000
0.018900	inf	0.000000
0.020700	inf	0.000000
0.022500	inf	0.000000
0.024300	inf	0.000000
0.026100	inf	0.000000
0.027900	inf	0.000000
0.029700	inf	0.000000
0.031500	inf	0.000000
0.033300	inf	0.000000
0.035100	inf	0.000000
0.036900	inf	0.000000
0.038700	inf	0.000000
0.040500	inf	0.000000
0.042300	inf	0.000000
0.044100	inf	0.000000
0.045900	inf	0.000000
0.047700	inf	0.000000
0.049500	inf	0.000000
0.051300	inf	0.000000
0.053100	inf	0.000000
0.054900	inf	0.000000
0.056700	inf	0.000000
0.058500	inf	0.000000
0.060300	inf	0.000000
0.062100	inf	0.000000
0.063900	inf	0.000000
0.065700	inf	0.000000
0.067500	12.522480	8.538455
0.069300	10.730700	173.572618
0.071100	9.519338	1329.979983
0.072900	8.413346	8536.562041
0.074700	7.498555	39731.303488
0.076500	6.674381	158791.640082
0.078300	6.021030	476224.231469
0.080100	5.466529	1209563.253401
0.081900	4.983438	2724666.276474
0.083700	4.550605	5640353.903910
0.085500	4.164302	10797663.164082
0.087300	3.817149	19354012.489797
0.089100	3.503283	32802850.798405
0.090900	3.154170	58990775.326642
0.092700	2.795718	107764160.338911
0.094500	2.452854	191771727.320889
0.096300	2.154535	316646429.425979
0.098100	1.888316	495370637.900594
0.099900	1.687765	693974454.045395
0.101700	1.471409	998381317.195027
0.103500	1.327437	1271756749.916601
0.105300	1.216669	1532042627.702037
0.107100	1.164535	1672368059.644920
0.108900	1.160502	1683745663.801813
0.110700	1.170011	1657045239.607994
0.112500	1.174066	1645786115.742947
0.114300	1.157108	1693378513.916812
0.116100	1.147207	1721797593.458079
0.117900	1.047467	2036096153.217854
0.119700	0.924608	2503179561.905181
0.121500	0.783618	3172654459.552824
0.123300	0.609177	4253782891.088287
0.125100	0.463309	5435841128.542508
0.126900	0.376016	6295006747.472466
0.128700	0.291262	7258903824.064113
0.130500	0.259800	7653152176.052878
0.132300	0.221986	8155422065.203573
0.134100	0.218084	8209103770.409395
0.135900	0.281631	7377380958.812411
0.137700	0.273955	7473194854.993532
0.139500	0.296525	7194974190.519232
0.141300	0.290477	7268489225.707016
0.143100	0.288408	7293815517.692781
0.144900	0.308319	7053728584.655897
0.146700	0.334096	6754605524.280078
0.148500	0.307294	7065894296.811050
0.150300	0.256600	7694428877.405865
0.152100	0.247343	7815102714.039560
0.153900	0.191567	8583304408.172261
0.155700	0.148937	9220965609.472643
0.157500	0.141041	9344178550.724888
0.159300	0.100025	10011182569.745592
0.161100	0.093597	10119951172.557873
0.162900	0.055651	10786509214.068254
0.164700	0.050119	10887292846.640076
0.166500	0.000000	11844297154.537189
0.168300	0.056102	10778340150.669117
0.170100	0.104534	9935587787.971338
0.171900	0.170035	8899664511.673365
0.173700	0.304259	7102028611.791318
0.175500	0.435504	5695953064.666608
0.177300	0.502743	5087191338.463333
0.179100	0.597958	4334766300.621408
0.180900	0.692563	3697420312.219572
0.182700	0.712660	3574591837.464175
0.184500	0.773472	3227232296.576756
0.186300	0.797936	3097206373.880163
0.188100	0.850943	2833165247.901978
0.189900	0.899383	2611608597.210451
0.191700	0.979225	2283594414.922632
0.193500	1.111226	1829155192.002469
0.195300	1.234119	1487754285.320989
0.197100	1.380147	1163918049.107736
0.198900	1.533209	899867961.236528
0.200700	1.737058	638788913.022993
0.202500	1.946432	449264710.094310
0.204300	2.174787	306048300.295167
0.206100	2.434376	197822145.826511
0.207900	2.655198	136477733.264731
0.209700	2.955051	82442737.521610
0.211500	3.116192	62879634.793917
0.213300	3.355766	42034619.403565
0.215100	3.498586	33062841.750709
0.216900	3.710082	23170546.482936
0.218700	3.848499	18360486.372238
0.220500	3.994538	14363725.577057
0.222300	4.078029	12482847.919641
0.224100	4.265586	9107237.709852
0.225900	4.359832	7772868.434818
0.227700	4.550882	5637722.347266
0.229500	4.664482	4657675.342603
0.231300	4.771351	3891786.333661
0.233100	5.019993	2562277.843472
0.234900	5.187716	1932763.328179
0.236700	5.318827	1550456.356164
0.238500	5.517896	1109501.379916
0.240300	5.785085	708051.838208
0.242100	5.896840	586782.468722
0.243900	5.889151	594416.052762
0.245700	5.855577	628929.018806
0.247500	5.834880	651195.744581
0.249300	5.796179	694968.587724
0.251100	5.805808	683810.054878
0.252900	5.884157	599427.140660
0.254700	5.862290	621871.565528
0.256500	5.904114	579651.467220
0.258300	5.859032	625286.335297
0.260100	5.861676	622514.034753
0.261900	5.926924	557845.301148
0.263700	5.924785	559855.388596
0.265500	5.972119	517034.219780
0.267300	6.034311	465710.033889
0.269100	6.032280	467302.438919
0.270900	6.105234	413368.335110
0.272700	6.167126	372522.636718
0.274500	6.229056	335691.596117
0.276300	6.293017	301470.734676
0.278100	6.389632	256277.791264
0.279900	6.493295	215293.582433
0.281700	6.643863	167150.366704
0.283500	6.768561	135541.095730
0.285300	6.910233	106817.359814
0.287100	7.096562	78092.878839
0.288900	7.251111	60225.647935
0.290700	7.399745	46910.472322
0.292500	7.566991	35413.691602
0.294300	7.716864	27526.774238
0.296100	7.894492	20420.971432
0.297900	8.075884	15053.937956
0.299700	8.255504	11130.558738
0.301500	8.439598	8168.039351
0.303300	8.657450	5663.344572
0.305100	8.882828	3877.345113
0.306900	9.085839	2756.288079
0.308700	9.316941	1868.989927
0.310500	9.595876	1169.413156
0.312300	9.827104	792.790332
0.314100	10.000612	592.226076
0.315900	10.224745	406.310182
0.317700	10.364486	321.246928
0.319500	10.398687	303.298286
0.321300	10.429384	288.044660
0.323100	10.511254	251.009402
0.324900	10.501618	255.108208
0.326700	10.539676	239.298672
0.328500	10.595974	217.690258
0.330300	10.614941	210.858891
0.332100	10.686340	187.010970
0.333900	10.785299	158.351019
0.335700	10.779360	159.939914
0.337500	10.849426	142.169015
0.339300	10.926280	124.938740
0.341100	10.992638	111.751138
0.342900	11.064154	99.092600
0.344700	11.153602	85.258713
0.346500	11.233325	74.565204
0.348300	11.317608	64.715035
0.350100	11.417212	54.737899
0.351900	11.542881	44.314172
0.353700	11.638415	37.739583
0.355500	11.698044	34.140129
0.357300	11.834654	27.135113
0.359100	11.913935	23.749353

# Dumping simulation biases, in the metadata file order 
# Window  F (free energy units)
# 0	0.000000
# 1	-8.270964
# 2	-12.986757
# 3	-14.907913
# 4	-15.349465
# 5	-14.356918
# 6	-11.391608
# 7	-9.174958
# 8	-6.753337
# 9	-3.912128
#Iteration 1010:  0.000001
#Iteration 1020:  0.000001
#Iteration 1030:  0.000001
#Iteration 1040:  0.000001
#Iteration 1050:  0.000001
#Iteration 1060:  0.000001
#Iteration 1070:  0.000000
#Iteration 1080:  0.000000
#Iteration 1090:  0.000000
# Dumping simulation biases, in the metadata file order 
# Window  F (free energy units)
# 0	0.000000
# 1	-8.270963
# 2	-12.986754
# 3	-14.907902
# 4	-15.349441
# 5	-14.356881
# 6	-11.391557
# 7	-9.174825
# 8	-6.753195
# 9	-3.911967
# No MC error analysis requested
