# /home/btan/Software/WHAM/wham/wham/wham 0.0 0.4 200 1e-06 300 0 /home/btan/Documents/CRBN_len_CK1a/umbrella_sampling/RMSD/results/backbone_RMSD/CK1a/run2/RED/metafile.txt /home/btan/Documents/CRBN_len_CK1a/umbrella_sampling/RMSD/results/backbone_RMSD/CK1a/run2/RED/pmf.txt
#Number of windows = 11
#Iteration 10:  0.082908
#Iteration 20:  0.032073
#Iteration 30:  0.018522
#Iteration 40:  0.013023
#Iteration 50:  0.010128
#Iteration 60:  0.008332
#Iteration 70:  0.007091
#Iteration 80:  0.006167
#Iteration 90:  0.005440
#Iteration 100:  0.004842
0.001000	inf	0.000000
0.003000	inf	0.000000
0.005000	inf	0.000000
0.007000	inf	0.000000
0.009000	inf	0.000000
0.011000	inf	0.000000
0.013000	inf	0.000000
0.015000	inf	0.000000
0.017000	inf	0.000000
0.019000	inf	0.000000
0.021000	inf	0.000000
0.023000	inf	0.000000
0.025000	inf	0.000000
0.027000	inf	0.000000
0.029000	inf	0.000000
0.031000	inf	0.000000
0.033000	inf	0.000000
0.035000	inf	0.000000
0.037000	inf	0.000000
0.039000	inf	0.000000
0.041000	inf	0.000000
0.043000	inf	0.000000
0.045000	inf	0.000000
0.047000	inf	0.000000
0.049000	inf	0.000000
0.051000	inf	0.000000
0.053000	inf	0.000000
0.055000	inf	0.000000
0.057000	inf	0.000000
0.059000	inf	0.000000
0.061000	inf	0.000000
0.063000	inf	0.000000
0.065000	inf	0.000000
0.067000	11.718992	14.550696
0.069000	10.449047	123.031728
0.071000	9.093320	1201.642332
0.073000	8.095934	6425.764731
0.075000	7.039341	37957.543996
0.077000	6.162009	165882.617608
0.079000	5.393714	603532.404092
0.081000	4.724131	1860093.116926
0.083000	4.143251	4938674.770702
0.085000	3.646885	11375912.847036
0.087000	3.188816	24569866.167771
0.089000	2.787685	48222684.238738
0.091000	2.453174	84618125.167461
0.093000	2.153747	139978968.570653
0.095000	1.897064	215504336.417790
0.097000	1.672034	314587268.054904
0.099000	1.449813	457061773.071799
0.101000	1.253535	635725155.654132
0.103000	1.066373	870779782.740102
0.105000	0.912716	1127421697.258177
0.107000	0.772417	1427291791.378233
0.109000	0.646620	1763404570.089093
0.111000	0.566393	2018006793.143219
0.113000	0.497668	2265141388.155386
0.115000	0.425318	2558085235.454817
0.117000	0.379360	2763547170.382525
0.119000	0.307253	3119676167.452523
0.121000	0.273505	3301771382.481868
0.123000	0.224188	3587167508.724865
0.125000	0.183313	3842310989.816447
0.127000	0.124087	4244546340.664291
0.129000	0.085703	4527445833.682076
0.131000	0.076832	4595469294.534999
0.133000	0.031297	4961042600.147463
0.135000	0.000000	5229037046.323645
0.137000	0.019340	5061772390.309784
0.139000	0.001767	5213528320.748512
0.141000	0.032180	4953682383.214595
0.143000	0.066894	4672886290.894347
0.145000	0.112738	4326298082.314545
0.147000	0.136764	4155052010.776824
0.149000	0.206575	3694966056.746391
0.151000	0.265011	3349256603.032950
0.153000	0.298204	3167495018.573507
0.155000	0.341011	2947569217.320424
0.157000	0.433213	2524361333.635300
0.159000	0.506330	2232399595.664721
0.161000	0.541626	2103795912.934252
0.163000	0.629183	1815858695.549089
0.165000	0.683012	1658760261.894998
0.167000	0.771855	1428641487.799031
0.169000	0.894500	1162479215.023257
0.171000	0.975487	1014519651.652421
0.173000	1.047760	898456061.660466
0.175000	1.149798	756837944.366495
0.177000	1.250402	639081427.169173
0.179000	1.367362	525011794.911840
0.181000	1.365037	527067247.206479
0.183000	1.384702	509928647.116609
0.185000	1.365705	526475774.895683
0.187000	1.338476	551134017.587344
0.189000	1.316847	571541492.561716
0.191000	1.275966	612200331.587488
0.193000	1.238824	651641880.133878
0.195000	1.184570	713867745.763914
0.197000	1.115468	801799250.897043
0.199000	1.057126	884421438.265429
0.201000	1.016977	946172511.084219
0.203000	0.949065	1060595258.329770
0.205000	0.925133	1104132681.032787
0.207000	0.874961	1201295067.478951
0.209000	0.849299	1254250691.292323
0.211000	0.806715	1347327821.525158
0.213000	0.772906	1426119830.956457
0.215000	0.699409	1613662633.222595
0.217000	0.648276	1758503804.098997
0.219000	0.595376	1922042710.077467
0.221000	0.583327	1961368580.034423
0.223000	0.550379	2073066944.879040
0.225000	0.547057	2084676111.578876
0.227000	0.545041	2091754526.852150
0.229000	0.512665	2208749729.818237
0.231000	0.550664	2072075322.487165
0.233000	0.495532	2273288657.796077
0.235000	0.508659	2223675283.739689
0.237000	0.485785	2310843910.334447
0.239000	0.475327	2351828063.239914
0.241000	0.488104	2301852574.716740
0.243000	0.497871	2264369108.355079
0.245000	0.509016	2222343093.257432
0.247000	0.483011	2321645369.101497
0.249000	0.488706	2299526230.408777
0.251000	0.498700	2261217247.372849
0.253000	0.534175	2130313475.315245
0.255000	0.526137	2159293769.503987
0.257000	0.540074	2109291714.374706
0.259000	0.545289	2090880323.851387
0.261000	0.611702	1870011374.022276
0.263000	0.598369	1912396714.059235
0.265000	0.608366	1880526209.555447
0.267000	0.611505	1870630839.390535
0.269000	0.619323	1846205747.530624
0.271000	0.639595	1784351876.726549
0.273000	0.631665	1808296982.156575
0.275000	0.625051	1828514914.248025
0.277000	0.644956	1768345229.978770
0.279000	0.662635	1716564186.800488
0.281000	0.678217	1672186047.091426
0.283000	0.668986	1698336287.609547
0.285000	0.722949	1551055722.953437
0.287000	0.727017	1540484795.065213
0.289000	0.763023	1450010117.668374
0.291000	0.781297	1406144896.782948
0.293000	0.789884	1385993844.897775
0.295000	0.789633	1386578928.796948
0.297000	0.770334	1432299326.773352
0.299000	0.799431	1363927697.009759
0.301000	0.817237	1323706677.784918
0.303000	0.816504	1325339629.283980
0.305000	0.835726	1283198363.153566
0.307000	0.828534	1298806025.382331
0.309000	0.840720	1272471689.863366
0.311000	0.830493	1294535641.458327
0.313000	0.838536	1277150606.338346
0.315000	0.847106	1258882847.255244
0.317000	0.832429	1290329962.168617
0.319000	0.819462	1318764120.878016
0.321000	0.824750	1307093307.670970
0.323000	0.849275	1254301367.344022
0.325000	0.863763	1224122727.576249
0.327000	0.869006	1213380806.314210
0.329000	0.894218	1163030085.268923
0.331000	0.919401	1114823130.119057
0.333000	0.894037	1163384563.462053
0.335000	0.938384	1079809643.023898
0.337000	0.941769	1073683112.181134
0.339000	0.967068	1028978423.323076
0.341000	1.051059	893487530.065892
0.343000	1.113116	804975967.154642
0.345000	1.164259	738661541.833007
0.347000	1.260511	628313492.190975
0.349000	1.276521	611628911.843399
0.351000	1.342819	547124936.290010
0.353000	1.410303	488449142.988505
0.355000	1.441842	463227501.076621
0.357000	1.486851	429472388.085888
0.359000	1.505079	416512166.048262
0.361000	1.520871	405600618.914708
0.363000	1.555046	382955992.819189
0.365000	1.532955	397444207.389628
0.367000	1.539138	393334651.957243
0.369000	1.552329	384709038.514934
0.371000	1.532451	397781407.226445
0.373000	1.560574	379413626.036072
0.375000	1.564554	376883955.363767
0.377000	1.588607	361949235.004375
0.379000	1.598886	355748192.510864
0.381000	1.652423	325130796.905860
0.383000	1.662369	319739615.077391
0.385000	1.728246	286221952.776962
0.387000	1.772863	265540100.255780
0.389000	1.831874	240463003.765180
0.391000	1.887035	219168286.848729
0.393000	1.896599	215672683.170812
0.395000	1.950663	196936297.640605
0.397000	1.993178	183352734.309674
0.399000	1.973896	189393044.051572

# Dumping simulation biases, in the metadata file order 
# Window  F (free energy units)
# 0	0.000000
# 1	-8.240810
# 2	-12.888072
# 3	-14.698732
# 4	-14.562257
# 5	-14.071984
# 6	-14.491676
# 7	-14.347293
# 8	-14.154368
# 9	-13.636500
# 10	-12.810980
#Iteration 110:  0.004337
#Iteration 120:  0.003899
#Iteration 130:  0.003516
#Iteration 140:  0.003175
#Iteration 150:  0.002871
#Iteration 160:  0.002598
#Iteration 170:  0.002352
#Iteration 180:  0.002130
#Iteration 190:  0.001930
#Iteration 200:  0.001749
0.001000	inf	0.000000
0.003000	inf	0.000000
0.005000	inf	0.000000
0.007000	inf	0.000000
0.009000	inf	0.000000
0.011000	inf	0.000000
0.013000	inf	0.000000
0.015000	inf	0.000000
0.017000	inf	0.000000
0.019000	inf	0.000000
0.021000	inf	0.000000
0.023000	inf	0.000000
0.025000	inf	0.000000
0.027000	inf	0.000000
0.029000	inf	0.000000
0.031000	inf	0.000000
0.033000	inf	0.000000
0.035000	inf	0.000000
0.037000	inf	0.000000
0.039000	inf	0.000000
0.041000	inf	0.000000
0.043000	inf	0.000000
0.045000	inf	0.000000
0.047000	inf	0.000000
0.049000	inf	0.000000
0.051000	inf	0.000000
0.053000	inf	0.000000
0.055000	inf	0.000000
0.057000	inf	0.000000
0.059000	inf	0.000000
0.061000	inf	0.000000
0.063000	inf	0.000000
0.065000	inf	0.000000
0.067000	11.803109	14.552392
0.069000	10.533129	123.053127
0.071000	9.177352	1201.953735
0.073000	8.179890	6428.240145
0.075000	7.123187	37979.209340
0.077000	6.245694	166022.241445
0.079000	5.477167	604276.557816
0.081000	4.807253	1863422.378433
0.083000	4.225911	4951353.102655
0.085000	3.728917	11417171.975267
0.087000	3.270015	24693524.734745
0.089000	2.867813	48552766.917447
0.091000	2.531964	85389121.434333
0.093000	2.230919	141639068.347131
0.095000	1.972346	218753983.144706
0.097000	1.745193	320472659.533240
0.099000	1.520681	467409573.492209
0.101000	1.322008	652740545.857181
0.103000	1.132375	897807725.697883
0.105000	0.976138	1167469710.544984
0.107000	0.833056	1484921621.390322
0.109000	0.704162	1844180861.913980
0.111000	0.620447	2122854061.849936
0.113000	0.547859	2398354114.131355
0.115000	0.471402	2727293233.115662
0.117000	0.421311	2966884185.539033
0.119000	0.345274	3371414299.677646
0.121000	0.307947	3589741905.529898
0.123000	0.255416	3921151730.525020
0.125000	0.211586	4220970788.674907
0.127000	0.149460	4685626697.615327
0.129000	0.107986	5023960604.133629
0.131000	0.095581	5129820608.620906
0.133000	0.045871	5576905750.801682
0.135000	0.009672	5926810242.258472
0.137000	0.023471	5790908383.194458
0.139000	0.000000	6023960594.571527
0.141000	0.024564	5780276854.073489
0.143000	0.053886	5502270629.438163
0.145000	0.095079	5134159328.372815
0.147000	0.115293	4962628552.436507
0.149000	0.182073	4435660891.909746
0.151000	0.238096	4036996581.717977
0.153000	0.269279	3830832821.909902
0.155000	0.310246	3575892198.470843
0.157000	0.400529	3072364085.138381
0.159000	0.471372	2727427536.529418
0.161000	0.503714	2583105004.418638
0.163000	0.587236	2244738534.189024
0.165000	0.635464	2069934081.676465
0.167000	0.716573	1806102694.148664
0.169000	0.828770	1495659464.304679
0.171000	0.896136	1335523119.227009
0.173000	0.951509	1216817859.980442
0.175000	1.033838	1059548683.773577
0.177000	1.113058	927440070.087474
0.179000	1.208565	789878821.057825
0.181000	1.186346	819938214.536142
0.183000	1.188865	816473550.956621
0.185000	1.155999	862852656.496437
0.187000	1.118114	919591595.758870
0.189000	1.088613	966344828.858925
0.191000	1.042078	1044974177.699053
0.193000	1.000946	1119784232.615803
0.195000	0.943893	1232497936.174444
0.197000	0.872813	1388923811.597039
0.199000	0.813028	1535765803.940829
0.201000	0.771755	1646101205.857181
0.203000	0.702864	1848209674.023183
0.205000	0.677943	1927279429.910646
0.207000	0.626623	2100930457.034129
0.209000	0.599486	2198988340.299422
0.211000	0.554906	2370112344.777180
0.213000	0.518350	2520328490.194989
0.215000	0.441100	2869814293.597453
0.217000	0.384966	3153807233.858372
0.219000	0.325664	3484403084.570133
0.221000	0.305851	3602410383.499885
0.223000	0.264089	3864400804.103423
0.225000	0.251486	3947144584.858730
0.227000	0.240437	4021140715.222466
0.229000	0.199913	4304614745.586063
0.231000	0.231031	4085225156.590657
0.233000	0.170383	4523686722.585023
0.235000	0.179223	4456959777.316409
0.237000	0.153034	4657560812.138093
0.239000	0.139927	4761321413.003257
0.241000	0.150414	4678116554.987275
0.243000	0.157952	4619212425.492592
0.245000	0.166632	4552299822.042873
0.247000	0.137626	4779776204.393784
0.249000	0.139473	4764955403.166756
0.251000	0.144492	4724919747.109215
0.253000	0.173674	4498733434.123376
0.255000	0.158019	4618696760.864988
0.257000	0.163284	4577997162.852531
0.259000	0.159319	4608609660.500606
0.261000	0.216746	4184512455.046748
0.263000	0.195272	4338330910.593299
0.265000	0.198390	4315650330.042772
0.267000	0.196046	4332686756.435062
0.269000	0.199686	4306258180.523407
0.271000	0.216863	4183691014.291409
0.273000	0.206666	4256025930.780463
0.275000	0.198366	4315821613.553928
0.277000	0.216953	4183056497.179922
0.279000	0.233499	4068312717.989468
0.281000	0.247964	3970579763.853699
0.283000	0.237471	4041240759.020377
0.285000	0.289851	3700616422.068010
0.287000	0.291821	3688382421.810885
0.289000	0.324999	3488300851.360988
0.291000	0.339504	3404273461.544344
0.293000	0.343223	3383062076.623322
0.295000	0.336976	3418771257.296682
0.297000	0.310739	3572932798.365391
0.299000	0.332369	3445351146.230230
0.301000	0.342748	3385759200.807590
0.303000	0.335184	3429089979.636006
0.305000	0.348557	3352859319.784966
0.307000	0.336652	3420633843.208666
0.309000	0.345212	3371765835.211416
0.311000	0.332279	3445873107.474503
0.313000	0.338323	3411042713.285512
0.315000	0.345392	3370747666.466532
0.317000	0.329526	3461860382.515340
0.319000	0.315520	3544330884.379865
0.321000	0.319773	3519082114.012318
0.323000	0.343127	3383603406.158742
0.325000	0.356170	3310223812.773291
0.327000	0.359560	3291414039.290564
0.329000	0.382398	3167451086.106361
0.331000	0.404627	3051271574.428219
0.333000	0.375773	3202922246.018333
0.335000	0.416259	2992190670.793125
0.337000	0.415684	2995085361.024890
0.339000	0.437229	2888549306.485360
0.341000	0.517919	2522154883.653101
0.343000	0.577259	2282703782.626938
0.345000	0.626284	2102127354.395901
0.347000	0.720948	1792870476.278986
0.349000	0.735798	1748666373.026745
0.351000	0.801257	1566455690.500570
0.353000	0.868126	1399910883.776443
0.355000	0.899191	1328680828.884371
0.357000	0.943803	1232684263.662933
0.359000	0.961650	1196250452.412969
0.361000	0.977024	1165730590.092087
0.363000	1.010689	1101592559.723853
0.365000	0.987939	1144536597.287164
0.367000	0.993258	1134348988.780254
0.369000	1.005334	1111553108.179979
0.371000	0.984076	1151994452.561985
0.373000	1.010582	1101791449.542434
0.375000	1.012795	1097699644.432185
0.377000	1.035063	1057369330.070024
0.379000	1.043676	1042170388.342021
0.381000	1.095767	954793011.676092
0.383000	1.104539	940816355.368463
0.385000	1.169511	843474394.598179
0.387000	1.213459	783407114.298979
0.389000	1.271991	709996056.426536
0.391000	1.326815	647487060.430776
0.393000	1.336147	637409058.306342
0.395000	1.390051	582190105.070840
0.397000	1.432458	542132067.208897
0.399000	1.413104	560060333.437806

# Dumping simulation biases, in the metadata file order 
# Window  F (free energy units)
# 0	0.000000
# 1	-8.246175
# 2	-12.908650
# 3	-14.755521
# 4	-14.675623
# 5	-14.398692
# 6	-14.909500
# 7	-14.855399
# 8	-14.736545
# 9	-14.257669
# 10	-13.449845
#Iteration 210:  0.001585
#Iteration 220:  0.001436
#Iteration 230:  0.001302
#Iteration 240:  0.001180
#Iteration 250:  0.001070
#Iteration 260:  0.000970
#Iteration 270:  0.000879
#Iteration 280:  0.000797
#Iteration 290:  0.000723
#Iteration 300:  0.000655
0.001000	inf	0.000000
0.003000	inf	0.000000
0.005000	inf	0.000000
0.007000	inf	0.000000
0.009000	inf	0.000000
0.011000	inf	0.000000
0.013000	inf	0.000000
0.015000	inf	0.000000
0.017000	inf	0.000000
0.019000	inf	0.000000
0.021000	inf	0.000000
0.023000	inf	0.000000
0.025000	inf	0.000000
0.027000	inf	0.000000
0.029000	inf	0.000000
0.031000	inf	0.000000
0.033000	inf	0.000000
0.035000	inf	0.000000
0.037000	inf	0.000000
0.039000	inf	0.000000
0.041000	inf	0.000000
0.043000	inf	0.000000
0.045000	inf	0.000000
0.047000	inf	0.000000
0.049000	inf	0.000000
0.051000	inf	0.000000
0.053000	inf	0.000000
0.055000	inf	0.000000
0.057000	inf	0.000000
0.059000	inf	0.000000
0.061000	inf	0.000000
0.063000	inf	0.000000
0.065000	inf	0.000000
0.067000	11.833388	14.552987
0.069000	10.563396	123.060624
0.071000	9.207601	1202.062834
0.073000	8.210113	6429.107465
0.075000	7.153372	37986.801176
0.077000	6.275822	166071.175704
0.079000	5.507213	604537.425315
0.081000	4.837183	1864589.866709
0.083000	4.255681	4955801.177681
0.085000	3.758466	11431656.737407
0.087000	3.299273	24736975.271324
0.089000	2.896695	48668885.098619
0.091000	2.560378	85660764.417435
0.093000	2.258766	142225133.162700
0.095000	1.999530	219904051.874521
0.097000	1.771631	322561580.261574
0.099000	1.546314	471093909.426601
0.101000	1.346798	658818001.769191
0.103000	1.156297	907490232.193715
0.105000	0.999155	1181856618.531114
0.107000	0.855100	1505682262.285083
0.109000	0.725123	1873370484.561524
0.111000	0.640187	2160887134.001000
0.113000	0.566240	2446907340.587458
0.115000	0.488328	2789314199.953486
0.117000	0.436766	3041871675.885646
0.119000	0.359321	3464814727.231312
0.121000	0.320708	3697175304.850867
0.123000	0.267024	4046338551.990039
0.125000	0.222140	4363455504.341261
0.127000	0.158990	4852141457.135799
0.129000	0.116435	5211962110.035881
0.131000	0.102802	5332786161.296607
0.133000	0.051640	5811725740.714472
0.135000	0.013727	6194174797.185861
0.137000	0.025574	6072044633.478036
0.139000	0.000000	6338773969.919883
0.141000	0.022455	6103962684.097530
0.143000	0.049811	5829625310.759560
0.145000	0.089291	5455284385.265189
0.147000	0.108097	5285525375.648909
0.149000	0.173759	4733157725.818714
0.151000	0.228902	4314131280.232169
0.153000	0.259372	4098728222.099093
0.155000	0.299713	3829990397.948343
0.157000	0.389374	3294125608.237473
0.159000	0.459509	2927771571.965138
0.161000	0.490954	2777029135.911823
0.163000	0.573265	2418181542.210999
0.165000	0.619808	2236197207.969072
0.167000	0.698565	1958901605.567504
0.169000	0.807527	1631038009.467746
0.171000	0.870568	1467034751.634060
0.173000	0.920392	1349167912.629793
0.175000	0.995979	1188183727.253398
0.177000	1.067535	1053521225.942153
0.179000	1.154966	909522399.905660
0.181000	1.124891	956688152.846730
0.183000	1.120336	964041421.428746
0.185000	1.081532	1029021677.348594
0.187000	1.038950	1105380958.193269
0.189000	1.005903	1168526227.632825
0.191000	0.956780	1269114366.896813
0.193000	0.913804	1364192235.817562
0.195000	0.855454	1504785833.099911
0.197000	0.783461	1698375474.789163
0.199000	0.723021	1880002973.657508
0.201000	0.681255	2016741044.639660
0.203000	0.611957	2265905599.368236
0.205000	0.586652	2364369522.422430
0.207000	0.534912	2579221877.590369
0.209000	0.507258	2701953210.409214
0.211000	0.461992	2915579054.540526
0.213000	0.424498	3105257713.956711
0.215000	0.345965	3543486415.624753
0.217000	0.288110	3905427856.897515
0.219000	0.226580	4331007223.279229
0.221000	0.204022	4498395968.716956
0.223000	0.159085	4851364290.748743
0.225000	0.143071	4983734355.039987
0.227000	0.128634	5106167975.625095
0.229000	0.084993	5494843729.088321
0.231000	0.113438	5238285954.789081
0.233000	0.050620	5821699193.150503
0.235000	0.057764	5752207982.944107
0.237000	0.030263	6024367480.302896
0.239000	0.016120	6169312393.541980
0.241000	0.025732	6070432383.923419
0.243000	0.032442	6002339762.452176
0.245000	0.040233	5924244200.792503
0.247000	0.010162	6231415720.071709
0.249000	0.010654	6226255283.385318
0.251000	0.013919	6192184804.356924
0.253000	0.040860	5918003617.115826
0.255000	0.022455	6103957783.342717
0.257000	0.024535	6082657007.541475
0.259000	0.017130	6158846645.557273
0.261000	0.071119	5624502983.617486
0.263000	0.046468	5862479264.993291
0.265000	0.046855	5858663875.734655
0.267000	0.042304	5903652378.060465
0.269000	0.044244	5884428873.696125
0.271000	0.060155	5729127341.746360
0.273000	0.049028	5837296933.205731
0.275000	0.040041	5926156560.280178
0.277000	0.058098	5748977134.212454
0.279000	0.074198	5595471463.347532
0.281000	0.088237	5464966806.147551
0.283000	0.077274	5566613308.296147
0.285000	0.129076	5102379171.643142
0.287000	0.130284	5092020215.980064
0.289000	0.162438	4824100311.217775
0.291000	0.175571	4718767588.764840
0.293000	0.177501	4703477986.441540
0.295000	0.169028	4770953696.545798
0.297000	0.140175	5008059985.491836
0.299000	0.158944	4852518020.542805
0.301000	0.166427	4791855200.918278
0.303000	0.156155	4875322495.135093
0.305000	0.167176	4785829611.986493
0.307000	0.153352	4898342893.276482
0.309000	0.160423	4840467321.722375
0.311000	0.146372	4956162053.338734
0.313000	0.151588	4912896671.116192
0.315000	0.158037	4859918979.903863
0.317000	0.141685	4995364896.292233
0.319000	0.127261	5117962989.669760
0.321000	0.131106	5084996433.365355
0.323000	0.154005	4892972209.894394
0.325000	0.166492	4791333797.648630
0.327000	0.169172	4769800365.063619
0.329000	0.191098	4597193423.449082
0.331000	0.212190	4437051407.803322
0.333000	0.181982	4668187612.998104
0.335000	0.220958	4372132823.412249
0.337000	0.218821	4387869574.124729
0.339000	0.238872	4242432648.445758
0.341000	0.318237	3712563118.914215
0.343000	0.376480	3366301869.064385
0.345000	0.424644	3104495381.158893
0.347000	0.518660	2650658049.389648
0.349000	0.533037	2587366259.841740
0.351000	0.598152	2319102002.689796
0.353000	0.664769	2073413288.098706
0.355000	0.695642	1968551385.334316
0.357000	0.740092	1826817885.175939
0.359000	0.757788	1773277568.329820
0.361000	0.772996	1728517777.163537
0.363000	0.806459	1633967979.437257
0.365000	0.783450	1698405941.444539
0.367000	0.788429	1684249679.519491
0.369000	0.800067	1651619604.057714
0.371000	0.778264	1713277797.930305
0.373000	0.804130	1640377946.183649
0.375000	0.805642	1636214331.503463
0.377000	0.827198	1577985894.826708
0.379000	0.835144	1557049627.202529
0.381000	0.886654	1427897365.610893
0.383000	0.894953	1408115299.141443
0.385000	0.959559	1263200244.223965
0.387000	1.003236	1173776900.123769
0.389000	1.061573	1064133189.347800
0.391000	1.116261	970668322.328298
0.393000	1.125498	955711712.609515
0.395000	1.179338	873012793.556627
0.397000	1.221702	813004312.887237
0.399000	1.202318	839932034.133254

# Dumping simulation biases, in the metadata file order 
# Window  F (free energy units)
# 0	0.000000
# 1	-8.248070
# 2	-12.915948
# 3	-14.775749
# 4	-14.716188
# 5	-14.518854
# 6	-15.063334
# 7	-15.043276
# 8	-14.953000
# 9	-14.489437
# 10	-13.688635
#Iteration 310:  0.000594
#Iteration 320:  0.000539
#Iteration 330:  0.000488
#Iteration 340:  0.000443
#Iteration 350:  0.000402
#Iteration 360:  0.000364
#Iteration 370:  0.000330
#Iteration 380:  0.000299
#Iteration 390:  0.000271
#Iteration 400:  0.000246
0.001000	inf	0.000000
0.003000	inf	0.000000
0.005000	inf	0.000000
0.007000	inf	0.000000
0.009000	inf	0.000000
0.011000	inf	0.000000
0.013000	inf	0.000000
0.015000	inf	0.000000
0.017000	inf	0.000000
0.019000	inf	0.000000
0.021000	inf	0.000000
0.023000	inf	0.000000
0.025000	inf	0.000000
0.027000	inf	0.000000
0.029000	inf	0.000000
0.031000	inf	0.000000
0.033000	inf	0.000000
0.035000	inf	0.000000
0.037000	inf	0.000000
0.039000	inf	0.000000
0.041000	inf	0.000000
0.043000	inf	0.000000
0.045000	inf	0.000000
0.047000	inf	0.000000
0.049000	inf	0.000000
0.051000	inf	0.000000
0.053000	inf	0.000000
0.055000	inf	0.000000
0.057000	inf	0.000000
0.059000	inf	0.000000
0.061000	inf	0.000000
0.063000	inf	0.000000
0.065000	inf	0.000000
0.067000	11.882458	14.553209
0.069000	10.612462	123.063424
0.071000	9.256661	1202.103588
0.073000	8.259163	6429.431461
0.075000	7.202407	37989.637280
0.077000	6.324837	166089.457135
0.079000	5.556197	604634.890309
0.081000	4.886124	1865026.107048
0.083000	4.304561	4957463.470529
0.085000	3.807264	11437070.909032
0.087000	3.347962	24753220.707145
0.089000	2.945244	48712315.353701
0.091000	2.608753	85762412.704986
0.093000	2.306929	142444577.207561
0.095000	2.047445	220335027.500990
0.097000	1.819268	323345131.304714
0.099000	1.593649	472477346.266465
0.101000	1.393818	661102429.291006
0.103000	1.202994	911133313.125628
0.105000	1.045514	1187274599.724909
0.107000	0.901096	1513507354.342669
0.109000	0.770716	1884383328.331388
0.111000	0.685325	2175253972.813409
0.113000	0.610871	2465276775.052670
0.115000	0.532415	2812823465.176190
0.117000	0.480301	3070355686.038628
0.119000	0.402328	3500367736.157631
0.121000	0.363231	3738149049.756828
0.123000	0.309114	4094161878.989575
0.125000	0.263835	4417959931.260093
0.127000	0.200303	4915907671.231753
0.129000	0.157346	5284025500.220885
0.131000	0.143257	5410661419.069993
0.133000	0.091558	5901929247.475351
0.135000	0.053009	6297039637.806089
0.137000	0.064129	6180428558.057426
0.139000	0.037770	6460444278.553368
0.141000	0.059433	6229409486.041110
0.143000	0.086048	5956847536.487407
0.145000	0.124882	5580402337.639150
0.147000	0.143154	5411600793.030683
0.149000	0.208393	4849507298.412085
0.151000	0.263204	4422646893.967715
0.153000	0.293406	4203709823.147711
0.155000	0.333517	3929611374.629533
0.157000	0.422953	3381084365.008001
0.159000	0.492838	3006326572.314920
0.161000	0.523969	2853045216.764031
0.163000	0.605858	2486138564.288276
0.165000	0.651814	2301308208.083868
0.167000	0.729751	2018720988.115680
0.169000	0.837578	1684054382.653677
0.171000	0.899090	1518620482.365157
0.173000	0.946929	1401276077.852268
0.175000	1.020070	1239156898.245748
0.177000	1.088802	1103947890.244476
0.179000	1.173201	957925825.758526
0.181000	1.140121	1012703722.664044
0.183000	1.132814	1025220011.895111
0.185000	1.091665	1098646871.542403
0.187000	1.047204	1183905729.207416
0.189000	1.012725	1254553596.409502
0.191000	0.962550	1364958845.796441
0.193000	0.918821	1469075714.282226
0.195000	0.859939	1621926218.015631
0.197000	0.787573	1831736234.025196
0.199000	0.726866	2028535185.348155
0.201000	0.684901	2176803318.063830
0.203000	0.615442	2446404203.687658
0.205000	0.589990	2553345711.929248
0.207000	0.538092	2786108384.187230
0.209000	0.510247	2919620707.858026
0.211000	0.464731	3151782595.281750
0.213000	0.426896	3358751336.401983
0.215000	0.347898	3835757241.796185
0.217000	0.289416	4232005713.392418
0.219000	0.227072	4699600503.199170
0.221000	0.203505	4889514680.184551
0.223000	0.157395	5283584844.054275
0.225000	0.140111	5439352376.350151
0.227000	0.124402	5584907614.348566
0.229000	0.079583	6021940197.126848
0.231000	0.107010	5750597013.544379
0.233000	0.043363	6399984101.315995
0.235000	0.049856	6330504333.759153
0.237000	0.021854	6635624302.412289
0.239000	0.007316	6799791571.584154
0.241000	0.016596	6694531148.040908
0.243000	0.022998	6622876036.165706
0.245000	0.030460	6540311684.751152
0.247000	0.000000	6883926114.606094
0.249000	0.000000	6883928301.462652
0.251000	0.002625	6853614032.946049
0.253000	0.028749	6559152625.198947
0.255000	0.009337	6776725654.475981
0.257000	0.010241	6766433501.841219
0.259000	0.001557	6865930982.761101
0.261000	0.054259	6283828823.614756
0.263000	0.028408	6562916476.034835
0.265000	0.027758	6570094930.419871
0.267000	0.022364	6629936528.982259
0.269000	0.023652	6615594567.637579
0.271000	0.039076	6446272125.173515
0.273000	0.027591	6571932960.656951
0.275000	0.018340	6674939690.927704
0.277000	0.036194	6477579389.565816
0.279000	0.052125	6306406871.109057
0.281000	0.066005	6160969428.054505
0.283000	0.054869	6277388196.208884
0.285000	0.106459	5755924759.926450
0.287000	0.107391	5746915294.884445
0.289000	0.139171	5447951238.546649
0.291000	0.151804	5333476248.993400
0.293000	0.153082	5322033772.493880
0.295000	0.143792	5405803340.528459
0.297000	0.113974	5683670385.746577
0.299000	0.131681	5516985365.724641
0.301000	0.138083	5457931846.580893
0.303000	0.126792	5562513014.605289
0.305000	0.136923	5468577616.953488
0.307000	0.122371	5604005339.817108
0.309000	0.128874	5543081485.866212
0.311000	0.114395	5679648629.125991
0.313000	0.119294	5633064435.572509
0.315000	0.125507	5574538259.841788
0.317000	0.108970	5731682291.196917
0.319000	0.094388	5873910759.522544
0.321000	0.098080	5837576826.903537
0.323000	0.120810	5618729472.680828
0.325000	0.133092	5503917160.602488
0.327000	0.135509	5481596856.227839
0.329000	0.157099	5286219496.809840
0.331000	0.177770	5105684161.186826
0.333000	0.147060	5376182147.757911
0.335000	0.185475	5039978048.812263
0.337000	0.182756	5063074222.631602
0.339000	0.202248	4899860043.447860
0.341000	0.281116	4291464783.499184
0.343000	0.338946	3893914785.413867
0.345000	0.386784	3593035485.850606
0.347000	0.480556	3069042060.182222
0.349000	0.494753	2996663455.946128
0.351000	0.559739	2686549144.391039
0.353000	0.626260	2402316847.987904
0.355000	0.657061	2281099431.602495
0.357000	0.701451	2117077822.451150
0.359000	0.719089	2055227494.241792
0.361000	0.734236	2003558969.077963
0.363000	0.767624	1894202371.549167
0.365000	0.744519	1969221284.826194
0.367000	0.749372	1953221112.385758
0.369000	0.760848	1915903503.131091
0.371000	0.738842	1988103276.078186
0.373000	0.764471	1904270530.963479
0.375000	0.765722	1900270808.653253
0.377000	0.787012	1833462937.956867
0.379000	0.794709	1809895037.435758
0.381000	0.846002	1660375992.699516
0.383000	0.854124	1637860927.641088
0.385000	0.918593	1469640171.861668
0.387000	0.962168	1365835865.784385
0.389000	1.020432	1238403618.833057
0.391000	1.075069	1129729575.912932
0.393000	1.084271	1112388315.970086
0.395000	1.138086	1016173359.970757
0.397000	1.180433	946350571.530946
0.399000	1.161039	977713129.086181

# Dumping simulation biases, in the metadata file order 
# Window  F (free energy units)
# 0	0.000000
# 1	-8.248780
# 2	-12.918682
# 3	-14.783331
# 4	-14.731391
# 5	-14.564081
# 6	-15.121148
# 7	-15.113796
# 8	-15.034175
# 9	-14.576322
# 10	-13.778135
#Iteration 410:  0.000223
#Iteration 420:  0.000202
#Iteration 430:  0.000184
#Iteration 440:  0.000166
#Iteration 450:  0.000151
#Iteration 460:  0.000137
#Iteration 470:  0.000124
#Iteration 480:  0.000113
#Iteration 490:  0.000102
#Iteration 500:  0.000093
0.001000	inf	0.000000
0.003000	inf	0.000000
0.005000	inf	0.000000
0.007000	inf	0.000000
0.009000	inf	0.000000
0.011000	inf	0.000000
0.013000	inf	0.000000
0.015000	inf	0.000000
0.017000	inf	0.000000
0.019000	inf	0.000000
0.021000	inf	0.000000
0.023000	inf	0.000000
0.025000	inf	0.000000
0.027000	inf	0.000000
0.029000	inf	0.000000
0.031000	inf	0.000000
0.033000	inf	0.000000
0.035000	inf	0.000000
0.037000	inf	0.000000
0.039000	inf	0.000000
0.041000	inf	0.000000
0.043000	inf	0.000000
0.045000	inf	0.000000
0.047000	inf	0.000000
0.049000	inf	0.000000
0.051000	inf	0.000000
0.053000	inf	0.000000
0.055000	inf	0.000000
0.057000	inf	0.000000
0.059000	inf	0.000000
0.061000	inf	0.000000
0.063000	inf	0.000000
0.065000	inf	0.000000
0.067000	11.905181	14.553292
0.069000	10.635183	123.064475
0.071000	9.279379	1202.118881
0.073000	8.281878	6429.553043
0.075000	7.225117	37990.701561
0.077000	6.347538	166096.317588
0.079000	5.578887	604671.466879
0.081000	4.908798	1865189.825152
0.083000	4.327212	4958087.351129
0.085000	3.829884	11439103.067493
0.087000	3.370541	24759318.880527
0.089000	2.967771	48728620.270917
0.091000	2.631214	85800581.107642
0.093000	2.329310	142526996.800976
0.095000	2.069734	220496943.553066
0.097000	1.841452	323639613.955389
0.099000	1.615721	472997487.780403
0.101000	1.415772	661961659.814221
0.103000	1.224825	912504068.550173
0.105000	1.067219	1189313864.071975
0.107000	0.922665	1516453579.624063
0.109000	0.792134	1888531265.238559
0.111000	0.706572	2180667614.312721
0.113000	0.631928	2472202664.243509
0.115000	0.553269	2821693498.456748
0.117000	0.500947	3081111126.703912
0.119000	0.422775	3513803016.950763
0.121000	0.383497	3753644048.285995
0.123000	0.329217	4112258393.395747
0.125000	0.283789	4438595016.017334
0.127000	0.220114	4940059126.858254
0.129000	0.177006	5311329261.170473
0.131000	0.162747	5440177879.509638
0.133000	0.110846	5936133229.767573
0.135000	0.072060	6336066987.157911
0.137000	0.082907	6221580896.709250
0.139000	0.056253	6506684230.062531
0.141000	0.077619	6277134160.939606
0.143000	0.103955	6005298326.179192
0.145000	0.142545	5628097401.561635
0.147000	0.160616	5459699519.224922
0.149000	0.225695	4893923385.738785
0.151000	0.280381	4464091285.287098
0.153000	0.310484	4243816759.190009
0.155000	0.350508	3967677146.173543
0.157000	0.439862	3414314161.796621
0.159000	0.509654	3036344266.436781
0.161000	0.540670	2882089526.286709
0.163000	0.622404	2512098975.831660
0.165000	0.668146	2326176065.563849
0.167000	0.745783	2041563968.787372
0.169000	0.853195	1704300159.411285
0.171000	0.914145	1538329244.371968
0.173000	0.961253	1421208650.764247
0.175000	1.033488	1258698666.177237
0.177000	1.101166	1123344266.373709
0.179000	1.184429	976622524.832315
0.181000	1.150213	1034442120.553711
0.183000	1.141859	1049071967.730781
0.185000	1.099812	1125904518.980798
0.187000	1.054629	1214753036.039111
0.189000	1.019596	1288438566.823096
0.191000	0.969015	1402785791.725529
0.193000	0.924994	1510529483.461226
0.195000	0.865906	1668271245.193643
0.197000	0.793394	1884535904.200081
0.199000	0.732584	2087370426.598889
0.201000	0.690542	2240227808.678610
0.203000	0.621022	2517944866.804970
0.205000	0.595513	2628261699.433881
0.207000	0.543556	2868139574.753623
0.209000	0.515640	3005943099.589413
0.211000	0.470030	3245477419.996763
0.213000	0.432069	3459334689.107624
0.215000	0.352898	3951774268.679754
0.217000	0.294183	4361713679.427221
0.219000	0.231536	4846106904.057486
0.221000	0.207594	5045127795.407204
0.223000	0.161045	5455759741.405203
0.225000	0.143285	5621099690.168823
0.227000	0.127098	5776157565.862247
0.229000	0.081835	6232805954.777123
0.231000	0.108878	5955806729.773854
0.233000	0.044917	6631864202.294577
0.235000	0.051164	6562582831.659496
0.237000	0.022972	6881088262.686294
0.239000	0.008284	7053100195.436122
0.241000	0.017440	6945375601.210753
0.243000	0.023725	6872374473.387972
0.245000	0.031066	6788097268.543903
0.247000	0.000460	7146468842.233164
0.249000	0.000277	7148672255.601513
0.251000	0.002665	7120031846.337519
0.253000	0.028485	6817606767.671337
0.255000	0.008697	7048200198.654187
0.257000	0.009162	7042689445.619717
0.259000	0.000000	7152002679.498036
0.261000	0.052218	6550969678.971907
0.263000	0.025916	6847116741.121801
0.265000	0.024874	6859120884.495391
0.267000	0.019161	6925307017.731835
0.269000	0.020202	6913196163.721818
0.271000	0.035441	6738348940.935544
0.273000	0.023821	6871270927.733514
0.275000	0.014469	6980144716.799368
0.277000	0.032247	6774633517.534706
0.279000	0.048114	6596316396.042154
0.281000	0.061934	6444840258.165669
0.283000	0.050733	6567336986.539687
0.285000	0.102245	6022584712.162212
0.287000	0.103074	6014198887.324502
0.289000	0.134716	5702657895.145324
0.291000	0.147163	5584574364.125599
0.293000	0.148198	5574869320.734318
0.295000	0.138603	5665517328.092572
0.297000	0.108425	5960341747.997467
0.299000	0.125735	5789408945.256053
0.301000	0.131731	5731347588.702483
0.303000	0.120057	5844927909.107142
0.305000	0.129853	5749462346.771852
0.307000	0.115026	5894572432.886891
0.309000	0.121314	5832594266.929160
0.311000	0.106673	5977918938.090010
0.313000	0.111453	5930082637.947370
0.315000	0.117576	5869353853.294770
0.317000	0.100969	6035517428.555747
0.319000	0.086328	6185904231.442344
0.321000	0.089962	6148234585.689261
0.323000	0.112629	5918370667.903031
0.325000	0.124834	5798184485.279375
0.327000	0.127153	5775621568.542721
0.329000	0.148617	5570940602.017347
0.331000	0.169131	5382103234.556960
0.333000	0.138234	5669033263.232892
0.335000	0.176439	5316392634.277241
0.337000	0.173501	5342716558.277119
0.339000	0.192783	5172312082.645689
0.341000	0.271464	4531510808.448091
0.343000	0.329139	4112798254.831499
0.345000	0.376855	3795786223.829674
0.347000	0.470535	3242726976.910547
0.349000	0.484664	3166612052.756182
0.351000	0.549601	2839144130.940739
0.353000	0.616086	2538920589.515710
0.355000	0.646860	2410921244.563488
0.357000	0.691227	2237650308.055596
0.359000	0.708844	2172355599.687729
0.361000	0.723967	2117824887.305519
0.363000	0.757328	2002325678.599204
0.365000	0.734187	2081752622.417450
0.367000	0.738993	2065001592.603348
0.369000	0.750408	2025755403.047921
0.371000	0.728326	2102362166.421935
0.373000	0.753866	2014012779.050787
0.375000	0.755019	2010112956.985827
0.377000	0.776210	1939767638.253075
0.379000	0.783813	1915134100.014030
0.381000	0.835025	1757161697.488142
0.383000	0.843080	1733528019.563244
0.385000	0.907497	1555616050.744053
0.387000	0.951035	1445831773.602900
0.389000	1.009271	1310996338.984909
0.391000	1.063889	1195990764.487718
0.393000	1.073077	1177658762.214393
0.395000	1.126884	1075814768.712308
0.397000	1.169225	1001904337.036381
0.399000	1.149826	1035115234.653994

# Dumping simulation biases, in the metadata file order 
# Window  F (free energy units)
# 0	0.000000
# 1	-8.249047
# 2	-12.919709
# 3	-14.786180
# 4	-14.737103
# 5	-14.581094
# 6	-15.142884
# 7	-15.140297
# 8	-15.064670
# 9	-14.608958
# 10	-13.811752
#Iteration 510:  0.000084
#Iteration 520:  0.000076
#Iteration 530:  0.000069
#Iteration 540:  0.000063
#Iteration 550:  0.000057
#Iteration 560:  0.000051
#Iteration 570:  0.000047
#Iteration 580:  0.000042
#Iteration 590:  0.000038
#Iteration 600:  0.000035
0.001000	inf	0.000000
0.003000	inf	0.000000
0.005000	inf	0.000000
0.007000	inf	0.000000
0.009000	inf	0.000000
0.011000	inf	0.000000
0.013000	inf	0.000000
0.015000	inf	0.000000
0.017000	inf	0.000000
0.019000	inf	0.000000
0.021000	inf	0.000000
0.023000	inf	0.000000
0.025000	inf	0.000000
0.027000	inf	0.000000
0.029000	inf	0.000000
0.031000	inf	0.000000
0.033000	inf	0.000000
0.035000	inf	0.000000
0.037000	inf	0.000000
0.039000	inf	0.000000
0.041000	inf	0.000000
0.043000	inf	0.000000
0.045000	inf	0.000000
0.047000	inf	0.000000
0.049000	inf	0.000000
0.051000	inf	0.000000
0.053000	inf	0.000000
0.055000	inf	0.000000
0.057000	inf	0.000000
0.059000	inf	0.000000
0.061000	inf	0.000000
0.063000	inf	0.000000
0.065000	inf	0.000000
0.067000	11.914307	14.553323
0.069000	10.644308	123.064870
0.071000	9.288504	1202.124627
0.073000	8.291001	6429.598727
0.075000	7.234237	37991.101458
0.077000	6.356656	166098.895378
0.079000	5.588001	604685.210527
0.081000	4.917905	1865251.343117
0.083000	4.336311	4958321.782316
0.085000	3.838972	11439866.698103
0.087000	3.379613	24761610.495191
0.089000	2.976824	48734747.753657
0.091000	2.640242	85814925.977457
0.093000	2.338308	142557975.389040
0.095000	2.078697	220557808.888328
0.097000	1.850376	323750326.817391
0.099000	1.624602	473193067.409359
0.101000	1.424609	662284788.632944
0.103000	1.233616	913019636.158115
0.105000	1.075963	1190080966.844677
0.107000	0.931358	1517561985.010715
0.109000	0.800770	1890091979.084814
0.111000	0.715144	2182704908.996111
0.113000	0.640428	2474809622.636965
0.115000	0.561692	2825033131.423321
0.117000	0.509293	3085161823.263084
0.119000	0.431046	3518864494.640372
0.121000	0.391699	3759483080.275026
0.123000	0.337358	4119079355.760556
0.125000	0.291874	4446374299.385555
0.127000	0.228145	4949165463.919344
0.129000	0.184981	5321625560.445215
0.131000	0.170658	5451310099.734542
0.133000	0.118682	5949035456.634229
0.135000	0.079806	6350791810.832430
0.137000	0.090551	6237111851.971588
0.139000	0.063786	6524141332.299616
0.141000	0.085040	6295158818.949256
0.143000	0.111271	6023604431.133623
0.145000	0.149770	5646124478.313890
0.147000	0.167765	5477884687.446861
0.149000	0.232784	4910720202.421270
0.151000	0.287423	4479767001.507345
0.153000	0.317488	4258988361.117628
0.155000	0.357480	3982077596.750658
0.157000	0.446802	3426885481.194592
0.159000	0.516560	3047700297.397092
0.161000	0.547534	2893076858.259610
0.163000	0.629211	2521919007.401309
0.165000	0.674873	2335582032.226051
0.167000	0.752398	2050203451.376882
0.169000	0.859656	1711957353.774007
0.171000	0.920396	1545784524.245605
0.173000	0.967231	1428751850.597041
0.175000	1.039128	1266099938.491597
0.177000	1.106411	1130699435.550316
0.179000	1.189246	983723494.459370
0.181000	1.154603	1042712831.244059
0.183000	1.145853	1058162694.205280
0.185000	1.103467	1136309653.033004
0.187000	1.058010	1226543922.461098
0.189000	1.022767	1301403850.563502
0.191000	0.972031	1417270474.838691
0.193000	0.927899	1526411738.655021
0.195000	0.868732	1686034444.727072
0.197000	0.796165	1904778578.202293
0.199000	0.735316	2109931351.130997
0.201000	0.693245	2264551795.132441
0.203000	0.623701	2545384201.693083
0.205000	0.598172	2656997880.425686
0.207000	0.546192	2899607194.286246
0.209000	0.518249	3039059250.529335
0.211000	0.472605	3281424986.839694
0.213000	0.434596	3497929498.826007
0.215000	0.355360	3996297958.716960
0.217000	0.296558	4411502018.669098
0.219000	0.233798	4902359346.044229
0.221000	0.209715	5104899024.600481
0.223000	0.163002	5521922612.133557
0.225000	0.145063	5690977621.286270
0.227000	0.128696	5849729731.951524
0.229000	0.083266	6313967639.964285
0.231000	0.110164	6034829303.159050
0.233000	0.046085	6721192851.384972
0.235000	0.052239	6652016364.446488
0.237000	0.023975	6975703210.117304
0.239000	0.009231	7150757329.570582
0.241000	0.018340	7042097299.844508
0.243000	0.024582	6968589733.538378
0.245000	0.031876	6883664233.158260
0.247000	0.001217	7247741893.656110
0.249000	0.000965	7250812415.651180
0.251000	0.003264	7222841282.515716
0.253000	0.028970	6917372836.728119
0.255000	0.009041	7153032203.131818
0.257000	0.009342	7149417255.051105
0.259000	0.000000	7262580965.151001
0.261000	0.052036	6654287738.120211
0.263000	0.025564	6957091684.132255
0.265000	0.024375	6971016925.152122
0.267000	0.018542	7039705119.512455
0.269000	0.019490	7028494710.141863
0.271000	0.034659	6851533977.202979
0.273000	0.022988	6987290124.125327
0.275000	0.013598	7098453093.094579
0.277000	0.031347	6889793386.189785
0.279000	0.047190	6708715093.746608
0.281000	0.060988	6554905199.275490
0.283000	0.049763	6679766299.799615
0.285000	0.101245	6125991971.970265
0.287000	0.102035	6117858657.421003
0.289000	0.133625	5801453600.512955
0.291000	0.146003	5681988515.274391
0.293000	0.146947	5672981779.684711
0.295000	0.137238	5766330919.441744
0.297000	0.106925	6067779123.913928
0.299000	0.124085	5895243182.271473
0.301000	0.129929	5837616236.120683
0.303000	0.118111	5954743308.543699
0.305000	0.127781	5858726481.462112
0.307000	0.112850	6007640841.167714
0.309000	0.119057	5945282219.484089
0.311000	0.104356	6094038935.873586
0.313000	0.109090	6045732435.384196
0.315000	0.115180	5984158765.208955
0.317000	0.098546	6153844763.768738
0.319000	0.083883	6307417400.790353
0.321000	0.087495	6269235530.811380
0.323000	0.110138	6035088905.405900
0.325000	0.122314	5912819072.531967
0.327000	0.124597	5890173779.767745
0.329000	0.146014	5681883196.500780
0.331000	0.166469	5489829340.225327
0.333000	0.135501	5783186812.651351
0.335000	0.173628	5424164424.282223
0.337000	0.170607	5451773709.443420
0.339000	0.189811	5278590626.349256
0.341000	0.268422	4625168633.996691
0.343000	0.326038	4198214709.229249
0.345000	0.373708	3874918503.479311
0.347000	0.467353	3310522473.507246
0.349000	0.481457	3232954467.571435
0.351000	0.546375	2898715737.454429
0.353000	0.612847	2592251642.496026
0.355000	0.643610	2461606222.685761
0.357000	0.687969	2284725413.986714
0.359000	0.705578	2218087037.154892
0.361000	0.720692	2162439976.846886
0.363000	0.754043	2044543701.617567
0.365000	0.730888	2125693560.691998
0.367000	0.735677	2108651607.520565
0.369000	0.747068	2068655195.674242
0.371000	0.724959	2146986737.861140
0.373000	0.750465	2056877598.221637
0.375000	0.751581	2053021500.033278
0.377000	0.772735	1981298977.080956
0.379000	0.780303	1956253472.796422
0.381000	0.831484	1794981659.468874
0.383000	0.839514	1770913721.628186
0.385000	0.903912	1589216515.226758
0.387000	0.947435	1477096564.514272
0.389000	1.005662	1339368641.420130
0.391000	1.060272	1221889013.797219
0.393000	1.069455	1203170172.254716
0.395000	1.123259	1099126276.026507
0.397000	1.165597	1023618299.089525
0.399000	1.146197	1057551754.653735

# Dumping simulation biases, in the metadata file order 
# Window  F (free energy units)
# 0	0.000000
# 1	-8.249147
# 2	-12.920095
# 3	-14.787251
# 4	-14.739250
# 5	-14.587491
# 6	-15.151057
# 7	-15.150260
# 8	-15.076134
# 9	-14.621225
# 10	-13.824387
#Iteration 610:  0.000032
#Iteration 620:  0.000029
#Iteration 630:  0.000026
#Iteration 640:  0.000024
#Iteration 650:  0.000021
#Iteration 660:  0.000019
#Iteration 670:  0.000018
#Iteration 680:  0.000016
#Iteration 690:  0.000014
#Iteration 700:  0.000013
0.001000	inf	0.000000
0.003000	inf	0.000000
0.005000	inf	0.000000
0.007000	inf	0.000000
0.009000	inf	0.000000
0.011000	inf	0.000000
0.013000	inf	0.000000
0.015000	inf	0.000000
0.017000	inf	0.000000
0.019000	inf	0.000000
0.021000	inf	0.000000
0.023000	inf	0.000000
0.025000	inf	0.000000
0.027000	inf	0.000000
0.029000	inf	0.000000
0.031000	inf	0.000000
0.033000	inf	0.000000
0.035000	inf	0.000000
0.037000	inf	0.000000
0.039000	inf	0.000000
0.041000	inf	0.000000
0.043000	inf	0.000000
0.045000	inf	0.000000
0.047000	inf	0.000000
0.049000	inf	0.000000
0.051000	inf	0.000000
0.053000	inf	0.000000
0.055000	inf	0.000000
0.057000	inf	0.000000
0.059000	inf	0.000000
0.061000	inf	0.000000
0.063000	inf	0.000000
0.065000	inf	0.000000
0.067000	11.917738	14.553335
0.069000	10.647739	123.065018
0.071000	9.291934	1202.126787
0.073000	8.294431	6429.615900
0.075000	7.237666	37991.251785
0.077000	6.360084	166099.864409
0.079000	5.591427	604690.376996
0.081000	4.921329	1865274.468882
0.083000	4.339732	4958409.910085
0.085000	3.842388	11440153.766358
0.087000	3.383024	24762471.983658
0.089000	2.980227	48737051.306147
0.091000	2.643636	85820318.892369
0.093000	2.341691	142569622.093320
0.095000	2.082067	220580692.777801
0.097000	1.853731	323791954.265598
0.099000	1.627941	473266608.367330
0.101000	1.427931	662406296.773365
0.103000	1.236921	913213518.263509
0.105000	1.079250	1190369453.739574
0.107000	0.934626	1517978845.697483
0.109000	0.804017	1890678978.332942
0.111000	0.718366	2183471203.303121
0.113000	0.643624	2475790266.285751
0.115000	0.564859	2826289505.695518
0.117000	0.512430	3086685869.416223
0.119000	0.434156	3520769052.933925
0.121000	0.394783	3761680446.578992
0.123000	0.340419	4121646471.283522
0.125000	0.294914	4449302295.099082
0.127000	0.231165	4952593140.202113
0.129000	0.187979	5325501340.672517
0.131000	0.173632	5455500754.345003
0.133000	0.121628	5953892715.015927
0.135000	0.082719	6356335661.844532
0.137000	0.093425	6242959828.743419
0.139000	0.066619	6530715433.662038
0.141000	0.087831	6301947648.418497
0.143000	0.114022	6030500286.547429
0.145000	0.152486	5652916147.388437
0.147000	0.170453	5484736700.680443
0.149000	0.235449	4917049662.060342
0.151000	0.290071	4485674386.760129
0.153000	0.320121	4264706021.078717
0.155000	0.360102	3987504775.213711
0.157000	0.449412	3431623353.283081
0.159000	0.519157	3051980137.894693
0.161000	0.550114	2897217679.434649
0.163000	0.631770	2525619809.197748
0.165000	0.677402	2339126675.964279
0.167000	0.754886	2053459157.687333
0.169000	0.862085	1714842890.432714
0.171000	0.922747	1548594133.216440
0.173000	0.969480	1431595045.187856
0.175000	1.041249	1268890472.384869
0.177000	1.108385	1133473848.335943
0.179000	1.191059	986403594.283482
0.181000	1.156255	1045836483.829758
0.183000	1.147356	1061598310.623033
0.185000	1.104842	1140244360.505733
0.187000	1.059281	1231004868.249745
0.189000	1.023960	1306311024.727307
0.191000	0.973165	1422754314.334296
0.193000	0.928991	1532425957.249370
0.195000	0.869795	1692761930.502956
0.197000	0.797207	1912445915.255357
0.199000	0.736342	2118477392.502688
0.201000	0.694261	2273766152.336516
0.203000	0.624708	2555779097.508250
0.205000	0.599171	2667884385.286350
0.207000	0.547183	2911528800.851410
0.209000	0.519230	3051605751.948763
0.211000	0.473572	3295044651.504223
0.213000	0.435545	3512552759.329003
0.215000	0.356285	4013168597.048265
0.217000	0.297451	4430369000.571229
0.219000	0.234648	4923678144.296470
0.221000	0.210512	5127554551.290983
0.223000	0.163737	5547005123.944825
0.225000	0.145731	5717473749.089165
0.227000	0.129296	5877632445.010322
0.229000	0.083803	6344754950.486379
0.231000	0.110647	6064810604.140391
0.233000	0.046524	6755089425.385222
0.235000	0.052643	6685956818.180926
0.237000	0.024352	7011613364.486250
0.239000	0.009586	7187824759.526249
0.241000	0.018678	7078811757.849339
0.243000	0.024903	7005113752.967979
0.245000	0.032180	6919943906.078843
0.247000	0.001501	7286189814.660851
0.249000	0.001223	7289592103.355374
0.251000	0.003489	7261878429.551747
0.253000	0.029152	6955258658.602608
0.255000	0.009171	7192847501.473588
0.257000	0.009410	7189959651.040346
0.259000	0.000000	7304594374.665558
0.261000	0.051968	6693550889.535311
0.263000	0.025432	6998893071.797133
0.265000	0.024187	7013556235.075752
0.267000	0.018309	7083202211.279519
0.269000	0.019222	7072339396.772063
0.271000	0.034365	6894578830.896090
0.273000	0.022674	7031415748.614223
0.275000	0.013270	7143451547.503442
0.277000	0.031008	6933595901.671827
0.279000	0.046843	6751468598.690930
0.281000	0.060632	6596772075.874907
0.283000	0.049398	6722533658.590829
0.285000	0.100869	6165328594.891141
0.287000	0.101644	6157292864.186694
0.289000	0.133215	5839039369.877882
0.291000	0.145567	5719051282.266632
0.293000	0.146476	5710313703.965378
0.295000	0.136724	5804695207.858009
0.297000	0.106361	6108670009.550789
0.299000	0.123465	5935530562.377188
0.301000	0.129251	5878076012.208133
0.303000	0.117380	5996560492.367552
0.305000	0.127002	5900340036.214530
0.307000	0.112032	6050708709.738118
0.309000	0.118209	5988209464.518435
0.311000	0.103484	6138276941.095385
0.313000	0.108202	6089793795.902926
0.315000	0.114279	6027900069.146650
0.317000	0.097635	6198929585.043840
0.319000	0.082964	6353717320.283826
0.321000	0.086568	6315341429.391647
0.323000	0.109202	6079564115.430532
0.325000	0.121367	5956501693.960842
0.327000	0.123636	5933826754.131346
0.329000	0.145035	5724162801.688646
0.331000	0.165468	5530885806.780902
0.333000	0.134474	5826696283.712478
0.335000	0.172571	5465245120.715569
0.337000	0.169519	5493348229.968330
0.339000	0.188694	5319109564.788819
0.341000	0.267278	4660878813.119016
0.343000	0.324872	4230784827.827905
0.345000	0.372525	3905094049.952179
0.347000	0.466157	3336376028.001944
0.349000	0.480251	3258254664.143687
0.351000	0.545163	2921434334.695943
0.353000	0.611630	2612590631.195567
0.355000	0.642388	2480936307.510176
0.357000	0.686744	2302678956.099459
0.359000	0.704350	2235528291.228588
0.361000	0.719461	2179455640.664147
0.363000	0.752808	2060645341.838344
0.365000	0.729648	2142452559.367644
0.367000	0.734430	2125299974.953209
0.369000	0.745813	2085017838.815769
0.371000	0.723693	2164007776.844716
0.373000	0.749186	2073228031.156402
0.375000	0.750289	2069389287.947997
0.377000	0.771428	1997142090.561116
0.379000	0.778983	1971940059.706606
0.381000	0.830153	1809410063.660121
0.383000	0.838174	1785176864.954944
0.385000	0.902564	1602035826.256419
0.387000	0.946082	1489024963.133302
0.389000	1.004305	1350193603.619649
0.391000	1.058912	1231770126.855031
0.393000	1.068094	1212903748.891780
0.395000	1.121896	1108020541.238900
0.397000	1.164233	1031903059.788643
0.399000	1.144832	1066112216.266766

# Dumping simulation biases, in the metadata file order 
# Window  F (free energy units)
# 0	0.000000
# 1	-8.249184
# 2	-12.920240
# 3	-14.787653
# 4	-14.740057
# 5	-14.589897
# 6	-15.154130
# 7	-15.154006
# 8	-15.080443
# 9	-14.625837
# 10	-13.829138
#Iteration 710:  0.000012
#Iteration 720:  0.000011
#Iteration 730:  0.000010
#Iteration 740:  0.000009
#Iteration 750:  0.000008
#Iteration 760:  0.000007
#Iteration 770:  0.000007
#Iteration 780:  0.000006
#Iteration 790:  0.000005
#Iteration 800:  0.000005
0.001000	inf	0.000000
0.003000	inf	0.000000
0.005000	inf	0.000000
0.007000	inf	0.000000
0.009000	inf	0.000000
0.011000	inf	0.000000
0.013000	inf	0.000000
0.015000	inf	0.000000
0.017000	inf	0.000000
0.019000	inf	0.000000
0.021000	inf	0.000000
0.023000	inf	0.000000
0.025000	inf	0.000000
0.027000	inf	0.000000
0.029000	inf	0.000000
0.031000	inf	0.000000
0.033000	inf	0.000000
0.035000	inf	0.000000
0.037000	inf	0.000000
0.039000	inf	0.000000
0.041000	inf	0.000000
0.043000	inf	0.000000
0.045000	inf	0.000000
0.047000	inf	0.000000
0.049000	inf	0.000000
0.051000	inf	0.000000
0.053000	inf	0.000000
0.055000	inf	0.000000
0.057000	inf	0.000000
0.059000	inf	0.000000
0.061000	inf	0.000000
0.063000	inf	0.000000
0.065000	inf	0.000000
0.067000	11.919028	14.553339
0.069000	10.649029	123.065074
0.071000	9.293224	1202.127600
0.073000	8.295720	6429.622356
0.075000	7.238956	37991.308305
0.077000	6.361373	166100.228743
0.079000	5.592715	604692.319476
0.081000	4.922617	1865283.163685
0.083000	4.341018	4958443.044372
0.085000	3.843673	11440261.698722
0.087000	3.384307	24762795.889111
0.089000	2.981506	48737917.409987
0.091000	2.644912	85822346.572904
0.093000	2.342963	142574001.189181
0.095000	2.083334	220589297.129614
0.097000	1.854992	323807606.499723
0.099000	1.629196	473294260.894920
0.101000	1.429180	662451986.646812
0.103000	1.238164	913286423.838192
0.105000	1.080486	1190477935.514224
0.107000	0.935854	1518135603.463048
0.109000	0.805237	1890899719.796798
0.111000	0.719578	2183759375.648412
0.113000	0.644825	2476159058.051503
0.115000	0.566050	2826762009.444881
0.117000	0.513610	3087259064.467116
0.119000	0.435325	3521485389.024812
0.121000	0.395942	3762506944.602899
0.123000	0.341570	4122612075.429236
0.125000	0.296057	4450403671.678947
0.127000	0.232300	4953882501.677267
0.129000	0.189107	5326959289.462799
0.131000	0.174751	5457077179.292251
0.133000	0.122735	5955719942.322732
0.135000	0.083814	6358421237.935293
0.137000	0.094506	6245159903.421165
0.139000	0.067683	6533188806.103782
0.141000	0.088880	6304501948.647848
0.143000	0.115056	6033094999.877443
0.145000	0.153507	5655471788.990812
0.147000	0.171463	5487315160.152550
0.149000	0.236451	4919431561.076228
0.151000	0.291066	4487897505.382669
0.153000	0.321111	4266857776.034790
0.155000	0.361087	3989547231.573617
0.157000	0.450393	3433406403.986957
0.159000	0.520133	3053590810.981578
0.161000	0.551084	2898776024.900904
0.163000	0.632732	2527012545.326177
0.165000	0.678353	2340460628.578022
0.167000	0.755821	2054684362.220730
0.169000	0.862999	1715928790.014344
0.171000	0.923631	1549651481.830678
0.173000	0.970325	1432665096.615882
0.175000	1.042047	1269940822.242232
0.177000	1.109127	1134518308.270925
0.179000	1.191741	987412771.361491
0.181000	1.156876	1047012970.105834
0.183000	1.147921	1062892615.272385
0.185000	1.105359	1141727021.069069
0.187000	1.059760	1232686138.573068
0.189000	1.024408	1308160743.895532
0.191000	0.973591	1424821629.594512
0.193000	0.929401	1534693396.411515
0.195000	0.870194	1695298423.052355
0.197000	0.797599	1915336877.212327
0.199000	0.736728	2121699757.089600
0.201000	0.694643	2277240578.662013
0.203000	0.625087	2559698720.924802
0.205000	0.599546	2671989426.519782
0.207000	0.547555	2916024198.999941
0.209000	0.519599	3056336834.161714
0.211000	0.473936	3300180469.036604
0.213000	0.435903	3518067109.065537
0.215000	0.356633	4019530558.385545
0.217000	0.297786	4437484000.304201
0.219000	0.234967	4931718081.878585
0.221000	0.210812	5136099056.590680
0.223000	0.164014	5556465575.947931
0.225000	0.145982	5727468121.069229
0.227000	0.129522	5888158208.293120
0.229000	0.084006	6356369756.830194
0.231000	0.110829	6076122106.667532
0.233000	0.046689	6767878831.736915
0.235000	0.052795	6698763360.702288
0.237000	0.024493	7025163595.274064
0.239000	0.009720	7201812049.123257
0.241000	0.018805	7092666151.330211
0.243000	0.025024	7018896539.162374
0.245000	0.032295	6933634733.835173
0.247000	0.001607	7300699166.274856
0.249000	0.001320	7304227021.092192
0.251000	0.003573	7276610984.935785
0.253000	0.029221	6969557309.428882
0.255000	0.009219	7207875174.154098
0.257000	0.009435	7205262759.336909
0.259000	0.000000	7320453916.040214
0.261000	0.051942	6708373409.453039
0.263000	0.025382	7014675024.332191
0.265000	0.024116	7029617884.351876
0.267000	0.018221	7099626427.769545
0.269000	0.019121	7088895605.877378
0.271000	0.034254	6910833565.983214
0.273000	0.022556	7048079024.093921
0.275000	0.013147	7160444743.031410
0.277000	0.030881	6950137689.960488
0.279000	0.046712	6767614409.509057
0.281000	0.060498	6612583204.872439
0.283000	0.049260	6738685015.285265
0.285000	0.100727	6180184482.531379
0.287000	0.101498	6172185822.407032
0.289000	0.133061	5853234512.898898
0.291000	0.145403	5733049269.879003
0.293000	0.146299	5724413841.464706
0.295000	0.136531	5819185916.418351
0.297000	0.106149	6124115891.777078
0.299000	0.123232	5950749425.759276
0.301000	0.128997	5893360999.428299
0.303000	0.117105	6012359287.009552
0.305000	0.126710	5916062793.590219
0.307000	0.111725	6066981722.382405
0.309000	0.117890	6004429954.242573
0.311000	0.103157	6154993193.105667
0.313000	0.107868	6106443653.106494
0.315000	0.113940	6044429245.157283
0.317000	0.097293	6215966663.013277
0.319000	0.082618	6371213747.369946
0.321000	0.086219	6332764701.061299
0.323000	0.108850	6096371323.509068
0.325000	0.121011	5973009578.838285
0.327000	0.123274	5950323683.154082
0.329000	0.144667	5740141027.672399
0.331000	0.165092	5546402163.155733
0.333000	0.134088	5843140178.594615
0.335000	0.172173	5480771604.343322
0.337000	0.169110	5509061905.131931
0.339000	0.188273	5334424790.516738
0.341000	0.266848	4674376853.980992
0.343000	0.324434	4243096280.191393
0.345000	0.372080	3916500592.036466
0.347000	0.465707	3346148982.680992
0.349000	0.479798	3267818552.415336
0.351000	0.544707	2930022407.544679
0.353000	0.611172	2620279212.262452
0.355000	0.641929	2488243534.510757
0.357000	0.686284	2309465843.115763
0.359000	0.703888	2242121543.546009
0.361000	0.718998	2185888032.502447
0.363000	0.752343	2066732234.362542
0.365000	0.729182	2148787988.451702
0.367000	0.733961	2131593628.396828
0.369000	0.745341	2091203537.717037
0.371000	0.723217	2170442450.960598
0.373000	0.748705	2079409274.847502
0.375000	0.749803	2075577188.990076
0.377000	0.770937	2003131731.992256
0.379000	0.778487	1977870614.110319
0.381000	0.829652	1814865014.868328
0.383000	0.837669	1790569394.354428
0.385000	0.902058	1606882520.379531
0.387000	0.945573	1493534851.447593
0.389000	1.003794	1354286323.180424
0.391000	1.058400	1235506006.210939
0.393000	1.067582	1216583855.326432
0.395000	1.121383	1111383322.769868
0.397000	1.163720	1035035400.457514
0.399000	1.144319	1069348797.439544

# Dumping simulation biases, in the metadata file order 
# Window  F (free energy units)
# 0	0.000000
# 1	-8.249199
# 2	-12.920295
# 3	-14.787805
# 4	-14.740361
# 5	-14.590802
# 6	-15.155285
# 7	-15.155415
# 8	-15.082064
# 9	-14.627572
# 10	-13.830924
#Iteration 810:  0.000004
#Iteration 820:  0.000004
#Iteration 830:  0.000004
#Iteration 840:  0.000003
#Iteration 850:  0.000003
#Iteration 860:  0.000003
#Iteration 870:  0.000002
#Iteration 880:  0.000002
#Iteration 890:  0.000002
#Iteration 900:  0.000002
0.001000	inf	0.000000
0.003000	inf	0.000000
0.005000	inf	0.000000
0.007000	inf	0.000000
0.009000	inf	0.000000
0.011000	inf	0.000000
0.013000	inf	0.000000
0.015000	inf	0.000000
0.017000	inf	0.000000
0.019000	inf	0.000000
0.021000	inf	0.000000
0.023000	inf	0.000000
0.025000	inf	0.000000
0.027000	inf	0.000000
0.029000	inf	0.000000
0.031000	inf	0.000000
0.033000	inf	0.000000
0.035000	inf	0.000000
0.037000	inf	0.000000
0.039000	inf	0.000000
0.041000	inf	0.000000
0.043000	inf	0.000000
0.045000	inf	0.000000
0.047000	inf	0.000000
0.049000	inf	0.000000
0.051000	inf	0.000000
0.053000	inf	0.000000
0.055000	inf	0.000000
0.057000	inf	0.000000
0.059000	inf	0.000000
0.061000	inf	0.000000
0.063000	inf	0.000000
0.065000	inf	0.000000
0.067000	11.919513	14.553341
0.069000	10.649514	123.065095
0.071000	9.293709	1202.127905
0.073000	8.296205	6429.624784
0.075000	7.239441	37991.329556
0.077000	6.361857	166100.365733
0.079000	5.593200	604693.049851
0.081000	4.923101	1865286.432943
0.083000	4.341502	4958455.502925
0.085000	3.844156	11440302.281552
0.087000	3.384789	24762917.678582
0.089000	2.981988	48738243.068623
0.091000	2.645392	85823108.991908
0.093000	2.343441	142575647.760999
0.095000	2.083810	220592532.447694
0.097000	1.855467	323813491.930479
0.099000	1.629668	473304658.663310
0.101000	1.429650	662469166.864210
0.103000	1.238631	913313837.850735
0.105000	1.080950	1190518727.189222
0.107000	0.936316	1518194548.414778
0.109000	0.805696	1890982724.857440
0.111000	0.720034	2183867737.604683
0.113000	0.645277	2476297737.066787
0.115000	0.566497	2826939690.405705
0.117000	0.514054	3087474612.899119
0.119000	0.435764	3521754769.510059
0.121000	0.396378	3762817756.356650
0.123000	0.342002	4122975203.759081
0.125000	0.296487	4450817863.238419
0.127000	0.232727	4954367392.166152
0.129000	0.189530	5327507584.534983
0.131000	0.175171	5457670034.301384
0.133000	0.123152	5956407123.900036
0.135000	0.084225	6359205587.936963
0.137000	0.094912	6245987326.797304
0.139000	0.068084	6534119030.882347
0.141000	0.089274	6305462629.916162
0.143000	0.115445	6034070901.097179
0.145000	0.153891	5656433013.364146
0.147000	0.171843	5488284982.443117
0.149000	0.236828	4920327463.447571
0.151000	0.291441	4488733693.471720
0.153000	0.321484	4267667126.909752
0.155000	0.361458	3990315474.186351
0.157000	0.450762	3434077075.611265
0.159000	0.520500	3054196644.694579
0.161000	0.551449	2899362174.965656
0.163000	0.633094	2527536401.802903
0.165000	0.678711	2340962372.266600
0.167000	0.756173	2055145200.382841
0.169000	0.863342	1716337231.059935
0.171000	0.923964	1550049187.123283
0.173000	0.970643	1433067588.819326
0.175000	1.042348	1270335920.437309
0.177000	1.109406	1134911216.073581
0.179000	1.191997	987792437.800470
0.181000	1.157110	1047455621.872601
0.183000	1.148134	1063379641.509571
0.185000	1.105554	1142284969.740586
0.187000	1.059940	1233318871.832127
0.189000	1.024577	1308856910.043874
0.191000	0.973752	1425599723.037098
0.193000	0.929556	1535546837.726762
0.195000	0.870344	1696253153.531537
0.197000	0.797746	1916425045.291782
0.199000	0.736874	2122912678.742555
0.201000	0.694786	2278548387.701277
0.203000	0.625229	2561174114.483778
0.205000	0.599688	2673534620.079210
0.207000	0.547695	2917716334.571650
0.209000	0.519737	3058117691.672715
0.211000	0.474072	3302113684.508707
0.213000	0.436037	3520142823.405661
0.215000	0.356764	4021925350.648647
0.217000	0.297913	4440162283.993341
0.219000	0.235088	4934744583.748102
0.221000	0.210924	5139315558.159559
0.223000	0.164118	5560026964.008262
0.225000	0.146077	5731230608.396162
0.227000	0.129607	5892120860.426336
0.229000	0.084082	6360742528.070220
0.231000	0.110897	6080380798.535817
0.233000	0.046751	6772694046.071344
0.235000	0.052852	6703585108.985319
0.237000	0.024547	7030265414.175488
0.239000	0.009770	7207078478.984472
0.241000	0.018852	7097882585.811516
0.243000	0.025070	7024086048.401496
0.245000	0.032338	6938789654.009567
0.247000	0.001648	7306162321.657702
0.249000	0.001357	7309737507.140302
0.251000	0.003605	7282158301.894043
0.253000	0.029246	6974941331.779804
0.255000	0.009238	7213533817.496440
0.257000	0.009445	7211025259.620311
0.259000	0.000000	7326426113.240584
0.261000	0.051933	6713955262.759606
0.263000	0.025363	7020618350.687516
0.265000	0.024090	7035666697.161808
0.267000	0.018188	7105811915.889088
0.269000	0.019083	7095130908.755736
0.271000	0.034213	6916955407.598269
0.273000	0.022512	7054354788.771992
0.275000	0.013101	7166844807.105563
0.277000	0.030833	6956367774.848741
0.279000	0.046663	6773695383.486683
0.281000	0.060447	6618538149.691832
0.283000	0.049209	6744768122.484885
0.285000	0.100674	6185779699.487481
0.287000	0.101442	6177795032.103697
0.289000	0.133003	5858580940.143029
0.291000	0.145341	5738321493.159901
0.293000	0.146233	5729724608.559852
0.295000	0.136459	5824643882.904784
0.297000	0.106069	6129933746.680298
0.299000	0.123144	5956481905.613159
0.301000	0.128901	5899118527.798551
0.303000	0.117001	6018310497.779666
0.305000	0.126599	5921985488.921395
0.307000	0.111609	6073111806.380452
0.309000	0.117770	6010540339.351652
0.311000	0.103034	6161290403.558780
0.313000	0.107742	6112715902.043672
0.315000	0.113813	6050656068.754660
0.317000	0.097164	6222384851.334611
0.319000	0.082488	6377805006.153962
0.321000	0.086088	6339328423.929534
0.323000	0.108717	6102702985.777878
0.325000	0.120877	5979228507.010384
0.327000	0.123139	5956538519.116362
0.329000	0.144529	5746160497.916192
0.331000	0.164950	5552247686.820410
0.333000	0.133942	5849335204.845118
0.335000	0.172024	5486621080.764301
0.337000	0.168957	5514981982.436700
0.339000	0.188115	5340194827.342628
0.341000	0.266686	4679462322.265006
0.343000	0.324269	4247734739.267535
0.345000	0.371913	3920798150.578884
0.347000	0.465538	3349831088.139618
0.349000	0.479627	3271421904.537684
0.351000	0.544535	2933258115.282764
0.353000	0.610999	2623176027.240336
0.355000	0.641756	2490996672.059808
0.357000	0.686110	2312022936.245458
0.359000	0.703715	2244605684.250998
0.361000	0.718824	2188311569.155939
0.363000	0.752169	2069025600.817041
0.365000	0.729006	2151175001.420978
0.367000	0.733785	2133964908.053754
0.369000	0.745163	2093534151.367309
0.371000	0.723038	2172866882.988073
0.373000	0.748525	2081738232.666932
0.375000	0.749620	2077908668.809715
0.377000	0.770753	2005388525.005639
0.379000	0.778300	1980105156.821608
0.381000	0.829464	1816920367.741468
0.383000	0.837480	1792601235.803477
0.385000	0.901867	1608708703.314746
0.387000	0.945382	1495234133.524540
0.389000	1.003602	1355828422.738843
0.391000	1.058208	1236913653.298962
0.393000	1.067389	1217970488.803091
0.395000	1.121190	1112650391.578980
0.397000	1.163528	1036215641.470931
0.399000	1.144126	1070568315.760128

# Dumping simulation biases, in the metadata file order 
# Window  F (free energy units)
# 0	0.000000
# 1	-8.249204
# 2	-12.920315
# 3	-14.787861
# 4	-14.740475
# 5	-14.591142
# 6	-15.155719
# 7	-15.155944
# 8	-15.082673
# 9	-14.628224
# 10	-13.831596
#Iteration 910:  0.000002
#Iteration 920:  0.000002
#Iteration 930:  0.000001
#Iteration 940:  0.000001
#Iteration 950:  0.000001
#Iteration 960:  0.000001
#Iteration 970:  0.000001
#Iteration 980:  0.000001
#Iteration 990:  0.000001
#Iteration 1000:  0.000001
0.001000	inf	0.000000
0.003000	inf	0.000000
0.005000	inf	0.000000
0.007000	inf	0.000000
0.009000	inf	0.000000
0.011000	inf	0.000000
0.013000	inf	0.000000
0.015000	inf	0.000000
0.017000	inf	0.000000
0.019000	inf	0.000000
0.021000	inf	0.000000
0.023000	inf	0.000000
0.025000	inf	0.000000
0.027000	inf	0.000000
0.029000	inf	0.000000
0.031000	inf	0.000000
0.033000	inf	0.000000
0.035000	inf	0.000000
0.037000	inf	0.000000
0.039000	inf	0.000000
0.041000	inf	0.000000
0.043000	inf	0.000000
0.045000	inf	0.000000
0.047000	inf	0.000000
0.049000	inf	0.000000
0.051000	inf	0.000000
0.053000	inf	0.000000
0.055000	inf	0.000000
0.057000	inf	0.000000
0.059000	inf	0.000000
0.061000	inf	0.000000
0.063000	inf	0.000000
0.065000	inf	0.000000
0.067000	11.919695	14.553342
0.069000	10.649696	123.065103
0.071000	9.293891	1202.128020
0.073000	8.296387	6429.625697
0.075000	7.239623	37991.337547
0.077000	6.362040	166100.417242
0.079000	5.593382	604693.324479
0.081000	4.923283	1865287.662217
0.083000	4.341684	4958460.187466
0.085000	3.844337	11440317.541111
0.087000	3.384970	24762963.472704
0.089000	2.982168	48738365.519816
0.091000	2.645572	85823395.670138
0.093000	2.343621	142576266.891854
0.095000	2.083990	220593748.969036
0.097000	1.855645	323815704.934307
0.099000	1.629846	473308568.380313
0.101000	1.429826	662475626.902844
0.103000	1.238807	913324145.989568
0.105000	1.081125	1190534065.596901
0.107000	0.936490	1518216712.836499
0.109000	0.805869	1891013936.421015
0.111000	0.720205	2183908484.005322
0.113000	0.645447	2476349883.552154
0.115000	0.566666	2827006502.868619
0.117000	0.514221	3087555664.950803
0.119000	0.435930	3521856064.474407
0.121000	0.396542	3762934631.332422
0.123000	0.342165	4123111752.047660
0.125000	0.296648	4450973613.586821
0.127000	0.232887	4954549728.320044
0.129000	0.189690	5327713763.631124
0.131000	0.175329	5457892970.173880
0.133000	0.123308	5956665530.960251
0.135000	0.084380	6359500535.371648
0.137000	0.095065	6246298473.320276
0.139000	0.068234	6534468837.552073
0.141000	0.089422	6305823892.419370
0.143000	0.115592	6034437889.927052
0.145000	0.154036	5656794485.560812
0.147000	0.171986	5488649690.139339
0.149000	0.236970	4920664374.700319
0.151000	0.291581	4489048149.779942
0.153000	0.321624	4267971491.542538
0.155000	0.361597	3990604380.033670
0.157000	0.450901	3434329288.983368
0.159000	0.520638	3054424475.023478
0.161000	0.551587	2899582602.862347
0.163000	0.633230	2527733403.267782
0.165000	0.678845	2341151057.676027
0.167000	0.756305	2055318502.634530
0.169000	0.863472	1716490828.896653
0.171000	0.924089	1550198748.132510
0.173000	0.970763	1433218951.257022
0.175000	1.042460	1270484504.607041
0.177000	1.109511	1135058980.060087
0.179000	1.192094	987935226.446185
0.181000	1.157198	1047622104.490949
0.183000	1.148214	1063562819.920944
0.185000	1.105627	1142494829.885194
0.187000	1.060007	1233556866.866061
0.189000	1.024640	1309118770.039937
0.191000	0.973812	1425892404.191897
0.193000	0.929614	1535867864.718657
0.195000	0.870401	1696612283.895590
0.197000	0.797801	1916834371.668991
0.199000	0.736928	2123368934.312769
0.201000	0.694840	2279040337.686854
0.203000	0.625282	2561729104.755139
0.205000	0.599741	2674115867.532763
0.207000	0.547748	2918352857.337585
0.209000	0.519789	3058787589.535034
0.211000	0.474124	3302840895.499015
0.213000	0.436087	3520923639.462356
0.215000	0.356813	4022826196.179215
0.217000	0.297960	4441169774.328075
0.219000	0.235133	4935883069.849470
0.221000	0.210967	5140525525.863534
0.223000	0.164157	5561366681.670665
0.225000	0.146112	5732645990.140821
0.227000	0.129639	5893611557.200557
0.229000	0.084110	6362387523.884549
0.231000	0.110923	6081982894.203883
0.233000	0.046774	6774505516.940583
0.235000	0.052874	6705399049.536263
0.237000	0.024567	7032184726.713245
0.239000	0.009789	7209059725.967231
0.241000	0.018870	7099845030.330083
0.243000	0.025087	7026038368.655832
0.245000	0.032354	6940728966.661916
0.247000	0.001663	7308217600.179787
0.249000	0.001370	7311810599.113207
0.251000	0.003617	7284245259.505381
0.253000	0.029256	6976966868.374450
0.255000	0.009245	7215662686.168124
0.257000	0.009448	7213193220.981395
0.259000	0.000000	7328672990.289018
0.261000	0.051929	6716055306.903280
0.263000	0.025356	7022854414.911141
0.265000	0.024080	7037942470.666173
0.267000	0.018176	7108139130.155953
0.269000	0.019069	7097476880.119127
0.271000	0.034197	6919258701.333172
0.273000	0.022495	7056716003.172626
0.275000	0.013083	7169252794.558817
0.277000	0.030815	6958711813.151419
0.279000	0.046644	6775983323.080208
0.281000	0.060428	6620778674.425590
0.283000	0.049189	6747056870.988505
0.285000	0.100654	6187884884.334526
0.287000	0.101421	6179905486.029444
0.289000	0.132981	5860592528.241774
0.291000	0.145318	5740305169.476174
0.293000	0.146208	5731722796.896455
0.295000	0.136432	5826697468.392936
0.297000	0.106039	6132122758.787870
0.299000	0.123111	5958638813.670436
0.301000	0.128865	5901284880.683149
0.303000	0.116962	6020549746.564322
0.305000	0.126558	5924214026.218297
0.307000	0.111565	6075418393.524706
0.309000	0.117725	6012839526.588841
0.311000	0.102987	6163659898.164391
0.313000	0.107695	6115076011.312423
0.315000	0.113765	6052999090.712758
0.317000	0.097116	6224799883.944312
0.319000	0.082439	6380285165.165868
0.321000	0.086038	6341798225.011391
0.323000	0.108668	6105085470.352962
0.325000	0.120826	5981568575.820597
0.327000	0.123087	5958877053.074249
0.329000	0.144477	5748425525.350056
0.331000	0.164897	5554447268.574727
0.333000	0.133888	5851666308.765590
0.335000	0.171968	5488822169.336704
0.337000	0.168899	5517209648.321571
0.339000	0.188056	5342366044.979978
0.341000	0.266625	4681375950.696047
0.343000	0.324207	4249480167.451123
0.345000	0.371850	3922415304.350344
0.347000	0.465474	3351216652.475354
0.349000	0.479563	3272777836.446490
0.351000	0.544471	2934475705.010421
0.353000	0.610935	2624266093.301497
0.355000	0.641691	2492032673.247024
0.357000	0.686045	2312985166.748903
0.359000	0.703649	2245540463.321626
0.361000	0.718759	2189223543.474868
0.363000	0.752103	2069888592.765233
0.365000	0.728940	2152073233.194713
0.367000	0.733718	2134857220.321709
0.369000	0.745097	2094411162.205574
0.371000	0.722970	2173779199.256178
0.373000	0.748457	2082614623.639024
0.375000	0.749551	2078786010.747513
0.377000	0.770683	2006237764.018063
0.379000	0.778230	1980946024.760853
0.381000	0.829393	1817693807.226864
0.383000	0.837409	1793365828.995308
0.385000	0.901795	1609395906.886370
0.387000	0.945310	1495873584.109272
0.389000	1.003530	1356408724.918238
0.391000	1.058136	1237443360.369248
0.393000	1.067317	1218492288.471925
0.395000	1.121118	1113127198.346206
0.397000	1.163455	1036659774.401380
0.399000	1.144054	1071027229.060056

# Dumping simulation biases, in the metadata file order 
# Window  F (free energy units)
# 0	0.000000
# 1	-8.249206
# 2	-12.920323
# 3	-14.787883
# 4	-14.740518
# 5	-14.591270
# 6	-15.155883
# 7	-15.156143
# 8	-15.082902
# 9	-14.628469
# 10	-13.831848
#Iteration 1010:  0.000001
#Iteration 1020:  0.000001
#Iteration 1030:  0.000001
#Iteration 1040:  0.000000
# Dumping simulation biases, in the metadata file order 
# Window  F (free energy units)
# 0	0.000000
# 1	-8.249206
# 2	-12.920325
# 3	-14.787887
# 4	-14.740526
# 5	-14.591296
# 6	-15.155916
# 7	-15.156184
# 8	-15.082949
# 9	-14.628519
# 10	-13.831899
# No MC error analysis requested
